<?xml version="1.0" encoding="UTF-8"?>
<testsuites name="Feature Login - Positive Case" time="30.2" tests="1" failures="0" errors="0">
   <testsuite name="Feature Login - Positive Case" tests="1" failures="0" errors="0" time="30.2" skipped="0" timestamp="2023-07-03 18:39:13" hostname="ASUS - ASUS-RN911" id="Test Suites/Feature Login - Positive Case">
      <properties>
         <property name="deviceName" value="realme RMX1921 (Android 11)"/>
         <property name="devicePlatform" value=""/>
         <property name="logFolder" value="E:\\GitRepo\\Katalon\\binarqa-group1-app\\Reports\\20230703_183903\\Feature Login - Positive Case\\20230703_183903"/>
         <property name="logFiles" value="E:\\GitRepo\\Katalon\\binarqa-group1-app\\Reports\\20230703_183903\\Feature Login - Positive Case\\20230703_183903\\appium.log, E:\\GitRepo\\Katalon\\binarqa-group1-app\\Reports\\20230703_183903\\Feature Login - Positive Case\\20230703_183903\\execution0.log"/>
         <property name="attachments" value=""/>
         <property name="hostName" value="ASUS - ASUS-RN911"/>
         <property name="os" value="Windows 10 64bit"/>
         <property name="appiumServerStatus" value="{&quot;value&quot;:{&quot;build&quot;:{&quot;version&quot;:&quot;1.22.3&quot;}},&quot;sessionId&quot;:null,&quot;status&quot;:0}"/>
         <property name="katalonVersion" value="8.6.0.208"/>
         <property name="deviceOS" value="Android"/>
         <property name="appiumVersion" value="1.22.3"/>
         <property name="deviceModel" value="RMX1921"/>
         <property name="hostAddress" value="192.168.1.116"/>
         <property name="deviceManufacturer" value="realme"/>
         <property name="deviceId" value="fd03a52e"/>
         <property name="deviceName" value="realme RMX1921 (Android 11)"/>
         <property name="deviceOSVersion" value="11"/>
      </properties>
      <testcase name="Test Cases/Step Definition/Feature Login/LGN01 - User login with valid credentials" time="18.678" classname="Test Cases/Step Definition/Feature Login/LGN01 - User login with valid credentials" status="PASSED">
         <system-out><![CDATA[2023-07-03 18:39:25 - [TEST_CASE][PASSED] - Test Cases/Step Definition/Feature Login/LGN01 - User login with valid credentials: Test Cases/Step Definition/Feature Login/LGN01 - User login with valid credentials

2023-07-03 18:39:25 - [TEST_STEP][PASSED] - Start listener action : beforeTestCase: Started app at: 'E:\GitRepo\Katalon\binarqa-group1-app\Apk\app-release-second-hand-gcp.apk'

2023-07-03 18:39:25 - [TEST_STEP][PASSED] - logInfo("Test Case: " + testCaseContext.getTestCaseId()): Test Case: Test Cases/Step Definition/Feature Login/LGN01 - User login with valid credentials

2023-07-03 18:39:25 - [MESSAGE][INFO] - Test Case: Test Cases/Step Definition/Feature Login/LGN01 - User login with valid credentials

2023-07-03 18:39:25 - [TEST_STEP][PASSED] - launchApp(): null

2023-07-03 18:39:25 - [TEST_STEP][PASSED] - startApplication(System.getProperty("user.dir") + "\Apk\app-release-second-hand-gcp.apk", false): Started app at: 'E:\GitRepo\Katalon\binarqa-group1-app\Apk\app-release-second-hand-gcp.apk'

2023-07-03 18:39:25 - [MESSAGE][INFO] - User set preference: ['appWaitActivity', '*']

2023-07-03 18:39:25 - [MESSAGE][INFO] - User set preference: ['appWaitforLaunch', 'false']

2023-07-03 18:39:25 - [MESSAGE][INFO] - User set preference: ['noReset', 'true']

2023-07-03 18:39:25 - [MESSAGE][INFO] - User set preference: ['ignoreHiddenApiPolicyError', 'true']

2023-07-03 18:39:25 - [MESSAGE][INFO] - User set preference: ['deviceId', '']

2023-07-03 18:39:32 - [MESSAGE][PASSED] - Started app at: 'E:\GitRepo\Katalon\binarqa-group1-app\Apk\app-release-second-hand-gcp.apk'

2023-07-03 18:39:32 - [TEST_STEP][PASSED] - callTestCase(findTestCase("Pages/Navbar/Tap Akun"), [:], STOP_ON_FAILURE): Call Test Case 'Test Cases/Pages/Navbar/Tap Akun' successfully

2023-07-03 18:39:32 - [TEST_CASE][PASSED] - Test Cases/Pages/Navbar/Tap Akun: Test Cases/Pages/Navbar/Tap Akun

2023-07-03 18:39:32 - [TEST_STEP][PASSED] - tap(findTestObject("Navbar/android.widget.FrameLayout - Navbar Akun"), 0): Tapped on element 'Object Repository/Navbar/android.widget.FrameLayout - Navbar Akun'

2023-07-03 18:39:32 - [MESSAGE][WARNING] - Timeout '0' is invalid. Using default page load timeout: '30'

2023-07-03 18:39:33 - [MESSAGE][PASSED] - Tapped on element 'Object Repository/Navbar/android.widget.FrameLayout - Navbar Akun'

2023-07-03 18:39:33 - [MESSAGE][PASSED] - Call Test Case 'Test Cases/Pages/Navbar/Tap Akun' successfully

2023-07-03 18:39:33 - [TEST_STEP][PASSED] - callTestCase(findTestCase("Pages/Akun/Tap Masuk from Akun Page"), [:], STOP_ON_FAILURE): Call Test Case 'Test Cases/Pages/Akun/Tap Masuk from Akun Page' successfully

2023-07-03 18:39:33 - [TEST_CASE][PASSED] - Test Cases/Pages/Akun/Tap Masuk from Akun Page: Test Cases/Pages/Akun/Tap Masuk from Akun Page

2023-07-03 18:39:33 - [TEST_STEP][PASSED] - tap(findTestObject("Akun/android.widget.Button - Masuk from Akun"), 0): Tapped on element 'Object Repository/Akun/android.widget.Button - Masuk from Akun'

2023-07-03 18:39:33 - [MESSAGE][WARNING] - Timeout '0' is invalid. Using default page load timeout: '30'

2023-07-03 18:39:34 - [MESSAGE][PASSED] - Tapped on element 'Object Repository/Akun/android.widget.Button - Masuk from Akun'

2023-07-03 18:39:34 - [MESSAGE][PASSED] - Call Test Case 'Test Cases/Pages/Akun/Tap Masuk from Akun Page' successfully

2023-07-03 18:39:34 - [TEST_STEP][PASSED] - callTestCase(findTestCase("Pages/Login/Verify Content Login Page"), [:], STOP_ON_FAILURE): Call Test Case 'Test Cases/Pages/Login/Verify Content Login Page' successfully

2023-07-03 18:39:34 - [TEST_CASE][PASSED] - Test Cases/Pages/Login/Verify Content Login Page: Test Cases/Pages/Login/Verify Content Login Page

2023-07-03 18:39:34 - [TEST_STEP][PASSED] - verifyElementVisible(findTestObject("Login/android.widget.EditText - Email"), 0): Element 'Object Repository/Login/android.widget.EditText - Email' is visible

2023-07-03 18:39:34 - [MESSAGE][WARNING] - Timeout '0' is invalid. Using default page load timeout: '30'

2023-07-03 18:39:34 - [MESSAGE][PASSED] - Element 'Object Repository/Login/android.widget.EditText - Email' is visible

2023-07-03 18:39:34 - [TEST_STEP][PASSED] - verifyElementVisible(findTestObject("Login/android.widget.EditText - Password"), 0): Element 'Object Repository/Login/android.widget.EditText - Password' is visible

2023-07-03 18:39:34 - [MESSAGE][WARNING] - Timeout '0' is invalid. Using default page load timeout: '30'

2023-07-03 18:39:35 - [MESSAGE][PASSED] - Element 'Object Repository/Login/android.widget.EditText - Password' is visible

2023-07-03 18:39:35 - [TEST_STEP][PASSED] - verifyElementVisible(findTestObject("Login/android.widget.Button - Button Masuk"), 0): Element 'Object Repository/Login/android.widget.Button - Button Masuk' is visible

2023-07-03 18:39:35 - [MESSAGE][WARNING] - Timeout '0' is invalid. Using default page load timeout: '30'

2023-07-03 18:39:35 - [MESSAGE][PASSED] - Element 'Object Repository/Login/android.widget.Button - Button Masuk' is visible

2023-07-03 18:39:35 - [TEST_STEP][PASSED] - verifyElementVisible(findTestObject("Login/android.widget.TextView - Button Daftar"), 0): Element 'Object Repository/Login/android.widget.TextView - Button Daftar' is visible

2023-07-03 18:39:35 - [MESSAGE][WARNING] - Timeout '0' is invalid. Using default page load timeout: '30'

2023-07-03 18:39:35 - [MESSAGE][PASSED] - Element 'Object Repository/Login/android.widget.TextView - Button Daftar' is visible

2023-07-03 18:39:35 - [MESSAGE][PASSED] - Call Test Case 'Test Cases/Pages/Login/Verify Content Login Page' successfully

2023-07-03 18:39:35 - [TEST_STEP][PASSED] - callTestCase(findTestCase("Pages/Login/Input Email"), ["email":"groupsatu@gmail.com"], STOP_ON_FAILURE): Call Test Case 'Test Cases/Pages/Login/Input Email' successfully

2023-07-03 18:39:35 - [TEST_CASE][PASSED] - Test Cases/Pages/Login/Input Email: Test Cases/Pages/Login/Input Email

2023-07-03 18:39:35 - [TEST_STEP][PASSED] - setText(findTestObject("Login/android.widget.EditText - Email"), email, 0): Text 'groupsatu@gmail.com' has been set to element 'Object Repository/Login/android.widget.EditText - Email'

2023-07-03 18:39:35 - [MESSAGE][WARNING] - Timeout '0' is invalid. Using default page load timeout: '30'

2023-07-03 18:39:36 - [MESSAGE][PASSED] - Text 'groupsatu@gmail.com' has been set to element 'Object Repository/Login/android.widget.EditText - Email'

2023-07-03 18:39:36 - [MESSAGE][PASSED] - Call Test Case 'Test Cases/Pages/Login/Input Email' successfully

2023-07-03 18:39:36 - [TEST_STEP][PASSED] - callTestCase(findTestCase("Pages/Login/Input Password"), ["password":password], STOP_ON_FAILURE): Call Test Case 'Test Cases/Pages/Login/Input Password' successfully

2023-07-03 18:39:37 - [TEST_CASE][PASSED] - Test Cases/Pages/Login/Input Password: Test Cases/Pages/Login/Input Password

2023-07-03 18:39:37 - [TEST_STEP][PASSED] - setText(findTestObject("Login/android.widget.EditText - Password"), password, 0): Text 'abc!12345' has been set to element 'Object Repository/Login/android.widget.EditText - Password'

2023-07-03 18:39:37 - [MESSAGE][WARNING] - Timeout '0' is invalid. Using default page load timeout: '30'

2023-07-03 18:39:39 - [MESSAGE][PASSED] - Text 'abc!12345' has been set to element 'Object Repository/Login/android.widget.EditText - Password'

2023-07-03 18:39:39 - [MESSAGE][PASSED] - Call Test Case 'Test Cases/Pages/Login/Input Password' successfully

2023-07-03 18:39:39 - [TEST_STEP][PASSED] - callTestCase(findTestCase("Pages/Login/Tap Button Masuk"), [:], STOP_ON_FAILURE): Call Test Case 'Test Cases/Pages/Login/Tap Button Masuk' successfully

2023-07-03 18:39:39 - [TEST_CASE][PASSED] - Test Cases/Pages/Login/Tap Button Masuk: Test Cases/Pages/Login/Tap Button Masuk

2023-07-03 18:39:39 - [TEST_STEP][PASSED] - tap(findTestObject("Login/android.widget.Button - Button Masuk"), 0): Tapped on element 'Object Repository/Login/android.widget.Button - Button Masuk'

2023-07-03 18:39:39 - [MESSAGE][WARNING] - Timeout '0' is invalid. Using default page load timeout: '30'

2023-07-03 18:39:40 - [MESSAGE][PASSED] - Tapped on element 'Object Repository/Login/android.widget.Button - Button Masuk'

2023-07-03 18:39:40 - [MESSAGE][PASSED] - Call Test Case 'Test Cases/Pages/Login/Tap Button Masuk' successfully

2023-07-03 18:39:40 - [TEST_STEP][PASSED] - callTestCase(findTestCase("Pages/Login/Verify Login Valid"), [:], STOP_ON_FAILURE): Call Test Case 'Test Cases/Pages/Login/Verify Login Valid' successfully

2023-07-03 18:39:40 - [TEST_CASE][PASSED] - Test Cases/Pages/Login/Verify Login Valid: Test Cases/Pages/Login/Verify Login Valid

2023-07-03 18:39:40 - [TEST_STEP][PASSED] - verifyElementVisible(findTestObject("Akun/android.widget.ImageView - Profile Photo"), 0): Element 'Object Repository/Akun/android.widget.ImageView - Profile Photo' is visible

2023-07-03 18:39:40 - [MESSAGE][WARNING] - Timeout '0' is invalid. Using default page load timeout: '30'

2023-07-03 18:39:42 - [MESSAGE][PASSED] - Element 'Object Repository/Akun/android.widget.ImageView - Profile Photo' is visible

2023-07-03 18:39:42 - [TEST_STEP][PASSED] - verifyElementVisible(findTestObject("Akun/android.widget.TextView - Email"), 0): Element 'Object Repository/Akun/android.widget.TextView - Email' is visible

2023-07-03 18:39:42 - [MESSAGE][WARNING] - Timeout '0' is invalid. Using default page load timeout: '30'

2023-07-03 18:39:42 - [MESSAGE][PASSED] - Element 'Object Repository/Akun/android.widget.TextView - Email' is visible

2023-07-03 18:39:42 - [TEST_STEP][PASSED] - verifyElementVisible(findTestObject("Akun/android.widget.TextView - Nama"), 0): Element 'Object Repository/Akun/android.widget.TextView - Nama' is visible

2023-07-03 18:39:43 - [MESSAGE][WARNING] - Timeout '0' is invalid. Using default page load timeout: '30'

2023-07-03 18:39:43 - [MESSAGE][PASSED] - Element 'Object Repository/Akun/android.widget.TextView - Nama' is visible

2023-07-03 18:39:43 - [TEST_STEP][PASSED] - verifyElementVisible(findTestObject("Akun/android.widget.TextView - Nomor HP"), 0): Element 'Object Repository/Akun/android.widget.TextView - Nomor HP' is visible

2023-07-03 18:39:43 - [MESSAGE][WARNING] - Timeout '0' is invalid. Using default page load timeout: '30'

2023-07-03 18:39:43 - [MESSAGE][PASSED] - Element 'Object Repository/Akun/android.widget.TextView - Nomor HP' is visible

2023-07-03 18:39:43 - [MESSAGE][PASSED] - Call Test Case 'Test Cases/Pages/Login/Verify Login Valid' successfully

2023-07-03 18:39:43 - [TEST_STEP][PASSED] - Start listener action : afterTestCase: Close app successfully

2023-07-03 18:39:43 - [TEST_STEP][PASSED] - logInfo("Test Case: " + testCaseContext.getTestCaseId() + " | Status: " + testCaseContext.getTestCaseStatus()): Test Case: Test Cases/Step Definition/Feature Login/LGN01 - User login with valid credentials | Status: PASSED

2023-07-03 18:39:43 - [MESSAGE][INFO] - Test Case: Test Cases/Step Definition/Feature Login/LGN01 - User login with valid credentials | Status: PASSED

2023-07-03 18:39:43 - [TEST_STEP][PASSED] - closeApplication(): Close app successfully

2023-07-03 18:39:43 - [MESSAGE][PASSED] - Close app successfully]]></system-out>
         <system-err><![CDATA[]]></system-err>
      </testcase>
      <system-out><![CDATA[2023-07-03 18:39:13 - [TEST_SUITE][PASSED] - Feature Login - Positive Case: Test Cases/Step Definition/Feature Login/LGN01 - User login with valid credentials]]></system-out>
      <system-err><![CDATA[]]></system-err>
   </testsuite>
</testsuites>
