<?xml version="1.0" encoding="UTF-8"?>
<testsuites name="Feature Search Product - Positive Case" time="156.701" tests="5" failures="0" errors="0">
   <testsuite name="Feature Search Product - Positive Case" tests="5" failures="0" errors="0" time="156.701" skipped="0" timestamp="2023-07-03 19:31:14" hostname="ASUS - ASUS-RN911" id="Test Suites/Feature Search Product - Positive Case">
      <properties>
         <property name="deviceName" value="realme RMX1921 (Android 11)"/>
         <property name="devicePlatform" value=""/>
         <property name="logFolder" value="E:\\GitRepo\\Katalon\\binarqa-group1-app\\Reports\\20230703_193059\\Feature Search Product - Positive Case\\20230703_193059"/>
         <property name="logFiles" value="E:\\GitRepo\\Katalon\\binarqa-group1-app\\Reports\\20230703_193059\\Feature Search Product - Positive Case\\20230703_193059\\appium.log, E:\\GitRepo\\Katalon\\binarqa-group1-app\\Reports\\20230703_193059\\Feature Search Product - Positive Case\\20230703_193059\\execution0.log"/>
         <property name="attachments" value=""/>
         <property name="hostName" value="ASUS - ASUS-RN911"/>
         <property name="os" value="Windows 10 64bit"/>
         <property name="appiumServerStatus" value="{&quot;value&quot;:{&quot;build&quot;:{&quot;version&quot;:&quot;1.22.3&quot;}},&quot;sessionId&quot;:null,&quot;status&quot;:0}"/>
         <property name="katalonVersion" value="8.6.0.208"/>
         <property name="deviceOS" value="Android"/>
         <property name="appiumVersion" value="1.22.3"/>
         <property name="deviceModel" value="RMX1921"/>
         <property name="hostAddress" value="192.168.1.116"/>
         <property name="deviceManufacturer" value="realme"/>
         <property name="deviceId" value="fd03a52e"/>
         <property name="deviceName" value="realme RMX1921 (Android 11)"/>
         <property name="deviceOSVersion" value="11"/>
      </properties>
      <testcase name="Test Cases/Step Definition/Feature Search/SRC01 - Search Product" time="26.357" classname="Test Cases/Step Definition/Feature Search/SRC01 - Search Product" status="PASSED">
         <system-out><![CDATA[2023-07-03 19:31:24 - [TEST_CASE][PASSED] - Test Cases/Step Definition/Feature Search/SRC01 - Search Product: Test Cases/Step Definition/Feature Search/SRC01 - Search Product

2023-07-03 19:31:24 - [TEST_STEP][PASSED] - Start listener action : beforeTestCase: Started app at: 'E:\GitRepo\Katalon\binarqa-group1-app\Apk\app-release-second-hand-gcp.apk'

2023-07-03 19:31:24 - [TEST_STEP][PASSED] - logInfo("Test Case: " + testCaseContext.getTestCaseId()): Test Case: Test Cases/Step Definition/Feature Search/SRC01 - Search Product

2023-07-03 19:31:24 - [MESSAGE][INFO] - Test Case: Test Cases/Step Definition/Feature Search/SRC01 - Search Product

2023-07-03 19:31:24 - [TEST_STEP][PASSED] - launchApp(): null

2023-07-03 19:31:24 - [TEST_STEP][PASSED] - startApplication(System.getProperty("user.dir") + "\Apk\app-release-second-hand-gcp.apk", false): Started app at: 'E:\GitRepo\Katalon\binarqa-group1-app\Apk\app-release-second-hand-gcp.apk'

2023-07-03 19:31:24 - [MESSAGE][INFO] - User set preference: ['appWaitActivity', '*']

2023-07-03 19:31:24 - [MESSAGE][INFO] - User set preference: ['appWaitforLaunch', 'false']

2023-07-03 19:31:24 - [MESSAGE][INFO] - User set preference: ['noReset', 'true']

2023-07-03 19:31:24 - [MESSAGE][INFO] - User set preference: ['ignoreHiddenApiPolicyError', 'true']

2023-07-03 19:31:24 - [MESSAGE][INFO] - User set preference: ['deviceId', '']

2023-07-03 19:31:32 - [MESSAGE][PASSED] - Started app at: 'E:\GitRepo\Katalon\binarqa-group1-app\Apk\app-release-second-hand-gcp.apk'

2023-07-03 19:31:32 - [TEST_STEP][PASSED] - callTestCase(findTestCase("Pages/Homepage/Tap Search Field"), [:], STOP_ON_FAILURE): Call Test Case 'Test Cases/Pages/Homepage/Tap Search Field' successfully

2023-07-03 19:31:32 - [TEST_CASE][PASSED] - Test Cases/Pages/Homepage/Tap Search Field: Test Cases/Pages/Homepage/Tap Search Field

2023-07-03 19:31:32 - [TEST_STEP][PASSED] - tap(findTestObject("Homepage/android.widget.EditText - Search Field"), 0): Tapped on element 'Object Repository/Homepage/android.widget.EditText - Search Field'

2023-07-03 19:31:32 - [MESSAGE][WARNING] - Timeout '0' is invalid. Using default page load timeout: '30'

2023-07-03 19:31:33 - [MESSAGE][PASSED] - Tapped on element 'Object Repository/Homepage/android.widget.EditText - Search Field'

2023-07-03 19:31:33 - [MESSAGE][PASSED] - Call Test Case 'Test Cases/Pages/Homepage/Tap Search Field' successfully

2023-07-03 19:31:33 - [TEST_STEP][PASSED] - callTestCase(findTestCase("Pages/Search Page/Verify On Search Page"), [:], STOP_ON_FAILURE): Call Test Case 'Test Cases/Pages/Search Page/Verify On Search Page' successfully

2023-07-03 19:31:33 - [TEST_CASE][PASSED] - Test Cases/Pages/Search Page/Verify On Search Page: Test Cases/Pages/Search Page/Verify On Search Page

2023-07-03 19:31:33 - [TEST_STEP][PASSED] - verifyElementVisible(findTestObject("Search/android.widget.ImageView - Search Result Empty"), 0): Element 'Object Repository/Search/android.widget.ImageView - Search Result Empty' is visible

2023-07-03 19:31:33 - [MESSAGE][WARNING] - Timeout '0' is invalid. Using default page load timeout: '30'

2023-07-03 19:31:35 - [MESSAGE][PASSED] - Element 'Object Repository/Search/android.widget.ImageView - Search Result Empty' is visible

2023-07-03 19:31:35 - [TEST_STEP][PASSED] - verifyElementVisible(findTestObject("Search/android.widget.TextView - Search Result Empty"), 0): Element 'Object Repository/Search/android.widget.TextView - Search Result Empty' is visible

2023-07-03 19:31:35 - [MESSAGE][WARNING] - Timeout '0' is invalid. Using default page load timeout: '30'

2023-07-03 19:31:35 - [MESSAGE][PASSED] - Element 'Object Repository/Search/android.widget.TextView - Search Result Empty' is visible

2023-07-03 19:31:35 - [MESSAGE][PASSED] - Call Test Case 'Test Cases/Pages/Search Page/Verify On Search Page' successfully

2023-07-03 19:31:35 - [TEST_STEP][PASSED] - callTestCase(findTestCase("Pages/Search Page/Input Text Search Field"), ["searchText":searchText], STOP_ON_FAILURE): Call Test Case 'Test Cases/Pages/Search Page/Input Text Search Field' successfully

2023-07-03 19:31:35 - [TEST_CASE][PASSED] - Test Cases/Pages/Search Page/Input Text Search Field: Test Cases/Pages/Search Page/Input Text Search Field

2023-07-03 19:31:35 - [TEST_STEP][PASSED] - setText(findTestObject("Search/android.widget.EditText - Text Search Field"), searchText, 0): Text 'key' has been set to element 'Object Repository/Search/android.widget.EditText - Text Search Field'

2023-07-03 19:31:35 - [MESSAGE][WARNING] - Timeout '0' is invalid. Using default page load timeout: '30'

2023-07-03 19:31:38 - [MESSAGE][PASSED] - Text 'key' has been set to element 'Object Repository/Search/android.widget.EditText - Text Search Field'

2023-07-03 19:31:38 - [MESSAGE][PASSED] - Call Test Case 'Test Cases/Pages/Search Page/Input Text Search Field' successfully

2023-07-03 19:31:38 - [TEST_STEP][PASSED] - callTestCase(findTestCase("Pages/Search Page/Verify First Result"), ["expectedText":searchText], STOP_ON_FAILURE): Call Test Case 'Test Cases/Pages/Search Page/Verify First Result' successfully

2023-07-03 19:31:38 - [TEST_CASE][PASSED] - Test Cases/Pages/Search Page/Verify First Result: Test Cases/Pages/Search Page/Verify First Result

2023-07-03 19:31:38 - [TEST_STEP][PASSED] - verifyElementVisible(findTestObject("Search/android.view.ViewGroup - First Search Result"), 0): Element 'Object Repository/Search/android.view.ViewGroup - First Search Result' is visible

2023-07-03 19:31:38 - [MESSAGE][WARNING] - Timeout '0' is invalid. Using default page load timeout: '30'

2023-07-03 19:31:49 - [MESSAGE][PASSED] - Element 'Object Repository/Search/android.view.ViewGroup - First Search Result' is visible

2023-07-03 19:31:49 - [TEST_STEP][PASSED] - verifyMatch(getText(findTestObject("Search/android.widget.TextView - First Search Result - Product Name"), 0), "(?i).*" + expectedText + ".*", true): Actual text 'Keyboard dan Mouse' and expected text '(?i).*key.*' are matched  using regular expression

2023-07-03 19:31:49 - [MESSAGE][WARNING] - Timeout '0' is invalid. Using default page load timeout: '30'

2023-07-03 19:31:50 - [MESSAGE][PASSED] - Text of element 'Object Repository/Search/android.widget.TextView - First Search Result - Product Name' is: 'Keyboard dan Mouse'

2023-07-03 19:31:50 - [MESSAGE][PASSED] - Actual text 'Keyboard dan Mouse' and expected text '(?i).*key.*' are matched  using regular expression

2023-07-03 19:31:50 - [MESSAGE][PASSED] - Call Test Case 'Test Cases/Pages/Search Page/Verify First Result' successfully

2023-07-03 19:31:50 - [TEST_STEP][PASSED] - Start listener action : afterTestCase: Close app successfully

2023-07-03 19:31:50 - [TEST_STEP][PASSED] - logInfo("Test Case: " + testCaseContext.getTestCaseId() + " | Status: " + testCaseContext.getTestCaseStatus()): Test Case: Test Cases/Step Definition/Feature Search/SRC01 - Search Product | Status: PASSED

2023-07-03 19:31:50 - [MESSAGE][INFO] - Test Case: Test Cases/Step Definition/Feature Search/SRC01 - Search Product | Status: PASSED

2023-07-03 19:31:50 - [TEST_STEP][PASSED] - closeApplication(): Close app successfully

2023-07-03 19:31:51 - [MESSAGE][PASSED] - Close app successfully]]></system-out>
         <system-err><![CDATA[]]></system-err>
      </testcase>
      <testcase name="Test Cases/Step Definition/Feature Search/SRC01 - Search Product" time="43.885" classname="Test Cases/Step Definition/Feature Search/SRC01 - Search Product" status="PASSED">
         <system-out><![CDATA[2023-07-03 19:31:51 - [TEST_CASE][PASSED] - Test Cases/Step Definition/Feature Search/SRC01 - Search Product: Test Cases/Step Definition/Feature Search/SRC01 - Search Product

2023-07-03 19:31:51 - [TEST_STEP][PASSED] - Start listener action : beforeTestCase: Started app at: 'E:\GitRepo\Katalon\binarqa-group1-app\Apk\app-release-second-hand-gcp.apk'

2023-07-03 19:31:51 - [TEST_STEP][PASSED] - logInfo("Test Case: " + testCaseContext.getTestCaseId()): Test Case: Test Cases/Step Definition/Feature Search/SRC01 - Search Product

2023-07-03 19:31:51 - [MESSAGE][INFO] - Test Case: Test Cases/Step Definition/Feature Search/SRC01 - Search Product

2023-07-03 19:31:51 - [TEST_STEP][PASSED] - launchApp(): null

2023-07-03 19:31:51 - [TEST_STEP][PASSED] - startApplication(System.getProperty("user.dir") + "\Apk\app-release-second-hand-gcp.apk", false): Started app at: 'E:\GitRepo\Katalon\binarqa-group1-app\Apk\app-release-second-hand-gcp.apk'

2023-07-03 19:31:51 - [MESSAGE][INFO] - User set preference: ['appWaitActivity', '*']

2023-07-03 19:31:51 - [MESSAGE][INFO] - User set preference: ['appWaitforLaunch', 'false']

2023-07-03 19:31:51 - [MESSAGE][INFO] - User set preference: ['noReset', 'true']

2023-07-03 19:31:51 - [MESSAGE][INFO] - User set preference: ['ignoreHiddenApiPolicyError', 'true']

2023-07-03 19:31:51 - [MESSAGE][INFO] - User set preference: ['deviceId', '']

2023-07-03 19:31:51 - [MESSAGE][INFO] - Detected NodeJS location: "C:\Program Files\nodejs\node.exe"

2023-07-03 19:31:52 - [MESSAGE][INFO] - Appium server started on port 57,184

2023-07-03 19:32:00 - [MESSAGE][PASSED] - Started app at: 'E:\GitRepo\Katalon\binarqa-group1-app\Apk\app-release-second-hand-gcp.apk'

2023-07-03 19:32:00 - [TEST_STEP][PASSED] - callTestCase(findTestCase("Pages/Homepage/Tap Search Field"), [:], STOP_ON_FAILURE): Call Test Case 'Test Cases/Pages/Homepage/Tap Search Field' successfully

2023-07-03 19:32:00 - [TEST_CASE][PASSED] - Test Cases/Pages/Homepage/Tap Search Field: Test Cases/Pages/Homepage/Tap Search Field

2023-07-03 19:32:00 - [TEST_STEP][PASSED] - tap(findTestObject("Homepage/android.widget.EditText - Search Field"), 0): Tapped on element 'Object Repository/Homepage/android.widget.EditText - Search Field'

2023-07-03 19:32:00 - [MESSAGE][WARNING] - Timeout '0' is invalid. Using default page load timeout: '30'

2023-07-03 19:32:02 - [MESSAGE][PASSED] - Tapped on element 'Object Repository/Homepage/android.widget.EditText - Search Field'

2023-07-03 19:32:02 - [MESSAGE][PASSED] - Call Test Case 'Test Cases/Pages/Homepage/Tap Search Field' successfully

2023-07-03 19:32:02 - [TEST_STEP][PASSED] - callTestCase(findTestCase("Pages/Search Page/Verify On Search Page"), [:], STOP_ON_FAILURE): Call Test Case 'Test Cases/Pages/Search Page/Verify On Search Page' successfully

2023-07-03 19:32:02 - [TEST_CASE][PASSED] - Test Cases/Pages/Search Page/Verify On Search Page: Test Cases/Pages/Search Page/Verify On Search Page

2023-07-03 19:32:02 - [TEST_STEP][PASSED] - verifyElementVisible(findTestObject("Search/android.widget.ImageView - Search Result Empty"), 0): Element 'Object Repository/Search/android.widget.ImageView - Search Result Empty' is visible

2023-07-03 19:32:02 - [MESSAGE][WARNING] - Timeout '0' is invalid. Using default page load timeout: '30'

2023-07-03 19:32:03 - [MESSAGE][PASSED] - Element 'Object Repository/Search/android.widget.ImageView - Search Result Empty' is visible

2023-07-03 19:32:03 - [TEST_STEP][PASSED] - verifyElementVisible(findTestObject("Search/android.widget.TextView - Search Result Empty"), 0): Element 'Object Repository/Search/android.widget.TextView - Search Result Empty' is visible

2023-07-03 19:32:03 - [MESSAGE][WARNING] - Timeout '0' is invalid. Using default page load timeout: '30'

2023-07-03 19:32:04 - [MESSAGE][PASSED] - Element 'Object Repository/Search/android.widget.TextView - Search Result Empty' is visible

2023-07-03 19:32:04 - [MESSAGE][PASSED] - Call Test Case 'Test Cases/Pages/Search Page/Verify On Search Page' successfully

2023-07-03 19:32:04 - [TEST_STEP][PASSED] - callTestCase(findTestCase("Pages/Search Page/Input Text Search Field"), ["searchText":searchText], STOP_ON_FAILURE): Call Test Case 'Test Cases/Pages/Search Page/Input Text Search Field' successfully

2023-07-03 19:32:04 - [TEST_CASE][PASSED] - Test Cases/Pages/Search Page/Input Text Search Field: Test Cases/Pages/Search Page/Input Text Search Field

2023-07-03 19:32:04 - [TEST_STEP][PASSED] - setText(findTestObject("Search/android.widget.EditText - Text Search Field"), searchText, 0): Text 'baju' has been set to element 'Object Repository/Search/android.widget.EditText - Text Search Field'

2023-07-03 19:32:04 - [MESSAGE][WARNING] - Timeout '0' is invalid. Using default page load timeout: '30'

2023-07-03 19:32:07 - [MESSAGE][PASSED] - Text 'baju' has been set to element 'Object Repository/Search/android.widget.EditText - Text Search Field'

2023-07-03 19:32:07 - [MESSAGE][PASSED] - Call Test Case 'Test Cases/Pages/Search Page/Input Text Search Field' successfully

2023-07-03 19:32:07 - [TEST_STEP][PASSED] - callTestCase(findTestCase("Pages/Search Page/Verify First Result"), ["expectedText":searchText], STOP_ON_FAILURE): Call Test Case 'Test Cases/Pages/Search Page/Verify First Result' successfully

2023-07-03 19:32:07 - [TEST_CASE][PASSED] - Test Cases/Pages/Search Page/Verify First Result: Test Cases/Pages/Search Page/Verify First Result

2023-07-03 19:32:07 - [TEST_STEP][PASSED] - verifyElementVisible(findTestObject("Search/android.view.ViewGroup - First Search Result"), 0): Element 'Object Repository/Search/android.view.ViewGroup - First Search Result' is visible

2023-07-03 19:32:07 - [MESSAGE][WARNING] - Timeout '0' is invalid. Using default page load timeout: '30'

2023-07-03 19:32:34 - [MESSAGE][PASSED] - Element 'Object Repository/Search/android.view.ViewGroup - First Search Result' is visible

2023-07-03 19:32:34 - [TEST_STEP][PASSED] - verifyMatch(getText(findTestObject("Search/android.widget.TextView - First Search Result - Product Name"), 0), "(?i).*" + expectedText + ".*", true): Actual text 'Baju' and expected text '(?i).*baju.*' are matched  using regular expression

2023-07-03 19:32:34 - [MESSAGE][WARNING] - Timeout '0' is invalid. Using default page load timeout: '30'

2023-07-03 19:32:34 - [MESSAGE][PASSED] - Text of element 'Object Repository/Search/android.widget.TextView - First Search Result - Product Name' is: 'Baju'

2023-07-03 19:32:34 - [MESSAGE][PASSED] - Actual text 'Baju' and expected text '(?i).*baju.*' are matched  using regular expression

2023-07-03 19:32:34 - [MESSAGE][PASSED] - Call Test Case 'Test Cases/Pages/Search Page/Verify First Result' successfully

2023-07-03 19:32:34 - [TEST_STEP][PASSED] - Start listener action : afterTestCase: Close app successfully

2023-07-03 19:32:34 - [TEST_STEP][PASSED] - logInfo("Test Case: " + testCaseContext.getTestCaseId() + " | Status: " + testCaseContext.getTestCaseStatus()): Test Case: Test Cases/Step Definition/Feature Search/SRC01 - Search Product | Status: PASSED

2023-07-03 19:32:34 - [MESSAGE][INFO] - Test Case: Test Cases/Step Definition/Feature Search/SRC01 - Search Product | Status: PASSED

2023-07-03 19:32:34 - [TEST_STEP][PASSED] - closeApplication(): Close app successfully

2023-07-03 19:32:35 - [MESSAGE][PASSED] - Close app successfully]]></system-out>
         <system-err><![CDATA[]]></system-err>
      </testcase>
      <testcase name="Test Cases/Step Definition/Feature Search/SRC01 - Search Product" time="28.091" classname="Test Cases/Step Definition/Feature Search/SRC01 - Search Product" status="PASSED">
         <system-out><![CDATA[2023-07-03 19:32:35 - [TEST_CASE][PASSED] - Test Cases/Step Definition/Feature Search/SRC01 - Search Product: Test Cases/Step Definition/Feature Search/SRC01 - Search Product

2023-07-03 19:32:35 - [TEST_STEP][PASSED] - Start listener action : beforeTestCase: Started app at: 'E:\GitRepo\Katalon\binarqa-group1-app\Apk\app-release-second-hand-gcp.apk'

2023-07-03 19:32:35 - [TEST_STEP][PASSED] - logInfo("Test Case: " + testCaseContext.getTestCaseId()): Test Case: Test Cases/Step Definition/Feature Search/SRC01 - Search Product

2023-07-03 19:32:35 - [MESSAGE][INFO] - Test Case: Test Cases/Step Definition/Feature Search/SRC01 - Search Product

2023-07-03 19:32:35 - [TEST_STEP][PASSED] - launchApp(): null

2023-07-03 19:32:35 - [TEST_STEP][PASSED] - startApplication(System.getProperty("user.dir") + "\Apk\app-release-second-hand-gcp.apk", false): Started app at: 'E:\GitRepo\Katalon\binarqa-group1-app\Apk\app-release-second-hand-gcp.apk'

2023-07-03 19:32:35 - [MESSAGE][INFO] - User set preference: ['appWaitActivity', '*']

2023-07-03 19:32:35 - [MESSAGE][INFO] - User set preference: ['appWaitforLaunch', 'false']

2023-07-03 19:32:35 - [MESSAGE][INFO] - User set preference: ['noReset', 'true']

2023-07-03 19:32:35 - [MESSAGE][INFO] - User set preference: ['ignoreHiddenApiPolicyError', 'true']

2023-07-03 19:32:35 - [MESSAGE][INFO] - User set preference: ['deviceId', '']

2023-07-03 19:32:35 - [MESSAGE][INFO] - Detected NodeJS location: "C:\Program Files\nodejs\node.exe"

2023-07-03 19:32:36 - [MESSAGE][INFO] - Appium server started on port 57,311

2023-07-03 19:32:45 - [MESSAGE][PASSED] - Started app at: 'E:\GitRepo\Katalon\binarqa-group1-app\Apk\app-release-second-hand-gcp.apk'

2023-07-03 19:32:45 - [TEST_STEP][PASSED] - callTestCase(findTestCase("Pages/Homepage/Tap Search Field"), [:], STOP_ON_FAILURE): Call Test Case 'Test Cases/Pages/Homepage/Tap Search Field' successfully

2023-07-03 19:32:45 - [TEST_CASE][PASSED] - Test Cases/Pages/Homepage/Tap Search Field: Test Cases/Pages/Homepage/Tap Search Field

2023-07-03 19:32:45 - [TEST_STEP][PASSED] - tap(findTestObject("Homepage/android.widget.EditText - Search Field"), 0): Tapped on element 'Object Repository/Homepage/android.widget.EditText - Search Field'

2023-07-03 19:32:45 - [MESSAGE][WARNING] - Timeout '0' is invalid. Using default page load timeout: '30'

2023-07-03 19:32:47 - [MESSAGE][PASSED] - Tapped on element 'Object Repository/Homepage/android.widget.EditText - Search Field'

2023-07-03 19:32:47 - [MESSAGE][PASSED] - Call Test Case 'Test Cases/Pages/Homepage/Tap Search Field' successfully

2023-07-03 19:32:47 - [TEST_STEP][PASSED] - callTestCase(findTestCase("Pages/Search Page/Verify On Search Page"), [:], STOP_ON_FAILURE): Call Test Case 'Test Cases/Pages/Search Page/Verify On Search Page' successfully

2023-07-03 19:32:47 - [TEST_CASE][PASSED] - Test Cases/Pages/Search Page/Verify On Search Page: Test Cases/Pages/Search Page/Verify On Search Page

2023-07-03 19:32:47 - [TEST_STEP][PASSED] - verifyElementVisible(findTestObject("Search/android.widget.ImageView - Search Result Empty"), 0): Element 'Object Repository/Search/android.widget.ImageView - Search Result Empty' is visible

2023-07-03 19:32:47 - [MESSAGE][WARNING] - Timeout '0' is invalid. Using default page load timeout: '30'

2023-07-03 19:32:47 - [MESSAGE][PASSED] - Element 'Object Repository/Search/android.widget.ImageView - Search Result Empty' is visible

2023-07-03 19:32:47 - [TEST_STEP][PASSED] - verifyElementVisible(findTestObject("Search/android.widget.TextView - Search Result Empty"), 0): Element 'Object Repository/Search/android.widget.TextView - Search Result Empty' is visible

2023-07-03 19:32:47 - [MESSAGE][WARNING] - Timeout '0' is invalid. Using default page load timeout: '30'

2023-07-03 19:32:48 - [MESSAGE][PASSED] - Element 'Object Repository/Search/android.widget.TextView - Search Result Empty' is visible

2023-07-03 19:32:48 - [MESSAGE][PASSED] - Call Test Case 'Test Cases/Pages/Search Page/Verify On Search Page' successfully

2023-07-03 19:32:48 - [TEST_STEP][PASSED] - callTestCase(findTestCase("Pages/Search Page/Input Text Search Field"), ["searchText":searchText], STOP_ON_FAILURE): Call Test Case 'Test Cases/Pages/Search Page/Input Text Search Field' successfully

2023-07-03 19:32:48 - [TEST_CASE][PASSED] - Test Cases/Pages/Search Page/Input Text Search Field: Test Cases/Pages/Search Page/Input Text Search Field

2023-07-03 19:32:48 - [TEST_STEP][PASSED] - setText(findTestObject("Search/android.widget.EditText - Text Search Field"), searchText, 0): Text 'bola' has been set to element 'Object Repository/Search/android.widget.EditText - Text Search Field'

2023-07-03 19:32:48 - [MESSAGE][WARNING] - Timeout '0' is invalid. Using default page load timeout: '30'

2023-07-03 19:32:51 - [MESSAGE][PASSED] - Text 'bola' has been set to element 'Object Repository/Search/android.widget.EditText - Text Search Field'

2023-07-03 19:32:51 - [MESSAGE][PASSED] - Call Test Case 'Test Cases/Pages/Search Page/Input Text Search Field' successfully

2023-07-03 19:32:51 - [TEST_STEP][PASSED] - callTestCase(findTestCase("Pages/Search Page/Verify First Result"), ["expectedText":searchText], STOP_ON_FAILURE): Call Test Case 'Test Cases/Pages/Search Page/Verify First Result' successfully

2023-07-03 19:32:51 - [TEST_CASE][PASSED] - Test Cases/Pages/Search Page/Verify First Result: Test Cases/Pages/Search Page/Verify First Result

2023-07-03 19:32:51 - [TEST_STEP][PASSED] - verifyElementVisible(findTestObject("Search/android.view.ViewGroup - First Search Result"), 0): Element 'Object Repository/Search/android.view.ViewGroup - First Search Result' is visible

2023-07-03 19:32:51 - [MESSAGE][WARNING] - Timeout '0' is invalid. Using default page load timeout: '30'

2023-07-03 19:33:02 - [MESSAGE][PASSED] - Element 'Object Repository/Search/android.view.ViewGroup - First Search Result' is visible

2023-07-03 19:33:02 - [TEST_STEP][PASSED] - verifyMatch(getText(findTestObject("Search/android.widget.TextView - First Search Result - Product Name"), 0), "(?i).*" + expectedText + ".*", true): Actual text 'baju bola' and expected text '(?i).*bola.*' are matched  using regular expression

2023-07-03 19:33:02 - [MESSAGE][WARNING] - Timeout '0' is invalid. Using default page load timeout: '30'

2023-07-03 19:33:02 - [MESSAGE][PASSED] - Text of element 'Object Repository/Search/android.widget.TextView - First Search Result - Product Name' is: 'baju bola'

2023-07-03 19:33:02 - [MESSAGE][PASSED] - Actual text 'baju bola' and expected text '(?i).*bola.*' are matched  using regular expression

2023-07-03 19:33:02 - [MESSAGE][PASSED] - Call Test Case 'Test Cases/Pages/Search Page/Verify First Result' successfully

2023-07-03 19:33:02 - [TEST_STEP][PASSED] - Start listener action : afterTestCase: Close app successfully

2023-07-03 19:33:02 - [TEST_STEP][PASSED] - logInfo("Test Case: " + testCaseContext.getTestCaseId() + " | Status: " + testCaseContext.getTestCaseStatus()): Test Case: Test Cases/Step Definition/Feature Search/SRC01 - Search Product | Status: PASSED

2023-07-03 19:33:02 - [MESSAGE][INFO] - Test Case: Test Cases/Step Definition/Feature Search/SRC01 - Search Product | Status: PASSED

2023-07-03 19:33:02 - [TEST_STEP][PASSED] - closeApplication(): Close app successfully

2023-07-03 19:33:03 - [MESSAGE][PASSED] - Close app successfully]]></system-out>
         <system-err><![CDATA[]]></system-err>
      </testcase>
      <testcase name="Test Cases/Step Definition/Feature Search/SRC01 - Search Product" time="26.865" classname="Test Cases/Step Definition/Feature Search/SRC01 - Search Product" status="PASSED">
         <system-out><![CDATA[2023-07-03 19:33:03 - [TEST_CASE][PASSED] - Test Cases/Step Definition/Feature Search/SRC01 - Search Product: Test Cases/Step Definition/Feature Search/SRC01 - Search Product

2023-07-03 19:33:03 - [TEST_STEP][PASSED] - Start listener action : beforeTestCase: Started app at: 'E:\GitRepo\Katalon\binarqa-group1-app\Apk\app-release-second-hand-gcp.apk'

2023-07-03 19:33:03 - [TEST_STEP][PASSED] - logInfo("Test Case: " + testCaseContext.getTestCaseId()): Test Case: Test Cases/Step Definition/Feature Search/SRC01 - Search Product

2023-07-03 19:33:03 - [MESSAGE][INFO] - Test Case: Test Cases/Step Definition/Feature Search/SRC01 - Search Product

2023-07-03 19:33:03 - [TEST_STEP][PASSED] - launchApp(): null

2023-07-03 19:33:03 - [TEST_STEP][PASSED] - startApplication(System.getProperty("user.dir") + "\Apk\app-release-second-hand-gcp.apk", false): Started app at: 'E:\GitRepo\Katalon\binarqa-group1-app\Apk\app-release-second-hand-gcp.apk'

2023-07-03 19:33:03 - [MESSAGE][INFO] - User set preference: ['appWaitActivity', '*']

2023-07-03 19:33:03 - [MESSAGE][INFO] - User set preference: ['appWaitforLaunch', 'false']

2023-07-03 19:33:03 - [MESSAGE][INFO] - User set preference: ['noReset', 'true']

2023-07-03 19:33:03 - [MESSAGE][INFO] - User set preference: ['ignoreHiddenApiPolicyError', 'true']

2023-07-03 19:33:03 - [MESSAGE][INFO] - User set preference: ['deviceId', '']

2023-07-03 19:33:03 - [MESSAGE][INFO] - Detected NodeJS location: "C:\Program Files\nodejs\node.exe"

2023-07-03 19:33:04 - [MESSAGE][INFO] - Appium server started on port 57,430

2023-07-03 19:33:12 - [MESSAGE][PASSED] - Started app at: 'E:\GitRepo\Katalon\binarqa-group1-app\Apk\app-release-second-hand-gcp.apk'

2023-07-03 19:33:12 - [TEST_STEP][PASSED] - callTestCase(findTestCase("Pages/Homepage/Tap Search Field"), [:], STOP_ON_FAILURE): Call Test Case 'Test Cases/Pages/Homepage/Tap Search Field' successfully

2023-07-03 19:33:12 - [TEST_CASE][PASSED] - Test Cases/Pages/Homepage/Tap Search Field: Test Cases/Pages/Homepage/Tap Search Field

2023-07-03 19:33:12 - [TEST_STEP][PASSED] - tap(findTestObject("Homepage/android.widget.EditText - Search Field"), 0): Tapped on element 'Object Repository/Homepage/android.widget.EditText - Search Field'

2023-07-03 19:33:12 - [MESSAGE][WARNING] - Timeout '0' is invalid. Using default page load timeout: '30'

2023-07-03 19:33:13 - [MESSAGE][PASSED] - Tapped on element 'Object Repository/Homepage/android.widget.EditText - Search Field'

2023-07-03 19:33:13 - [MESSAGE][PASSED] - Call Test Case 'Test Cases/Pages/Homepage/Tap Search Field' successfully

2023-07-03 19:33:13 - [TEST_STEP][PASSED] - callTestCase(findTestCase("Pages/Search Page/Verify On Search Page"), [:], STOP_ON_FAILURE): Call Test Case 'Test Cases/Pages/Search Page/Verify On Search Page' successfully

2023-07-03 19:33:13 - [TEST_CASE][PASSED] - Test Cases/Pages/Search Page/Verify On Search Page: Test Cases/Pages/Search Page/Verify On Search Page

2023-07-03 19:33:13 - [TEST_STEP][PASSED] - verifyElementVisible(findTestObject("Search/android.widget.ImageView - Search Result Empty"), 0): Element 'Object Repository/Search/android.widget.ImageView - Search Result Empty' is visible

2023-07-03 19:33:13 - [MESSAGE][WARNING] - Timeout '0' is invalid. Using default page load timeout: '30'

2023-07-03 19:33:14 - [MESSAGE][PASSED] - Element 'Object Repository/Search/android.widget.ImageView - Search Result Empty' is visible

2023-07-03 19:33:14 - [TEST_STEP][PASSED] - verifyElementVisible(findTestObject("Search/android.widget.TextView - Search Result Empty"), 0): Element 'Object Repository/Search/android.widget.TextView - Search Result Empty' is visible

2023-07-03 19:33:14 - [MESSAGE][WARNING] - Timeout '0' is invalid. Using default page load timeout: '30'

2023-07-03 19:33:15 - [MESSAGE][PASSED] - Element 'Object Repository/Search/android.widget.TextView - Search Result Empty' is visible

2023-07-03 19:33:15 - [MESSAGE][PASSED] - Call Test Case 'Test Cases/Pages/Search Page/Verify On Search Page' successfully

2023-07-03 19:33:15 - [TEST_STEP][PASSED] - callTestCase(findTestCase("Pages/Search Page/Input Text Search Field"), ["searchText":searchText], STOP_ON_FAILURE): Call Test Case 'Test Cases/Pages/Search Page/Input Text Search Field' successfully

2023-07-03 19:33:15 - [TEST_CASE][PASSED] - Test Cases/Pages/Search Page/Input Text Search Field: Test Cases/Pages/Search Page/Input Text Search Field

2023-07-03 19:33:15 - [TEST_STEP][PASSED] - setText(findTestObject("Search/android.widget.EditText - Text Search Field"), searchText, 0): Text 'laptop' has been set to element 'Object Repository/Search/android.widget.EditText - Text Search Field'

2023-07-03 19:33:15 - [MESSAGE][WARNING] - Timeout '0' is invalid. Using default page load timeout: '30'

2023-07-03 19:33:18 - [MESSAGE][PASSED] - Text 'laptop' has been set to element 'Object Repository/Search/android.widget.EditText - Text Search Field'

2023-07-03 19:33:18 - [MESSAGE][PASSED] - Call Test Case 'Test Cases/Pages/Search Page/Input Text Search Field' successfully

2023-07-03 19:33:18 - [TEST_STEP][PASSED] - callTestCase(findTestCase("Pages/Search Page/Verify First Result"), ["expectedText":searchText], STOP_ON_FAILURE): Call Test Case 'Test Cases/Pages/Search Page/Verify First Result' successfully

2023-07-03 19:33:18 - [TEST_CASE][PASSED] - Test Cases/Pages/Search Page/Verify First Result: Test Cases/Pages/Search Page/Verify First Result

2023-07-03 19:33:18 - [TEST_STEP][PASSED] - verifyElementVisible(findTestObject("Search/android.view.ViewGroup - First Search Result"), 0): Element 'Object Repository/Search/android.view.ViewGroup - First Search Result' is visible

2023-07-03 19:33:18 - [MESSAGE][WARNING] - Timeout '0' is invalid. Using default page load timeout: '30'

2023-07-03 19:33:29 - [MESSAGE][PASSED] - Element 'Object Repository/Search/android.view.ViewGroup - First Search Result' is visible

2023-07-03 19:33:29 - [TEST_STEP][PASSED] - verifyMatch(getText(findTestObject("Search/android.widget.TextView - First Search Result - Product Name"), 0), "(?i).*" + expectedText + ".*", true): Actual text 'Laptop' and expected text '(?i).*laptop.*' are matched  using regular expression

2023-07-03 19:33:29 - [MESSAGE][WARNING] - Timeout '0' is invalid. Using default page load timeout: '30'

2023-07-03 19:33:29 - [MESSAGE][PASSED] - Text of element 'Object Repository/Search/android.widget.TextView - First Search Result - Product Name' is: 'Laptop'

2023-07-03 19:33:29 - [MESSAGE][PASSED] - Actual text 'Laptop' and expected text '(?i).*laptop.*' are matched  using regular expression

2023-07-03 19:33:29 - [MESSAGE][PASSED] - Call Test Case 'Test Cases/Pages/Search Page/Verify First Result' successfully

2023-07-03 19:33:29 - [TEST_STEP][PASSED] - Start listener action : afterTestCase: Close app successfully

2023-07-03 19:33:29 - [TEST_STEP][PASSED] - logInfo("Test Case: " + testCaseContext.getTestCaseId() + " | Status: " + testCaseContext.getTestCaseStatus()): Test Case: Test Cases/Step Definition/Feature Search/SRC01 - Search Product | Status: PASSED

2023-07-03 19:33:29 - [MESSAGE][INFO] - Test Case: Test Cases/Step Definition/Feature Search/SRC01 - Search Product | Status: PASSED

2023-07-03 19:33:29 - [TEST_STEP][PASSED] - closeApplication(): Close app successfully

2023-07-03 19:33:30 - [MESSAGE][PASSED] - Close app successfully]]></system-out>
         <system-err><![CDATA[]]></system-err>
      </testcase>
      <testcase name="Test Cases/Step Definition/Feature Search/SRC01 - Search Product" time="20.905" classname="Test Cases/Step Definition/Feature Search/SRC01 - Search Product" status="PASSED">
         <system-out><![CDATA[2023-07-03 19:33:30 - [TEST_CASE][PASSED] - Test Cases/Step Definition/Feature Search/SRC01 - Search Product: Test Cases/Step Definition/Feature Search/SRC01 - Search Product

2023-07-03 19:33:30 - [TEST_STEP][PASSED] - Start listener action : beforeTestCase: Started app at: 'E:\GitRepo\Katalon\binarqa-group1-app\Apk\app-release-second-hand-gcp.apk'

2023-07-03 19:33:30 - [TEST_STEP][PASSED] - logInfo("Test Case: " + testCaseContext.getTestCaseId()): Test Case: Test Cases/Step Definition/Feature Search/SRC01 - Search Product

2023-07-03 19:33:30 - [MESSAGE][INFO] - Test Case: Test Cases/Step Definition/Feature Search/SRC01 - Search Product

2023-07-03 19:33:30 - [TEST_STEP][PASSED] - launchApp(): null

2023-07-03 19:33:30 - [TEST_STEP][PASSED] - startApplication(System.getProperty("user.dir") + "\Apk\app-release-second-hand-gcp.apk", false): Started app at: 'E:\GitRepo\Katalon\binarqa-group1-app\Apk\app-release-second-hand-gcp.apk'

2023-07-03 19:33:30 - [MESSAGE][INFO] - User set preference: ['appWaitActivity', '*']

2023-07-03 19:33:30 - [MESSAGE][INFO] - User set preference: ['appWaitforLaunch', 'false']

2023-07-03 19:33:30 - [MESSAGE][INFO] - User set preference: ['noReset', 'true']

2023-07-03 19:33:30 - [MESSAGE][INFO] - User set preference: ['ignoreHiddenApiPolicyError', 'true']

2023-07-03 19:33:30 - [MESSAGE][INFO] - User set preference: ['deviceId', '']

2023-07-03 19:33:30 - [MESSAGE][INFO] - Detected NodeJS location: "C:\Program Files\nodejs\node.exe"

2023-07-03 19:33:31 - [MESSAGE][INFO] - Appium server started on port 57,549

2023-07-03 19:33:39 - [MESSAGE][PASSED] - Started app at: 'E:\GitRepo\Katalon\binarqa-group1-app\Apk\app-release-second-hand-gcp.apk'

2023-07-03 19:33:39 - [TEST_STEP][PASSED] - callTestCase(findTestCase("Pages/Homepage/Tap Search Field"), [:], STOP_ON_FAILURE): Call Test Case 'Test Cases/Pages/Homepage/Tap Search Field' successfully

2023-07-03 19:33:39 - [TEST_CASE][PASSED] - Test Cases/Pages/Homepage/Tap Search Field: Test Cases/Pages/Homepage/Tap Search Field

2023-07-03 19:33:39 - [TEST_STEP][PASSED] - tap(findTestObject("Homepage/android.widget.EditText - Search Field"), 0): Tapped on element 'Object Repository/Homepage/android.widget.EditText - Search Field'

2023-07-03 19:33:39 - [MESSAGE][WARNING] - Timeout '0' is invalid. Using default page load timeout: '30'

2023-07-03 19:33:40 - [MESSAGE][PASSED] - Tapped on element 'Object Repository/Homepage/android.widget.EditText - Search Field'

2023-07-03 19:33:40 - [MESSAGE][PASSED] - Call Test Case 'Test Cases/Pages/Homepage/Tap Search Field' successfully

2023-07-03 19:33:40 - [TEST_STEP][PASSED] - callTestCase(findTestCase("Pages/Search Page/Verify On Search Page"), [:], STOP_ON_FAILURE): Call Test Case 'Test Cases/Pages/Search Page/Verify On Search Page' successfully

2023-07-03 19:33:40 - [TEST_CASE][PASSED] - Test Cases/Pages/Search Page/Verify On Search Page: Test Cases/Pages/Search Page/Verify On Search Page

2023-07-03 19:33:40 - [TEST_STEP][PASSED] - verifyElementVisible(findTestObject("Search/android.widget.ImageView - Search Result Empty"), 0): Element 'Object Repository/Search/android.widget.ImageView - Search Result Empty' is visible

2023-07-03 19:33:40 - [MESSAGE][WARNING] - Timeout '0' is invalid. Using default page load timeout: '30'

2023-07-03 19:33:41 - [MESSAGE][PASSED] - Element 'Object Repository/Search/android.widget.ImageView - Search Result Empty' is visible

2023-07-03 19:33:41 - [TEST_STEP][PASSED] - verifyElementVisible(findTestObject("Search/android.widget.TextView - Search Result Empty"), 0): Element 'Object Repository/Search/android.widget.TextView - Search Result Empty' is visible

2023-07-03 19:33:41 - [MESSAGE][WARNING] - Timeout '0' is invalid. Using default page load timeout: '30'

2023-07-03 19:33:42 - [MESSAGE][PASSED] - Element 'Object Repository/Search/android.widget.TextView - Search Result Empty' is visible

2023-07-03 19:33:42 - [MESSAGE][PASSED] - Call Test Case 'Test Cases/Pages/Search Page/Verify On Search Page' successfully

2023-07-03 19:33:42 - [TEST_STEP][PASSED] - callTestCase(findTestCase("Pages/Search Page/Input Text Search Field"), ["searchText":searchText], STOP_ON_FAILURE): Call Test Case 'Test Cases/Pages/Search Page/Input Text Search Field' successfully

2023-07-03 19:33:42 - [TEST_CASE][PASSED] - Test Cases/Pages/Search Page/Input Text Search Field: Test Cases/Pages/Search Page/Input Text Search Field

2023-07-03 19:33:42 - [TEST_STEP][PASSED] - setText(findTestObject("Search/android.widget.EditText - Text Search Field"), searchText, 0): Text 'meja' has been set to element 'Object Repository/Search/android.widget.EditText - Text Search Field'

2023-07-03 19:33:42 - [MESSAGE][WARNING] - Timeout '0' is invalid. Using default page load timeout: '30'

2023-07-03 19:33:44 - [MESSAGE][PASSED] - Text 'meja' has been set to element 'Object Repository/Search/android.widget.EditText - Text Search Field'

2023-07-03 19:33:44 - [MESSAGE][PASSED] - Call Test Case 'Test Cases/Pages/Search Page/Input Text Search Field' successfully

2023-07-03 19:33:44 - [TEST_STEP][PASSED] - callTestCase(findTestCase("Pages/Search Page/Verify First Result"), ["expectedText":searchText], STOP_ON_FAILURE): Call Test Case 'Test Cases/Pages/Search Page/Verify First Result' successfully

2023-07-03 19:33:44 - [TEST_CASE][PASSED] - Test Cases/Pages/Search Page/Verify First Result: Test Cases/Pages/Search Page/Verify First Result

2023-07-03 19:33:44 - [TEST_STEP][PASSED] - verifyElementVisible(findTestObject("Search/android.view.ViewGroup - First Search Result"), 0): Element 'Object Repository/Search/android.view.ViewGroup - First Search Result' is visible

2023-07-03 19:33:44 - [MESSAGE][WARNING] - Timeout '0' is invalid. Using default page load timeout: '30'

2023-07-03 19:33:50 - [MESSAGE][PASSED] - Element 'Object Repository/Search/android.view.ViewGroup - First Search Result' is visible

2023-07-03 19:33:50 - [TEST_STEP][PASSED] - verifyMatch(getText(findTestObject("Search/android.widget.TextView - First Search Result - Product Name"), 0), "(?i).*" + expectedText + ".*", true): Actual text 'Baju Kemeja wanita' and expected text '(?i).*meja.*' are matched  using regular expression

2023-07-03 19:33:50 - [MESSAGE][WARNING] - Timeout '0' is invalid. Using default page load timeout: '30'

2023-07-03 19:33:50 - [MESSAGE][PASSED] - Text of element 'Object Repository/Search/android.widget.TextView - First Search Result - Product Name' is: 'Baju Kemeja wanita'

2023-07-03 19:33:50 - [MESSAGE][PASSED] - Actual text 'Baju Kemeja wanita' and expected text '(?i).*meja.*' are matched  using regular expression

2023-07-03 19:33:50 - [MESSAGE][PASSED] - Call Test Case 'Test Cases/Pages/Search Page/Verify First Result' successfully

2023-07-03 19:33:50 - [TEST_STEP][PASSED] - Start listener action : afterTestCase: Close app successfully

2023-07-03 19:33:50 - [TEST_STEP][PASSED] - logInfo("Test Case: " + testCaseContext.getTestCaseId() + " | Status: " + testCaseContext.getTestCaseStatus()): Test Case: Test Cases/Step Definition/Feature Search/SRC01 - Search Product | Status: PASSED

2023-07-03 19:33:50 - [MESSAGE][INFO] - Test Case: Test Cases/Step Definition/Feature Search/SRC01 - Search Product | Status: PASSED

2023-07-03 19:33:50 - [TEST_STEP][PASSED] - closeApplication(): Close app successfully

2023-07-03 19:33:51 - [MESSAGE][PASSED] - Close app successfully]]></system-out>
         <system-err><![CDATA[]]></system-err>
      </testcase>
      <system-out><![CDATA[2023-07-03 19:31:14 - [TEST_SUITE][PASSED] - Feature Search Product - Positive Case: Test Cases/Step Definition/Feature Search/SRC01 - Search Product]]></system-out>
      <system-err><![CDATA[]]></system-err>
   </testsuite>
</testsuites>
