<?xml version="1.0" encoding="UTF-8"?>
<testsuites name="Feature Edit Product - Negative Case" time="195.216" tests="5" failures="0" errors="0">
   <testsuite name="Feature Edit Product - Negative Case" tests="5" failures="0" errors="0" time="195.216" skipped="0" timestamp="2023-07-03 18:58:36" hostname="ASUS - ASUS-RN911" id="Test Suites/Feature Edit Product - Negative Case">
      <properties>
         <property name="deviceName" value="realme RMX1921 (Android 11)"/>
         <property name="devicePlatform" value=""/>
         <property name="logFolder" value="E:\\GitRepo\\Katalon\\binarqa-group1-app\\Reports\\20230703_185817\\Feature Edit Product - Negative Case\\20230703_185817"/>
         <property name="logFiles" value="E:\\GitRepo\\Katalon\\binarqa-group1-app\\Reports\\20230703_185817\\Feature Edit Product - Negative Case\\20230703_185817\\appium.log, E:\\GitRepo\\Katalon\\binarqa-group1-app\\Reports\\20230703_185817\\Feature Edit Product - Negative Case\\20230703_185817\\execution0.log"/>
         <property name="attachments" value=""/>
         <property name="hostName" value="ASUS - ASUS-RN911"/>
         <property name="os" value="Windows 10 64bit"/>
         <property name="appiumServerStatus" value="{&quot;value&quot;:{&quot;build&quot;:{&quot;version&quot;:&quot;1.22.3&quot;}},&quot;sessionId&quot;:null,&quot;status&quot;:0}"/>
         <property name="katalonVersion" value="8.6.0.208"/>
         <property name="deviceOS" value="Android"/>
         <property name="appiumVersion" value="1.22.3"/>
         <property name="deviceModel" value="RMX1921"/>
         <property name="hostAddress" value="192.168.1.116"/>
         <property name="deviceManufacturer" value="realme"/>
         <property name="deviceId" value="fd03a52e"/>
         <property name="deviceName" value="realme RMX1921 (Android 11)"/>
         <property name="deviceOSVersion" value="11"/>
      </properties>
      <testcase name="Test Cases/Step Definition/Feature Edit Product/EPD02 - Edit Product with Empty Nama Produk" time="37.115" classname="Test Cases/Step Definition/Feature Edit Product/EPD02 - Edit Product with Empty Nama Produk" status="PASSED">
         <system-out><![CDATA[2023-07-03 18:58:48 - [TEST_CASE][PASSED] - Test Cases/Step Definition/Feature Edit Product/EPD02 - Edit Product with Empty Nama Produk: Test Cases/Step Definition/Feature Edit Product/EPD02 - Edit Product with Empty Nama Produk

2023-07-03 18:58:48 - [TEST_STEP][PASSED] - Start listener action : beforeTestCase: Started app at: 'E:\GitRepo\Katalon\binarqa-group1-app\Apk\app-release-second-hand-gcp.apk'

2023-07-03 18:58:48 - [TEST_STEP][PASSED] - logInfo("Test Case: " + testCaseContext.getTestCaseId()): Test Case: Test Cases/Step Definition/Feature Edit Product/EPD02 - Edit Product with Empty Nama Produk

2023-07-03 18:58:48 - [MESSAGE][INFO] - Test Case: Test Cases/Step Definition/Feature Edit Product/EPD02 - Edit Product with Empty Nama Produk

2023-07-03 18:58:48 - [TEST_STEP][PASSED] - launchApp(): null

2023-07-03 18:58:48 - [TEST_STEP][PASSED] - startApplication(System.getProperty("user.dir") + "\Apk\app-release-second-hand-gcp.apk", false): Started app at: 'E:\GitRepo\Katalon\binarqa-group1-app\Apk\app-release-second-hand-gcp.apk'

2023-07-03 18:58:48 - [MESSAGE][INFO] - User set preference: ['appWaitActivity', '*']

2023-07-03 18:58:48 - [MESSAGE][INFO] - User set preference: ['appWaitforLaunch', 'false']

2023-07-03 18:58:48 - [MESSAGE][INFO] - User set preference: ['noReset', 'true']

2023-07-03 18:58:48 - [MESSAGE][INFO] - User set preference: ['ignoreHiddenApiPolicyError', 'true']

2023-07-03 18:58:48 - [MESSAGE][INFO] - User set preference: ['deviceId', '']

2023-07-03 18:58:55 - [MESSAGE][PASSED] - Started app at: 'E:\GitRepo\Katalon\binarqa-group1-app\Apk\app-release-second-hand-gcp.apk'

2023-07-03 18:58:55 - [TEST_STEP][PASSED] - try: Call Test Case 'Test Cases/Pages/Homepage/Verify Already Logged In' successfully

2023-07-03 18:58:55 - [TEST_STEP][PASSED] - callTestCase(findTestCase("Pages/Homepage/Verify Already Logged In"), [:], STOP_ON_FAILURE): Call Test Case 'Test Cases/Pages/Homepage/Verify Already Logged In' successfully

2023-07-03 18:58:55 - [TEST_CASE][PASSED] - Test Cases/Pages/Homepage/Verify Already Logged In: Test Cases/Pages/Homepage/Verify Already Logged In

2023-07-03 18:58:55 - [TEST_STEP][PASSED] - tap(findTestObject("Navbar/android.widget.FrameLayout - Navbar Akun"), 0): Tapped on element 'Object Repository/Navbar/android.widget.FrameLayout - Navbar Akun'

2023-07-03 18:58:55 - [MESSAGE][WARNING] - Timeout '0' is invalid. Using default page load timeout: '30'

2023-07-03 18:58:57 - [MESSAGE][PASSED] - Tapped on element 'Object Repository/Navbar/android.widget.FrameLayout - Navbar Akun'

2023-07-03 18:58:57 - [TEST_STEP][PASSED] - verifyElementVisible(findTestObject("Akun/android.widget.ImageView - Profile Photo"), 1): Element 'Object Repository/Akun/android.widget.ImageView - Profile Photo' is visible

2023-07-03 18:58:58 - [MESSAGE][PASSED] - Element 'Object Repository/Akun/android.widget.ImageView - Profile Photo' is visible

2023-07-03 18:58:58 - [TEST_STEP][PASSED] - verifyElementVisible(findTestObject("Akun/android.widget.TextView - Email"), 1): Element 'Object Repository/Akun/android.widget.TextView - Email' is visible

2023-07-03 18:58:58 - [MESSAGE][PASSED] - Element 'Object Repository/Akun/android.widget.TextView - Email' is visible

2023-07-03 18:58:58 - [TEST_STEP][PASSED] - verifyElementVisible(findTestObject("Akun/android.widget.TextView - Nama"), 1): Element 'Object Repository/Akun/android.widget.TextView - Nama' is visible

2023-07-03 18:58:58 - [MESSAGE][PASSED] - Element 'Object Repository/Akun/android.widget.TextView - Nama' is visible

2023-07-03 18:58:58 - [TEST_STEP][PASSED] - verifyElementVisible(findTestObject("Akun/android.widget.TextView - Nomor HP"), 1): Element 'Object Repository/Akun/android.widget.TextView - Nomor HP' is visible

2023-07-03 18:58:58 - [MESSAGE][PASSED] - Element 'Object Repository/Akun/android.widget.TextView - Nomor HP' is visible

2023-07-03 18:58:58 - [TEST_STEP][PASSED] - verifyElementVisible(findTestObject("Akun/android.widget.ImageView - Profile Photo"), 1): Element 'Object Repository/Akun/android.widget.ImageView - Profile Photo' is visible

2023-07-03 18:58:59 - [MESSAGE][PASSED] - Element 'Object Repository/Akun/android.widget.ImageView - Profile Photo' is visible

2023-07-03 18:58:59 - [TEST_STEP][PASSED] - verifyElementVisible(findTestObject("Akun/android.view.ViewGroup - Logout"), 1): Element 'Object Repository/Akun/android.view.ViewGroup - Logout' is visible

2023-07-03 18:58:59 - [MESSAGE][PASSED] - Element 'Object Repository/Akun/android.view.ViewGroup - Logout' is visible

2023-07-03 18:58:59 - [TEST_STEP][PASSED] - pressBack(): Press back button successfully

2023-07-03 18:58:59 - [MESSAGE][PASSED] - Press back button successfully

2023-07-03 18:58:59 - [MESSAGE][PASSED] - Call Test Case 'Test Cases/Pages/Homepage/Verify Already Logged In' successfully

2023-07-03 18:58:59 - [TEST_STEP][PASSED] - callTestCase(findTestCase("Pages/Navbar/Tap Akun"), [:], STOP_ON_FAILURE): Call Test Case 'Test Cases/Pages/Navbar/Tap Akun' successfully

2023-07-03 18:58:59 - [TEST_CASE][PASSED] - Test Cases/Pages/Navbar/Tap Akun: Test Cases/Pages/Navbar/Tap Akun

2023-07-03 18:59:00 - [TEST_STEP][PASSED] - tap(findTestObject("Navbar/android.widget.FrameLayout - Navbar Akun"), 0): Tapped on element 'Object Repository/Navbar/android.widget.FrameLayout - Navbar Akun'

2023-07-03 18:59:00 - [MESSAGE][WARNING] - Timeout '0' is invalid. Using default page load timeout: '30'

2023-07-03 18:59:00 - [MESSAGE][PASSED] - Tapped on element 'Object Repository/Navbar/android.widget.FrameLayout - Navbar Akun'

2023-07-03 18:59:00 - [MESSAGE][PASSED] - Call Test Case 'Test Cases/Pages/Navbar/Tap Akun' successfully

2023-07-03 18:59:00 - [TEST_STEP][PASSED] - callTestCase(findTestCase("Pages/Akun/Tap Daftar Jual Saya"), [:], STOP_ON_FAILURE): Call Test Case 'Test Cases/Pages/Akun/Tap Daftar Jual Saya' successfully

2023-07-03 18:59:00 - [TEST_CASE][PASSED] - Test Cases/Pages/Akun/Tap Daftar Jual Saya: Test Cases/Pages/Akun/Tap Daftar Jual Saya

2023-07-03 18:59:00 - [TEST_STEP][PASSED] - tap(findTestObject("Akun/android.view.ViewGroup - Daftar Jual Saya"), 0): Tapped on element 'Object Repository/Akun/android.view.ViewGroup - Daftar Jual Saya'

2023-07-03 18:59:00 - [MESSAGE][WARNING] - Timeout '0' is invalid. Using default page load timeout: '30'

2023-07-03 18:59:02 - [MESSAGE][PASSED] - Tapped on element 'Object Repository/Akun/android.view.ViewGroup - Daftar Jual Saya'

2023-07-03 18:59:02 - [MESSAGE][PASSED] - Call Test Case 'Test Cases/Pages/Akun/Tap Daftar Jual Saya' successfully

2023-07-03 18:59:02 - [TEST_STEP][PASSED] - callTestCase(findTestCase("Pages/Daftar Jual Saya/Tap Tab Produk"), [:], STOP_ON_FAILURE): Call Test Case 'Test Cases/Pages/Daftar Jual Saya/Tap Tab Produk' successfully

2023-07-03 18:59:02 - [TEST_CASE][PASSED] - Test Cases/Pages/Daftar Jual Saya/Tap Tab Produk: Test Cases/Pages/Daftar Jual Saya/Tap Tab Produk

2023-07-03 18:59:02 - [TEST_STEP][PASSED] - tap(findTestObject("Daftar Jual Saya/android.widget.LinearLayout - Tab Produk"), 0): Tapped on element 'Object Repository/Daftar Jual Saya/android.widget.LinearLayout - Tab Produk'

2023-07-03 18:59:02 - [MESSAGE][WARNING] - Timeout '0' is invalid. Using default page load timeout: '30'

2023-07-03 18:59:03 - [MESSAGE][PASSED] - Tapped on element 'Object Repository/Daftar Jual Saya/android.widget.LinearLayout - Tab Produk'

2023-07-03 18:59:03 - [MESSAGE][PASSED] - Call Test Case 'Test Cases/Pages/Daftar Jual Saya/Tap Tab Produk' successfully

2023-07-03 18:59:03 - [TEST_STEP][PASSED] - callTestCase(findTestCase("Pages/Edit Product/Verify Product Card Exist"), [:], STOP_ON_FAILURE): Call Test Case 'Test Cases/Pages/Edit Product/Verify Product Card Exist' successfully

2023-07-03 18:59:03 - [TEST_CASE][PASSED] - Test Cases/Pages/Edit Product/Verify Product Card Exist: Test Cases/Pages/Edit Product/Verify Product Card Exist

2023-07-03 18:59:03 - [TEST_STEP][PASSED] - waitForElementPresent(findTestObject("Daftar Jual Saya/androidx.cardview.widget.CardView - First Product Card"), 30): Element 'Object Repository/Daftar Jual Saya/androidx.cardview.widget.CardView - First Product Card' is present

2023-07-03 18:59:04 - [MESSAGE][PASSED] - Element 'Object Repository/Daftar Jual Saya/androidx.cardview.widget.CardView - First Product Card' is present

2023-07-03 18:59:04 - [TEST_STEP][PASSED] - verifyElementVisible(findTestObject("Daftar Jual Saya/androidx.cardview.widget.CardView - First Product Card"), 0): Element 'Object Repository/Daftar Jual Saya/androidx.cardview.widget.CardView - First Product Card' is visible

2023-07-03 18:59:04 - [MESSAGE][WARNING] - Timeout '0' is invalid. Using default page load timeout: '30'

2023-07-03 18:59:04 - [MESSAGE][PASSED] - Element 'Object Repository/Daftar Jual Saya/androidx.cardview.widget.CardView - First Product Card' is visible

2023-07-03 18:59:04 - [TEST_STEP][PASSED] - verifyNotMatch(getText(findTestObject("Daftar Jual Saya/android.widget.TextView - Product Name"), 0), "", false): Actual text 'Baju Keren' and expected text '' are not matched 

2023-07-03 18:59:05 - [MESSAGE][WARNING] - Timeout '0' is invalid. Using default page load timeout: '30'

2023-07-03 18:59:05 - [MESSAGE][PASSED] - Text of element 'Object Repository/Daftar Jual Saya/android.widget.TextView - Product Name' is: 'Baju Keren'

2023-07-03 18:59:05 - [MESSAGE][PASSED] - Actual text 'Baju Keren' and expected text '' are not matched 

2023-07-03 18:59:05 - [MESSAGE][PASSED] - Call Test Case 'Test Cases/Pages/Edit Product/Verify Product Card Exist' successfully

2023-07-03 18:59:05 - [TEST_STEP][PASSED] - callTestCase(findTestCase("Pages/Edit Product/Tap Produk"), [:], STOP_ON_FAILURE): Call Test Case 'Test Cases/Pages/Edit Product/Tap Produk' successfully

2023-07-03 18:59:05 - [TEST_CASE][PASSED] - Test Cases/Pages/Edit Product/Tap Produk: Test Cases/Pages/Edit Product/Tap Produk

2023-07-03 18:59:05 - [TEST_STEP][PASSED] - tap(findTestObject("Daftar Jual Saya/androidx.cardview.widget.CardView - First Product Card"), 0): Tapped on element 'Object Repository/Daftar Jual Saya/androidx.cardview.widget.CardView - First Product Card'

2023-07-03 18:59:05 - [MESSAGE][WARNING] - Timeout '0' is invalid. Using default page load timeout: '30'

2023-07-03 18:59:06 - [MESSAGE][PASSED] - Tapped on element 'Object Repository/Daftar Jual Saya/androidx.cardview.widget.CardView - First Product Card'

2023-07-03 18:59:06 - [MESSAGE][PASSED] - Call Test Case 'Test Cases/Pages/Edit Product/Tap Produk' successfully

2023-07-03 18:59:06 - [TEST_STEP][PASSED] - callTestCase(findTestCase("Pages/Edit Product/Edit Nama Produk"), ["namaProduk":""], STOP_ON_FAILURE): Call Test Case 'Test Cases/Pages/Edit Product/Edit Nama Produk' successfully

2023-07-03 18:59:07 - [TEST_CASE][PASSED] - Test Cases/Pages/Edit Product/Edit Nama Produk: Test Cases/Pages/Edit Product/Edit Nama Produk

2023-07-03 18:59:07 - [TEST_STEP][PASSED] - setText(findTestObject("Add Product/android.widget.EditText - Nama Produk"), namaProduk, 0): Text '' has been set to element 'Object Repository/Add Product/android.widget.EditText - Nama Produk'

2023-07-03 18:59:07 - [MESSAGE][WARNING] - Timeout '0' is invalid. Using default page load timeout: '30'

2023-07-03 18:59:08 - [MESSAGE][PASSED] - Text '' has been set to element 'Object Repository/Add Product/android.widget.EditText - Nama Produk'

2023-07-03 18:59:08 - [MESSAGE][PASSED] - Call Test Case 'Test Cases/Pages/Edit Product/Edit Nama Produk' successfully

2023-07-03 18:59:08 - [TEST_STEP][PASSED] - callTestCase(findTestCase("Pages/Edit Product/Edit Harga Produk"), ["hargaProduk":"300000"], STOP_ON_FAILURE): Call Test Case 'Test Cases/Pages/Edit Product/Edit Harga Produk' successfully

2023-07-03 18:59:08 - [TEST_CASE][PASSED] - Test Cases/Pages/Edit Product/Edit Harga Produk: Test Cases/Pages/Edit Product/Edit Harga Produk

2023-07-03 18:59:09 - [TEST_STEP][PASSED] - setText(findTestObject("Add Product/android.widget.EditText - Harga Produk"), hargaProduk, 0): Text '300000' has been set to element 'Object Repository/Add Product/android.widget.EditText - Harga Produk'

2023-07-03 18:59:09 - [MESSAGE][WARNING] - Timeout '0' is invalid. Using default page load timeout: '30'

2023-07-03 18:59:11 - [MESSAGE][PASSED] - Text '300000' has been set to element 'Object Repository/Add Product/android.widget.EditText - Harga Produk'

2023-07-03 18:59:11 - [MESSAGE][PASSED] - Call Test Case 'Test Cases/Pages/Edit Product/Edit Harga Produk' successfully

2023-07-03 18:59:11 - [TEST_STEP][PASSED] - callTestCase(findTestCase("Pages/Edit Product/Edit Kategori Produk"), ["kategoriProduk":"Kesehatan"], STOP_ON_FAILURE): Call Test Case 'Test Cases/Pages/Edit Product/Edit Kategori Produk' successfully

2023-07-03 18:59:11 - [TEST_CASE][PASSED] - Test Cases/Pages/Edit Product/Edit Kategori Produk: Test Cases/Pages/Edit Product/Edit Kategori Produk

2023-07-03 18:59:11 - [TEST_STEP][PASSED] - tap(findTestObject("Add Product/android.view.View - Remove Kategori"), 0): Tapped on element 'Object Repository/Add Product/android.view.View - Remove Kategori'

2023-07-03 18:59:11 - [MESSAGE][WARNING] - Timeout '0' is invalid. Using default page load timeout: '30'

2023-07-03 18:59:13 - [MESSAGE][PASSED] - Tapped on element 'Object Repository/Add Product/android.view.View - Remove Kategori'

2023-07-03 18:59:13 - [TEST_STEP][PASSED] - tap(findTestObject("Add Product/android.widget.Spinner - Pilih Kategori"), 0): Tapped on element 'Object Repository/Add Product/android.widget.Spinner - Pilih Kategori'

2023-07-03 18:59:13 - [MESSAGE][WARNING] - Timeout '0' is invalid. Using default page load timeout: '30'

2023-07-03 18:59:14 - [MESSAGE][PASSED] - Tapped on element 'Object Repository/Add Product/android.widget.Spinner - Pilih Kategori'

2023-07-03 18:59:14 - [TEST_STEP][PASSED] - sendKeys(findTestObject("Add Product/android.widget.Spinner - Pilih Kategori"), kategoriProduk): Send keys 'Kesehatan' on test object 'Object Repository/Add Product/android.widget.Spinner - Pilih Kategori' successfully.

2023-07-03 18:59:15 - [MESSAGE][PASSED] - Send keys 'Kesehatan' on test object 'Object Repository/Add Product/android.widget.Spinner - Pilih Kategori' successfully.

2023-07-03 18:59:15 - [TEST_STEP][PASSED] - tap(findTestObject("Add Product/Pilih Kategori Pertama"), 0): Tapped on element 'Object Repository/Add Product/Pilih Kategori Pertama'

2023-07-03 18:59:15 - [MESSAGE][WARNING] - Timeout '0' is invalid. Using default page load timeout: '30'

2023-07-03 18:59:17 - [MESSAGE][PASSED] - Tapped on element 'Object Repository/Add Product/Pilih Kategori Pertama'

2023-07-03 18:59:17 - [MESSAGE][PASSED] - Call Test Case 'Test Cases/Pages/Edit Product/Edit Kategori Produk' successfully

2023-07-03 18:59:17 - [TEST_STEP][PASSED] - callTestCase(findTestCase("Pages/Edit Product/Edit Deskripsi Produk"), ["deskripsiProduk":"Baju bagus"], STOP_ON_FAILURE): Call Test Case 'Test Cases/Pages/Edit Product/Edit Deskripsi Produk' successfully

2023-07-03 18:59:17 - [TEST_CASE][PASSED] - Test Cases/Pages/Edit Product/Edit Deskripsi Produk: Test Cases/Pages/Edit Product/Edit Deskripsi Produk

2023-07-03 18:59:17 - [TEST_STEP][PASSED] - setText(findTestObject("Add Product/android.widget.EditText - Deskripsi Produk"), deskripsiProduk, 0): Text 'Baju bagus' has been set to element 'Object Repository/Add Product/android.widget.EditText - Deskripsi Produk'

2023-07-03 18:59:17 - [MESSAGE][WARNING] - Timeout '0' is invalid. Using default page load timeout: '30'

2023-07-03 18:59:19 - [MESSAGE][PASSED] - Text 'Baju bagus' has been set to element 'Object Repository/Add Product/android.widget.EditText - Deskripsi Produk'

2023-07-03 18:59:19 - [MESSAGE][PASSED] - Call Test Case 'Test Cases/Pages/Edit Product/Edit Deskripsi Produk' successfully

2023-07-03 18:59:19 - [TEST_STEP][PASSED] - callTestCase(findTestCase("Pages/Edit Product/Edit Lokasi Produk"), ["lokasiProduk":"Jakarta"], STOP_ON_FAILURE): Call Test Case 'Test Cases/Pages/Edit Product/Edit Lokasi Produk' successfully

2023-07-03 18:59:19 - [TEST_CASE][PASSED] - Test Cases/Pages/Edit Product/Edit Lokasi Produk: Test Cases/Pages/Edit Product/Edit Lokasi Produk

2023-07-03 18:59:20 - [TEST_STEP][PASSED] - setText(findTestObject("Add Product/android.widget.EditText - Lokasi Produk"), lokasiProduk, 0): Text 'Jakarta' has been set to element 'Object Repository/Add Product/android.widget.EditText - Lokasi Produk'

2023-07-03 18:59:20 - [MESSAGE][WARNING] - Timeout '0' is invalid. Using default page load timeout: '30'

2023-07-03 18:59:22 - [MESSAGE][PASSED] - Text 'Jakarta' has been set to element 'Object Repository/Add Product/android.widget.EditText - Lokasi Produk'

2023-07-03 18:59:22 - [MESSAGE][PASSED] - Call Test Case 'Test Cases/Pages/Edit Product/Edit Lokasi Produk' successfully

2023-07-03 18:59:22 - [TEST_STEP][PASSED] - callTestCase(findTestCase("Pages/Edit Product/Tap Terbitkan Button"), [:], STOP_ON_FAILURE): Call Test Case 'Test Cases/Pages/Edit Product/Tap Terbitkan Button' successfully

2023-07-03 18:59:22 - [TEST_CASE][PASSED] - Test Cases/Pages/Edit Product/Tap Terbitkan Button: Test Cases/Pages/Edit Product/Tap Terbitkan Button

2023-07-03 18:59:22 - [TEST_STEP][PASSED] - tap(findTestObject("Add Product/android.widget.Button - Terbitkan"), 0): Tapped on element 'Object Repository/Add Product/android.widget.Button - Terbitkan'

2023-07-03 18:59:22 - [MESSAGE][WARNING] - Timeout '0' is invalid. Using default page load timeout: '30'

2023-07-03 18:59:23 - [MESSAGE][PASSED] - Tapped on element 'Object Repository/Add Product/android.widget.Button - Terbitkan'

2023-07-03 18:59:23 - [MESSAGE][PASSED] - Call Test Case 'Test Cases/Pages/Edit Product/Tap Terbitkan Button' successfully

2023-07-03 18:59:23 - [TEST_STEP][PASSED] - callTestCase(findTestCase("Pages/Edit Product/Verify Error Message - Nama Produk"), [:], STOP_ON_FAILURE): Call Test Case 'Test Cases/Pages/Edit Product/Verify Error Message - Nama Produk' successfully

2023-07-03 18:59:23 - [TEST_CASE][PASSED] - Test Cases/Pages/Edit Product/Verify Error Message - Nama Produk: Test Cases/Pages/Edit Product/Verify Error Message - Nama Produk

2023-07-03 18:59:23 - [TEST_STEP][PASSED] - verifyElementVisible(findTestObject("Add Product/android.widget.TextView - Text Error Empty Input"), 0): Element 'Object Repository/Add Product/android.widget.TextView - Text Error Empty Input' is visible

2023-07-03 18:59:23 - [MESSAGE][WARNING] - Timeout '0' is invalid. Using default page load timeout: '30'

2023-07-03 18:59:24 - [MESSAGE][PASSED] - Element 'Object Repository/Add Product/android.widget.TextView - Text Error Empty Input' is visible

2023-07-03 18:59:24 - [TEST_STEP][PASSED] - verifyMatch(getText(findTestObject("Add Product/android.widget.TextView - Text Error Empty Input"), 0), "Nama produk tidak boleh kosong", false): Actual text 'Nama produk tidak boleh kosong' and expected text 'Nama produk tidak boleh kosong' are matched 

2023-07-03 18:59:24 - [MESSAGE][WARNING] - Timeout '0' is invalid. Using default page load timeout: '30'

2023-07-03 18:59:24 - [MESSAGE][PASSED] - Text of element 'Object Repository/Add Product/android.widget.TextView - Text Error Empty Input' is: 'Nama produk tidak boleh kosong'

2023-07-03 18:59:24 - [MESSAGE][PASSED] - Actual text 'Nama produk tidak boleh kosong' and expected text 'Nama produk tidak boleh kosong' are matched 

2023-07-03 18:59:24 - [MESSAGE][PASSED] - Call Test Case 'Test Cases/Pages/Edit Product/Verify Error Message - Nama Produk' successfully

2023-07-03 18:59:24 - [TEST_STEP][PASSED] - Start listener action : afterTestCase: Close app successfully

2023-07-03 18:59:24 - [TEST_STEP][PASSED] - logInfo("Test Case: " + testCaseContext.getTestCaseId() + " | Status: " + testCaseContext.getTestCaseStatus()): Test Case: Test Cases/Step Definition/Feature Edit Product/EPD02 - Edit Product with Empty Nama Produk | Status: PASSED

2023-07-03 18:59:24 - [MESSAGE][INFO] - Test Case: Test Cases/Step Definition/Feature Edit Product/EPD02 - Edit Product with Empty Nama Produk | Status: PASSED

2023-07-03 18:59:24 - [TEST_STEP][PASSED] - closeApplication(): Close app successfully

2023-07-03 18:59:25 - [MESSAGE][PASSED] - Close app successfully]]></system-out>
         <system-err><![CDATA[]]></system-err>
      </testcase>
      <testcase name="Test Cases/Step Definition/Feature Edit Product/EPD03 - Edit Product with Empty Harga Produk" time="35.842" classname="Test Cases/Step Definition/Feature Edit Product/EPD03 - Edit Product with Empty Harga Produk" status="PASSED">
         <system-out><![CDATA[2023-07-03 18:59:25 - [TEST_CASE][PASSED] - Test Cases/Step Definition/Feature Edit Product/EPD03 - Edit Product with Empty Harga Produk: Test Cases/Step Definition/Feature Edit Product/EPD03 - Edit Product with Empty Harga Produk

2023-07-03 18:59:25 - [TEST_STEP][PASSED] - Start listener action : beforeTestCase: Started app at: 'E:\GitRepo\Katalon\binarqa-group1-app\Apk\app-release-second-hand-gcp.apk'

2023-07-03 18:59:25 - [TEST_STEP][PASSED] - logInfo("Test Case: " + testCaseContext.getTestCaseId()): Test Case: Test Cases/Step Definition/Feature Edit Product/EPD03 - Edit Product with Empty Harga Produk

2023-07-03 18:59:25 - [MESSAGE][INFO] - Test Case: Test Cases/Step Definition/Feature Edit Product/EPD03 - Edit Product with Empty Harga Produk

2023-07-03 18:59:25 - [TEST_STEP][PASSED] - launchApp(): null

2023-07-03 18:59:25 - [TEST_STEP][PASSED] - startApplication(System.getProperty("user.dir") + "\Apk\app-release-second-hand-gcp.apk", false): Started app at: 'E:\GitRepo\Katalon\binarqa-group1-app\Apk\app-release-second-hand-gcp.apk'

2023-07-03 18:59:25 - [MESSAGE][INFO] - User set preference: ['appWaitActivity', '*']

2023-07-03 18:59:25 - [MESSAGE][INFO] - User set preference: ['appWaitforLaunch', 'false']

2023-07-03 18:59:25 - [MESSAGE][INFO] - User set preference: ['noReset', 'true']

2023-07-03 18:59:25 - [MESSAGE][INFO] - User set preference: ['ignoreHiddenApiPolicyError', 'true']

2023-07-03 18:59:25 - [MESSAGE][INFO] - User set preference: ['deviceId', '']

2023-07-03 18:59:25 - [MESSAGE][INFO] - Detected NodeJS location: "C:\Program Files\nodejs\node.exe"

2023-07-03 18:59:26 - [MESSAGE][INFO] - Appium server started on port 51,086

2023-07-03 18:59:35 - [MESSAGE][PASSED] - Started app at: 'E:\GitRepo\Katalon\binarqa-group1-app\Apk\app-release-second-hand-gcp.apk'

2023-07-03 18:59:35 - [TEST_STEP][PASSED] - try: Call Test Case 'Test Cases/Pages/Homepage/Verify Already Logged In' successfully

2023-07-03 18:59:35 - [TEST_STEP][PASSED] - callTestCase(findTestCase("Pages/Homepage/Verify Already Logged In"), [:], STOP_ON_FAILURE): Call Test Case 'Test Cases/Pages/Homepage/Verify Already Logged In' successfully

2023-07-03 18:59:35 - [TEST_CASE][PASSED] - Test Cases/Pages/Homepage/Verify Already Logged In: Test Cases/Pages/Homepage/Verify Already Logged In

2023-07-03 18:59:35 - [TEST_STEP][PASSED] - tap(findTestObject("Navbar/android.widget.FrameLayout - Navbar Akun"), 0): Tapped on element 'Object Repository/Navbar/android.widget.FrameLayout - Navbar Akun'

2023-07-03 18:59:35 - [MESSAGE][WARNING] - Timeout '0' is invalid. Using default page load timeout: '30'

2023-07-03 18:59:38 - [MESSAGE][PASSED] - Tapped on element 'Object Repository/Navbar/android.widget.FrameLayout - Navbar Akun'

2023-07-03 18:59:38 - [TEST_STEP][PASSED] - verifyElementVisible(findTestObject("Akun/android.widget.ImageView - Profile Photo"), 1): Element 'Object Repository/Akun/android.widget.ImageView - Profile Photo' is visible

2023-07-03 18:59:38 - [MESSAGE][PASSED] - Element 'Object Repository/Akun/android.widget.ImageView - Profile Photo' is visible

2023-07-03 18:59:38 - [TEST_STEP][PASSED] - verifyElementVisible(findTestObject("Akun/android.widget.TextView - Email"), 1): Element 'Object Repository/Akun/android.widget.TextView - Email' is visible

2023-07-03 18:59:38 - [MESSAGE][PASSED] - Element 'Object Repository/Akun/android.widget.TextView - Email' is visible

2023-07-03 18:59:38 - [TEST_STEP][PASSED] - verifyElementVisible(findTestObject("Akun/android.widget.TextView - Nama"), 1): Element 'Object Repository/Akun/android.widget.TextView - Nama' is visible

2023-07-03 18:59:38 - [MESSAGE][PASSED] - Element 'Object Repository/Akun/android.widget.TextView - Nama' is visible

2023-07-03 18:59:38 - [TEST_STEP][PASSED] - verifyElementVisible(findTestObject("Akun/android.widget.TextView - Nomor HP"), 1): Element 'Object Repository/Akun/android.widget.TextView - Nomor HP' is visible

2023-07-03 18:59:39 - [MESSAGE][PASSED] - Element 'Object Repository/Akun/android.widget.TextView - Nomor HP' is visible

2023-07-03 18:59:39 - [TEST_STEP][PASSED] - verifyElementVisible(findTestObject("Akun/android.widget.ImageView - Profile Photo"), 1): Element 'Object Repository/Akun/android.widget.ImageView - Profile Photo' is visible

2023-07-03 18:59:39 - [MESSAGE][PASSED] - Element 'Object Repository/Akun/android.widget.ImageView - Profile Photo' is visible

2023-07-03 18:59:39 - [TEST_STEP][PASSED] - verifyElementVisible(findTestObject("Akun/android.view.ViewGroup - Logout"), 1): Element 'Object Repository/Akun/android.view.ViewGroup - Logout' is visible

2023-07-03 18:59:39 - [MESSAGE][PASSED] - Element 'Object Repository/Akun/android.view.ViewGroup - Logout' is visible

2023-07-03 18:59:39 - [TEST_STEP][PASSED] - pressBack(): Press back button successfully

2023-07-03 18:59:40 - [MESSAGE][PASSED] - Press back button successfully

2023-07-03 18:59:40 - [MESSAGE][PASSED] - Call Test Case 'Test Cases/Pages/Homepage/Verify Already Logged In' successfully

2023-07-03 18:59:40 - [TEST_STEP][PASSED] - callTestCase(findTestCase("Pages/Navbar/Tap Akun"), [:], STOP_ON_FAILURE): Call Test Case 'Test Cases/Pages/Navbar/Tap Akun' successfully

2023-07-03 18:59:40 - [TEST_CASE][PASSED] - Test Cases/Pages/Navbar/Tap Akun: Test Cases/Pages/Navbar/Tap Akun

2023-07-03 18:59:40 - [TEST_STEP][PASSED] - tap(findTestObject("Navbar/android.widget.FrameLayout - Navbar Akun"), 0): Tapped on element 'Object Repository/Navbar/android.widget.FrameLayout - Navbar Akun'

2023-07-03 18:59:40 - [MESSAGE][WARNING] - Timeout '0' is invalid. Using default page load timeout: '30'

2023-07-03 18:59:40 - [MESSAGE][PASSED] - Tapped on element 'Object Repository/Navbar/android.widget.FrameLayout - Navbar Akun'

2023-07-03 18:59:40 - [MESSAGE][PASSED] - Call Test Case 'Test Cases/Pages/Navbar/Tap Akun' successfully

2023-07-03 18:59:40 - [TEST_STEP][PASSED] - callTestCase(findTestCase("Pages/Akun/Tap Daftar Jual Saya"), [:], STOP_ON_FAILURE): Call Test Case 'Test Cases/Pages/Akun/Tap Daftar Jual Saya' successfully

2023-07-03 18:59:41 - [TEST_CASE][PASSED] - Test Cases/Pages/Akun/Tap Daftar Jual Saya: Test Cases/Pages/Akun/Tap Daftar Jual Saya

2023-07-03 18:59:41 - [TEST_STEP][PASSED] - tap(findTestObject("Akun/android.view.ViewGroup - Daftar Jual Saya"), 0): Tapped on element 'Object Repository/Akun/android.view.ViewGroup - Daftar Jual Saya'

2023-07-03 18:59:41 - [MESSAGE][WARNING] - Timeout '0' is invalid. Using default page load timeout: '30'

2023-07-03 18:59:42 - [MESSAGE][PASSED] - Tapped on element 'Object Repository/Akun/android.view.ViewGroup - Daftar Jual Saya'

2023-07-03 18:59:42 - [MESSAGE][PASSED] - Call Test Case 'Test Cases/Pages/Akun/Tap Daftar Jual Saya' successfully

2023-07-03 18:59:42 - [TEST_STEP][PASSED] - callTestCase(findTestCase("Pages/Daftar Jual Saya/Tap Tab Produk"), [:], STOP_ON_FAILURE): Call Test Case 'Test Cases/Pages/Daftar Jual Saya/Tap Tab Produk' successfully

2023-07-03 18:59:42 - [TEST_CASE][PASSED] - Test Cases/Pages/Daftar Jual Saya/Tap Tab Produk: Test Cases/Pages/Daftar Jual Saya/Tap Tab Produk

2023-07-03 18:59:42 - [TEST_STEP][PASSED] - tap(findTestObject("Daftar Jual Saya/android.widget.LinearLayout - Tab Produk"), 0): Tapped on element 'Object Repository/Daftar Jual Saya/android.widget.LinearLayout - Tab Produk'

2023-07-03 18:59:42 - [MESSAGE][WARNING] - Timeout '0' is invalid. Using default page load timeout: '30'

2023-07-03 18:59:43 - [MESSAGE][PASSED] - Tapped on element 'Object Repository/Daftar Jual Saya/android.widget.LinearLayout - Tab Produk'

2023-07-03 18:59:43 - [MESSAGE][PASSED] - Call Test Case 'Test Cases/Pages/Daftar Jual Saya/Tap Tab Produk' successfully

2023-07-03 18:59:43 - [TEST_STEP][PASSED] - callTestCase(findTestCase("Pages/Edit Product/Verify Product Card Exist"), [:], STOP_ON_FAILURE): Call Test Case 'Test Cases/Pages/Edit Product/Verify Product Card Exist' successfully

2023-07-03 18:59:43 - [TEST_CASE][PASSED] - Test Cases/Pages/Edit Product/Verify Product Card Exist: Test Cases/Pages/Edit Product/Verify Product Card Exist

2023-07-03 18:59:43 - [TEST_STEP][PASSED] - waitForElementPresent(findTestObject("Daftar Jual Saya/androidx.cardview.widget.CardView - First Product Card"), 30): Element 'Object Repository/Daftar Jual Saya/androidx.cardview.widget.CardView - First Product Card' is present

2023-07-03 18:59:44 - [MESSAGE][PASSED] - Element 'Object Repository/Daftar Jual Saya/androidx.cardview.widget.CardView - First Product Card' is present

2023-07-03 18:59:44 - [TEST_STEP][PASSED] - verifyElementVisible(findTestObject("Daftar Jual Saya/androidx.cardview.widget.CardView - First Product Card"), 0): Element 'Object Repository/Daftar Jual Saya/androidx.cardview.widget.CardView - First Product Card' is visible

2023-07-03 18:59:44 - [MESSAGE][WARNING] - Timeout '0' is invalid. Using default page load timeout: '30'

2023-07-03 18:59:44 - [MESSAGE][PASSED] - Element 'Object Repository/Daftar Jual Saya/androidx.cardview.widget.CardView - First Product Card' is visible

2023-07-03 18:59:44 - [TEST_STEP][PASSED] - verifyNotMatch(getText(findTestObject("Daftar Jual Saya/android.widget.TextView - Product Name"), 0), "", false): Actual text 'Baju Keren' and expected text '' are not matched 

2023-07-03 18:59:44 - [MESSAGE][WARNING] - Timeout '0' is invalid. Using default page load timeout: '30'

2023-07-03 18:59:44 - [MESSAGE][PASSED] - Text of element 'Object Repository/Daftar Jual Saya/android.widget.TextView - Product Name' is: 'Baju Keren'

2023-07-03 18:59:44 - [MESSAGE][PASSED] - Actual text 'Baju Keren' and expected text '' are not matched 

2023-07-03 18:59:44 - [MESSAGE][PASSED] - Call Test Case 'Test Cases/Pages/Edit Product/Verify Product Card Exist' successfully

2023-07-03 18:59:44 - [TEST_STEP][PASSED] - callTestCase(findTestCase("Pages/Edit Product/Tap Produk"), [:], STOP_ON_FAILURE): Call Test Case 'Test Cases/Pages/Edit Product/Tap Produk' successfully

2023-07-03 18:59:44 - [TEST_CASE][PASSED] - Test Cases/Pages/Edit Product/Tap Produk: Test Cases/Pages/Edit Product/Tap Produk

2023-07-03 18:59:44 - [TEST_STEP][PASSED] - tap(findTestObject("Daftar Jual Saya/androidx.cardview.widget.CardView - First Product Card"), 0): Tapped on element 'Object Repository/Daftar Jual Saya/androidx.cardview.widget.CardView - First Product Card'

2023-07-03 18:59:44 - [MESSAGE][WARNING] - Timeout '0' is invalid. Using default page load timeout: '30'

2023-07-03 18:59:46 - [MESSAGE][PASSED] - Tapped on element 'Object Repository/Daftar Jual Saya/androidx.cardview.widget.CardView - First Product Card'

2023-07-03 18:59:46 - [MESSAGE][PASSED] - Call Test Case 'Test Cases/Pages/Edit Product/Tap Produk' successfully

2023-07-03 18:59:46 - [TEST_STEP][PASSED] - callTestCase(findTestCase("Pages/Edit Product/Edit Nama Produk"), ["namaProduk":"Produkku"], STOP_ON_FAILURE): Call Test Case 'Test Cases/Pages/Edit Product/Edit Nama Produk' successfully

2023-07-03 18:59:46 - [TEST_CASE][PASSED] - Test Cases/Pages/Edit Product/Edit Nama Produk: Test Cases/Pages/Edit Product/Edit Nama Produk

2023-07-03 18:59:46 - [TEST_STEP][PASSED] - setText(findTestObject("Add Product/android.widget.EditText - Nama Produk"), namaProduk, 0): Text 'Produkku' has been set to element 'Object Repository/Add Product/android.widget.EditText - Nama Produk'

2023-07-03 18:59:46 - [MESSAGE][WARNING] - Timeout '0' is invalid. Using default page load timeout: '30'

2023-07-03 18:59:47 - [MESSAGE][PASSED] - Text 'Produkku' has been set to element 'Object Repository/Add Product/android.widget.EditText - Nama Produk'

2023-07-03 18:59:47 - [MESSAGE][PASSED] - Call Test Case 'Test Cases/Pages/Edit Product/Edit Nama Produk' successfully

2023-07-03 18:59:47 - [TEST_STEP][PASSED] - callTestCase(findTestCase("Pages/Edit Product/Edit Harga Produk"), ["hargaProduk":""], STOP_ON_FAILURE): Call Test Case 'Test Cases/Pages/Edit Product/Edit Harga Produk' successfully

2023-07-03 18:59:47 - [TEST_CASE][PASSED] - Test Cases/Pages/Edit Product/Edit Harga Produk: Test Cases/Pages/Edit Product/Edit Harga Produk

2023-07-03 18:59:47 - [TEST_STEP][PASSED] - setText(findTestObject("Add Product/android.widget.EditText - Harga Produk"), hargaProduk, 0): Text '' has been set to element 'Object Repository/Add Product/android.widget.EditText - Harga Produk'

2023-07-03 18:59:47 - [MESSAGE][WARNING] - Timeout '0' is invalid. Using default page load timeout: '30'

2023-07-03 18:59:50 - [MESSAGE][PASSED] - Text '' has been set to element 'Object Repository/Add Product/android.widget.EditText - Harga Produk'

2023-07-03 18:59:50 - [MESSAGE][PASSED] - Call Test Case 'Test Cases/Pages/Edit Product/Edit Harga Produk' successfully

2023-07-03 18:59:50 - [TEST_STEP][PASSED] - callTestCase(findTestCase("Pages/Edit Product/Edit Kategori Produk"), ["kategoriProduk":"Kesehatan"], STOP_ON_FAILURE): Call Test Case 'Test Cases/Pages/Edit Product/Edit Kategori Produk' successfully

2023-07-03 18:59:50 - [TEST_CASE][PASSED] - Test Cases/Pages/Edit Product/Edit Kategori Produk: Test Cases/Pages/Edit Product/Edit Kategori Produk

2023-07-03 18:59:50 - [TEST_STEP][PASSED] - tap(findTestObject("Add Product/android.view.View - Remove Kategori"), 0): Tapped on element 'Object Repository/Add Product/android.view.View - Remove Kategori'

2023-07-03 18:59:50 - [MESSAGE][WARNING] - Timeout '0' is invalid. Using default page load timeout: '30'

2023-07-03 18:59:51 - [MESSAGE][PASSED] - Tapped on element 'Object Repository/Add Product/android.view.View - Remove Kategori'

2023-07-03 18:59:51 - [TEST_STEP][PASSED] - tap(findTestObject("Add Product/android.widget.Spinner - Pilih Kategori"), 0): Tapped on element 'Object Repository/Add Product/android.widget.Spinner - Pilih Kategori'

2023-07-03 18:59:51 - [MESSAGE][WARNING] - Timeout '0' is invalid. Using default page load timeout: '30'

2023-07-03 18:59:51 - [MESSAGE][PASSED] - Tapped on element 'Object Repository/Add Product/android.widget.Spinner - Pilih Kategori'

2023-07-03 18:59:51 - [TEST_STEP][PASSED] - sendKeys(findTestObject("Add Product/android.widget.Spinner - Pilih Kategori"), kategoriProduk): Send keys 'Kesehatan' on test object 'Object Repository/Add Product/android.widget.Spinner - Pilih Kategori' successfully.

2023-07-03 18:59:53 - [MESSAGE][PASSED] - Send keys 'Kesehatan' on test object 'Object Repository/Add Product/android.widget.Spinner - Pilih Kategori' successfully.

2023-07-03 18:59:53 - [TEST_STEP][PASSED] - tap(findTestObject("Add Product/Pilih Kategori Pertama"), 0): Tapped on element 'Object Repository/Add Product/Pilih Kategori Pertama'

2023-07-03 18:59:53 - [MESSAGE][WARNING] - Timeout '0' is invalid. Using default page load timeout: '30'

2023-07-03 18:59:54 - [MESSAGE][PASSED] - Tapped on element 'Object Repository/Add Product/Pilih Kategori Pertama'

2023-07-03 18:59:54 - [MESSAGE][PASSED] - Call Test Case 'Test Cases/Pages/Edit Product/Edit Kategori Produk' successfully

2023-07-03 18:59:54 - [TEST_STEP][PASSED] - callTestCase(findTestCase("Pages/Edit Product/Edit Deskripsi Produk"), ["deskripsiProduk":"Baju bagus"], STOP_ON_FAILURE): Call Test Case 'Test Cases/Pages/Edit Product/Edit Deskripsi Produk' successfully

2023-07-03 18:59:55 - [TEST_CASE][PASSED] - Test Cases/Pages/Edit Product/Edit Deskripsi Produk: Test Cases/Pages/Edit Product/Edit Deskripsi Produk

2023-07-03 18:59:55 - [TEST_STEP][PASSED] - setText(findTestObject("Add Product/android.widget.EditText - Deskripsi Produk"), deskripsiProduk, 0): Text 'Baju bagus' has been set to element 'Object Repository/Add Product/android.widget.EditText - Deskripsi Produk'

2023-07-03 18:59:55 - [MESSAGE][WARNING] - Timeout '0' is invalid. Using default page load timeout: '30'

2023-07-03 18:59:56 - [MESSAGE][PASSED] - Text 'Baju bagus' has been set to element 'Object Repository/Add Product/android.widget.EditText - Deskripsi Produk'

2023-07-03 18:59:56 - [MESSAGE][PASSED] - Call Test Case 'Test Cases/Pages/Edit Product/Edit Deskripsi Produk' successfully

2023-07-03 18:59:56 - [TEST_STEP][PASSED] - callTestCase(findTestCase("Pages/Edit Product/Edit Lokasi Produk"), ["lokasiProduk":"Jakarta"], STOP_ON_FAILURE): Call Test Case 'Test Cases/Pages/Edit Product/Edit Lokasi Produk' successfully

2023-07-03 18:59:56 - [TEST_CASE][PASSED] - Test Cases/Pages/Edit Product/Edit Lokasi Produk: Test Cases/Pages/Edit Product/Edit Lokasi Produk

2023-07-03 18:59:56 - [TEST_STEP][PASSED] - setText(findTestObject("Add Product/android.widget.EditText - Lokasi Produk"), lokasiProduk, 0): Text 'Jakarta' has been set to element 'Object Repository/Add Product/android.widget.EditText - Lokasi Produk'

2023-07-03 18:59:56 - [MESSAGE][WARNING] - Timeout '0' is invalid. Using default page load timeout: '30'

2023-07-03 18:59:58 - [MESSAGE][PASSED] - Text 'Jakarta' has been set to element 'Object Repository/Add Product/android.widget.EditText - Lokasi Produk'

2023-07-03 18:59:58 - [MESSAGE][PASSED] - Call Test Case 'Test Cases/Pages/Edit Product/Edit Lokasi Produk' successfully

2023-07-03 18:59:58 - [TEST_STEP][PASSED] - callTestCase(findTestCase("Pages/Edit Product/Tap Terbitkan Button"), [:], STOP_ON_FAILURE): Call Test Case 'Test Cases/Pages/Edit Product/Tap Terbitkan Button' successfully

2023-07-03 18:59:58 - [TEST_CASE][PASSED] - Test Cases/Pages/Edit Product/Tap Terbitkan Button: Test Cases/Pages/Edit Product/Tap Terbitkan Button

2023-07-03 18:59:58 - [TEST_STEP][PASSED] - tap(findTestObject("Add Product/android.widget.Button - Terbitkan"), 0): Tapped on element 'Object Repository/Add Product/android.widget.Button - Terbitkan'

2023-07-03 18:59:58 - [MESSAGE][WARNING] - Timeout '0' is invalid. Using default page load timeout: '30'

2023-07-03 18:59:59 - [MESSAGE][PASSED] - Tapped on element 'Object Repository/Add Product/android.widget.Button - Terbitkan'

2023-07-03 18:59:59 - [MESSAGE][PASSED] - Call Test Case 'Test Cases/Pages/Edit Product/Tap Terbitkan Button' successfully

2023-07-03 18:59:59 - [TEST_STEP][PASSED] - callTestCase(findTestCase("Pages/Edit Product/Verify Error Message - Harga Produk"), [:], STOP_ON_FAILURE): Call Test Case 'Test Cases/Pages/Edit Product/Verify Error Message - Harga Produk' successfully

2023-07-03 18:59:59 - [TEST_CASE][PASSED] - Test Cases/Pages/Edit Product/Verify Error Message - Harga Produk: Test Cases/Pages/Edit Product/Verify Error Message - Harga Produk

2023-07-03 18:59:59 - [TEST_STEP][PASSED] - verifyElementVisible(findTestObject("Add Product/android.widget.TextView - Text Error Empty Input"), 0): Element 'Object Repository/Add Product/android.widget.TextView - Text Error Empty Input' is visible

2023-07-03 18:59:59 - [MESSAGE][WARNING] - Timeout '0' is invalid. Using default page load timeout: '30'

2023-07-03 19:00:00 - [MESSAGE][PASSED] - Element 'Object Repository/Add Product/android.widget.TextView - Text Error Empty Input' is visible

2023-07-03 19:00:00 - [TEST_STEP][PASSED] - verifyMatch(getText(findTestObject("Add Product/android.widget.TextView - Text Error Empty Input"), 0), "Harga tidak boleh kosong", false): Actual text 'Harga tidak boleh kosong' and expected text 'Harga tidak boleh kosong' are matched 

2023-07-03 19:00:00 - [MESSAGE][WARNING] - Timeout '0' is invalid. Using default page load timeout: '30'

2023-07-03 19:00:00 - [MESSAGE][PASSED] - Text of element 'Object Repository/Add Product/android.widget.TextView - Text Error Empty Input' is: 'Harga tidak boleh kosong'

2023-07-03 19:00:00 - [MESSAGE][PASSED] - Actual text 'Harga tidak boleh kosong' and expected text 'Harga tidak boleh kosong' are matched 

2023-07-03 19:00:00 - [MESSAGE][PASSED] - Call Test Case 'Test Cases/Pages/Edit Product/Verify Error Message - Harga Produk' successfully

2023-07-03 19:00:00 - [TEST_STEP][PASSED] - Start listener action : afterTestCase: Close app successfully

2023-07-03 19:00:00 - [TEST_STEP][PASSED] - logInfo("Test Case: " + testCaseContext.getTestCaseId() + " | Status: " + testCaseContext.getTestCaseStatus()): Test Case: Test Cases/Step Definition/Feature Edit Product/EPD03 - Edit Product with Empty Harga Produk | Status: PASSED

2023-07-03 19:00:00 - [MESSAGE][INFO] - Test Case: Test Cases/Step Definition/Feature Edit Product/EPD03 - Edit Product with Empty Harga Produk | Status: PASSED

2023-07-03 19:00:00 - [TEST_STEP][PASSED] - closeApplication(): Close app successfully

2023-07-03 19:00:01 - [MESSAGE][PASSED] - Close app successfully]]></system-out>
         <system-err><![CDATA[]]></system-err>
      </testcase>
      <testcase name="Test Cases/Step Definition/Feature Edit Product/EPD04 - Edit Product with Empty Kategori Produk" time="38.489" classname="Test Cases/Step Definition/Feature Edit Product/EPD04 - Edit Product with Empty Kategori Produk" status="PASSED">
         <system-out><![CDATA[2023-07-03 19:00:01 - [TEST_CASE][PASSED] - Test Cases/Step Definition/Feature Edit Product/EPD04 - Edit Product with Empty Kategori Produk: Test Cases/Step Definition/Feature Edit Product/EPD04 - Edit Product with Empty Kategori Produk

2023-07-03 19:00:01 - [TEST_STEP][PASSED] - Start listener action : beforeTestCase: Started app at: 'E:\GitRepo\Katalon\binarqa-group1-app\Apk\app-release-second-hand-gcp.apk'

2023-07-03 19:00:01 - [TEST_STEP][PASSED] - logInfo("Test Case: " + testCaseContext.getTestCaseId()): Test Case: Test Cases/Step Definition/Feature Edit Product/EPD04 - Edit Product with Empty Kategori Produk

2023-07-03 19:00:01 - [MESSAGE][INFO] - Test Case: Test Cases/Step Definition/Feature Edit Product/EPD04 - Edit Product with Empty Kategori Produk

2023-07-03 19:00:01 - [TEST_STEP][PASSED] - launchApp(): null

2023-07-03 19:00:01 - [TEST_STEP][PASSED] - startApplication(System.getProperty("user.dir") + "\Apk\app-release-second-hand-gcp.apk", false): Started app at: 'E:\GitRepo\Katalon\binarqa-group1-app\Apk\app-release-second-hand-gcp.apk'

2023-07-03 19:00:01 - [MESSAGE][INFO] - User set preference: ['appWaitActivity', '*']

2023-07-03 19:00:01 - [MESSAGE][INFO] - User set preference: ['appWaitforLaunch', 'false']

2023-07-03 19:00:01 - [MESSAGE][INFO] - User set preference: ['noReset', 'true']

2023-07-03 19:00:01 - [MESSAGE][INFO] - User set preference: ['ignoreHiddenApiPolicyError', 'true']

2023-07-03 19:00:01 - [MESSAGE][INFO] - User set preference: ['deviceId', '']

2023-07-03 19:00:01 - [MESSAGE][INFO] - Detected NodeJS location: "C:\Program Files\nodejs\node.exe"

2023-07-03 19:00:02 - [MESSAGE][INFO] - Appium server started on port 51,230

2023-07-03 19:00:11 - [MESSAGE][PASSED] - Started app at: 'E:\GitRepo\Katalon\binarqa-group1-app\Apk\app-release-second-hand-gcp.apk'

2023-07-03 19:00:11 - [TEST_STEP][PASSED] - try: Call Test Case 'Test Cases/Pages/Homepage/Verify Already Logged In' successfully

2023-07-03 19:00:11 - [TEST_STEP][PASSED] - callTestCase(findTestCase("Pages/Homepage/Verify Already Logged In"), [:], STOP_ON_FAILURE): Call Test Case 'Test Cases/Pages/Homepage/Verify Already Logged In' successfully

2023-07-03 19:00:11 - [TEST_CASE][PASSED] - Test Cases/Pages/Homepage/Verify Already Logged In: Test Cases/Pages/Homepage/Verify Already Logged In

2023-07-03 19:00:11 - [TEST_STEP][PASSED] - tap(findTestObject("Navbar/android.widget.FrameLayout - Navbar Akun"), 0): Tapped on element 'Object Repository/Navbar/android.widget.FrameLayout - Navbar Akun'

2023-07-03 19:00:11 - [MESSAGE][WARNING] - Timeout '0' is invalid. Using default page load timeout: '30'

2023-07-03 19:00:12 - [MESSAGE][PASSED] - Tapped on element 'Object Repository/Navbar/android.widget.FrameLayout - Navbar Akun'

2023-07-03 19:00:12 - [TEST_STEP][PASSED] - verifyElementVisible(findTestObject("Akun/android.widget.ImageView - Profile Photo"), 1): Element 'Object Repository/Akun/android.widget.ImageView - Profile Photo' is visible

2023-07-03 19:00:13 - [MESSAGE][PASSED] - Element 'Object Repository/Akun/android.widget.ImageView - Profile Photo' is visible

2023-07-03 19:00:13 - [TEST_STEP][PASSED] - verifyElementVisible(findTestObject("Akun/android.widget.TextView - Email"), 1): Element 'Object Repository/Akun/android.widget.TextView - Email' is visible

2023-07-03 19:00:13 - [MESSAGE][PASSED] - Element 'Object Repository/Akun/android.widget.TextView - Email' is visible

2023-07-03 19:00:13 - [TEST_STEP][PASSED] - verifyElementVisible(findTestObject("Akun/android.widget.TextView - Nama"), 1): Element 'Object Repository/Akun/android.widget.TextView - Nama' is visible

2023-07-03 19:00:14 - [MESSAGE][PASSED] - Element 'Object Repository/Akun/android.widget.TextView - Nama' is visible

2023-07-03 19:00:14 - [TEST_STEP][PASSED] - verifyElementVisible(findTestObject("Akun/android.widget.TextView - Nomor HP"), 1): Element 'Object Repository/Akun/android.widget.TextView - Nomor HP' is visible

2023-07-03 19:00:14 - [MESSAGE][PASSED] - Element 'Object Repository/Akun/android.widget.TextView - Nomor HP' is visible

2023-07-03 19:00:14 - [TEST_STEP][PASSED] - verifyElementVisible(findTestObject("Akun/android.widget.ImageView - Profile Photo"), 1): Element 'Object Repository/Akun/android.widget.ImageView - Profile Photo' is visible

2023-07-03 19:00:14 - [MESSAGE][PASSED] - Element 'Object Repository/Akun/android.widget.ImageView - Profile Photo' is visible

2023-07-03 19:00:14 - [TEST_STEP][PASSED] - verifyElementVisible(findTestObject("Akun/android.view.ViewGroup - Logout"), 1): Element 'Object Repository/Akun/android.view.ViewGroup - Logout' is visible

2023-07-03 19:00:14 - [MESSAGE][PASSED] - Element 'Object Repository/Akun/android.view.ViewGroup - Logout' is visible

2023-07-03 19:00:14 - [TEST_STEP][PASSED] - pressBack(): Press back button successfully

2023-07-03 19:00:15 - [MESSAGE][PASSED] - Press back button successfully

2023-07-03 19:00:15 - [MESSAGE][PASSED] - Call Test Case 'Test Cases/Pages/Homepage/Verify Already Logged In' successfully

2023-07-03 19:00:15 - [TEST_STEP][PASSED] - callTestCase(findTestCase("Pages/Navbar/Tap Akun"), [:], STOP_ON_FAILURE): Call Test Case 'Test Cases/Pages/Navbar/Tap Akun' successfully

2023-07-03 19:00:15 - [TEST_CASE][PASSED] - Test Cases/Pages/Navbar/Tap Akun: Test Cases/Pages/Navbar/Tap Akun

2023-07-03 19:00:15 - [TEST_STEP][PASSED] - tap(findTestObject("Navbar/android.widget.FrameLayout - Navbar Akun"), 0): Tapped on element 'Object Repository/Navbar/android.widget.FrameLayout - Navbar Akun'

2023-07-03 19:00:15 - [MESSAGE][WARNING] - Timeout '0' is invalid. Using default page load timeout: '30'

2023-07-03 19:00:16 - [MESSAGE][PASSED] - Tapped on element 'Object Repository/Navbar/android.widget.FrameLayout - Navbar Akun'

2023-07-03 19:00:16 - [MESSAGE][PASSED] - Call Test Case 'Test Cases/Pages/Navbar/Tap Akun' successfully

2023-07-03 19:00:16 - [TEST_STEP][PASSED] - callTestCase(findTestCase("Pages/Akun/Tap Daftar Jual Saya"), [:], STOP_ON_FAILURE): Call Test Case 'Test Cases/Pages/Akun/Tap Daftar Jual Saya' successfully

2023-07-03 19:00:16 - [TEST_CASE][PASSED] - Test Cases/Pages/Akun/Tap Daftar Jual Saya: Test Cases/Pages/Akun/Tap Daftar Jual Saya

2023-07-03 19:00:16 - [TEST_STEP][PASSED] - tap(findTestObject("Akun/android.view.ViewGroup - Daftar Jual Saya"), 0): Tapped on element 'Object Repository/Akun/android.view.ViewGroup - Daftar Jual Saya'

2023-07-03 19:00:16 - [MESSAGE][WARNING] - Timeout '0' is invalid. Using default page load timeout: '30'

2023-07-03 19:00:17 - [MESSAGE][PASSED] - Tapped on element 'Object Repository/Akun/android.view.ViewGroup - Daftar Jual Saya'

2023-07-03 19:00:17 - [MESSAGE][PASSED] - Call Test Case 'Test Cases/Pages/Akun/Tap Daftar Jual Saya' successfully

2023-07-03 19:00:17 - [TEST_STEP][PASSED] - callTestCase(findTestCase("Pages/Daftar Jual Saya/Tap Tab Produk"), [:], STOP_ON_FAILURE): Call Test Case 'Test Cases/Pages/Daftar Jual Saya/Tap Tab Produk' successfully

2023-07-03 19:00:17 - [TEST_CASE][PASSED] - Test Cases/Pages/Daftar Jual Saya/Tap Tab Produk: Test Cases/Pages/Daftar Jual Saya/Tap Tab Produk

2023-07-03 19:00:17 - [TEST_STEP][PASSED] - tap(findTestObject("Daftar Jual Saya/android.widget.LinearLayout - Tab Produk"), 0): Tapped on element 'Object Repository/Daftar Jual Saya/android.widget.LinearLayout - Tab Produk'

2023-07-03 19:00:17 - [MESSAGE][WARNING] - Timeout '0' is invalid. Using default page load timeout: '30'

2023-07-03 19:00:18 - [MESSAGE][PASSED] - Tapped on element 'Object Repository/Daftar Jual Saya/android.widget.LinearLayout - Tab Produk'

2023-07-03 19:00:18 - [MESSAGE][PASSED] - Call Test Case 'Test Cases/Pages/Daftar Jual Saya/Tap Tab Produk' successfully

2023-07-03 19:00:18 - [TEST_STEP][PASSED] - callTestCase(findTestCase("Pages/Edit Product/Verify Product Card Exist"), [:], STOP_ON_FAILURE): Call Test Case 'Test Cases/Pages/Edit Product/Verify Product Card Exist' successfully

2023-07-03 19:00:18 - [TEST_CASE][PASSED] - Test Cases/Pages/Edit Product/Verify Product Card Exist: Test Cases/Pages/Edit Product/Verify Product Card Exist

2023-07-03 19:00:18 - [TEST_STEP][PASSED] - waitForElementPresent(findTestObject("Daftar Jual Saya/androidx.cardview.widget.CardView - First Product Card"), 30): Element 'Object Repository/Daftar Jual Saya/androidx.cardview.widget.CardView - First Product Card' is present

2023-07-03 19:00:19 - [MESSAGE][PASSED] - Element 'Object Repository/Daftar Jual Saya/androidx.cardview.widget.CardView - First Product Card' is present

2023-07-03 19:00:19 - [TEST_STEP][PASSED] - verifyElementVisible(findTestObject("Daftar Jual Saya/androidx.cardview.widget.CardView - First Product Card"), 0): Element 'Object Repository/Daftar Jual Saya/androidx.cardview.widget.CardView - First Product Card' is visible

2023-07-03 19:00:19 - [MESSAGE][WARNING] - Timeout '0' is invalid. Using default page load timeout: '30'

2023-07-03 19:00:19 - [MESSAGE][PASSED] - Element 'Object Repository/Daftar Jual Saya/androidx.cardview.widget.CardView - First Product Card' is visible

2023-07-03 19:00:19 - [TEST_STEP][PASSED] - verifyNotMatch(getText(findTestObject("Daftar Jual Saya/android.widget.TextView - Product Name"), 0), "", false): Actual text 'Baju Keren' and expected text '' are not matched 

2023-07-03 19:00:19 - [MESSAGE][WARNING] - Timeout '0' is invalid. Using default page load timeout: '30'

2023-07-03 19:00:19 - [MESSAGE][PASSED] - Text of element 'Object Repository/Daftar Jual Saya/android.widget.TextView - Product Name' is: 'Baju Keren'

2023-07-03 19:00:19 - [MESSAGE][PASSED] - Actual text 'Baju Keren' and expected text '' are not matched 

2023-07-03 19:00:19 - [MESSAGE][PASSED] - Call Test Case 'Test Cases/Pages/Edit Product/Verify Product Card Exist' successfully

2023-07-03 19:00:19 - [TEST_STEP][PASSED] - callTestCase(findTestCase("Pages/Edit Product/Tap Produk"), [:], STOP_ON_FAILURE): Call Test Case 'Test Cases/Pages/Edit Product/Tap Produk' successfully

2023-07-03 19:00:19 - [TEST_CASE][PASSED] - Test Cases/Pages/Edit Product/Tap Produk: Test Cases/Pages/Edit Product/Tap Produk

2023-07-03 19:00:19 - [TEST_STEP][PASSED] - tap(findTestObject("Daftar Jual Saya/androidx.cardview.widget.CardView - First Product Card"), 0): Tapped on element 'Object Repository/Daftar Jual Saya/androidx.cardview.widget.CardView - First Product Card'

2023-07-03 19:00:19 - [MESSAGE][WARNING] - Timeout '0' is invalid. Using default page load timeout: '30'

2023-07-03 19:00:21 - [MESSAGE][PASSED] - Tapped on element 'Object Repository/Daftar Jual Saya/androidx.cardview.widget.CardView - First Product Card'

2023-07-03 19:00:21 - [MESSAGE][PASSED] - Call Test Case 'Test Cases/Pages/Edit Product/Tap Produk' successfully

2023-07-03 19:00:21 - [TEST_STEP][PASSED] - callTestCase(findTestCase("Pages/Edit Product/Edit Nama Produk"), ["namaProduk":"Produkku"], STOP_ON_FAILURE): Call Test Case 'Test Cases/Pages/Edit Product/Edit Nama Produk' successfully

2023-07-03 19:00:21 - [TEST_CASE][PASSED] - Test Cases/Pages/Edit Product/Edit Nama Produk: Test Cases/Pages/Edit Product/Edit Nama Produk

2023-07-03 19:00:21 - [TEST_STEP][PASSED] - setText(findTestObject("Add Product/android.widget.EditText - Nama Produk"), namaProduk, 0): Text 'Produkku' has been set to element 'Object Repository/Add Product/android.widget.EditText - Nama Produk'

2023-07-03 19:00:21 - [MESSAGE][WARNING] - Timeout '0' is invalid. Using default page load timeout: '30'

2023-07-03 19:00:22 - [MESSAGE][PASSED] - Text 'Produkku' has been set to element 'Object Repository/Add Product/android.widget.EditText - Nama Produk'

2023-07-03 19:00:22 - [MESSAGE][PASSED] - Call Test Case 'Test Cases/Pages/Edit Product/Edit Nama Produk' successfully

2023-07-03 19:00:22 - [TEST_STEP][PASSED] - callTestCase(findTestCase("Pages/Edit Product/Edit Harga Produk"), ["hargaProduk":"50000"], STOP_ON_FAILURE): Call Test Case 'Test Cases/Pages/Edit Product/Edit Harga Produk' successfully

2023-07-03 19:00:22 - [TEST_CASE][PASSED] - Test Cases/Pages/Edit Product/Edit Harga Produk: Test Cases/Pages/Edit Product/Edit Harga Produk

2023-07-03 19:00:22 - [TEST_STEP][PASSED] - setText(findTestObject("Add Product/android.widget.EditText - Harga Produk"), hargaProduk, 0): Text '50000' has been set to element 'Object Repository/Add Product/android.widget.EditText - Harga Produk'

2023-07-03 19:00:22 - [MESSAGE][WARNING] - Timeout '0' is invalid. Using default page load timeout: '30'

2023-07-03 19:00:24 - [MESSAGE][PASSED] - Text '50000' has been set to element 'Object Repository/Add Product/android.widget.EditText - Harga Produk'

2023-07-03 19:00:24 - [MESSAGE][PASSED] - Call Test Case 'Test Cases/Pages/Edit Product/Edit Harga Produk' successfully

2023-07-03 19:00:24 - [TEST_STEP][PASSED] - callTestCase(findTestCase("Pages/Edit Product/Edit Kategori Produk"), ["kategoriProduk":""], STOP_ON_FAILURE): Call Test Case 'Test Cases/Pages/Edit Product/Edit Kategori Produk' successfully

2023-07-03 19:00:25 - [TEST_CASE][PASSED] - Test Cases/Pages/Edit Product/Edit Kategori Produk: Test Cases/Pages/Edit Product/Edit Kategori Produk

2023-07-03 19:00:25 - [TEST_STEP][PASSED] - tap(findTestObject("Add Product/android.view.View - Remove Kategori"), 0): Tapped on element 'Object Repository/Add Product/android.view.View - Remove Kategori'

2023-07-03 19:00:25 - [MESSAGE][WARNING] - Timeout '0' is invalid. Using default page load timeout: '30'

2023-07-03 19:00:27 - [MESSAGE][PASSED] - Tapped on element 'Object Repository/Add Product/android.view.View - Remove Kategori'

2023-07-03 19:00:27 - [TEST_STEP][PASSED] - tap(findTestObject("Add Product/android.widget.Spinner - Pilih Kategori"), 0): Tapped on element 'Object Repository/Add Product/android.widget.Spinner - Pilih Kategori'

2023-07-03 19:00:27 - [MESSAGE][WARNING] - Timeout '0' is invalid. Using default page load timeout: '30'

2023-07-03 19:00:27 - [MESSAGE][PASSED] - Tapped on element 'Object Repository/Add Product/android.widget.Spinner - Pilih Kategori'

2023-07-03 19:00:27 - [TEST_STEP][PASSED] - sendKeys(findTestObject("Add Product/android.widget.Spinner - Pilih Kategori"), kategoriProduk): Send keys '' on test object 'Object Repository/Add Product/android.widget.Spinner - Pilih Kategori' successfully.

2023-07-03 19:00:29 - [MESSAGE][PASSED] - Send keys '' on test object 'Object Repository/Add Product/android.widget.Spinner - Pilih Kategori' successfully.

2023-07-03 19:00:29 - [TEST_STEP][PASSED] - tap(findTestObject("Add Product/Pilih Kategori Pertama"), 0): Tapped on element 'Object Repository/Add Product/Pilih Kategori Pertama'

2023-07-03 19:00:29 - [MESSAGE][WARNING] - Timeout '0' is invalid. Using default page load timeout: '30'

2023-07-03 19:00:30 - [MESSAGE][PASSED] - Tapped on element 'Object Repository/Add Product/Pilih Kategori Pertama'

2023-07-03 19:00:30 - [MESSAGE][PASSED] - Call Test Case 'Test Cases/Pages/Edit Product/Edit Kategori Produk' successfully

2023-07-03 19:00:30 - [TEST_STEP][PASSED] - callTestCase(findTestCase("Pages/Edit Product/Edit Deskripsi Produk"), ["deskripsiProduk":"Baju bagus"], STOP_ON_FAILURE): Call Test Case 'Test Cases/Pages/Edit Product/Edit Deskripsi Produk' successfully

2023-07-03 19:00:30 - [TEST_CASE][PASSED] - Test Cases/Pages/Edit Product/Edit Deskripsi Produk: Test Cases/Pages/Edit Product/Edit Deskripsi Produk

2023-07-03 19:00:30 - [TEST_STEP][PASSED] - setText(findTestObject("Add Product/android.widget.EditText - Deskripsi Produk"), deskripsiProduk, 0): Text 'Baju bagus' has been set to element 'Object Repository/Add Product/android.widget.EditText - Deskripsi Produk'

2023-07-03 19:00:30 - [MESSAGE][WARNING] - Timeout '0' is invalid. Using default page load timeout: '30'

2023-07-03 19:00:32 - [MESSAGE][PASSED] - Text 'Baju bagus' has been set to element 'Object Repository/Add Product/android.widget.EditText - Deskripsi Produk'

2023-07-03 19:00:32 - [MESSAGE][PASSED] - Call Test Case 'Test Cases/Pages/Edit Product/Edit Deskripsi Produk' successfully

2023-07-03 19:00:32 - [TEST_STEP][PASSED] - callTestCase(findTestCase("Pages/Edit Product/Edit Lokasi Produk"), ["lokasiProduk":"Jakarta"], STOP_ON_FAILURE): Call Test Case 'Test Cases/Pages/Edit Product/Edit Lokasi Produk' successfully

2023-07-03 19:00:32 - [TEST_CASE][PASSED] - Test Cases/Pages/Edit Product/Edit Lokasi Produk: Test Cases/Pages/Edit Product/Edit Lokasi Produk

2023-07-03 19:00:32 - [TEST_STEP][PASSED] - setText(findTestObject("Add Product/android.widget.EditText - Lokasi Produk"), lokasiProduk, 0): Text 'Jakarta' has been set to element 'Object Repository/Add Product/android.widget.EditText - Lokasi Produk'

2023-07-03 19:00:32 - [MESSAGE][WARNING] - Timeout '0' is invalid. Using default page load timeout: '30'

2023-07-03 19:00:34 - [MESSAGE][PASSED] - Text 'Jakarta' has been set to element 'Object Repository/Add Product/android.widget.EditText - Lokasi Produk'

2023-07-03 19:00:34 - [MESSAGE][PASSED] - Call Test Case 'Test Cases/Pages/Edit Product/Edit Lokasi Produk' successfully

2023-07-03 19:00:34 - [TEST_STEP][PASSED] - callTestCase(findTestCase("Pages/Edit Product/Tap Terbitkan Button"), [:], STOP_ON_FAILURE): Call Test Case 'Test Cases/Pages/Edit Product/Tap Terbitkan Button' successfully

2023-07-03 19:00:34 - [TEST_CASE][PASSED] - Test Cases/Pages/Edit Product/Tap Terbitkan Button: Test Cases/Pages/Edit Product/Tap Terbitkan Button

2023-07-03 19:00:34 - [TEST_STEP][PASSED] - tap(findTestObject("Add Product/android.widget.Button - Terbitkan"), 0): Tapped on element 'Object Repository/Add Product/android.widget.Button - Terbitkan'

2023-07-03 19:00:34 - [MESSAGE][WARNING] - Timeout '0' is invalid. Using default page load timeout: '30'

2023-07-03 19:00:35 - [MESSAGE][PASSED] - Tapped on element 'Object Repository/Add Product/android.widget.Button - Terbitkan'

2023-07-03 19:00:35 - [MESSAGE][PASSED] - Call Test Case 'Test Cases/Pages/Edit Product/Tap Terbitkan Button' successfully

2023-07-03 19:00:35 - [TEST_STEP][PASSED] - callTestCase(findTestCase("Pages/Edit Product/Verify Error Message - Kategori Produk"), [:], STOP_ON_FAILURE): Call Test Case 'Test Cases/Pages/Edit Product/Verify Error Message - Kategori Produk' successfully

2023-07-03 19:00:35 - [TEST_CASE][PASSED] - Test Cases/Pages/Edit Product/Verify Error Message - Kategori Produk: Test Cases/Pages/Edit Product/Verify Error Message - Kategori Produk

2023-07-03 19:00:35 - [TEST_STEP][PASSED] - verifyElementVisible(findTestObject("Add Product/toastMessage - Kategori Empty"), 0): Element 'Object Repository/Add Product/toastMessage - Kategori Empty' is visible

2023-07-03 19:00:35 - [MESSAGE][WARNING] - Timeout '0' is invalid. Using default page load timeout: '30'

2023-07-03 19:00:39 - [MESSAGE][PASSED] - Element 'Object Repository/Add Product/toastMessage - Kategori Empty' is visible

2023-07-03 19:00:39 - [MESSAGE][PASSED] - Call Test Case 'Test Cases/Pages/Edit Product/Verify Error Message - Kategori Produk' successfully

2023-07-03 19:00:39 - [TEST_STEP][PASSED] - Start listener action : afterTestCase: Close app successfully

2023-07-03 19:00:39 - [TEST_STEP][PASSED] - logInfo("Test Case: " + testCaseContext.getTestCaseId() + " | Status: " + testCaseContext.getTestCaseStatus()): Test Case: Test Cases/Step Definition/Feature Edit Product/EPD04 - Edit Product with Empty Kategori Produk | Status: PASSED

2023-07-03 19:00:39 - [MESSAGE][INFO] - Test Case: Test Cases/Step Definition/Feature Edit Product/EPD04 - Edit Product with Empty Kategori Produk | Status: PASSED

2023-07-03 19:00:39 - [TEST_STEP][PASSED] - closeApplication(): Close app successfully

2023-07-03 19:00:39 - [MESSAGE][PASSED] - Close app successfully]]></system-out>
         <system-err><![CDATA[]]></system-err>
      </testcase>
      <testcase name="Test Cases/Step Definition/Feature Edit Product/EPD05 - Edit Product with Empty Lokasi Produk" time="34.224" classname="Test Cases/Step Definition/Feature Edit Product/EPD05 - Edit Product with Empty Lokasi Produk" status="PASSED">
         <system-out><![CDATA[2023-07-03 19:00:39 - [TEST_CASE][PASSED] - Test Cases/Step Definition/Feature Edit Product/EPD05 - Edit Product with Empty Lokasi Produk: Test Cases/Step Definition/Feature Edit Product/EPD05 - Edit Product with Empty Lokasi Produk

2023-07-03 19:00:39 - [TEST_STEP][PASSED] - Start listener action : beforeTestCase: Started app at: 'E:\GitRepo\Katalon\binarqa-group1-app\Apk\app-release-second-hand-gcp.apk'

2023-07-03 19:00:39 - [TEST_STEP][PASSED] - logInfo("Test Case: " + testCaseContext.getTestCaseId()): Test Case: Test Cases/Step Definition/Feature Edit Product/EPD05 - Edit Product with Empty Lokasi Produk

2023-07-03 19:00:39 - [MESSAGE][INFO] - Test Case: Test Cases/Step Definition/Feature Edit Product/EPD05 - Edit Product with Empty Lokasi Produk

2023-07-03 19:00:39 - [TEST_STEP][PASSED] - launchApp(): null

2023-07-03 19:00:39 - [TEST_STEP][PASSED] - startApplication(System.getProperty("user.dir") + "\Apk\app-release-second-hand-gcp.apk", false): Started app at: 'E:\GitRepo\Katalon\binarqa-group1-app\Apk\app-release-second-hand-gcp.apk'

2023-07-03 19:00:39 - [MESSAGE][INFO] - User set preference: ['appWaitActivity', '*']

2023-07-03 19:00:39 - [MESSAGE][INFO] - User set preference: ['appWaitforLaunch', 'false']

2023-07-03 19:00:39 - [MESSAGE][INFO] - User set preference: ['noReset', 'true']

2023-07-03 19:00:39 - [MESSAGE][INFO] - User set preference: ['ignoreHiddenApiPolicyError', 'true']

2023-07-03 19:00:39 - [MESSAGE][INFO] - User set preference: ['deviceId', '']

2023-07-03 19:00:39 - [MESSAGE][INFO] - Detected NodeJS location: "C:\Program Files\nodejs\node.exe"

2023-07-03 19:00:40 - [MESSAGE][INFO] - Appium server started on port 51,376

2023-07-03 19:00:48 - [MESSAGE][PASSED] - Started app at: 'E:\GitRepo\Katalon\binarqa-group1-app\Apk\app-release-second-hand-gcp.apk'

2023-07-03 19:00:48 - [TEST_STEP][PASSED] - try: Call Test Case 'Test Cases/Pages/Homepage/Verify Already Logged In' successfully

2023-07-03 19:00:48 - [TEST_STEP][PASSED] - callTestCase(findTestCase("Pages/Homepage/Verify Already Logged In"), [:], STOP_ON_FAILURE): Call Test Case 'Test Cases/Pages/Homepage/Verify Already Logged In' successfully

2023-07-03 19:00:48 - [TEST_CASE][PASSED] - Test Cases/Pages/Homepage/Verify Already Logged In: Test Cases/Pages/Homepage/Verify Already Logged In

2023-07-03 19:00:48 - [TEST_STEP][PASSED] - tap(findTestObject("Navbar/android.widget.FrameLayout - Navbar Akun"), 0): Tapped on element 'Object Repository/Navbar/android.widget.FrameLayout - Navbar Akun'

2023-07-03 19:00:48 - [MESSAGE][WARNING] - Timeout '0' is invalid. Using default page load timeout: '30'

2023-07-03 19:00:49 - [MESSAGE][PASSED] - Tapped on element 'Object Repository/Navbar/android.widget.FrameLayout - Navbar Akun'

2023-07-03 19:00:49 - [TEST_STEP][PASSED] - verifyElementVisible(findTestObject("Akun/android.widget.ImageView - Profile Photo"), 1): Element 'Object Repository/Akun/android.widget.ImageView - Profile Photo' is visible

2023-07-03 19:00:50 - [MESSAGE][PASSED] - Element 'Object Repository/Akun/android.widget.ImageView - Profile Photo' is visible

2023-07-03 19:00:50 - [TEST_STEP][PASSED] - verifyElementVisible(findTestObject("Akun/android.widget.TextView - Email"), 1): Element 'Object Repository/Akun/android.widget.TextView - Email' is visible

2023-07-03 19:00:50 - [MESSAGE][PASSED] - Element 'Object Repository/Akun/android.widget.TextView - Email' is visible

2023-07-03 19:00:50 - [TEST_STEP][PASSED] - verifyElementVisible(findTestObject("Akun/android.widget.TextView - Nama"), 1): Element 'Object Repository/Akun/android.widget.TextView - Nama' is visible

2023-07-03 19:00:51 - [MESSAGE][PASSED] - Element 'Object Repository/Akun/android.widget.TextView - Nama' is visible

2023-07-03 19:00:51 - [TEST_STEP][PASSED] - verifyElementVisible(findTestObject("Akun/android.widget.TextView - Nomor HP"), 1): Element 'Object Repository/Akun/android.widget.TextView - Nomor HP' is visible

2023-07-03 19:00:51 - [MESSAGE][PASSED] - Element 'Object Repository/Akun/android.widget.TextView - Nomor HP' is visible

2023-07-03 19:00:51 - [TEST_STEP][PASSED] - verifyElementVisible(findTestObject("Akun/android.widget.ImageView - Profile Photo"), 1): Element 'Object Repository/Akun/android.widget.ImageView - Profile Photo' is visible

2023-07-03 19:00:51 - [MESSAGE][PASSED] - Element 'Object Repository/Akun/android.widget.ImageView - Profile Photo' is visible

2023-07-03 19:00:51 - [TEST_STEP][PASSED] - verifyElementVisible(findTestObject("Akun/android.view.ViewGroup - Logout"), 1): Element 'Object Repository/Akun/android.view.ViewGroup - Logout' is visible

2023-07-03 19:00:51 - [MESSAGE][PASSED] - Element 'Object Repository/Akun/android.view.ViewGroup - Logout' is visible

2023-07-03 19:00:51 - [TEST_STEP][PASSED] - pressBack(): Press back button successfully

2023-07-03 19:00:52 - [MESSAGE][PASSED] - Press back button successfully

2023-07-03 19:00:52 - [MESSAGE][PASSED] - Call Test Case 'Test Cases/Pages/Homepage/Verify Already Logged In' successfully

2023-07-03 19:00:52 - [TEST_STEP][PASSED] - callTestCase(findTestCase("Pages/Navbar/Tap Akun"), [:], STOP_ON_FAILURE): Call Test Case 'Test Cases/Pages/Navbar/Tap Akun' successfully

2023-07-03 19:00:52 - [TEST_CASE][PASSED] - Test Cases/Pages/Navbar/Tap Akun: Test Cases/Pages/Navbar/Tap Akun

2023-07-03 19:00:52 - [TEST_STEP][PASSED] - tap(findTestObject("Navbar/android.widget.FrameLayout - Navbar Akun"), 0): Tapped on element 'Object Repository/Navbar/android.widget.FrameLayout - Navbar Akun'

2023-07-03 19:00:52 - [MESSAGE][WARNING] - Timeout '0' is invalid. Using default page load timeout: '30'

2023-07-03 19:00:54 - [MESSAGE][PASSED] - Tapped on element 'Object Repository/Navbar/android.widget.FrameLayout - Navbar Akun'

2023-07-03 19:00:54 - [MESSAGE][PASSED] - Call Test Case 'Test Cases/Pages/Navbar/Tap Akun' successfully

2023-07-03 19:00:54 - [TEST_STEP][PASSED] - callTestCase(findTestCase("Pages/Akun/Tap Daftar Jual Saya"), [:], STOP_ON_FAILURE): Call Test Case 'Test Cases/Pages/Akun/Tap Daftar Jual Saya' successfully

2023-07-03 19:00:54 - [TEST_CASE][PASSED] - Test Cases/Pages/Akun/Tap Daftar Jual Saya: Test Cases/Pages/Akun/Tap Daftar Jual Saya

2023-07-03 19:00:54 - [TEST_STEP][PASSED] - tap(findTestObject("Akun/android.view.ViewGroup - Daftar Jual Saya"), 0): Tapped on element 'Object Repository/Akun/android.view.ViewGroup - Daftar Jual Saya'

2023-07-03 19:00:54 - [MESSAGE][WARNING] - Timeout '0' is invalid. Using default page load timeout: '30'

2023-07-03 19:00:54 - [MESSAGE][PASSED] - Tapped on element 'Object Repository/Akun/android.view.ViewGroup - Daftar Jual Saya'

2023-07-03 19:00:54 - [MESSAGE][PASSED] - Call Test Case 'Test Cases/Pages/Akun/Tap Daftar Jual Saya' successfully

2023-07-03 19:00:54 - [TEST_STEP][PASSED] - callTestCase(findTestCase("Pages/Daftar Jual Saya/Tap Tab Produk"), [:], STOP_ON_FAILURE): Call Test Case 'Test Cases/Pages/Daftar Jual Saya/Tap Tab Produk' successfully

2023-07-03 19:00:54 - [TEST_CASE][PASSED] - Test Cases/Pages/Daftar Jual Saya/Tap Tab Produk: Test Cases/Pages/Daftar Jual Saya/Tap Tab Produk

2023-07-03 19:00:54 - [TEST_STEP][PASSED] - tap(findTestObject("Daftar Jual Saya/android.widget.LinearLayout - Tab Produk"), 0): Tapped on element 'Object Repository/Daftar Jual Saya/android.widget.LinearLayout - Tab Produk'

2023-07-03 19:00:54 - [MESSAGE][WARNING] - Timeout '0' is invalid. Using default page load timeout: '30'

2023-07-03 19:00:55 - [MESSAGE][PASSED] - Tapped on element 'Object Repository/Daftar Jual Saya/android.widget.LinearLayout - Tab Produk'

2023-07-03 19:00:55 - [MESSAGE][PASSED] - Call Test Case 'Test Cases/Pages/Daftar Jual Saya/Tap Tab Produk' successfully

2023-07-03 19:00:55 - [TEST_STEP][PASSED] - callTestCase(findTestCase("Pages/Edit Product/Verify Product Card Exist"), [:], STOP_ON_FAILURE): Call Test Case 'Test Cases/Pages/Edit Product/Verify Product Card Exist' successfully

2023-07-03 19:00:55 - [TEST_CASE][PASSED] - Test Cases/Pages/Edit Product/Verify Product Card Exist: Test Cases/Pages/Edit Product/Verify Product Card Exist

2023-07-03 19:00:55 - [TEST_STEP][PASSED] - waitForElementPresent(findTestObject("Daftar Jual Saya/androidx.cardview.widget.CardView - First Product Card"), 30): Element 'Object Repository/Daftar Jual Saya/androidx.cardview.widget.CardView - First Product Card' is present

2023-07-03 19:00:56 - [MESSAGE][PASSED] - Element 'Object Repository/Daftar Jual Saya/androidx.cardview.widget.CardView - First Product Card' is present

2023-07-03 19:00:56 - [TEST_STEP][PASSED] - verifyElementVisible(findTestObject("Daftar Jual Saya/androidx.cardview.widget.CardView - First Product Card"), 0): Element 'Object Repository/Daftar Jual Saya/androidx.cardview.widget.CardView - First Product Card' is visible

2023-07-03 19:00:56 - [MESSAGE][WARNING] - Timeout '0' is invalid. Using default page load timeout: '30'

2023-07-03 19:00:56 - [MESSAGE][PASSED] - Element 'Object Repository/Daftar Jual Saya/androidx.cardview.widget.CardView - First Product Card' is visible

2023-07-03 19:00:56 - [TEST_STEP][PASSED] - verifyNotMatch(getText(findTestObject("Daftar Jual Saya/android.widget.TextView - Product Name"), 0), "", false): Actual text 'Baju Keren' and expected text '' are not matched 

2023-07-03 19:00:56 - [MESSAGE][WARNING] - Timeout '0' is invalid. Using default page load timeout: '30'

2023-07-03 19:00:56 - [MESSAGE][PASSED] - Text of element 'Object Repository/Daftar Jual Saya/android.widget.TextView - Product Name' is: 'Baju Keren'

2023-07-03 19:00:56 - [MESSAGE][PASSED] - Actual text 'Baju Keren' and expected text '' are not matched 

2023-07-03 19:00:56 - [MESSAGE][PASSED] - Call Test Case 'Test Cases/Pages/Edit Product/Verify Product Card Exist' successfully

2023-07-03 19:00:56 - [TEST_STEP][PASSED] - callTestCase(findTestCase("Pages/Edit Product/Tap Produk"), [:], STOP_ON_FAILURE): Call Test Case 'Test Cases/Pages/Edit Product/Tap Produk' successfully

2023-07-03 19:00:57 - [TEST_CASE][PASSED] - Test Cases/Pages/Edit Product/Tap Produk: Test Cases/Pages/Edit Product/Tap Produk

2023-07-03 19:00:57 - [TEST_STEP][PASSED] - tap(findTestObject("Daftar Jual Saya/androidx.cardview.widget.CardView - First Product Card"), 0): Tapped on element 'Object Repository/Daftar Jual Saya/androidx.cardview.widget.CardView - First Product Card'

2023-07-03 19:00:57 - [MESSAGE][WARNING] - Timeout '0' is invalid. Using default page load timeout: '30'

2023-07-03 19:00:58 - [MESSAGE][PASSED] - Tapped on element 'Object Repository/Daftar Jual Saya/androidx.cardview.widget.CardView - First Product Card'

2023-07-03 19:00:58 - [MESSAGE][PASSED] - Call Test Case 'Test Cases/Pages/Edit Product/Tap Produk' successfully

2023-07-03 19:00:58 - [TEST_STEP][PASSED] - callTestCase(findTestCase("Pages/Edit Product/Edit Nama Produk"), ["namaProduk":"Produkku"], STOP_ON_FAILURE): Call Test Case 'Test Cases/Pages/Edit Product/Edit Nama Produk' successfully

2023-07-03 19:00:58 - [TEST_CASE][PASSED] - Test Cases/Pages/Edit Product/Edit Nama Produk: Test Cases/Pages/Edit Product/Edit Nama Produk

2023-07-03 19:00:58 - [TEST_STEP][PASSED] - setText(findTestObject("Add Product/android.widget.EditText - Nama Produk"), namaProduk, 0): Text 'Produkku' has been set to element 'Object Repository/Add Product/android.widget.EditText - Nama Produk'

2023-07-03 19:00:58 - [MESSAGE][WARNING] - Timeout '0' is invalid. Using default page load timeout: '30'

2023-07-03 19:00:59 - [MESSAGE][PASSED] - Text 'Produkku' has been set to element 'Object Repository/Add Product/android.widget.EditText - Nama Produk'

2023-07-03 19:00:59 - [MESSAGE][PASSED] - Call Test Case 'Test Cases/Pages/Edit Product/Edit Nama Produk' successfully

2023-07-03 19:00:59 - [TEST_STEP][PASSED] - callTestCase(findTestCase("Pages/Edit Product/Edit Harga Produk"), ["hargaProduk":"50000"], STOP_ON_FAILURE): Call Test Case 'Test Cases/Pages/Edit Product/Edit Harga Produk' successfully

2023-07-03 19:00:59 - [TEST_CASE][PASSED] - Test Cases/Pages/Edit Product/Edit Harga Produk: Test Cases/Pages/Edit Product/Edit Harga Produk

2023-07-03 19:00:59 - [TEST_STEP][PASSED] - setText(findTestObject("Add Product/android.widget.EditText - Harga Produk"), hargaProduk, 0): Text '50000' has been set to element 'Object Repository/Add Product/android.widget.EditText - Harga Produk'

2023-07-03 19:00:59 - [MESSAGE][WARNING] - Timeout '0' is invalid. Using default page load timeout: '30'

2023-07-03 19:01:02 - [MESSAGE][PASSED] - Text '50000' has been set to element 'Object Repository/Add Product/android.widget.EditText - Harga Produk'

2023-07-03 19:01:02 - [MESSAGE][PASSED] - Call Test Case 'Test Cases/Pages/Edit Product/Edit Harga Produk' successfully

2023-07-03 19:01:02 - [TEST_STEP][PASSED] - callTestCase(findTestCase("Pages/Edit Product/Edit Kategori Produk"), ["kategoriProduk":"Elektronik"], STOP_ON_FAILURE): Call Test Case 'Test Cases/Pages/Edit Product/Edit Kategori Produk' successfully

2023-07-03 19:01:02 - [TEST_CASE][PASSED] - Test Cases/Pages/Edit Product/Edit Kategori Produk: Test Cases/Pages/Edit Product/Edit Kategori Produk

2023-07-03 19:01:02 - [TEST_STEP][PASSED] - tap(findTestObject("Add Product/android.view.View - Remove Kategori"), 0): Tapped on element 'Object Repository/Add Product/android.view.View - Remove Kategori'

2023-07-03 19:01:02 - [MESSAGE][WARNING] - Timeout '0' is invalid. Using default page load timeout: '30'

2023-07-03 19:01:03 - [MESSAGE][PASSED] - Tapped on element 'Object Repository/Add Product/android.view.View - Remove Kategori'

2023-07-03 19:01:03 - [TEST_STEP][PASSED] - tap(findTestObject("Add Product/android.widget.Spinner - Pilih Kategori"), 0): Tapped on element 'Object Repository/Add Product/android.widget.Spinner - Pilih Kategori'

2023-07-03 19:01:03 - [MESSAGE][WARNING] - Timeout '0' is invalid. Using default page load timeout: '30'

2023-07-03 19:01:04 - [MESSAGE][PASSED] - Tapped on element 'Object Repository/Add Product/android.widget.Spinner - Pilih Kategori'

2023-07-03 19:01:04 - [TEST_STEP][PASSED] - sendKeys(findTestObject("Add Product/android.widget.Spinner - Pilih Kategori"), kategoriProduk): Send keys 'Elektronik' on test object 'Object Repository/Add Product/android.widget.Spinner - Pilih Kategori' successfully.

2023-07-03 19:01:06 - [MESSAGE][PASSED] - Send keys 'Elektronik' on test object 'Object Repository/Add Product/android.widget.Spinner - Pilih Kategori' successfully.

2023-07-03 19:01:06 - [TEST_STEP][PASSED] - tap(findTestObject("Add Product/Pilih Kategori Pertama"), 0): Tapped on element 'Object Repository/Add Product/Pilih Kategori Pertama'

2023-07-03 19:01:06 - [MESSAGE][WARNING] - Timeout '0' is invalid. Using default page load timeout: '30'

2023-07-03 19:01:07 - [MESSAGE][PASSED] - Tapped on element 'Object Repository/Add Product/Pilih Kategori Pertama'

2023-07-03 19:01:07 - [MESSAGE][PASSED] - Call Test Case 'Test Cases/Pages/Edit Product/Edit Kategori Produk' successfully

2023-07-03 19:01:07 - [TEST_STEP][PASSED] - callTestCase(findTestCase("Pages/Edit Product/Edit Deskripsi Produk"), ["deskripsiProduk":"Baju bagus"], STOP_ON_FAILURE): Call Test Case 'Test Cases/Pages/Edit Product/Edit Deskripsi Produk' successfully

2023-07-03 19:01:07 - [TEST_CASE][PASSED] - Test Cases/Pages/Edit Product/Edit Deskripsi Produk: Test Cases/Pages/Edit Product/Edit Deskripsi Produk

2023-07-03 19:01:07 - [TEST_STEP][PASSED] - setText(findTestObject("Add Product/android.widget.EditText - Deskripsi Produk"), deskripsiProduk, 0): Text 'Baju bagus' has been set to element 'Object Repository/Add Product/android.widget.EditText - Deskripsi Produk'

2023-07-03 19:01:07 - [MESSAGE][WARNING] - Timeout '0' is invalid. Using default page load timeout: '30'

2023-07-03 19:01:09 - [MESSAGE][PASSED] - Text 'Baju bagus' has been set to element 'Object Repository/Add Product/android.widget.EditText - Deskripsi Produk'

2023-07-03 19:01:09 - [MESSAGE][PASSED] - Call Test Case 'Test Cases/Pages/Edit Product/Edit Deskripsi Produk' successfully

2023-07-03 19:01:09 - [TEST_STEP][PASSED] - callTestCase(findTestCase("Pages/Edit Product/Edit Lokasi Produk"), ["lokasiProduk":""], STOP_ON_FAILURE): Call Test Case 'Test Cases/Pages/Edit Product/Edit Lokasi Produk' successfully

2023-07-03 19:01:09 - [TEST_CASE][PASSED] - Test Cases/Pages/Edit Product/Edit Lokasi Produk: Test Cases/Pages/Edit Product/Edit Lokasi Produk

2023-07-03 19:01:09 - [TEST_STEP][PASSED] - setText(findTestObject("Add Product/android.widget.EditText - Lokasi Produk"), lokasiProduk, 0): Text '' has been set to element 'Object Repository/Add Product/android.widget.EditText - Lokasi Produk'

2023-07-03 19:01:09 - [MESSAGE][WARNING] - Timeout '0' is invalid. Using default page load timeout: '30'

2023-07-03 19:01:11 - [MESSAGE][PASSED] - Text '' has been set to element 'Object Repository/Add Product/android.widget.EditText - Lokasi Produk'

2023-07-03 19:01:11 - [MESSAGE][PASSED] - Call Test Case 'Test Cases/Pages/Edit Product/Edit Lokasi Produk' successfully

2023-07-03 19:01:11 - [TEST_STEP][PASSED] - callTestCase(findTestCase("Pages/Edit Product/Tap Terbitkan Button"), [:], STOP_ON_FAILURE): Call Test Case 'Test Cases/Pages/Edit Product/Tap Terbitkan Button' successfully

2023-07-03 19:01:11 - [TEST_CASE][PASSED] - Test Cases/Pages/Edit Product/Tap Terbitkan Button: Test Cases/Pages/Edit Product/Tap Terbitkan Button

2023-07-03 19:01:11 - [TEST_STEP][PASSED] - tap(findTestObject("Add Product/android.widget.Button - Terbitkan"), 0): Tapped on element 'Object Repository/Add Product/android.widget.Button - Terbitkan'

2023-07-03 19:01:11 - [MESSAGE][WARNING] - Timeout '0' is invalid. Using default page load timeout: '30'

2023-07-03 19:01:12 - [MESSAGE][PASSED] - Tapped on element 'Object Repository/Add Product/android.widget.Button - Terbitkan'

2023-07-03 19:01:12 - [MESSAGE][PASSED] - Call Test Case 'Test Cases/Pages/Edit Product/Tap Terbitkan Button' successfully

2023-07-03 19:01:12 - [TEST_STEP][PASSED] - callTestCase(findTestCase("Pages/Edit Product/Verify Error Message - Lokasi Produk"), [:], STOP_ON_FAILURE): Call Test Case 'Test Cases/Pages/Edit Product/Verify Error Message - Lokasi Produk' successfully

2023-07-03 19:01:12 - [TEST_CASE][PASSED] - Test Cases/Pages/Edit Product/Verify Error Message - Lokasi Produk: Test Cases/Pages/Edit Product/Verify Error Message - Lokasi Produk

2023-07-03 19:01:12 - [TEST_STEP][PASSED] - verifyElementVisible(findTestObject("Add Product/android.widget.TextView - Text Error Empty Input"), 0): Element 'Object Repository/Add Product/android.widget.TextView - Text Error Empty Input' is visible

2023-07-03 19:01:12 - [MESSAGE][WARNING] - Timeout '0' is invalid. Using default page load timeout: '30'

2023-07-03 19:01:13 - [MESSAGE][PASSED] - Element 'Object Repository/Add Product/android.widget.TextView - Text Error Empty Input' is visible

2023-07-03 19:01:13 - [TEST_STEP][PASSED] - verifyMatch(getText(findTestObject("Add Product/android.widget.TextView - Text Error Empty Input"), 0), "Lokasi tidak boleh kosong", false): Actual text 'Lokasi tidak boleh kosong' and expected text 'Lokasi tidak boleh kosong' are matched 

2023-07-03 19:01:13 - [MESSAGE][WARNING] - Timeout '0' is invalid. Using default page load timeout: '30'

2023-07-03 19:01:13 - [MESSAGE][PASSED] - Text of element 'Object Repository/Add Product/android.widget.TextView - Text Error Empty Input' is: 'Lokasi tidak boleh kosong'

2023-07-03 19:01:13 - [MESSAGE][PASSED] - Actual text 'Lokasi tidak boleh kosong' and expected text 'Lokasi tidak boleh kosong' are matched 

2023-07-03 19:01:13 - [MESSAGE][PASSED] - Call Test Case 'Test Cases/Pages/Edit Product/Verify Error Message - Lokasi Produk' successfully

2023-07-03 19:01:13 - [TEST_STEP][PASSED] - Start listener action : afterTestCase: Close app successfully

2023-07-03 19:01:13 - [TEST_STEP][PASSED] - logInfo("Test Case: " + testCaseContext.getTestCaseId() + " | Status: " + testCaseContext.getTestCaseStatus()): Test Case: Test Cases/Step Definition/Feature Edit Product/EPD05 - Edit Product with Empty Lokasi Produk | Status: PASSED

2023-07-03 19:01:13 - [MESSAGE][INFO] - Test Case: Test Cases/Step Definition/Feature Edit Product/EPD05 - Edit Product with Empty Lokasi Produk | Status: PASSED

2023-07-03 19:01:13 - [TEST_STEP][PASSED] - closeApplication(): Close app successfully

2023-07-03 19:01:13 - [MESSAGE][PASSED] - Close app successfully]]></system-out>
         <system-err><![CDATA[]]></system-err>
      </testcase>
      <testcase name="Test Cases/Step Definition/Feature Edit Product/EPD06 - Edit Product with Empty Deskripsi Produk" time="37.981" classname="Test Cases/Step Definition/Feature Edit Product/EPD06 - Edit Product with Empty Deskripsi Produk" status="PASSED">
         <system-out><![CDATA[2023-07-03 19:01:13 - [TEST_CASE][PASSED] - Test Cases/Step Definition/Feature Edit Product/EPD06 - Edit Product with Empty Deskripsi Produk: Test Cases/Step Definition/Feature Edit Product/EPD06 - Edit Product with Empty Deskripsi Produk

2023-07-03 19:01:13 - [TEST_STEP][PASSED] - Start listener action : beforeTestCase: Started app at: 'E:\GitRepo\Katalon\binarqa-group1-app\Apk\app-release-second-hand-gcp.apk'

2023-07-03 19:01:13 - [TEST_STEP][PASSED] - logInfo("Test Case: " + testCaseContext.getTestCaseId()): Test Case: Test Cases/Step Definition/Feature Edit Product/EPD06 - Edit Product with Empty Deskripsi Produk

2023-07-03 19:01:13 - [MESSAGE][INFO] - Test Case: Test Cases/Step Definition/Feature Edit Product/EPD06 - Edit Product with Empty Deskripsi Produk

2023-07-03 19:01:13 - [TEST_STEP][PASSED] - launchApp(): null

2023-07-03 19:01:13 - [TEST_STEP][PASSED] - startApplication(System.getProperty("user.dir") + "\Apk\app-release-second-hand-gcp.apk", false): Started app at: 'E:\GitRepo\Katalon\binarqa-group1-app\Apk\app-release-second-hand-gcp.apk'

2023-07-03 19:01:13 - [MESSAGE][INFO] - User set preference: ['appWaitActivity', '*']

2023-07-03 19:01:13 - [MESSAGE][INFO] - User set preference: ['appWaitforLaunch', 'false']

2023-07-03 19:01:13 - [MESSAGE][INFO] - User set preference: ['noReset', 'true']

2023-07-03 19:01:13 - [MESSAGE][INFO] - User set preference: ['ignoreHiddenApiPolicyError', 'true']

2023-07-03 19:01:13 - [MESSAGE][INFO] - User set preference: ['deviceId', '']

2023-07-03 19:01:13 - [MESSAGE][INFO] - Detected NodeJS location: "C:\Program Files\nodejs\node.exe"

2023-07-03 19:01:15 - [MESSAGE][INFO] - Appium server started on port 51,530

2023-07-03 19:01:23 - [MESSAGE][PASSED] - Started app at: 'E:\GitRepo\Katalon\binarqa-group1-app\Apk\app-release-second-hand-gcp.apk'

2023-07-03 19:01:24 - [TEST_STEP][PASSED] - try: Call Test Case 'Test Cases/Pages/Homepage/Verify Already Logged In' successfully

2023-07-03 19:01:24 - [TEST_STEP][PASSED] - callTestCase(findTestCase("Pages/Homepage/Verify Already Logged In"), [:], STOP_ON_FAILURE): Call Test Case 'Test Cases/Pages/Homepage/Verify Already Logged In' successfully

2023-07-03 19:01:24 - [TEST_CASE][PASSED] - Test Cases/Pages/Homepage/Verify Already Logged In: Test Cases/Pages/Homepage/Verify Already Logged In

2023-07-03 19:01:24 - [TEST_STEP][PASSED] - tap(findTestObject("Navbar/android.widget.FrameLayout - Navbar Akun"), 0): Tapped on element 'Object Repository/Navbar/android.widget.FrameLayout - Navbar Akun'

2023-07-03 19:01:24 - [MESSAGE][WARNING] - Timeout '0' is invalid. Using default page load timeout: '30'

2023-07-03 19:01:24 - [MESSAGE][PASSED] - Tapped on element 'Object Repository/Navbar/android.widget.FrameLayout - Navbar Akun'

2023-07-03 19:01:24 - [TEST_STEP][PASSED] - verifyElementVisible(findTestObject("Akun/android.widget.ImageView - Profile Photo"), 1): Element 'Object Repository/Akun/android.widget.ImageView - Profile Photo' is visible

2023-07-03 19:01:26 - [MESSAGE][PASSED] - Element 'Object Repository/Akun/android.widget.ImageView - Profile Photo' is visible

2023-07-03 19:01:26 - [TEST_STEP][PASSED] - verifyElementVisible(findTestObject("Akun/android.widget.TextView - Email"), 1): Element 'Object Repository/Akun/android.widget.TextView - Email' is visible

2023-07-03 19:01:26 - [MESSAGE][PASSED] - Element 'Object Repository/Akun/android.widget.TextView - Email' is visible

2023-07-03 19:01:26 - [TEST_STEP][PASSED] - verifyElementVisible(findTestObject("Akun/android.widget.TextView - Nama"), 1): Element 'Object Repository/Akun/android.widget.TextView - Nama' is visible

2023-07-03 19:01:26 - [MESSAGE][PASSED] - Element 'Object Repository/Akun/android.widget.TextView - Nama' is visible

2023-07-03 19:01:26 - [TEST_STEP][PASSED] - verifyElementVisible(findTestObject("Akun/android.widget.TextView - Nomor HP"), 1): Element 'Object Repository/Akun/android.widget.TextView - Nomor HP' is visible

2023-07-03 19:01:26 - [MESSAGE][PASSED] - Element 'Object Repository/Akun/android.widget.TextView - Nomor HP' is visible

2023-07-03 19:01:26 - [TEST_STEP][PASSED] - verifyElementVisible(findTestObject("Akun/android.widget.ImageView - Profile Photo"), 1): Element 'Object Repository/Akun/android.widget.ImageView - Profile Photo' is visible

2023-07-03 19:01:27 - [MESSAGE][PASSED] - Element 'Object Repository/Akun/android.widget.ImageView - Profile Photo' is visible

2023-07-03 19:01:27 - [TEST_STEP][PASSED] - verifyElementVisible(findTestObject("Akun/android.view.ViewGroup - Logout"), 1): Element 'Object Repository/Akun/android.view.ViewGroup - Logout' is visible

2023-07-03 19:01:27 - [MESSAGE][PASSED] - Element 'Object Repository/Akun/android.view.ViewGroup - Logout' is visible

2023-07-03 19:01:27 - [TEST_STEP][PASSED] - pressBack(): Press back button successfully

2023-07-03 19:01:27 - [MESSAGE][PASSED] - Press back button successfully

2023-07-03 19:01:27 - [MESSAGE][PASSED] - Call Test Case 'Test Cases/Pages/Homepage/Verify Already Logged In' successfully

2023-07-03 19:01:27 - [TEST_STEP][PASSED] - callTestCase(findTestCase("Pages/Navbar/Tap Akun"), [:], STOP_ON_FAILURE): Call Test Case 'Test Cases/Pages/Navbar/Tap Akun' successfully

2023-07-03 19:01:27 - [TEST_CASE][PASSED] - Test Cases/Pages/Navbar/Tap Akun: Test Cases/Pages/Navbar/Tap Akun

2023-07-03 19:01:27 - [TEST_STEP][PASSED] - tap(findTestObject("Navbar/android.widget.FrameLayout - Navbar Akun"), 0): Tapped on element 'Object Repository/Navbar/android.widget.FrameLayout - Navbar Akun'

2023-07-03 19:01:27 - [MESSAGE][WARNING] - Timeout '0' is invalid. Using default page load timeout: '30'

2023-07-03 19:01:28 - [MESSAGE][PASSED] - Tapped on element 'Object Repository/Navbar/android.widget.FrameLayout - Navbar Akun'

2023-07-03 19:01:28 - [MESSAGE][PASSED] - Call Test Case 'Test Cases/Pages/Navbar/Tap Akun' successfully

2023-07-03 19:01:28 - [TEST_STEP][PASSED] - callTestCase(findTestCase("Pages/Akun/Tap Daftar Jual Saya"), [:], STOP_ON_FAILURE): Call Test Case 'Test Cases/Pages/Akun/Tap Daftar Jual Saya' successfully

2023-07-03 19:01:28 - [TEST_CASE][PASSED] - Test Cases/Pages/Akun/Tap Daftar Jual Saya: Test Cases/Pages/Akun/Tap Daftar Jual Saya

2023-07-03 19:01:28 - [TEST_STEP][PASSED] - tap(findTestObject("Akun/android.view.ViewGroup - Daftar Jual Saya"), 0): Tapped on element 'Object Repository/Akun/android.view.ViewGroup - Daftar Jual Saya'

2023-07-03 19:01:28 - [MESSAGE][WARNING] - Timeout '0' is invalid. Using default page load timeout: '30'

2023-07-03 19:01:30 - [MESSAGE][PASSED] - Tapped on element 'Object Repository/Akun/android.view.ViewGroup - Daftar Jual Saya'

2023-07-03 19:01:30 - [MESSAGE][PASSED] - Call Test Case 'Test Cases/Pages/Akun/Tap Daftar Jual Saya' successfully

2023-07-03 19:01:30 - [TEST_STEP][PASSED] - callTestCase(findTestCase("Pages/Daftar Jual Saya/Tap Tab Produk"), [:], STOP_ON_FAILURE): Call Test Case 'Test Cases/Pages/Daftar Jual Saya/Tap Tab Produk' successfully

2023-07-03 19:01:30 - [TEST_CASE][PASSED] - Test Cases/Pages/Daftar Jual Saya/Tap Tab Produk: Test Cases/Pages/Daftar Jual Saya/Tap Tab Produk

2023-07-03 19:01:30 - [TEST_STEP][PASSED] - tap(findTestObject("Daftar Jual Saya/android.widget.LinearLayout - Tab Produk"), 0): Tapped on element 'Object Repository/Daftar Jual Saya/android.widget.LinearLayout - Tab Produk'

2023-07-03 19:01:30 - [MESSAGE][WARNING] - Timeout '0' is invalid. Using default page load timeout: '30'

2023-07-03 19:01:31 - [MESSAGE][PASSED] - Tapped on element 'Object Repository/Daftar Jual Saya/android.widget.LinearLayout - Tab Produk'

2023-07-03 19:01:31 - [MESSAGE][PASSED] - Call Test Case 'Test Cases/Pages/Daftar Jual Saya/Tap Tab Produk' successfully

2023-07-03 19:01:31 - [TEST_STEP][PASSED] - callTestCase(findTestCase("Pages/Edit Product/Verify Product Card Exist"), [:], STOP_ON_FAILURE): Call Test Case 'Test Cases/Pages/Edit Product/Verify Product Card Exist' successfully

2023-07-03 19:01:31 - [TEST_CASE][PASSED] - Test Cases/Pages/Edit Product/Verify Product Card Exist: Test Cases/Pages/Edit Product/Verify Product Card Exist

2023-07-03 19:01:31 - [TEST_STEP][PASSED] - waitForElementPresent(findTestObject("Daftar Jual Saya/androidx.cardview.widget.CardView - First Product Card"), 30): Element 'Object Repository/Daftar Jual Saya/androidx.cardview.widget.CardView - First Product Card' is present

2023-07-03 19:01:32 - [MESSAGE][PASSED] - Element 'Object Repository/Daftar Jual Saya/androidx.cardview.widget.CardView - First Product Card' is present

2023-07-03 19:01:32 - [TEST_STEP][PASSED] - verifyElementVisible(findTestObject("Daftar Jual Saya/androidx.cardview.widget.CardView - First Product Card"), 0): Element 'Object Repository/Daftar Jual Saya/androidx.cardview.widget.CardView - First Product Card' is visible

2023-07-03 19:01:32 - [MESSAGE][WARNING] - Timeout '0' is invalid. Using default page load timeout: '30'

2023-07-03 19:01:32 - [MESSAGE][PASSED] - Element 'Object Repository/Daftar Jual Saya/androidx.cardview.widget.CardView - First Product Card' is visible

2023-07-03 19:01:32 - [TEST_STEP][PASSED] - verifyNotMatch(getText(findTestObject("Daftar Jual Saya/android.widget.TextView - Product Name"), 0), "", false): Actual text 'Baju Keren' and expected text '' are not matched 

2023-07-03 19:01:32 - [MESSAGE][WARNING] - Timeout '0' is invalid. Using default page load timeout: '30'

2023-07-03 19:01:32 - [MESSAGE][PASSED] - Text of element 'Object Repository/Daftar Jual Saya/android.widget.TextView - Product Name' is: 'Baju Keren'

2023-07-03 19:01:32 - [MESSAGE][PASSED] - Actual text 'Baju Keren' and expected text '' are not matched 

2023-07-03 19:01:32 - [MESSAGE][PASSED] - Call Test Case 'Test Cases/Pages/Edit Product/Verify Product Card Exist' successfully

2023-07-03 19:01:32 - [TEST_STEP][PASSED] - callTestCase(findTestCase("Pages/Edit Product/Tap Produk"), [:], STOP_ON_FAILURE): Call Test Case 'Test Cases/Pages/Edit Product/Tap Produk' successfully

2023-07-03 19:01:32 - [TEST_CASE][PASSED] - Test Cases/Pages/Edit Product/Tap Produk: Test Cases/Pages/Edit Product/Tap Produk

2023-07-03 19:01:32 - [TEST_STEP][PASSED] - tap(findTestObject("Daftar Jual Saya/androidx.cardview.widget.CardView - First Product Card"), 0): Tapped on element 'Object Repository/Daftar Jual Saya/androidx.cardview.widget.CardView - First Product Card'

2023-07-03 19:01:33 - [MESSAGE][WARNING] - Timeout '0' is invalid. Using default page load timeout: '30'

2023-07-03 19:01:34 - [MESSAGE][PASSED] - Tapped on element 'Object Repository/Daftar Jual Saya/androidx.cardview.widget.CardView - First Product Card'

2023-07-03 19:01:34 - [MESSAGE][PASSED] - Call Test Case 'Test Cases/Pages/Edit Product/Tap Produk' successfully

2023-07-03 19:01:34 - [TEST_STEP][PASSED] - callTestCase(findTestCase("Pages/Edit Product/Edit Nama Produk"), ["namaProduk":"Produkku"], STOP_ON_FAILURE): Call Test Case 'Test Cases/Pages/Edit Product/Edit Nama Produk' successfully

2023-07-03 19:01:34 - [TEST_CASE][PASSED] - Test Cases/Pages/Edit Product/Edit Nama Produk: Test Cases/Pages/Edit Product/Edit Nama Produk

2023-07-03 19:01:34 - [TEST_STEP][PASSED] - setText(findTestObject("Add Product/android.widget.EditText - Nama Produk"), namaProduk, 0): Text 'Produkku' has been set to element 'Object Repository/Add Product/android.widget.EditText - Nama Produk'

2023-07-03 19:01:34 - [MESSAGE][WARNING] - Timeout '0' is invalid. Using default page load timeout: '30'

2023-07-03 19:01:35 - [MESSAGE][PASSED] - Text 'Produkku' has been set to element 'Object Repository/Add Product/android.widget.EditText - Nama Produk'

2023-07-03 19:01:35 - [MESSAGE][PASSED] - Call Test Case 'Test Cases/Pages/Edit Product/Edit Nama Produk' successfully

2023-07-03 19:01:35 - [TEST_STEP][PASSED] - callTestCase(findTestCase("Pages/Edit Product/Edit Harga Produk"), ["hargaProduk":"50000"], STOP_ON_FAILURE): Call Test Case 'Test Cases/Pages/Edit Product/Edit Harga Produk' successfully

2023-07-03 19:01:35 - [TEST_CASE][PASSED] - Test Cases/Pages/Edit Product/Edit Harga Produk: Test Cases/Pages/Edit Product/Edit Harga Produk

2023-07-03 19:01:35 - [TEST_STEP][PASSED] - setText(findTestObject("Add Product/android.widget.EditText - Harga Produk"), hargaProduk, 0): Text '50000' has been set to element 'Object Repository/Add Product/android.widget.EditText - Harga Produk'

2023-07-03 19:01:35 - [MESSAGE][WARNING] - Timeout '0' is invalid. Using default page load timeout: '30'

2023-07-03 19:01:38 - [MESSAGE][PASSED] - Text '50000' has been set to element 'Object Repository/Add Product/android.widget.EditText - Harga Produk'

2023-07-03 19:01:38 - [MESSAGE][PASSED] - Call Test Case 'Test Cases/Pages/Edit Product/Edit Harga Produk' successfully

2023-07-03 19:01:38 - [TEST_STEP][PASSED] - callTestCase(findTestCase("Pages/Edit Product/Edit Kategori Produk"), ["kategoriProduk":"Elektronik"], STOP_ON_FAILURE): Call Test Case 'Test Cases/Pages/Edit Product/Edit Kategori Produk' successfully

2023-07-03 19:01:38 - [TEST_CASE][PASSED] - Test Cases/Pages/Edit Product/Edit Kategori Produk: Test Cases/Pages/Edit Product/Edit Kategori Produk

2023-07-03 19:01:38 - [TEST_STEP][PASSED] - tap(findTestObject("Add Product/android.view.View - Remove Kategori"), 0): Tapped on element 'Object Repository/Add Product/android.view.View - Remove Kategori'

2023-07-03 19:01:38 - [MESSAGE][WARNING] - Timeout '0' is invalid. Using default page load timeout: '30'

2023-07-03 19:01:40 - [MESSAGE][PASSED] - Tapped on element 'Object Repository/Add Product/android.view.View - Remove Kategori'

2023-07-03 19:01:40 - [TEST_STEP][PASSED] - tap(findTestObject("Add Product/android.widget.Spinner - Pilih Kategori"), 0): Tapped on element 'Object Repository/Add Product/android.widget.Spinner - Pilih Kategori'

2023-07-03 19:01:40 - [MESSAGE][WARNING] - Timeout '0' is invalid. Using default page load timeout: '30'

2023-07-03 19:01:40 - [MESSAGE][PASSED] - Tapped on element 'Object Repository/Add Product/android.widget.Spinner - Pilih Kategori'

2023-07-03 19:01:40 - [TEST_STEP][PASSED] - sendKeys(findTestObject("Add Product/android.widget.Spinner - Pilih Kategori"), kategoriProduk): Send keys 'Elektronik' on test object 'Object Repository/Add Product/android.widget.Spinner - Pilih Kategori' successfully.

2023-07-03 19:01:43 - [MESSAGE][PASSED] - Send keys 'Elektronik' on test object 'Object Repository/Add Product/android.widget.Spinner - Pilih Kategori' successfully.

2023-07-03 19:01:43 - [TEST_STEP][PASSED] - tap(findTestObject("Add Product/Pilih Kategori Pertama"), 0): Tapped on element 'Object Repository/Add Product/Pilih Kategori Pertama'

2023-07-03 19:01:43 - [MESSAGE][WARNING] - Timeout '0' is invalid. Using default page load timeout: '30'

2023-07-03 19:01:44 - [MESSAGE][PASSED] - Tapped on element 'Object Repository/Add Product/Pilih Kategori Pertama'

2023-07-03 19:01:44 - [MESSAGE][PASSED] - Call Test Case 'Test Cases/Pages/Edit Product/Edit Kategori Produk' successfully

2023-07-03 19:01:44 - [TEST_STEP][PASSED] - callTestCase(findTestCase("Pages/Edit Product/Edit Deskripsi Produk"), ["deskripsiProduk":""], STOP_ON_FAILURE): Call Test Case 'Test Cases/Pages/Edit Product/Edit Deskripsi Produk' successfully

2023-07-03 19:01:44 - [TEST_CASE][PASSED] - Test Cases/Pages/Edit Product/Edit Deskripsi Produk: Test Cases/Pages/Edit Product/Edit Deskripsi Produk

2023-07-03 19:01:44 - [TEST_STEP][PASSED] - setText(findTestObject("Add Product/android.widget.EditText - Deskripsi Produk"), deskripsiProduk, 0): Text '' has been set to element 'Object Repository/Add Product/android.widget.EditText - Deskripsi Produk'

2023-07-03 19:01:44 - [MESSAGE][WARNING] - Timeout '0' is invalid. Using default page load timeout: '30'

2023-07-03 19:01:46 - [MESSAGE][PASSED] - Text '' has been set to element 'Object Repository/Add Product/android.widget.EditText - Deskripsi Produk'

2023-07-03 19:01:46 - [MESSAGE][PASSED] - Call Test Case 'Test Cases/Pages/Edit Product/Edit Deskripsi Produk' successfully

2023-07-03 19:01:46 - [TEST_STEP][PASSED] - callTestCase(findTestCase("Pages/Edit Product/Edit Lokasi Produk"), ["lokasiProduk":"Jogja"], STOP_ON_FAILURE): Call Test Case 'Test Cases/Pages/Edit Product/Edit Lokasi Produk' successfully

2023-07-03 19:01:46 - [TEST_CASE][PASSED] - Test Cases/Pages/Edit Product/Edit Lokasi Produk: Test Cases/Pages/Edit Product/Edit Lokasi Produk

2023-07-03 19:01:46 - [TEST_STEP][PASSED] - setText(findTestObject("Add Product/android.widget.EditText - Lokasi Produk"), lokasiProduk, 0): Text 'Jogja' has been set to element 'Object Repository/Add Product/android.widget.EditText - Lokasi Produk'

2023-07-03 19:01:46 - [MESSAGE][WARNING] - Timeout '0' is invalid. Using default page load timeout: '30'

2023-07-03 19:01:48 - [MESSAGE][PASSED] - Text 'Jogja' has been set to element 'Object Repository/Add Product/android.widget.EditText - Lokasi Produk'

2023-07-03 19:01:48 - [MESSAGE][PASSED] - Call Test Case 'Test Cases/Pages/Edit Product/Edit Lokasi Produk' successfully

2023-07-03 19:01:48 - [TEST_STEP][PASSED] - callTestCase(findTestCase("Pages/Edit Product/Tap Terbitkan Button"), [:], STOP_ON_FAILURE): Call Test Case 'Test Cases/Pages/Edit Product/Tap Terbitkan Button' successfully

2023-07-03 19:01:48 - [TEST_CASE][PASSED] - Test Cases/Pages/Edit Product/Tap Terbitkan Button: Test Cases/Pages/Edit Product/Tap Terbitkan Button

2023-07-03 19:01:48 - [TEST_STEP][PASSED] - tap(findTestObject("Add Product/android.widget.Button - Terbitkan"), 0): Tapped on element 'Object Repository/Add Product/android.widget.Button - Terbitkan'

2023-07-03 19:01:48 - [MESSAGE][WARNING] - Timeout '0' is invalid. Using default page load timeout: '30'

2023-07-03 19:01:50 - [MESSAGE][PASSED] - Tapped on element 'Object Repository/Add Product/android.widget.Button - Terbitkan'

2023-07-03 19:01:50 - [MESSAGE][PASSED] - Call Test Case 'Test Cases/Pages/Edit Product/Tap Terbitkan Button' successfully

2023-07-03 19:01:50 - [TEST_STEP][PASSED] - callTestCase(findTestCase("Pages/Edit Product/Verify Error Message - Deskripsi Produk"), [:], STOP_ON_FAILURE): Call Test Case 'Test Cases/Pages/Edit Product/Verify Error Message - Deskripsi Produk' successfully

2023-07-03 19:01:50 - [TEST_CASE][PASSED] - Test Cases/Pages/Edit Product/Verify Error Message - Deskripsi Produk: Test Cases/Pages/Edit Product/Verify Error Message - Deskripsi Produk

2023-07-03 19:01:50 - [TEST_STEP][PASSED] - verifyElementVisible(findTestObject("Add Product/android.widget.TextView - Text Error Empty Input"), 0): Element 'Object Repository/Add Product/android.widget.TextView - Text Error Empty Input' is visible

2023-07-03 19:01:50 - [MESSAGE][WARNING] - Timeout '0' is invalid. Using default page load timeout: '30'

2023-07-03 19:01:50 - [MESSAGE][PASSED] - Element 'Object Repository/Add Product/android.widget.TextView - Text Error Empty Input' is visible

2023-07-03 19:01:50 - [TEST_STEP][PASSED] - verifyMatch(getText(findTestObject("Add Product/android.widget.TextView - Text Error Empty Input"), 0), "Deskripsi produk tidak boleh kosong", false): Actual text 'Deskripsi produk tidak boleh kosong' and expected text 'Deskripsi produk tidak boleh kosong' are matched 

2023-07-03 19:01:50 - [MESSAGE][WARNING] - Timeout '0' is invalid. Using default page load timeout: '30'

2023-07-03 19:01:51 - [MESSAGE][PASSED] - Text of element 'Object Repository/Add Product/android.widget.TextView - Text Error Empty Input' is: 'Deskripsi produk tidak boleh kosong'

2023-07-03 19:01:51 - [MESSAGE][PASSED] - Actual text 'Deskripsi produk tidak boleh kosong' and expected text 'Deskripsi produk tidak boleh kosong' are matched 

2023-07-03 19:01:51 - [MESSAGE][PASSED] - Call Test Case 'Test Cases/Pages/Edit Product/Verify Error Message - Deskripsi Produk' successfully

2023-07-03 19:01:51 - [TEST_STEP][PASSED] - Start listener action : afterTestCase: Close app successfully

2023-07-03 19:01:51 - [TEST_STEP][PASSED] - logInfo("Test Case: " + testCaseContext.getTestCaseId() + " | Status: " + testCaseContext.getTestCaseStatus()): Test Case: Test Cases/Step Definition/Feature Edit Product/EPD06 - Edit Product with Empty Deskripsi Produk | Status: PASSED

2023-07-03 19:01:51 - [MESSAGE][INFO] - Test Case: Test Cases/Step Definition/Feature Edit Product/EPD06 - Edit Product with Empty Deskripsi Produk | Status: PASSED

2023-07-03 19:01:51 - [TEST_STEP][PASSED] - closeApplication(): Close app successfully

2023-07-03 19:01:51 - [MESSAGE][PASSED] - Close app successfully]]></system-out>
         <system-err><![CDATA[]]></system-err>
      </testcase>
      <system-out><![CDATA[2023-07-03 18:58:36 - [TEST_SUITE][PASSED] - Feature Edit Product - Negative Case: Test Cases/Step Definition/Feature Edit Product/EPD06 - Edit Product with Empty Deskripsi Produk]]></system-out>
      <system-err><![CDATA[]]></system-err>
   </testsuite>
</testsuites>
