<?xml version="1.0" encoding="UTF-8"?>
<testsuites name="Feature Register - Negative Case" time="413.969" tests="13" failures="0" errors="0">
   <testsuite name="Feature Register - Negative Case" tests="13" failures="0" errors="0" time="413.969" skipped="0" timestamp="2023-07-03 18:31:23" hostname="ASUS - ASUS-RN911" id="Test Suites/Feature Register - Negative Case">
      <properties>
         <property name="deviceName" value="realme RMX1921 (Android 11)"/>
         <property name="devicePlatform" value=""/>
         <property name="logFolder" value="E:\\GitRepo\\Katalon\\binarqa-group1-app\\Reports\\20230703_183111\\Feature Register - Negative Case\\20230703_183111"/>
         <property name="logFiles" value="E:\\GitRepo\\Katalon\\binarqa-group1-app\\Reports\\20230703_183111\\Feature Register - Negative Case\\20230703_183111\\appium.log, E:\\GitRepo\\Katalon\\binarqa-group1-app\\Reports\\20230703_183111\\Feature Register - Negative Case\\20230703_183111\\execution0.log"/>
         <property name="attachments" value=""/>
         <property name="hostName" value="ASUS - ASUS-RN911"/>
         <property name="os" value="Windows 10 64bit"/>
         <property name="appiumServerStatus" value="{&quot;value&quot;:{&quot;build&quot;:{&quot;version&quot;:&quot;1.22.3&quot;}},&quot;sessionId&quot;:null,&quot;status&quot;:0}"/>
         <property name="katalonVersion" value="8.6.0.208"/>
         <property name="deviceOS" value="Android"/>
         <property name="appiumVersion" value="1.22.3"/>
         <property name="deviceModel" value="RMX1921"/>
         <property name="hostAddress" value="192.168.1.116"/>
         <property name="deviceManufacturer" value="realme"/>
         <property name="deviceId" value="fd03a52e"/>
         <property name="deviceName" value="realme RMX1921 (Android 11)"/>
         <property name="deviceOSVersion" value="11"/>
      </properties>
      <testcase name="Test Cases/Step Definition/Feature Register/REG02 - User register with invalid email" time="29.135" classname="Test Cases/Step Definition/Feature Register/REG02 - User register with invalid email" status="PASSED">
         <system-out><![CDATA[2023-07-03 18:31:34 - [TEST_CASE][PASSED] - Test Cases/Step Definition/Feature Register/REG02 - User register with invalid email: Test Cases/Step Definition/Feature Register/REG02 - User register with invalid email

2023-07-03 18:31:34 - [TEST_STEP][PASSED] - Start listener action : beforeTestCase: Started app at: 'E:\GitRepo\Katalon\binarqa-group1-app\Apk\app-release-second-hand-gcp.apk'

2023-07-03 18:31:34 - [TEST_STEP][PASSED] - logInfo("Test Case: " + testCaseContext.getTestCaseId()): Test Case: Test Cases/Step Definition/Feature Register/REG02 - User register with invalid email

2023-07-03 18:31:34 - [MESSAGE][INFO] - Test Case: Test Cases/Step Definition/Feature Register/REG02 - User register with invalid email

2023-07-03 18:31:34 - [TEST_STEP][PASSED] - launchApp(): null

2023-07-03 18:31:34 - [TEST_STEP][PASSED] - startApplication(System.getProperty("user.dir") + "\Apk\app-release-second-hand-gcp.apk", false): Started app at: 'E:\GitRepo\Katalon\binarqa-group1-app\Apk\app-release-second-hand-gcp.apk'

2023-07-03 18:31:34 - [MESSAGE][INFO] - User set preference: ['appWaitActivity', '*']

2023-07-03 18:31:34 - [MESSAGE][INFO] - User set preference: ['appWaitforLaunch', 'false']

2023-07-03 18:31:34 - [MESSAGE][INFO] - User set preference: ['noReset', 'true']

2023-07-03 18:31:34 - [MESSAGE][INFO] - User set preference: ['ignoreHiddenApiPolicyError', 'true']

2023-07-03 18:31:34 - [MESSAGE][INFO] - User set preference: ['deviceId', '']

2023-07-03 18:31:42 - [MESSAGE][PASSED] - Started app at: 'E:\GitRepo\Katalon\binarqa-group1-app\Apk\app-release-second-hand-gcp.apk'

2023-07-03 18:31:42 - [TEST_STEP][PASSED] - callTestCase(findTestCase("Pages/Navbar/Tap Akun"), [:], STOP_ON_FAILURE): Call Test Case 'Test Cases/Pages/Navbar/Tap Akun' successfully

2023-07-03 18:31:42 - [TEST_CASE][PASSED] - Test Cases/Pages/Navbar/Tap Akun: Test Cases/Pages/Navbar/Tap Akun

2023-07-03 18:31:42 - [TEST_STEP][PASSED] - tap(findTestObject("Navbar/android.widget.FrameLayout - Navbar Akun"), 0): Tapped on element 'Object Repository/Navbar/android.widget.FrameLayout - Navbar Akun'

2023-07-03 18:31:42 - [MESSAGE][WARNING] - Timeout '0' is invalid. Using default page load timeout: '30'

2023-07-03 18:31:43 - [MESSAGE][PASSED] - Tapped on element 'Object Repository/Navbar/android.widget.FrameLayout - Navbar Akun'

2023-07-03 18:31:43 - [MESSAGE][PASSED] - Call Test Case 'Test Cases/Pages/Navbar/Tap Akun' successfully

2023-07-03 18:31:43 - [TEST_STEP][PASSED] - callTestCase(findTestCase("Pages/Akun/Tap Masuk from Akun Page"), [:], STOP_ON_FAILURE): Call Test Case 'Test Cases/Pages/Akun/Tap Masuk from Akun Page' successfully

2023-07-03 18:31:43 - [TEST_CASE][PASSED] - Test Cases/Pages/Akun/Tap Masuk from Akun Page: Test Cases/Pages/Akun/Tap Masuk from Akun Page

2023-07-03 18:31:43 - [TEST_STEP][PASSED] - tap(findTestObject("Akun/android.widget.Button - Masuk from Akun"), 0): Tapped on element 'Object Repository/Akun/android.widget.Button - Masuk from Akun'

2023-07-03 18:31:43 - [MESSAGE][WARNING] - Timeout '0' is invalid. Using default page load timeout: '30'

2023-07-03 18:31:44 - [MESSAGE][PASSED] - Tapped on element 'Object Repository/Akun/android.widget.Button - Masuk from Akun'

2023-07-03 18:31:44 - [MESSAGE][PASSED] - Call Test Case 'Test Cases/Pages/Akun/Tap Masuk from Akun Page' successfully

2023-07-03 18:31:44 - [TEST_STEP][PASSED] - callTestCase(findTestCase("Pages/Register/Tap Daftar from login page"), [:], STOP_ON_FAILURE): Call Test Case 'Test Cases/Pages/Register/Tap Daftar from login page' successfully

2023-07-03 18:31:44 - [TEST_CASE][PASSED] - Test Cases/Pages/Register/Tap Daftar from login page: Test Cases/Pages/Register/Tap Daftar from login page

2023-07-03 18:31:44 - [TEST_STEP][PASSED] - tap(findTestObject("Login/android.widget.TextView - Button Daftar"), 0): Tapped on element 'Object Repository/Login/android.widget.TextView - Button Daftar'

2023-07-03 18:31:44 - [MESSAGE][WARNING] - Timeout '0' is invalid. Using default page load timeout: '30'

2023-07-03 18:31:44 - [MESSAGE][PASSED] - Tapped on element 'Object Repository/Login/android.widget.TextView - Button Daftar'

2023-07-03 18:31:45 - [MESSAGE][PASSED] - Call Test Case 'Test Cases/Pages/Register/Tap Daftar from login page' successfully

2023-07-03 18:31:45 - [TEST_STEP][PASSED] - callTestCase(findTestCase("Pages/Register/Scroll to Text Sudah Punya Akun"), [:], STOP_ON_FAILURE): Call Test Case 'Test Cases/Pages/Register/Scroll to Text Sudah Punya Akun' successfully

2023-07-03 18:31:45 - [TEST_CASE][PASSED] - Test Cases/Pages/Register/Scroll to Text Sudah Punya Akun: Test Cases/Pages/Register/Scroll to Text Sudah Punya Akun

2023-07-03 18:31:45 - [TEST_STEP][PASSED] - scrollToText("Sudah punya akun?"): Scrolling to text 'Sudah punya akun?' successfully

2023-07-03 18:31:48 - [MESSAGE][PASSED] - Scrolling to text 'Sudah punya akun?' successfully

2023-07-03 18:31:48 - [TEST_STEP][PASSED] - itemtext = getText(findTestObject("Register/android.widget.TextView - Sudah punya akun"), 0): Text of element 'Object Repository/Register/android.widget.TextView - Sudah punya akun' is: 'Sudah punya akun?'

2023-07-03 18:31:48 - [MESSAGE][WARNING] - Timeout '0' is invalid. Using default page load timeout: '30'

2023-07-03 18:31:49 - [MESSAGE][PASSED] - Text of element 'Object Repository/Register/android.widget.TextView - Sudah punya akun' is: 'Sudah punya akun?'

2023-07-03 18:31:49 - [TEST_STEP][PASSED] - verifyEqual(itemtext, "Sudah punya akun?"): Actual object 'Sudah punya akun?' and expected object 'Sudah punya akun?' are equal

2023-07-03 18:31:49 - [MESSAGE][PASSED] - Actual object 'Sudah punya akun?' and expected object 'Sudah punya akun?' are equal

2023-07-03 18:31:49 - [MESSAGE][PASSED] - Call Test Case 'Test Cases/Pages/Register/Scroll to Text Sudah Punya Akun' successfully

2023-07-03 18:31:49 - [TEST_STEP][PASSED] - callTestCase(findTestCase("Pages/Register/Verify Content Register Page"), [:], STOP_ON_FAILURE): Call Test Case 'Test Cases/Pages/Register/Verify Content Register Page' successfully

2023-07-03 18:31:49 - [TEST_CASE][PASSED] - Test Cases/Pages/Register/Verify Content Register Page: Test Cases/Pages/Register/Verify Content Register Page

2023-07-03 18:31:49 - [TEST_STEP][PASSED] - verifyElementVisible(findTestObject("Register/android.widget.EditText - Nama"), 0): Element 'Object Repository/Register/android.widget.EditText - Nama' is visible

2023-07-03 18:31:49 - [MESSAGE][WARNING] - Timeout '0' is invalid. Using default page load timeout: '30'

2023-07-03 18:31:50 - [MESSAGE][PASSED] - Element 'Object Repository/Register/android.widget.EditText - Nama' is visible

2023-07-03 18:31:50 - [TEST_STEP][PASSED] - verifyElementVisible(findTestObject("Register/android.widget.EditText - Email"), 0): Element 'Object Repository/Register/android.widget.EditText - Email' is visible

2023-07-03 18:31:50 - [MESSAGE][WARNING] - Timeout '0' is invalid. Using default page load timeout: '30'

2023-07-03 18:31:50 - [MESSAGE][PASSED] - Element 'Object Repository/Register/android.widget.EditText - Email' is visible

2023-07-03 18:31:50 - [TEST_STEP][PASSED] - verifyElementVisible(findTestObject("Register/android.widget.EditText - Password"), 0): Element 'Object Repository/Register/android.widget.EditText - Password' is visible

2023-07-03 18:31:50 - [MESSAGE][WARNING] - Timeout '0' is invalid. Using default page load timeout: '30'

2023-07-03 18:31:50 - [MESSAGE][PASSED] - Element 'Object Repository/Register/android.widget.EditText - Password' is visible

2023-07-03 18:31:50 - [TEST_STEP][PASSED] - verifyElementVisible(findTestObject("Register/android.widget.EditText - Nomor Hp"), 0): Element 'Object Repository/Register/android.widget.EditText - Nomor Hp' is visible

2023-07-03 18:31:50 - [MESSAGE][WARNING] - Timeout '0' is invalid. Using default page load timeout: '30'

2023-07-03 18:31:50 - [MESSAGE][PASSED] - Element 'Object Repository/Register/android.widget.EditText - Nomor Hp' is visible

2023-07-03 18:31:50 - [TEST_STEP][PASSED] - verifyElementVisible(findTestObject("Register/android.widget.EditText - Kota"), 0): Element 'Object Repository/Register/android.widget.EditText - Kota' is visible

2023-07-03 18:31:50 - [MESSAGE][WARNING] - Timeout '0' is invalid. Using default page load timeout: '30'

2023-07-03 18:31:51 - [MESSAGE][PASSED] - Element 'Object Repository/Register/android.widget.EditText - Kota' is visible

2023-07-03 18:31:51 - [TEST_STEP][PASSED] - verifyElementVisible(findTestObject("Register/android.widget.EditText - Alamat"), 0): Element 'Object Repository/Register/android.widget.EditText - Alamat' is visible

2023-07-03 18:31:51 - [MESSAGE][WARNING] - Timeout '0' is invalid. Using default page load timeout: '30'

2023-07-03 18:31:51 - [MESSAGE][PASSED] - Element 'Object Repository/Register/android.widget.EditText - Alamat' is visible

2023-07-03 18:31:51 - [TEST_STEP][PASSED] - verifyElementVisible(findTestObject("Register/android.widget.Button - Button Daftar"), 0): Element 'Object Repository/Register/android.widget.Button - Button Daftar' is visible

2023-07-03 18:31:51 - [MESSAGE][WARNING] - Timeout '0' is invalid. Using default page load timeout: '30'

2023-07-03 18:31:51 - [MESSAGE][PASSED] - Element 'Object Repository/Register/android.widget.Button - Button Daftar' is visible

2023-07-03 18:31:51 - [MESSAGE][PASSED] - Call Test Case 'Test Cases/Pages/Register/Verify Content Register Page' successfully

2023-07-03 18:31:51 - [TEST_STEP][PASSED] - callTestCase(findTestCase("Pages/Register/Input Nama with test data"), ["nama":nama], STOP_ON_FAILURE): Call Test Case 'Test Cases/Pages/Register/Input Nama with test data' successfully

2023-07-03 18:31:51 - [TEST_CASE][PASSED] - Test Cases/Pages/Register/Input Nama with test data: Test Cases/Pages/Register/Input Nama with test data

2023-07-03 18:31:51 - [TEST_STEP][PASSED] - setText(findTestObject("Register/android.widget.EditText - Nama"), nama, 0): Text 'registered email' has been set to element 'Object Repository/Register/android.widget.EditText - Nama'

2023-07-03 18:31:51 - [MESSAGE][WARNING] - Timeout '0' is invalid. Using default page load timeout: '30'

2023-07-03 18:31:53 - [MESSAGE][PASSED] - Text 'registered email' has been set to element 'Object Repository/Register/android.widget.EditText - Nama'

2023-07-03 18:31:53 - [MESSAGE][PASSED] - Call Test Case 'Test Cases/Pages/Register/Input Nama with test data' successfully

2023-07-03 18:31:53 - [TEST_STEP][PASSED] - callTestCase(findTestCase("Pages/Register/Input Email with test data"), ["email":email], STOP_ON_FAILURE): Call Test Case 'Test Cases/Pages/Register/Input Email with test data' successfully

2023-07-03 18:31:53 - [TEST_CASE][PASSED] - Test Cases/Pages/Register/Input Email with test data: Test Cases/Pages/Register/Input Email with test data

2023-07-03 18:31:53 - [TEST_STEP][PASSED] - setText(findTestObject("Register/android.widget.EditText - Email"), email, 0): Text 'groupsatu@gmail.com' has been set to element 'Object Repository/Register/android.widget.EditText - Email'

2023-07-03 18:31:53 - [MESSAGE][WARNING] - Timeout '0' is invalid. Using default page load timeout: '30'

2023-07-03 18:31:54 - [MESSAGE][PASSED] - Text 'groupsatu@gmail.com' has been set to element 'Object Repository/Register/android.widget.EditText - Email'

2023-07-03 18:31:54 - [MESSAGE][PASSED] - Call Test Case 'Test Cases/Pages/Register/Input Email with test data' successfully

2023-07-03 18:31:54 - [TEST_STEP][PASSED] - callTestCase(findTestCase("Pages/Register/Input Password"), ["password":password], STOP_ON_FAILURE): Call Test Case 'Test Cases/Pages/Register/Input Password' successfully

2023-07-03 18:31:54 - [TEST_CASE][PASSED] - Test Cases/Pages/Register/Input Password: Test Cases/Pages/Register/Input Password

2023-07-03 18:31:54 - [TEST_STEP][PASSED] - setText(findTestObject("Register/android.widget.EditText - Password"), password, 0): Text 'abc!12345' has been set to element 'Object Repository/Register/android.widget.EditText - Password'

2023-07-03 18:31:55 - [MESSAGE][WARNING] - Timeout '0' is invalid. Using default page load timeout: '30'

2023-07-03 18:31:56 - [MESSAGE][PASSED] - Text 'abc!12345' has been set to element 'Object Repository/Register/android.widget.EditText - Password'

2023-07-03 18:31:56 - [MESSAGE][PASSED] - Call Test Case 'Test Cases/Pages/Register/Input Password' successfully

2023-07-03 18:31:56 - [TEST_STEP][PASSED] - callTestCase(findTestCase("Pages/Register/Input Nomor Hp"), ["nomor_hp":nomor_hp], STOP_ON_FAILURE): Call Test Case 'Test Cases/Pages/Register/Input Nomor Hp' successfully

2023-07-03 18:31:56 - [TEST_CASE][PASSED] - Test Cases/Pages/Register/Input Nomor Hp: Test Cases/Pages/Register/Input Nomor Hp

2023-07-03 18:31:56 - [TEST_STEP][PASSED] - setText(findTestObject("Register/android.widget.EditText - Nomor Hp"), nomor_hp, 0): Text '088811223344' has been set to element 'Object Repository/Register/android.widget.EditText - Nomor Hp'

2023-07-03 18:31:56 - [MESSAGE][WARNING] - Timeout '0' is invalid. Using default page load timeout: '30'

2023-07-03 18:31:57 - [MESSAGE][PASSED] - Text '088811223344' has been set to element 'Object Repository/Register/android.widget.EditText - Nomor Hp'

2023-07-03 18:31:57 - [MESSAGE][PASSED] - Call Test Case 'Test Cases/Pages/Register/Input Nomor Hp' successfully

2023-07-03 18:31:57 - [TEST_STEP][PASSED] - callTestCase(findTestCase("Pages/Register/Input Kota"), ["kota":kota], STOP_ON_FAILURE): Call Test Case 'Test Cases/Pages/Register/Input Kota' successfully

2023-07-03 18:31:57 - [TEST_CASE][PASSED] - Test Cases/Pages/Register/Input Kota: Test Cases/Pages/Register/Input Kota

2023-07-03 18:31:57 - [TEST_STEP][PASSED] - setText(findTestObject("Register/android.widget.EditText - Kota"), kota, 0): Text 'Surabaya' has been set to element 'Object Repository/Register/android.widget.EditText - Kota'

2023-07-03 18:31:57 - [MESSAGE][WARNING] - Timeout '0' is invalid. Using default page load timeout: '30'

2023-07-03 18:31:58 - [MESSAGE][PASSED] - Text 'Surabaya' has been set to element 'Object Repository/Register/android.widget.EditText - Kota'

2023-07-03 18:31:58 - [MESSAGE][PASSED] - Call Test Case 'Test Cases/Pages/Register/Input Kota' successfully

2023-07-03 18:31:58 - [TEST_STEP][PASSED] - callTestCase(findTestCase("Pages/Register/Input Alamat"), ["alamat":alamat], STOP_ON_FAILURE): Call Test Case 'Test Cases/Pages/Register/Input Alamat' successfully

2023-07-03 18:31:58 - [TEST_CASE][PASSED] - Test Cases/Pages/Register/Input Alamat: Test Cases/Pages/Register/Input Alamat

2023-07-03 18:31:58 - [TEST_STEP][PASSED] - setText(findTestObject("Register/android.widget.EditText - Alamat"), alamat, 0): Text 'Jln. Raya 123' has been set to element 'Object Repository/Register/android.widget.EditText - Alamat'

2023-07-03 18:31:58 - [MESSAGE][WARNING] - Timeout '0' is invalid. Using default page load timeout: '30'

2023-07-03 18:32:00 - [MESSAGE][PASSED] - Text 'Jln. Raya 123' has been set to element 'Object Repository/Register/android.widget.EditText - Alamat'

2023-07-03 18:32:00 - [MESSAGE][PASSED] - Call Test Case 'Test Cases/Pages/Register/Input Alamat' successfully

2023-07-03 18:32:00 - [TEST_STEP][PASSED] - callTestCase(findTestCase("Pages/Register/Tap Button Daftar"), [:], STOP_ON_FAILURE): Call Test Case 'Test Cases/Pages/Register/Tap Button Daftar' successfully

2023-07-03 18:32:00 - [TEST_CASE][PASSED] - Test Cases/Pages/Register/Tap Button Daftar: Test Cases/Pages/Register/Tap Button Daftar

2023-07-03 18:32:00 - [TEST_STEP][PASSED] - tap(findTestObject("Register/android.widget.Button - Button Daftar"), 0): Tapped on element 'Object Repository/Register/android.widget.Button - Button Daftar'

2023-07-03 18:32:00 - [MESSAGE][WARNING] - Timeout '0' is invalid. Using default page load timeout: '30'

2023-07-03 18:32:02 - [MESSAGE][PASSED] - Tapped on element 'Object Repository/Register/android.widget.Button - Button Daftar'

2023-07-03 18:32:02 - [MESSAGE][PASSED] - Call Test Case 'Test Cases/Pages/Register/Tap Button Daftar' successfully

2023-07-03 18:32:02 - [TEST_STEP][PASSED] - callTestCase(findTestCase("Pages/Register/Verify Register with if else"), ["status":status], STOP_ON_FAILURE): Call Test Case 'Test Cases/Pages/Register/Verify Register with if else' successfully

2023-07-03 18:32:02 - [TEST_CASE][PASSED] - Test Cases/Pages/Register/Verify Register with if else: Test Cases/Pages/Register/Verify Register with if else

2023-07-03 18:32:02 - [TEST_STEP][PASSED] - if (status == "success"): null

2023-07-03 18:32:02 - [TEST_STEP][PASSED] - else if (status == "invalid email"): null

2023-07-03 18:32:02 - [TEST_STEP][PASSED] - else if (status == "registered"): Call Test Case 'Test Cases/Pages/Register/Read Error Message/Read Error Msg Registered Email' successfully

2023-07-03 18:32:02 - [TEST_STEP][PASSED] - callTestCase(findTestCase("Pages/Register/Read Error Message/Read Error Msg Registered Email"), ["expected":""], STOP_ON_FAILURE): Call Test Case 'Test Cases/Pages/Register/Read Error Message/Read Error Msg Registered Email' successfully

2023-07-03 18:32:02 - [TEST_CASE][PASSED] - Test Cases/Pages/Register/Read Error Message/Read Error Msg Registered Email: Test Cases/Pages/Register/Read Error Message/Read Error Msg Registered Email

2023-07-03 18:32:02 - [TEST_STEP][PASSED] - waitForElementPresent(findTestObject("Register/registeredemail"), 0): Element 'Object Repository/Register/registeredemail' is present

2023-07-03 18:32:02 - [MESSAGE][WARNING] - Timeout '0' is invalid. Using default page load timeout: '30'

2023-07-03 18:32:03 - [MESSAGE][PASSED] - Element 'Object Repository/Register/registeredemail' is present

2023-07-03 18:32:03 - [MESSAGE][PASSED] - Call Test Case 'Test Cases/Pages/Register/Read Error Message/Read Error Msg Registered Email' successfully

2023-07-03 18:32:03 - [MESSAGE][PASSED] - Call Test Case 'Test Cases/Pages/Register/Verify Register with if else' successfully

2023-07-03 18:32:03 - [TEST_STEP][PASSED] - Start listener action : afterTestCase: Close app successfully

2023-07-03 18:32:03 - [TEST_STEP][PASSED] - logInfo("Test Case: " + testCaseContext.getTestCaseId() + " | Status: " + testCaseContext.getTestCaseStatus()): Test Case: Test Cases/Step Definition/Feature Register/REG02 - User register with invalid email | Status: PASSED

2023-07-03 18:32:03 - [MESSAGE][INFO] - Test Case: Test Cases/Step Definition/Feature Register/REG02 - User register with invalid email | Status: PASSED

2023-07-03 18:32:03 - [TEST_STEP][PASSED] - closeApplication(): Close app successfully

2023-07-03 18:32:04 - [MESSAGE][PASSED] - Close app successfully]]></system-out>
         <system-err><![CDATA[]]></system-err>
      </testcase>
      <testcase name="Test Cases/Step Definition/Feature Register/REG02 - User register with invalid email" time="30.779" classname="Test Cases/Step Definition/Feature Register/REG02 - User register with invalid email" status="PASSED">
         <system-out><![CDATA[2023-07-03 18:32:04 - [TEST_CASE][PASSED] - Test Cases/Step Definition/Feature Register/REG02 - User register with invalid email: Test Cases/Step Definition/Feature Register/REG02 - User register with invalid email

2023-07-03 18:32:04 - [TEST_STEP][PASSED] - Start listener action : beforeTestCase: Started app at: 'E:\GitRepo\Katalon\binarqa-group1-app\Apk\app-release-second-hand-gcp.apk'

2023-07-03 18:32:04 - [TEST_STEP][PASSED] - logInfo("Test Case: " + testCaseContext.getTestCaseId()): Test Case: Test Cases/Step Definition/Feature Register/REG02 - User register with invalid email

2023-07-03 18:32:04 - [MESSAGE][INFO] - Test Case: Test Cases/Step Definition/Feature Register/REG02 - User register with invalid email

2023-07-03 18:32:04 - [TEST_STEP][PASSED] - launchApp(): null

2023-07-03 18:32:04 - [TEST_STEP][PASSED] - startApplication(System.getProperty("user.dir") + "\Apk\app-release-second-hand-gcp.apk", false): Started app at: 'E:\GitRepo\Katalon\binarqa-group1-app\Apk\app-release-second-hand-gcp.apk'

2023-07-03 18:32:04 - [MESSAGE][INFO] - User set preference: ['appWaitActivity', '*']

2023-07-03 18:32:04 - [MESSAGE][INFO] - User set preference: ['appWaitforLaunch', 'false']

2023-07-03 18:32:04 - [MESSAGE][INFO] - User set preference: ['noReset', 'true']

2023-07-03 18:32:04 - [MESSAGE][INFO] - User set preference: ['ignoreHiddenApiPolicyError', 'true']

2023-07-03 18:32:04 - [MESSAGE][INFO] - User set preference: ['deviceId', '']

2023-07-03 18:32:04 - [MESSAGE][INFO] - Detected NodeJS location: "C:\Program Files\nodejs\node.exe"

2023-07-03 18:32:05 - [MESSAGE][INFO] - Appium server started on port 61,359

2023-07-03 18:32:14 - [MESSAGE][PASSED] - Started app at: 'E:\GitRepo\Katalon\binarqa-group1-app\Apk\app-release-second-hand-gcp.apk'

2023-07-03 18:32:14 - [TEST_STEP][PASSED] - callTestCase(findTestCase("Pages/Navbar/Tap Akun"), [:], STOP_ON_FAILURE): Call Test Case 'Test Cases/Pages/Navbar/Tap Akun' successfully

2023-07-03 18:32:14 - [TEST_CASE][PASSED] - Test Cases/Pages/Navbar/Tap Akun: Test Cases/Pages/Navbar/Tap Akun

2023-07-03 18:32:14 - [TEST_STEP][PASSED] - tap(findTestObject("Navbar/android.widget.FrameLayout - Navbar Akun"), 0): Tapped on element 'Object Repository/Navbar/android.widget.FrameLayout - Navbar Akun'

2023-07-03 18:32:14 - [MESSAGE][WARNING] - Timeout '0' is invalid. Using default page load timeout: '30'

2023-07-03 18:32:14 - [MESSAGE][PASSED] - Tapped on element 'Object Repository/Navbar/android.widget.FrameLayout - Navbar Akun'

2023-07-03 18:32:14 - [MESSAGE][PASSED] - Call Test Case 'Test Cases/Pages/Navbar/Tap Akun' successfully

2023-07-03 18:32:14 - [TEST_STEP][PASSED] - callTestCase(findTestCase("Pages/Akun/Tap Masuk from Akun Page"), [:], STOP_ON_FAILURE): Call Test Case 'Test Cases/Pages/Akun/Tap Masuk from Akun Page' successfully

2023-07-03 18:32:14 - [TEST_CASE][PASSED] - Test Cases/Pages/Akun/Tap Masuk from Akun Page: Test Cases/Pages/Akun/Tap Masuk from Akun Page

2023-07-03 18:32:14 - [TEST_STEP][PASSED] - tap(findTestObject("Akun/android.widget.Button - Masuk from Akun"), 0): Tapped on element 'Object Repository/Akun/android.widget.Button - Masuk from Akun'

2023-07-03 18:32:14 - [MESSAGE][WARNING] - Timeout '0' is invalid. Using default page load timeout: '30'

2023-07-03 18:32:15 - [MESSAGE][PASSED] - Tapped on element 'Object Repository/Akun/android.widget.Button - Masuk from Akun'

2023-07-03 18:32:15 - [MESSAGE][PASSED] - Call Test Case 'Test Cases/Pages/Akun/Tap Masuk from Akun Page' successfully

2023-07-03 18:32:15 - [TEST_STEP][PASSED] - callTestCase(findTestCase("Pages/Register/Tap Daftar from login page"), [:], STOP_ON_FAILURE): Call Test Case 'Test Cases/Pages/Register/Tap Daftar from login page' successfully

2023-07-03 18:32:15 - [TEST_CASE][PASSED] - Test Cases/Pages/Register/Tap Daftar from login page: Test Cases/Pages/Register/Tap Daftar from login page

2023-07-03 18:32:15 - [TEST_STEP][PASSED] - tap(findTestObject("Login/android.widget.TextView - Button Daftar"), 0): Tapped on element 'Object Repository/Login/android.widget.TextView - Button Daftar'

2023-07-03 18:32:15 - [MESSAGE][WARNING] - Timeout '0' is invalid. Using default page load timeout: '30'

2023-07-03 18:32:15 - [MESSAGE][PASSED] - Tapped on element 'Object Repository/Login/android.widget.TextView - Button Daftar'

2023-07-03 18:32:15 - [MESSAGE][PASSED] - Call Test Case 'Test Cases/Pages/Register/Tap Daftar from login page' successfully

2023-07-03 18:32:15 - [TEST_STEP][PASSED] - callTestCase(findTestCase("Pages/Register/Scroll to Text Sudah Punya Akun"), [:], STOP_ON_FAILURE): Call Test Case 'Test Cases/Pages/Register/Scroll to Text Sudah Punya Akun' successfully

2023-07-03 18:32:16 - [TEST_CASE][PASSED] - Test Cases/Pages/Register/Scroll to Text Sudah Punya Akun: Test Cases/Pages/Register/Scroll to Text Sudah Punya Akun

2023-07-03 18:32:16 - [TEST_STEP][PASSED] - scrollToText("Sudah punya akun?"): Scrolling to text 'Sudah punya akun?' successfully

2023-07-03 18:32:19 - [MESSAGE][PASSED] - Scrolling to text 'Sudah punya akun?' successfully

2023-07-03 18:32:19 - [TEST_STEP][PASSED] - itemtext = getText(findTestObject("Register/android.widget.TextView - Sudah punya akun"), 0): Text of element 'Object Repository/Register/android.widget.TextView - Sudah punya akun' is: 'Sudah punya akun?'

2023-07-03 18:32:19 - [MESSAGE][WARNING] - Timeout '0' is invalid. Using default page load timeout: '30'

2023-07-03 18:32:19 - [MESSAGE][PASSED] - Text of element 'Object Repository/Register/android.widget.TextView - Sudah punya akun' is: 'Sudah punya akun?'

2023-07-03 18:32:19 - [TEST_STEP][PASSED] - verifyEqual(itemtext, "Sudah punya akun?"): Actual object 'Sudah punya akun?' and expected object 'Sudah punya akun?' are equal

2023-07-03 18:32:19 - [MESSAGE][PASSED] - Actual object 'Sudah punya akun?' and expected object 'Sudah punya akun?' are equal

2023-07-03 18:32:19 - [MESSAGE][PASSED] - Call Test Case 'Test Cases/Pages/Register/Scroll to Text Sudah Punya Akun' successfully

2023-07-03 18:32:19 - [TEST_STEP][PASSED] - callTestCase(findTestCase("Pages/Register/Verify Content Register Page"), [:], STOP_ON_FAILURE): Call Test Case 'Test Cases/Pages/Register/Verify Content Register Page' successfully

2023-07-03 18:32:19 - [TEST_CASE][PASSED] - Test Cases/Pages/Register/Verify Content Register Page: Test Cases/Pages/Register/Verify Content Register Page

2023-07-03 18:32:19 - [TEST_STEP][PASSED] - verifyElementVisible(findTestObject("Register/android.widget.EditText - Nama"), 0): Element 'Object Repository/Register/android.widget.EditText - Nama' is visible

2023-07-03 18:32:19 - [MESSAGE][WARNING] - Timeout '0' is invalid. Using default page load timeout: '30'

2023-07-03 18:32:20 - [MESSAGE][PASSED] - Element 'Object Repository/Register/android.widget.EditText - Nama' is visible

2023-07-03 18:32:20 - [TEST_STEP][PASSED] - verifyElementVisible(findTestObject("Register/android.widget.EditText - Email"), 0): Element 'Object Repository/Register/android.widget.EditText - Email' is visible

2023-07-03 18:32:20 - [MESSAGE][WARNING] - Timeout '0' is invalid. Using default page load timeout: '30'

2023-07-03 18:32:20 - [MESSAGE][PASSED] - Element 'Object Repository/Register/android.widget.EditText - Email' is visible

2023-07-03 18:32:20 - [TEST_STEP][PASSED] - verifyElementVisible(findTestObject("Register/android.widget.EditText - Password"), 0): Element 'Object Repository/Register/android.widget.EditText - Password' is visible

2023-07-03 18:32:20 - [MESSAGE][WARNING] - Timeout '0' is invalid. Using default page load timeout: '30'

2023-07-03 18:32:20 - [MESSAGE][PASSED] - Element 'Object Repository/Register/android.widget.EditText - Password' is visible

2023-07-03 18:32:20 - [TEST_STEP][PASSED] - verifyElementVisible(findTestObject("Register/android.widget.EditText - Nomor Hp"), 0): Element 'Object Repository/Register/android.widget.EditText - Nomor Hp' is visible

2023-07-03 18:32:20 - [MESSAGE][WARNING] - Timeout '0' is invalid. Using default page load timeout: '30'

2023-07-03 18:32:20 - [MESSAGE][PASSED] - Element 'Object Repository/Register/android.widget.EditText - Nomor Hp' is visible

2023-07-03 18:32:20 - [TEST_STEP][PASSED] - verifyElementVisible(findTestObject("Register/android.widget.EditText - Kota"), 0): Element 'Object Repository/Register/android.widget.EditText - Kota' is visible

2023-07-03 18:32:20 - [MESSAGE][WARNING] - Timeout '0' is invalid. Using default page load timeout: '30'

2023-07-03 18:32:21 - [MESSAGE][PASSED] - Element 'Object Repository/Register/android.widget.EditText - Kota' is visible

2023-07-03 18:32:21 - [TEST_STEP][PASSED] - verifyElementVisible(findTestObject("Register/android.widget.EditText - Alamat"), 0): Element 'Object Repository/Register/android.widget.EditText - Alamat' is visible

2023-07-03 18:32:21 - [MESSAGE][WARNING] - Timeout '0' is invalid. Using default page load timeout: '30'

2023-07-03 18:32:21 - [MESSAGE][PASSED] - Element 'Object Repository/Register/android.widget.EditText - Alamat' is visible

2023-07-03 18:32:21 - [TEST_STEP][PASSED] - verifyElementVisible(findTestObject("Register/android.widget.Button - Button Daftar"), 0): Element 'Object Repository/Register/android.widget.Button - Button Daftar' is visible

2023-07-03 18:32:22 - [MESSAGE][WARNING] - Timeout '0' is invalid. Using default page load timeout: '30'

2023-07-03 18:32:22 - [MESSAGE][PASSED] - Element 'Object Repository/Register/android.widget.Button - Button Daftar' is visible

2023-07-03 18:32:22 - [MESSAGE][PASSED] - Call Test Case 'Test Cases/Pages/Register/Verify Content Register Page' successfully

2023-07-03 18:32:22 - [TEST_STEP][PASSED] - callTestCase(findTestCase("Pages/Register/Input Nama with test data"), ["nama":nama], STOP_ON_FAILURE): Call Test Case 'Test Cases/Pages/Register/Input Nama with test data' successfully

2023-07-03 18:32:22 - [TEST_CASE][PASSED] - Test Cases/Pages/Register/Input Nama with test data: Test Cases/Pages/Register/Input Nama with test data

2023-07-03 18:32:22 - [TEST_STEP][PASSED] - setText(findTestObject("Register/android.widget.EditText - Nama"), nama, 0): Text 'without @' has been set to element 'Object Repository/Register/android.widget.EditText - Nama'

2023-07-03 18:32:22 - [MESSAGE][WARNING] - Timeout '0' is invalid. Using default page load timeout: '30'

2023-07-03 18:32:23 - [MESSAGE][PASSED] - Text 'without @' has been set to element 'Object Repository/Register/android.widget.EditText - Nama'

2023-07-03 18:32:23 - [MESSAGE][PASSED] - Call Test Case 'Test Cases/Pages/Register/Input Nama with test data' successfully

2023-07-03 18:32:23 - [TEST_STEP][PASSED] - callTestCase(findTestCase("Pages/Register/Input Email with test data"), ["email":email], STOP_ON_FAILURE): Call Test Case 'Test Cases/Pages/Register/Input Email with test data' successfully

2023-07-03 18:32:23 - [TEST_CASE][PASSED] - Test Cases/Pages/Register/Input Email with test data: Test Cases/Pages/Register/Input Email with test data

2023-07-03 18:32:23 - [TEST_STEP][PASSED] - setText(findTestObject("Register/android.widget.EditText - Email"), email, 0): Text 'groupgmail.com' has been set to element 'Object Repository/Register/android.widget.EditText - Email'

2023-07-03 18:32:23 - [MESSAGE][WARNING] - Timeout '0' is invalid. Using default page load timeout: '30'

2023-07-03 18:32:24 - [MESSAGE][PASSED] - Text 'groupgmail.com' has been set to element 'Object Repository/Register/android.widget.EditText - Email'

2023-07-03 18:32:24 - [MESSAGE][PASSED] - Call Test Case 'Test Cases/Pages/Register/Input Email with test data' successfully

2023-07-03 18:32:24 - [TEST_STEP][PASSED] - callTestCase(findTestCase("Pages/Register/Input Password"), ["password":password], STOP_ON_FAILURE): Call Test Case 'Test Cases/Pages/Register/Input Password' successfully

2023-07-03 18:32:24 - [TEST_CASE][PASSED] - Test Cases/Pages/Register/Input Password: Test Cases/Pages/Register/Input Password

2023-07-03 18:32:24 - [TEST_STEP][PASSED] - setText(findTestObject("Register/android.widget.EditText - Password"), password, 0): Text 'abc!12345' has been set to element 'Object Repository/Register/android.widget.EditText - Password'

2023-07-03 18:32:24 - [MESSAGE][WARNING] - Timeout '0' is invalid. Using default page load timeout: '30'

2023-07-03 18:32:26 - [MESSAGE][PASSED] - Text 'abc!12345' has been set to element 'Object Repository/Register/android.widget.EditText - Password'

2023-07-03 18:32:26 - [MESSAGE][PASSED] - Call Test Case 'Test Cases/Pages/Register/Input Password' successfully

2023-07-03 18:32:26 - [TEST_STEP][PASSED] - callTestCase(findTestCase("Pages/Register/Input Nomor Hp"), ["nomor_hp":nomor_hp], STOP_ON_FAILURE): Call Test Case 'Test Cases/Pages/Register/Input Nomor Hp' successfully

2023-07-03 18:32:26 - [TEST_CASE][PASSED] - Test Cases/Pages/Register/Input Nomor Hp: Test Cases/Pages/Register/Input Nomor Hp

2023-07-03 18:32:26 - [TEST_STEP][PASSED] - setText(findTestObject("Register/android.widget.EditText - Nomor Hp"), nomor_hp, 0): Text '088811223344' has been set to element 'Object Repository/Register/android.widget.EditText - Nomor Hp'

2023-07-03 18:32:26 - [MESSAGE][WARNING] - Timeout '0' is invalid. Using default page load timeout: '30'

2023-07-03 18:32:27 - [MESSAGE][PASSED] - Text '088811223344' has been set to element 'Object Repository/Register/android.widget.EditText - Nomor Hp'

2023-07-03 18:32:27 - [MESSAGE][PASSED] - Call Test Case 'Test Cases/Pages/Register/Input Nomor Hp' successfully

2023-07-03 18:32:27 - [TEST_STEP][PASSED] - callTestCase(findTestCase("Pages/Register/Input Kota"), ["kota":kota], STOP_ON_FAILURE): Call Test Case 'Test Cases/Pages/Register/Input Kota' successfully

2023-07-03 18:32:27 - [TEST_CASE][PASSED] - Test Cases/Pages/Register/Input Kota: Test Cases/Pages/Register/Input Kota

2023-07-03 18:32:27 - [TEST_STEP][PASSED] - setText(findTestObject("Register/android.widget.EditText - Kota"), kota, 0): Text 'Bandung' has been set to element 'Object Repository/Register/android.widget.EditText - Kota'

2023-07-03 18:32:27 - [MESSAGE][WARNING] - Timeout '0' is invalid. Using default page load timeout: '30'

2023-07-03 18:32:30 - [MESSAGE][PASSED] - Text 'Bandung' has been set to element 'Object Repository/Register/android.widget.EditText - Kota'

2023-07-03 18:32:30 - [MESSAGE][PASSED] - Call Test Case 'Test Cases/Pages/Register/Input Kota' successfully

2023-07-03 18:32:30 - [TEST_STEP][PASSED] - callTestCase(findTestCase("Pages/Register/Input Alamat"), ["alamat":alamat], STOP_ON_FAILURE): Call Test Case 'Test Cases/Pages/Register/Input Alamat' successfully

2023-07-03 18:32:30 - [TEST_CASE][PASSED] - Test Cases/Pages/Register/Input Alamat: Test Cases/Pages/Register/Input Alamat

2023-07-03 18:32:30 - [TEST_STEP][PASSED] - setText(findTestObject("Register/android.widget.EditText - Alamat"), alamat, 0): Text 'Jln. Raya 124' has been set to element 'Object Repository/Register/android.widget.EditText - Alamat'

2023-07-03 18:32:30 - [MESSAGE][WARNING] - Timeout '0' is invalid. Using default page load timeout: '30'

2023-07-03 18:32:31 - [MESSAGE][PASSED] - Text 'Jln. Raya 124' has been set to element 'Object Repository/Register/android.widget.EditText - Alamat'

2023-07-03 18:32:31 - [MESSAGE][PASSED] - Call Test Case 'Test Cases/Pages/Register/Input Alamat' successfully

2023-07-03 18:32:31 - [TEST_STEP][PASSED] - callTestCase(findTestCase("Pages/Register/Tap Button Daftar"), [:], STOP_ON_FAILURE): Call Test Case 'Test Cases/Pages/Register/Tap Button Daftar' successfully

2023-07-03 18:32:31 - [TEST_CASE][PASSED] - Test Cases/Pages/Register/Tap Button Daftar: Test Cases/Pages/Register/Tap Button Daftar

2023-07-03 18:32:31 - [TEST_STEP][PASSED] - tap(findTestObject("Register/android.widget.Button - Button Daftar"), 0): Tapped on element 'Object Repository/Register/android.widget.Button - Button Daftar'

2023-07-03 18:32:31 - [MESSAGE][WARNING] - Timeout '0' is invalid. Using default page load timeout: '30'

2023-07-03 18:32:32 - [MESSAGE][PASSED] - Tapped on element 'Object Repository/Register/android.widget.Button - Button Daftar'

2023-07-03 18:32:32 - [MESSAGE][PASSED] - Call Test Case 'Test Cases/Pages/Register/Tap Button Daftar' successfully

2023-07-03 18:32:32 - [TEST_STEP][PASSED] - callTestCase(findTestCase("Pages/Register/Verify Register with if else"), ["status":status], STOP_ON_FAILURE): Call Test Case 'Test Cases/Pages/Register/Verify Register with if else' successfully

2023-07-03 18:32:32 - [TEST_CASE][PASSED] - Test Cases/Pages/Register/Verify Register with if else: Test Cases/Pages/Register/Verify Register with if else

2023-07-03 18:32:32 - [TEST_STEP][PASSED] - if (status == "success"): null

2023-07-03 18:32:32 - [TEST_STEP][PASSED] - else if (status == "invalid email"): Call Test Case 'Test Cases/Pages/Register/Read Error Message/Read Error Msg Invalid Email' successfully

2023-07-03 18:32:32 - [TEST_STEP][PASSED] - callTestCase(findTestCase("Pages/Register/Read Error Message/Read Error Msg Invalid Email"), ["expected":""], STOP_ON_FAILURE): Call Test Case 'Test Cases/Pages/Register/Read Error Message/Read Error Msg Invalid Email' successfully

2023-07-03 18:32:32 - [TEST_CASE][PASSED] - Test Cases/Pages/Register/Read Error Message/Read Error Msg Invalid Email: Test Cases/Pages/Register/Read Error Message/Read Error Msg Invalid Email

2023-07-03 18:32:32 - [TEST_STEP][PASSED] - verifyElementVisible(findTestObject("Register/android.widget.TextView - Email tidak valid"), 0): Element 'Object Repository/Register/android.widget.TextView - Email tidak valid' is visible

2023-07-03 18:32:32 - [MESSAGE][WARNING] - Timeout '0' is invalid. Using default page load timeout: '30'

2023-07-03 18:32:34 - [MESSAGE][PASSED] - Element 'Object Repository/Register/android.widget.TextView - Email tidak valid' is visible

2023-07-03 18:32:34 - [TEST_STEP][PASSED] - invalidemail = getText(findTestObject("Register/android.widget.TextView - Email tidak valid"), 0): Text of element 'Object Repository/Register/android.widget.TextView - Email tidak valid' is: 'Email tidak valid'

2023-07-03 18:32:34 - [MESSAGE][WARNING] - Timeout '0' is invalid. Using default page load timeout: '30'

2023-07-03 18:32:34 - [MESSAGE][PASSED] - Text of element 'Object Repository/Register/android.widget.TextView - Email tidak valid' is: 'Email tidak valid'

2023-07-03 18:32:34 - [TEST_STEP][PASSED] - logInfo(invalidemail): Email tidak valid

2023-07-03 18:32:34 - [MESSAGE][INFO] - Email tidak valid

2023-07-03 18:32:34 - [TEST_STEP][PASSED] - expected = invalidemail: null

2023-07-03 18:32:34 - [TEST_STEP][PASSED] - verifyMatch(invalidemail, expected, false): Actual text 'Email tidak valid' and expected text 'Email tidak valid' are matched 

2023-07-03 18:32:34 - [MESSAGE][PASSED] - Actual text 'Email tidak valid' and expected text 'Email tidak valid' are matched 

2023-07-03 18:32:34 - [MESSAGE][PASSED] - Call Test Case 'Test Cases/Pages/Register/Read Error Message/Read Error Msg Invalid Email' successfully

2023-07-03 18:32:34 - [MESSAGE][PASSED] - Call Test Case 'Test Cases/Pages/Register/Verify Register with if else' successfully

2023-07-03 18:32:34 - [TEST_STEP][PASSED] - Start listener action : afterTestCase: Close app successfully

2023-07-03 18:32:34 - [TEST_STEP][PASSED] - logInfo("Test Case: " + testCaseContext.getTestCaseId() + " | Status: " + testCaseContext.getTestCaseStatus()): Test Case: Test Cases/Step Definition/Feature Register/REG02 - User register with invalid email | Status: PASSED

2023-07-03 18:32:34 - [MESSAGE][INFO] - Test Case: Test Cases/Step Definition/Feature Register/REG02 - User register with invalid email | Status: PASSED

2023-07-03 18:32:34 - [TEST_STEP][PASSED] - closeApplication(): Close app successfully

2023-07-03 18:32:34 - [MESSAGE][PASSED] - Close app successfully]]></system-out>
         <system-err><![CDATA[]]></system-err>
      </testcase>
      <testcase name="Test Cases/Step Definition/Feature Register/REG02 - User register with invalid email" time="30.77" classname="Test Cases/Step Definition/Feature Register/REG02 - User register with invalid email" status="PASSED">
         <system-out><![CDATA[2023-07-03 18:32:34 - [TEST_CASE][PASSED] - Test Cases/Step Definition/Feature Register/REG02 - User register with invalid email: Test Cases/Step Definition/Feature Register/REG02 - User register with invalid email

2023-07-03 18:32:34 - [TEST_STEP][PASSED] - Start listener action : beforeTestCase: Started app at: 'E:\GitRepo\Katalon\binarqa-group1-app\Apk\app-release-second-hand-gcp.apk'

2023-07-03 18:32:34 - [TEST_STEP][PASSED] - logInfo("Test Case: " + testCaseContext.getTestCaseId()): Test Case: Test Cases/Step Definition/Feature Register/REG02 - User register with invalid email

2023-07-03 18:32:34 - [MESSAGE][INFO] - Test Case: Test Cases/Step Definition/Feature Register/REG02 - User register with invalid email

2023-07-03 18:32:34 - [TEST_STEP][PASSED] - launchApp(): null

2023-07-03 18:32:34 - [TEST_STEP][PASSED] - startApplication(System.getProperty("user.dir") + "\Apk\app-release-second-hand-gcp.apk", false): Started app at: 'E:\GitRepo\Katalon\binarqa-group1-app\Apk\app-release-second-hand-gcp.apk'

2023-07-03 18:32:34 - [MESSAGE][INFO] - User set preference: ['appWaitActivity', '*']

2023-07-03 18:32:34 - [MESSAGE][INFO] - User set preference: ['appWaitforLaunch', 'false']

2023-07-03 18:32:34 - [MESSAGE][INFO] - User set preference: ['noReset', 'true']

2023-07-03 18:32:34 - [MESSAGE][INFO] - User set preference: ['ignoreHiddenApiPolicyError', 'true']

2023-07-03 18:32:34 - [MESSAGE][INFO] - User set preference: ['deviceId', '']

2023-07-03 18:32:35 - [MESSAGE][INFO] - Detected NodeJS location: "C:\Program Files\nodejs\node.exe"

2023-07-03 18:32:36 - [MESSAGE][INFO] - Appium server started on port 61,499

2023-07-03 18:32:45 - [MESSAGE][PASSED] - Started app at: 'E:\GitRepo\Katalon\binarqa-group1-app\Apk\app-release-second-hand-gcp.apk'

2023-07-03 18:32:45 - [TEST_STEP][PASSED] - callTestCase(findTestCase("Pages/Navbar/Tap Akun"), [:], STOP_ON_FAILURE): Call Test Case 'Test Cases/Pages/Navbar/Tap Akun' successfully

2023-07-03 18:32:45 - [TEST_CASE][PASSED] - Test Cases/Pages/Navbar/Tap Akun: Test Cases/Pages/Navbar/Tap Akun

2023-07-03 18:32:45 - [TEST_STEP][PASSED] - tap(findTestObject("Navbar/android.widget.FrameLayout - Navbar Akun"), 0): Tapped on element 'Object Repository/Navbar/android.widget.FrameLayout - Navbar Akun'

2023-07-03 18:32:45 - [MESSAGE][WARNING] - Timeout '0' is invalid. Using default page load timeout: '30'

2023-07-03 18:32:45 - [MESSAGE][PASSED] - Tapped on element 'Object Repository/Navbar/android.widget.FrameLayout - Navbar Akun'

2023-07-03 18:32:45 - [MESSAGE][PASSED] - Call Test Case 'Test Cases/Pages/Navbar/Tap Akun' successfully

2023-07-03 18:32:45 - [TEST_STEP][PASSED] - callTestCase(findTestCase("Pages/Akun/Tap Masuk from Akun Page"), [:], STOP_ON_FAILURE): Call Test Case 'Test Cases/Pages/Akun/Tap Masuk from Akun Page' successfully

2023-07-03 18:32:45 - [TEST_CASE][PASSED] - Test Cases/Pages/Akun/Tap Masuk from Akun Page: Test Cases/Pages/Akun/Tap Masuk from Akun Page

2023-07-03 18:32:45 - [TEST_STEP][PASSED] - tap(findTestObject("Akun/android.widget.Button - Masuk from Akun"), 0): Tapped on element 'Object Repository/Akun/android.widget.Button - Masuk from Akun'

2023-07-03 18:32:45 - [MESSAGE][WARNING] - Timeout '0' is invalid. Using default page load timeout: '30'

2023-07-03 18:32:46 - [MESSAGE][PASSED] - Tapped on element 'Object Repository/Akun/android.widget.Button - Masuk from Akun'

2023-07-03 18:32:46 - [MESSAGE][PASSED] - Call Test Case 'Test Cases/Pages/Akun/Tap Masuk from Akun Page' successfully

2023-07-03 18:32:46 - [TEST_STEP][PASSED] - callTestCase(findTestCase("Pages/Register/Tap Daftar from login page"), [:], STOP_ON_FAILURE): Call Test Case 'Test Cases/Pages/Register/Tap Daftar from login page' successfully

2023-07-03 18:32:46 - [TEST_CASE][PASSED] - Test Cases/Pages/Register/Tap Daftar from login page: Test Cases/Pages/Register/Tap Daftar from login page

2023-07-03 18:32:46 - [TEST_STEP][PASSED] - tap(findTestObject("Login/android.widget.TextView - Button Daftar"), 0): Tapped on element 'Object Repository/Login/android.widget.TextView - Button Daftar'

2023-07-03 18:32:46 - [MESSAGE][WARNING] - Timeout '0' is invalid. Using default page load timeout: '30'

2023-07-03 18:32:46 - [MESSAGE][PASSED] - Tapped on element 'Object Repository/Login/android.widget.TextView - Button Daftar'

2023-07-03 18:32:46 - [MESSAGE][PASSED] - Call Test Case 'Test Cases/Pages/Register/Tap Daftar from login page' successfully

2023-07-03 18:32:46 - [TEST_STEP][PASSED] - callTestCase(findTestCase("Pages/Register/Scroll to Text Sudah Punya Akun"), [:], STOP_ON_FAILURE): Call Test Case 'Test Cases/Pages/Register/Scroll to Text Sudah Punya Akun' successfully

2023-07-03 18:32:46 - [TEST_CASE][PASSED] - Test Cases/Pages/Register/Scroll to Text Sudah Punya Akun: Test Cases/Pages/Register/Scroll to Text Sudah Punya Akun

2023-07-03 18:32:46 - [TEST_STEP][PASSED] - scrollToText("Sudah punya akun?"): Scrolling to text 'Sudah punya akun?' successfully

2023-07-03 18:32:50 - [MESSAGE][PASSED] - Scrolling to text 'Sudah punya akun?' successfully

2023-07-03 18:32:50 - [TEST_STEP][PASSED] - itemtext = getText(findTestObject("Register/android.widget.TextView - Sudah punya akun"), 0): Text of element 'Object Repository/Register/android.widget.TextView - Sudah punya akun' is: 'Sudah punya akun?'

2023-07-03 18:32:50 - [MESSAGE][WARNING] - Timeout '0' is invalid. Using default page load timeout: '30'

2023-07-03 18:32:50 - [MESSAGE][PASSED] - Text of element 'Object Repository/Register/android.widget.TextView - Sudah punya akun' is: 'Sudah punya akun?'

2023-07-03 18:32:50 - [TEST_STEP][PASSED] - verifyEqual(itemtext, "Sudah punya akun?"): Actual object 'Sudah punya akun?' and expected object 'Sudah punya akun?' are equal

2023-07-03 18:32:50 - [MESSAGE][PASSED] - Actual object 'Sudah punya akun?' and expected object 'Sudah punya akun?' are equal

2023-07-03 18:32:50 - [MESSAGE][PASSED] - Call Test Case 'Test Cases/Pages/Register/Scroll to Text Sudah Punya Akun' successfully

2023-07-03 18:32:50 - [TEST_STEP][PASSED] - callTestCase(findTestCase("Pages/Register/Verify Content Register Page"), [:], STOP_ON_FAILURE): Call Test Case 'Test Cases/Pages/Register/Verify Content Register Page' successfully

2023-07-03 18:32:50 - [TEST_CASE][PASSED] - Test Cases/Pages/Register/Verify Content Register Page: Test Cases/Pages/Register/Verify Content Register Page

2023-07-03 18:32:50 - [TEST_STEP][PASSED] - verifyElementVisible(findTestObject("Register/android.widget.EditText - Nama"), 0): Element 'Object Repository/Register/android.widget.EditText - Nama' is visible

2023-07-03 18:32:50 - [MESSAGE][WARNING] - Timeout '0' is invalid. Using default page load timeout: '30'

2023-07-03 18:32:50 - [MESSAGE][PASSED] - Element 'Object Repository/Register/android.widget.EditText - Nama' is visible

2023-07-03 18:32:50 - [TEST_STEP][PASSED] - verifyElementVisible(findTestObject("Register/android.widget.EditText - Email"), 0): Element 'Object Repository/Register/android.widget.EditText - Email' is visible

2023-07-03 18:32:50 - [MESSAGE][WARNING] - Timeout '0' is invalid. Using default page load timeout: '30'

2023-07-03 18:32:51 - [MESSAGE][PASSED] - Element 'Object Repository/Register/android.widget.EditText - Email' is visible

2023-07-03 18:32:51 - [TEST_STEP][PASSED] - verifyElementVisible(findTestObject("Register/android.widget.EditText - Password"), 0): Element 'Object Repository/Register/android.widget.EditText - Password' is visible

2023-07-03 18:32:51 - [MESSAGE][WARNING] - Timeout '0' is invalid. Using default page load timeout: '30'

2023-07-03 18:32:51 - [MESSAGE][PASSED] - Element 'Object Repository/Register/android.widget.EditText - Password' is visible

2023-07-03 18:32:51 - [TEST_STEP][PASSED] - verifyElementVisible(findTestObject("Register/android.widget.EditText - Nomor Hp"), 0): Element 'Object Repository/Register/android.widget.EditText - Nomor Hp' is visible

2023-07-03 18:32:51 - [MESSAGE][WARNING] - Timeout '0' is invalid. Using default page load timeout: '30'

2023-07-03 18:32:51 - [MESSAGE][PASSED] - Element 'Object Repository/Register/android.widget.EditText - Nomor Hp' is visible

2023-07-03 18:32:51 - [TEST_STEP][PASSED] - verifyElementVisible(findTestObject("Register/android.widget.EditText - Kota"), 0): Element 'Object Repository/Register/android.widget.EditText - Kota' is visible

2023-07-03 18:32:51 - [MESSAGE][WARNING] - Timeout '0' is invalid. Using default page load timeout: '30'

2023-07-03 18:32:52 - [MESSAGE][PASSED] - Element 'Object Repository/Register/android.widget.EditText - Kota' is visible

2023-07-03 18:32:52 - [TEST_STEP][PASSED] - verifyElementVisible(findTestObject("Register/android.widget.EditText - Alamat"), 0): Element 'Object Repository/Register/android.widget.EditText - Alamat' is visible

2023-07-03 18:32:52 - [MESSAGE][WARNING] - Timeout '0' is invalid. Using default page load timeout: '30'

2023-07-03 18:32:52 - [MESSAGE][PASSED] - Element 'Object Repository/Register/android.widget.EditText - Alamat' is visible

2023-07-03 18:32:52 - [TEST_STEP][PASSED] - verifyElementVisible(findTestObject("Register/android.widget.Button - Button Daftar"), 0): Element 'Object Repository/Register/android.widget.Button - Button Daftar' is visible

2023-07-03 18:32:52 - [MESSAGE][WARNING] - Timeout '0' is invalid. Using default page load timeout: '30'

2023-07-03 18:32:52 - [MESSAGE][PASSED] - Element 'Object Repository/Register/android.widget.Button - Button Daftar' is visible

2023-07-03 18:32:52 - [MESSAGE][PASSED] - Call Test Case 'Test Cases/Pages/Register/Verify Content Register Page' successfully

2023-07-03 18:32:52 - [TEST_STEP][PASSED] - callTestCase(findTestCase("Pages/Register/Input Nama with test data"), ["nama":nama], STOP_ON_FAILURE): Call Test Case 'Test Cases/Pages/Register/Input Nama with test data' successfully

2023-07-03 18:32:52 - [TEST_CASE][PASSED] - Test Cases/Pages/Register/Input Nama with test data: Test Cases/Pages/Register/Input Nama with test data

2023-07-03 18:32:52 - [TEST_STEP][PASSED] - setText(findTestObject("Register/android.widget.EditText - Nama"), nama, 0): Text 'without @' has been set to element 'Object Repository/Register/android.widget.EditText - Nama'

2023-07-03 18:32:52 - [MESSAGE][WARNING] - Timeout '0' is invalid. Using default page load timeout: '30'

2023-07-03 18:32:54 - [MESSAGE][PASSED] - Text 'without @' has been set to element 'Object Repository/Register/android.widget.EditText - Nama'

2023-07-03 18:32:54 - [MESSAGE][PASSED] - Call Test Case 'Test Cases/Pages/Register/Input Nama with test data' successfully

2023-07-03 18:32:54 - [TEST_STEP][PASSED] - callTestCase(findTestCase("Pages/Register/Input Email with test data"), ["email":email], STOP_ON_FAILURE): Call Test Case 'Test Cases/Pages/Register/Input Email with test data' successfully

2023-07-03 18:32:54 - [TEST_CASE][PASSED] - Test Cases/Pages/Register/Input Email with test data: Test Cases/Pages/Register/Input Email with test data

2023-07-03 18:32:54 - [TEST_STEP][PASSED] - setText(findTestObject("Register/android.widget.EditText - Email"), email, 0): Text 'groupsatu' has been set to element 'Object Repository/Register/android.widget.EditText - Email'

2023-07-03 18:32:54 - [MESSAGE][WARNING] - Timeout '0' is invalid. Using default page load timeout: '30'

2023-07-03 18:32:55 - [MESSAGE][PASSED] - Text 'groupsatu' has been set to element 'Object Repository/Register/android.widget.EditText - Email'

2023-07-03 18:32:55 - [MESSAGE][PASSED] - Call Test Case 'Test Cases/Pages/Register/Input Email with test data' successfully

2023-07-03 18:32:55 - [TEST_STEP][PASSED] - callTestCase(findTestCase("Pages/Register/Input Password"), ["password":password], STOP_ON_FAILURE): Call Test Case 'Test Cases/Pages/Register/Input Password' successfully

2023-07-03 18:32:55 - [TEST_CASE][PASSED] - Test Cases/Pages/Register/Input Password: Test Cases/Pages/Register/Input Password

2023-07-03 18:32:55 - [TEST_STEP][PASSED] - setText(findTestObject("Register/android.widget.EditText - Password"), password, 0): Text 'abc!12345' has been set to element 'Object Repository/Register/android.widget.EditText - Password'

2023-07-03 18:32:55 - [MESSAGE][WARNING] - Timeout '0' is invalid. Using default page load timeout: '30'

2023-07-03 18:32:57 - [MESSAGE][PASSED] - Text 'abc!12345' has been set to element 'Object Repository/Register/android.widget.EditText - Password'

2023-07-03 18:32:57 - [MESSAGE][PASSED] - Call Test Case 'Test Cases/Pages/Register/Input Password' successfully

2023-07-03 18:32:57 - [TEST_STEP][PASSED] - callTestCase(findTestCase("Pages/Register/Input Nomor Hp"), ["nomor_hp":nomor_hp], STOP_ON_FAILURE): Call Test Case 'Test Cases/Pages/Register/Input Nomor Hp' successfully

2023-07-03 18:32:57 - [TEST_CASE][PASSED] - Test Cases/Pages/Register/Input Nomor Hp: Test Cases/Pages/Register/Input Nomor Hp

2023-07-03 18:32:57 - [TEST_STEP][PASSED] - setText(findTestObject("Register/android.widget.EditText - Nomor Hp"), nomor_hp, 0): Text '088811223344' has been set to element 'Object Repository/Register/android.widget.EditText - Nomor Hp'

2023-07-03 18:32:57 - [MESSAGE][WARNING] - Timeout '0' is invalid. Using default page load timeout: '30'

2023-07-03 18:32:59 - [MESSAGE][PASSED] - Text '088811223344' has been set to element 'Object Repository/Register/android.widget.EditText - Nomor Hp'

2023-07-03 18:32:59 - [MESSAGE][PASSED] - Call Test Case 'Test Cases/Pages/Register/Input Nomor Hp' successfully

2023-07-03 18:32:59 - [TEST_STEP][PASSED] - callTestCase(findTestCase("Pages/Register/Input Kota"), ["kota":kota], STOP_ON_FAILURE): Call Test Case 'Test Cases/Pages/Register/Input Kota' successfully

2023-07-03 18:32:59 - [TEST_CASE][PASSED] - Test Cases/Pages/Register/Input Kota: Test Cases/Pages/Register/Input Kota

2023-07-03 18:32:59 - [TEST_STEP][PASSED] - setText(findTestObject("Register/android.widget.EditText - Kota"), kota, 0): Text 'Jakarta' has been set to element 'Object Repository/Register/android.widget.EditText - Kota'

2023-07-03 18:32:59 - [MESSAGE][WARNING] - Timeout '0' is invalid. Using default page load timeout: '30'

2023-07-03 18:33:00 - [MESSAGE][PASSED] - Text 'Jakarta' has been set to element 'Object Repository/Register/android.widget.EditText - Kota'

2023-07-03 18:33:00 - [MESSAGE][PASSED] - Call Test Case 'Test Cases/Pages/Register/Input Kota' successfully

2023-07-03 18:33:00 - [TEST_STEP][PASSED] - callTestCase(findTestCase("Pages/Register/Input Alamat"), ["alamat":alamat], STOP_ON_FAILURE): Call Test Case 'Test Cases/Pages/Register/Input Alamat' successfully

2023-07-03 18:33:00 - [TEST_CASE][PASSED] - Test Cases/Pages/Register/Input Alamat: Test Cases/Pages/Register/Input Alamat

2023-07-03 18:33:00 - [TEST_STEP][PASSED] - setText(findTestObject("Register/android.widget.EditText - Alamat"), alamat, 0): Text 'Jln. Raya 125' has been set to element 'Object Repository/Register/android.widget.EditText - Alamat'

2023-07-03 18:33:01 - [MESSAGE][WARNING] - Timeout '0' is invalid. Using default page load timeout: '30'

2023-07-03 18:33:03 - [MESSAGE][PASSED] - Text 'Jln. Raya 125' has been set to element 'Object Repository/Register/android.widget.EditText - Alamat'

2023-07-03 18:33:03 - [MESSAGE][PASSED] - Call Test Case 'Test Cases/Pages/Register/Input Alamat' successfully

2023-07-03 18:33:03 - [TEST_STEP][PASSED] - callTestCase(findTestCase("Pages/Register/Tap Button Daftar"), [:], STOP_ON_FAILURE): Call Test Case 'Test Cases/Pages/Register/Tap Button Daftar' successfully

2023-07-03 18:33:03 - [TEST_CASE][PASSED] - Test Cases/Pages/Register/Tap Button Daftar: Test Cases/Pages/Register/Tap Button Daftar

2023-07-03 18:33:03 - [TEST_STEP][PASSED] - tap(findTestObject("Register/android.widget.Button - Button Daftar"), 0): Tapped on element 'Object Repository/Register/android.widget.Button - Button Daftar'

2023-07-03 18:33:03 - [MESSAGE][WARNING] - Timeout '0' is invalid. Using default page load timeout: '30'

2023-07-03 18:33:03 - [MESSAGE][PASSED] - Tapped on element 'Object Repository/Register/android.widget.Button - Button Daftar'

2023-07-03 18:33:03 - [MESSAGE][PASSED] - Call Test Case 'Test Cases/Pages/Register/Tap Button Daftar' successfully

2023-07-03 18:33:03 - [TEST_STEP][PASSED] - callTestCase(findTestCase("Pages/Register/Verify Register with if else"), ["status":status], STOP_ON_FAILURE): Call Test Case 'Test Cases/Pages/Register/Verify Register with if else' successfully

2023-07-03 18:33:03 - [TEST_CASE][PASSED] - Test Cases/Pages/Register/Verify Register with if else: Test Cases/Pages/Register/Verify Register with if else

2023-07-03 18:33:03 - [TEST_STEP][PASSED] - if (status == "success"): null

2023-07-03 18:33:03 - [TEST_STEP][PASSED] - else if (status == "invalid email"): Call Test Case 'Test Cases/Pages/Register/Read Error Message/Read Error Msg Invalid Email' successfully

2023-07-03 18:33:03 - [TEST_STEP][PASSED] - callTestCase(findTestCase("Pages/Register/Read Error Message/Read Error Msg Invalid Email"), ["expected":""], STOP_ON_FAILURE): Call Test Case 'Test Cases/Pages/Register/Read Error Message/Read Error Msg Invalid Email' successfully

2023-07-03 18:33:03 - [TEST_CASE][PASSED] - Test Cases/Pages/Register/Read Error Message/Read Error Msg Invalid Email: Test Cases/Pages/Register/Read Error Message/Read Error Msg Invalid Email

2023-07-03 18:33:03 - [TEST_STEP][PASSED] - verifyElementVisible(findTestObject("Register/android.widget.TextView - Email tidak valid"), 0): Element 'Object Repository/Register/android.widget.TextView - Email tidak valid' is visible

2023-07-03 18:33:04 - [MESSAGE][WARNING] - Timeout '0' is invalid. Using default page load timeout: '30'

2023-07-03 18:33:04 - [MESSAGE][PASSED] - Element 'Object Repository/Register/android.widget.TextView - Email tidak valid' is visible

2023-07-03 18:33:04 - [TEST_STEP][PASSED] - invalidemail = getText(findTestObject("Register/android.widget.TextView - Email tidak valid"), 0): Text of element 'Object Repository/Register/android.widget.TextView - Email tidak valid' is: 'Email tidak valid'

2023-07-03 18:33:04 - [MESSAGE][WARNING] - Timeout '0' is invalid. Using default page load timeout: '30'

2023-07-03 18:33:05 - [MESSAGE][PASSED] - Text of element 'Object Repository/Register/android.widget.TextView - Email tidak valid' is: 'Email tidak valid'

2023-07-03 18:33:05 - [TEST_STEP][PASSED] - logInfo(invalidemail): Email tidak valid

2023-07-03 18:33:05 - [MESSAGE][INFO] - Email tidak valid

2023-07-03 18:33:05 - [TEST_STEP][PASSED] - expected = invalidemail: null

2023-07-03 18:33:05 - [TEST_STEP][PASSED] - verifyMatch(invalidemail, expected, false): Actual text 'Email tidak valid' and expected text 'Email tidak valid' are matched 

2023-07-03 18:33:05 - [MESSAGE][PASSED] - Actual text 'Email tidak valid' and expected text 'Email tidak valid' are matched 

2023-07-03 18:33:05 - [MESSAGE][PASSED] - Call Test Case 'Test Cases/Pages/Register/Read Error Message/Read Error Msg Invalid Email' successfully

2023-07-03 18:33:05 - [MESSAGE][PASSED] - Call Test Case 'Test Cases/Pages/Register/Verify Register with if else' successfully

2023-07-03 18:33:05 - [TEST_STEP][PASSED] - Start listener action : afterTestCase: Close app successfully

2023-07-03 18:33:05 - [TEST_STEP][PASSED] - logInfo("Test Case: " + testCaseContext.getTestCaseId() + " | Status: " + testCaseContext.getTestCaseStatus()): Test Case: Test Cases/Step Definition/Feature Register/REG02 - User register with invalid email | Status: PASSED

2023-07-03 18:33:05 - [MESSAGE][INFO] - Test Case: Test Cases/Step Definition/Feature Register/REG02 - User register with invalid email | Status: PASSED

2023-07-03 18:33:05 - [TEST_STEP][PASSED] - closeApplication(): Close app successfully

2023-07-03 18:33:05 - [MESSAGE][PASSED] - Close app successfully]]></system-out>
         <system-err><![CDATA[]]></system-err>
      </testcase>
      <testcase name="Test Cases/Step Definition/Feature Register/REG02 - User register with invalid email" time="32.802" classname="Test Cases/Step Definition/Feature Register/REG02 - User register with invalid email" status="PASSED">
         <system-out><![CDATA[2023-07-03 18:33:05 - [TEST_CASE][PASSED] - Test Cases/Step Definition/Feature Register/REG02 - User register with invalid email: Test Cases/Step Definition/Feature Register/REG02 - User register with invalid email

2023-07-03 18:33:05 - [TEST_STEP][PASSED] - Start listener action : beforeTestCase: Started app at: 'E:\GitRepo\Katalon\binarqa-group1-app\Apk\app-release-second-hand-gcp.apk'

2023-07-03 18:33:05 - [TEST_STEP][PASSED] - logInfo("Test Case: " + testCaseContext.getTestCaseId()): Test Case: Test Cases/Step Definition/Feature Register/REG02 - User register with invalid email

2023-07-03 18:33:05 - [MESSAGE][INFO] - Test Case: Test Cases/Step Definition/Feature Register/REG02 - User register with invalid email

2023-07-03 18:33:05 - [TEST_STEP][PASSED] - launchApp(): null

2023-07-03 18:33:05 - [TEST_STEP][PASSED] - startApplication(System.getProperty("user.dir") + "\Apk\app-release-second-hand-gcp.apk", false): Started app at: 'E:\GitRepo\Katalon\binarqa-group1-app\Apk\app-release-second-hand-gcp.apk'

2023-07-03 18:33:05 - [MESSAGE][INFO] - User set preference: ['appWaitActivity', '*']

2023-07-03 18:33:05 - [MESSAGE][INFO] - User set preference: ['appWaitforLaunch', 'false']

2023-07-03 18:33:05 - [MESSAGE][INFO] - User set preference: ['noReset', 'true']

2023-07-03 18:33:05 - [MESSAGE][INFO] - User set preference: ['ignoreHiddenApiPolicyError', 'true']

2023-07-03 18:33:05 - [MESSAGE][INFO] - User set preference: ['deviceId', '']

2023-07-03 18:33:05 - [MESSAGE][INFO] - Detected NodeJS location: "C:\Program Files\nodejs\node.exe"

2023-07-03 18:33:06 - [MESSAGE][INFO] - Appium server started on port 61,643

2023-07-03 18:33:15 - [MESSAGE][PASSED] - Started app at: 'E:\GitRepo\Katalon\binarqa-group1-app\Apk\app-release-second-hand-gcp.apk'

2023-07-03 18:33:15 - [TEST_STEP][PASSED] - callTestCase(findTestCase("Pages/Navbar/Tap Akun"), [:], STOP_ON_FAILURE): Call Test Case 'Test Cases/Pages/Navbar/Tap Akun' successfully

2023-07-03 18:33:15 - [TEST_CASE][PASSED] - Test Cases/Pages/Navbar/Tap Akun: Test Cases/Pages/Navbar/Tap Akun

2023-07-03 18:33:15 - [TEST_STEP][PASSED] - tap(findTestObject("Navbar/android.widget.FrameLayout - Navbar Akun"), 0): Tapped on element 'Object Repository/Navbar/android.widget.FrameLayout - Navbar Akun'

2023-07-03 18:33:15 - [MESSAGE][WARNING] - Timeout '0' is invalid. Using default page load timeout: '30'

2023-07-03 18:33:17 - [MESSAGE][PASSED] - Tapped on element 'Object Repository/Navbar/android.widget.FrameLayout - Navbar Akun'

2023-07-03 18:33:17 - [MESSAGE][PASSED] - Call Test Case 'Test Cases/Pages/Navbar/Tap Akun' successfully

2023-07-03 18:33:17 - [TEST_STEP][PASSED] - callTestCase(findTestCase("Pages/Akun/Tap Masuk from Akun Page"), [:], STOP_ON_FAILURE): Call Test Case 'Test Cases/Pages/Akun/Tap Masuk from Akun Page' successfully

2023-07-03 18:33:18 - [TEST_CASE][PASSED] - Test Cases/Pages/Akun/Tap Masuk from Akun Page: Test Cases/Pages/Akun/Tap Masuk from Akun Page

2023-07-03 18:33:18 - [TEST_STEP][PASSED] - tap(findTestObject("Akun/android.widget.Button - Masuk from Akun"), 0): Tapped on element 'Object Repository/Akun/android.widget.Button - Masuk from Akun'

2023-07-03 18:33:18 - [MESSAGE][WARNING] - Timeout '0' is invalid. Using default page load timeout: '30'

2023-07-03 18:33:18 - [MESSAGE][PASSED] - Tapped on element 'Object Repository/Akun/android.widget.Button - Masuk from Akun'

2023-07-03 18:33:18 - [MESSAGE][PASSED] - Call Test Case 'Test Cases/Pages/Akun/Tap Masuk from Akun Page' successfully

2023-07-03 18:33:18 - [TEST_STEP][PASSED] - callTestCase(findTestCase("Pages/Register/Tap Daftar from login page"), [:], STOP_ON_FAILURE): Call Test Case 'Test Cases/Pages/Register/Tap Daftar from login page' successfully

2023-07-03 18:33:18 - [TEST_CASE][PASSED] - Test Cases/Pages/Register/Tap Daftar from login page: Test Cases/Pages/Register/Tap Daftar from login page

2023-07-03 18:33:18 - [TEST_STEP][PASSED] - tap(findTestObject("Login/android.widget.TextView - Button Daftar"), 0): Tapped on element 'Object Repository/Login/android.widget.TextView - Button Daftar'

2023-07-03 18:33:18 - [MESSAGE][WARNING] - Timeout '0' is invalid. Using default page load timeout: '30'

2023-07-03 18:33:19 - [MESSAGE][PASSED] - Tapped on element 'Object Repository/Login/android.widget.TextView - Button Daftar'

2023-07-03 18:33:19 - [MESSAGE][PASSED] - Call Test Case 'Test Cases/Pages/Register/Tap Daftar from login page' successfully

2023-07-03 18:33:19 - [TEST_STEP][PASSED] - callTestCase(findTestCase("Pages/Register/Scroll to Text Sudah Punya Akun"), [:], STOP_ON_FAILURE): Call Test Case 'Test Cases/Pages/Register/Scroll to Text Sudah Punya Akun' successfully

2023-07-03 18:33:19 - [TEST_CASE][PASSED] - Test Cases/Pages/Register/Scroll to Text Sudah Punya Akun: Test Cases/Pages/Register/Scroll to Text Sudah Punya Akun

2023-07-03 18:33:19 - [TEST_STEP][PASSED] - scrollToText("Sudah punya akun?"): Scrolling to text 'Sudah punya akun?' successfully

2023-07-03 18:33:22 - [MESSAGE][PASSED] - Scrolling to text 'Sudah punya akun?' successfully

2023-07-03 18:33:22 - [TEST_STEP][PASSED] - itemtext = getText(findTestObject("Register/android.widget.TextView - Sudah punya akun"), 0): Text of element 'Object Repository/Register/android.widget.TextView - Sudah punya akun' is: 'Sudah punya akun?'

2023-07-03 18:33:22 - [MESSAGE][WARNING] - Timeout '0' is invalid. Using default page load timeout: '30'

2023-07-03 18:33:22 - [MESSAGE][PASSED] - Text of element 'Object Repository/Register/android.widget.TextView - Sudah punya akun' is: 'Sudah punya akun?'

2023-07-03 18:33:22 - [TEST_STEP][PASSED] - verifyEqual(itemtext, "Sudah punya akun?"): Actual object 'Sudah punya akun?' and expected object 'Sudah punya akun?' are equal

2023-07-03 18:33:22 - [MESSAGE][PASSED] - Actual object 'Sudah punya akun?' and expected object 'Sudah punya akun?' are equal

2023-07-03 18:33:22 - [MESSAGE][PASSED] - Call Test Case 'Test Cases/Pages/Register/Scroll to Text Sudah Punya Akun' successfully

2023-07-03 18:33:22 - [TEST_STEP][PASSED] - callTestCase(findTestCase("Pages/Register/Verify Content Register Page"), [:], STOP_ON_FAILURE): Call Test Case 'Test Cases/Pages/Register/Verify Content Register Page' successfully

2023-07-03 18:33:22 - [TEST_CASE][PASSED] - Test Cases/Pages/Register/Verify Content Register Page: Test Cases/Pages/Register/Verify Content Register Page

2023-07-03 18:33:22 - [TEST_STEP][PASSED] - verifyElementVisible(findTestObject("Register/android.widget.EditText - Nama"), 0): Element 'Object Repository/Register/android.widget.EditText - Nama' is visible

2023-07-03 18:33:23 - [MESSAGE][WARNING] - Timeout '0' is invalid. Using default page load timeout: '30'

2023-07-03 18:33:23 - [MESSAGE][PASSED] - Element 'Object Repository/Register/android.widget.EditText - Nama' is visible

2023-07-03 18:33:23 - [TEST_STEP][PASSED] - verifyElementVisible(findTestObject("Register/android.widget.EditText - Email"), 0): Element 'Object Repository/Register/android.widget.EditText - Email' is visible

2023-07-03 18:33:23 - [MESSAGE][WARNING] - Timeout '0' is invalid. Using default page load timeout: '30'

2023-07-03 18:33:23 - [MESSAGE][PASSED] - Element 'Object Repository/Register/android.widget.EditText - Email' is visible

2023-07-03 18:33:23 - [TEST_STEP][PASSED] - verifyElementVisible(findTestObject("Register/android.widget.EditText - Password"), 0): Element 'Object Repository/Register/android.widget.EditText - Password' is visible

2023-07-03 18:33:23 - [MESSAGE][WARNING] - Timeout '0' is invalid. Using default page load timeout: '30'

2023-07-03 18:33:23 - [MESSAGE][PASSED] - Element 'Object Repository/Register/android.widget.EditText - Password' is visible

2023-07-03 18:33:23 - [TEST_STEP][PASSED] - verifyElementVisible(findTestObject("Register/android.widget.EditText - Nomor Hp"), 0): Element 'Object Repository/Register/android.widget.EditText - Nomor Hp' is visible

2023-07-03 18:33:23 - [MESSAGE][WARNING] - Timeout '0' is invalid. Using default page load timeout: '30'

2023-07-03 18:33:24 - [MESSAGE][PASSED] - Element 'Object Repository/Register/android.widget.EditText - Nomor Hp' is visible

2023-07-03 18:33:24 - [TEST_STEP][PASSED] - verifyElementVisible(findTestObject("Register/android.widget.EditText - Kota"), 0): Element 'Object Repository/Register/android.widget.EditText - Kota' is visible

2023-07-03 18:33:24 - [MESSAGE][WARNING] - Timeout '0' is invalid. Using default page load timeout: '30'

2023-07-03 18:33:24 - [MESSAGE][PASSED] - Element 'Object Repository/Register/android.widget.EditText - Kota' is visible

2023-07-03 18:33:24 - [TEST_STEP][PASSED] - verifyElementVisible(findTestObject("Register/android.widget.EditText - Alamat"), 0): Element 'Object Repository/Register/android.widget.EditText - Alamat' is visible

2023-07-03 18:33:24 - [MESSAGE][WARNING] - Timeout '0' is invalid. Using default page load timeout: '30'

2023-07-03 18:33:24 - [MESSAGE][PASSED] - Element 'Object Repository/Register/android.widget.EditText - Alamat' is visible

2023-07-03 18:33:24 - [TEST_STEP][PASSED] - verifyElementVisible(findTestObject("Register/android.widget.Button - Button Daftar"), 0): Element 'Object Repository/Register/android.widget.Button - Button Daftar' is visible

2023-07-03 18:33:24 - [MESSAGE][WARNING] - Timeout '0' is invalid. Using default page load timeout: '30'

2023-07-03 18:33:24 - [MESSAGE][PASSED] - Element 'Object Repository/Register/android.widget.Button - Button Daftar' is visible

2023-07-03 18:33:24 - [MESSAGE][PASSED] - Call Test Case 'Test Cases/Pages/Register/Verify Content Register Page' successfully

2023-07-03 18:33:24 - [TEST_STEP][PASSED] - callTestCase(findTestCase("Pages/Register/Input Nama with test data"), ["nama":nama], STOP_ON_FAILURE): Call Test Case 'Test Cases/Pages/Register/Input Nama with test data' successfully

2023-07-03 18:33:24 - [TEST_CASE][PASSED] - Test Cases/Pages/Register/Input Nama with test data: Test Cases/Pages/Register/Input Nama with test data

2023-07-03 18:33:24 - [TEST_STEP][PASSED] - setText(findTestObject("Register/android.widget.EditText - Nama"), nama, 0): Text 'without TLD' has been set to element 'Object Repository/Register/android.widget.EditText - Nama'

2023-07-03 18:33:24 - [MESSAGE][WARNING] - Timeout '0' is invalid. Using default page load timeout: '30'

2023-07-03 18:33:26 - [MESSAGE][PASSED] - Text 'without TLD' has been set to element 'Object Repository/Register/android.widget.EditText - Nama'

2023-07-03 18:33:26 - [MESSAGE][PASSED] - Call Test Case 'Test Cases/Pages/Register/Input Nama with test data' successfully

2023-07-03 18:33:26 - [TEST_STEP][PASSED] - callTestCase(findTestCase("Pages/Register/Input Email with test data"), ["email":email], STOP_ON_FAILURE): Call Test Case 'Test Cases/Pages/Register/Input Email with test data' successfully

2023-07-03 18:33:26 - [TEST_CASE][PASSED] - Test Cases/Pages/Register/Input Email with test data: Test Cases/Pages/Register/Input Email with test data

2023-07-03 18:33:26 - [TEST_STEP][PASSED] - setText(findTestObject("Register/android.widget.EditText - Email"), email, 0): Text 'groupsatu@tld' has been set to element 'Object Repository/Register/android.widget.EditText - Email'

2023-07-03 18:33:26 - [MESSAGE][WARNING] - Timeout '0' is invalid. Using default page load timeout: '30'

2023-07-03 18:33:27 - [MESSAGE][PASSED] - Text 'groupsatu@tld' has been set to element 'Object Repository/Register/android.widget.EditText - Email'

2023-07-03 18:33:27 - [MESSAGE][PASSED] - Call Test Case 'Test Cases/Pages/Register/Input Email with test data' successfully

2023-07-03 18:33:27 - [TEST_STEP][PASSED] - callTestCase(findTestCase("Pages/Register/Input Password"), ["password":password], STOP_ON_FAILURE): Call Test Case 'Test Cases/Pages/Register/Input Password' successfully

2023-07-03 18:33:27 - [TEST_CASE][PASSED] - Test Cases/Pages/Register/Input Password: Test Cases/Pages/Register/Input Password

2023-07-03 18:33:27 - [TEST_STEP][PASSED] - setText(findTestObject("Register/android.widget.EditText - Password"), password, 0): Text 'abc!12345' has been set to element 'Object Repository/Register/android.widget.EditText - Password'

2023-07-03 18:33:27 - [MESSAGE][WARNING] - Timeout '0' is invalid. Using default page load timeout: '30'

2023-07-03 18:33:30 - [MESSAGE][PASSED] - Text 'abc!12345' has been set to element 'Object Repository/Register/android.widget.EditText - Password'

2023-07-03 18:33:30 - [MESSAGE][PASSED] - Call Test Case 'Test Cases/Pages/Register/Input Password' successfully

2023-07-03 18:33:30 - [TEST_STEP][PASSED] - callTestCase(findTestCase("Pages/Register/Input Nomor Hp"), ["nomor_hp":nomor_hp], STOP_ON_FAILURE): Call Test Case 'Test Cases/Pages/Register/Input Nomor Hp' successfully

2023-07-03 18:33:30 - [TEST_CASE][PASSED] - Test Cases/Pages/Register/Input Nomor Hp: Test Cases/Pages/Register/Input Nomor Hp

2023-07-03 18:33:30 - [TEST_STEP][PASSED] - setText(findTestObject("Register/android.widget.EditText - Nomor Hp"), nomor_hp, 0): Text '088811223344' has been set to element 'Object Repository/Register/android.widget.EditText - Nomor Hp'

2023-07-03 18:33:30 - [MESSAGE][WARNING] - Timeout '0' is invalid. Using default page load timeout: '30'

2023-07-03 18:33:31 - [MESSAGE][PASSED] - Text '088811223344' has been set to element 'Object Repository/Register/android.widget.EditText - Nomor Hp'

2023-07-03 18:33:31 - [MESSAGE][PASSED] - Call Test Case 'Test Cases/Pages/Register/Input Nomor Hp' successfully

2023-07-03 18:33:31 - [TEST_STEP][PASSED] - callTestCase(findTestCase("Pages/Register/Input Kota"), ["kota":kota], STOP_ON_FAILURE): Call Test Case 'Test Cases/Pages/Register/Input Kota' successfully

2023-07-03 18:33:31 - [TEST_CASE][PASSED] - Test Cases/Pages/Register/Input Kota: Test Cases/Pages/Register/Input Kota

2023-07-03 18:33:31 - [TEST_STEP][PASSED] - setText(findTestObject("Register/android.widget.EditText - Kota"), kota, 0): Text 'Surabaya' has been set to element 'Object Repository/Register/android.widget.EditText - Kota'

2023-07-03 18:33:31 - [MESSAGE][WARNING] - Timeout '0' is invalid. Using default page load timeout: '30'

2023-07-03 18:33:32 - [MESSAGE][PASSED] - Text 'Surabaya' has been set to element 'Object Repository/Register/android.widget.EditText - Kota'

2023-07-03 18:33:32 - [MESSAGE][PASSED] - Call Test Case 'Test Cases/Pages/Register/Input Kota' successfully

2023-07-03 18:33:32 - [TEST_STEP][PASSED] - callTestCase(findTestCase("Pages/Register/Input Alamat"), ["alamat":alamat], STOP_ON_FAILURE): Call Test Case 'Test Cases/Pages/Register/Input Alamat' successfully

2023-07-03 18:33:33 - [TEST_CASE][PASSED] - Test Cases/Pages/Register/Input Alamat: Test Cases/Pages/Register/Input Alamat

2023-07-03 18:33:33 - [TEST_STEP][PASSED] - setText(findTestObject("Register/android.widget.EditText - Alamat"), alamat, 0): Text 'Jln. Raya 126' has been set to element 'Object Repository/Register/android.widget.EditText - Alamat'

2023-07-03 18:33:33 - [MESSAGE][WARNING] - Timeout '0' is invalid. Using default page load timeout: '30'

2023-07-03 18:33:35 - [MESSAGE][PASSED] - Text 'Jln. Raya 126' has been set to element 'Object Repository/Register/android.widget.EditText - Alamat'

2023-07-03 18:33:35 - [MESSAGE][PASSED] - Call Test Case 'Test Cases/Pages/Register/Input Alamat' successfully

2023-07-03 18:33:35 - [TEST_STEP][PASSED] - callTestCase(findTestCase("Pages/Register/Tap Button Daftar"), [:], STOP_ON_FAILURE): Call Test Case 'Test Cases/Pages/Register/Tap Button Daftar' successfully

2023-07-03 18:33:35 - [TEST_CASE][PASSED] - Test Cases/Pages/Register/Tap Button Daftar: Test Cases/Pages/Register/Tap Button Daftar

2023-07-03 18:33:35 - [TEST_STEP][PASSED] - tap(findTestObject("Register/android.widget.Button - Button Daftar"), 0): Tapped on element 'Object Repository/Register/android.widget.Button - Button Daftar'

2023-07-03 18:33:35 - [MESSAGE][WARNING] - Timeout '0' is invalid. Using default page load timeout: '30'

2023-07-03 18:33:36 - [MESSAGE][PASSED] - Tapped on element 'Object Repository/Register/android.widget.Button - Button Daftar'

2023-07-03 18:33:36 - [MESSAGE][PASSED] - Call Test Case 'Test Cases/Pages/Register/Tap Button Daftar' successfully

2023-07-03 18:33:36 - [TEST_STEP][PASSED] - callTestCase(findTestCase("Pages/Register/Verify Register with if else"), ["status":status], STOP_ON_FAILURE): Call Test Case 'Test Cases/Pages/Register/Verify Register with if else' successfully

2023-07-03 18:33:36 - [TEST_CASE][PASSED] - Test Cases/Pages/Register/Verify Register with if else: Test Cases/Pages/Register/Verify Register with if else

2023-07-03 18:33:36 - [TEST_STEP][PASSED] - if (status == "success"): null

2023-07-03 18:33:36 - [TEST_STEP][PASSED] - else if (status == "invalid email"): Call Test Case 'Test Cases/Pages/Register/Read Error Message/Read Error Msg Invalid Email' successfully

2023-07-03 18:33:36 - [TEST_STEP][PASSED] - callTestCase(findTestCase("Pages/Register/Read Error Message/Read Error Msg Invalid Email"), ["expected":""], STOP_ON_FAILURE): Call Test Case 'Test Cases/Pages/Register/Read Error Message/Read Error Msg Invalid Email' successfully

2023-07-03 18:33:36 - [TEST_CASE][PASSED] - Test Cases/Pages/Register/Read Error Message/Read Error Msg Invalid Email: Test Cases/Pages/Register/Read Error Message/Read Error Msg Invalid Email

2023-07-03 18:33:36 - [TEST_STEP][PASSED] - verifyElementVisible(findTestObject("Register/android.widget.TextView - Email tidak valid"), 0): Element 'Object Repository/Register/android.widget.TextView - Email tidak valid' is visible

2023-07-03 18:33:36 - [MESSAGE][WARNING] - Timeout '0' is invalid. Using default page load timeout: '30'

2023-07-03 18:33:37 - [MESSAGE][PASSED] - Element 'Object Repository/Register/android.widget.TextView - Email tidak valid' is visible

2023-07-03 18:33:37 - [TEST_STEP][PASSED] - invalidemail = getText(findTestObject("Register/android.widget.TextView - Email tidak valid"), 0): Text of element 'Object Repository/Register/android.widget.TextView - Email tidak valid' is: 'Email tidak valid'

2023-07-03 18:33:37 - [MESSAGE][WARNING] - Timeout '0' is invalid. Using default page load timeout: '30'

2023-07-03 18:33:38 - [MESSAGE][PASSED] - Text of element 'Object Repository/Register/android.widget.TextView - Email tidak valid' is: 'Email tidak valid'

2023-07-03 18:33:38 - [TEST_STEP][PASSED] - logInfo(invalidemail): Email tidak valid

2023-07-03 18:33:38 - [MESSAGE][INFO] - Email tidak valid

2023-07-03 18:33:38 - [TEST_STEP][PASSED] - expected = invalidemail: null

2023-07-03 18:33:38 - [TEST_STEP][PASSED] - verifyMatch(invalidemail, expected, false): Actual text 'Email tidak valid' and expected text 'Email tidak valid' are matched 

2023-07-03 18:33:38 - [MESSAGE][PASSED] - Actual text 'Email tidak valid' and expected text 'Email tidak valid' are matched 

2023-07-03 18:33:38 - [MESSAGE][PASSED] - Call Test Case 'Test Cases/Pages/Register/Read Error Message/Read Error Msg Invalid Email' successfully

2023-07-03 18:33:38 - [MESSAGE][PASSED] - Call Test Case 'Test Cases/Pages/Register/Verify Register with if else' successfully

2023-07-03 18:33:38 - [TEST_STEP][PASSED] - Start listener action : afterTestCase: Close app successfully

2023-07-03 18:33:38 - [TEST_STEP][PASSED] - logInfo("Test Case: " + testCaseContext.getTestCaseId() + " | Status: " + testCaseContext.getTestCaseStatus()): Test Case: Test Cases/Step Definition/Feature Register/REG02 - User register with invalid email | Status: PASSED

2023-07-03 18:33:38 - [MESSAGE][INFO] - Test Case: Test Cases/Step Definition/Feature Register/REG02 - User register with invalid email | Status: PASSED

2023-07-03 18:33:38 - [TEST_STEP][PASSED] - closeApplication(): Close app successfully

2023-07-03 18:33:38 - [MESSAGE][PASSED] - Close app successfully]]></system-out>
         <system-err><![CDATA[]]></system-err>
      </testcase>
      <testcase name="Test Cases/Step Definition/Feature Register/REG02 - User register with invalid email" time="32.754" classname="Test Cases/Step Definition/Feature Register/REG02 - User register with invalid email" status="PASSED">
         <system-out><![CDATA[2023-07-03 18:33:38 - [TEST_CASE][PASSED] - Test Cases/Step Definition/Feature Register/REG02 - User register with invalid email: Test Cases/Step Definition/Feature Register/REG02 - User register with invalid email

2023-07-03 18:33:38 - [TEST_STEP][PASSED] - Start listener action : beforeTestCase: Started app at: 'E:\GitRepo\Katalon\binarqa-group1-app\Apk\app-release-second-hand-gcp.apk'

2023-07-03 18:33:38 - [TEST_STEP][PASSED] - logInfo("Test Case: " + testCaseContext.getTestCaseId()): Test Case: Test Cases/Step Definition/Feature Register/REG02 - User register with invalid email

2023-07-03 18:33:38 - [MESSAGE][INFO] - Test Case: Test Cases/Step Definition/Feature Register/REG02 - User register with invalid email

2023-07-03 18:33:38 - [TEST_STEP][PASSED] - launchApp(): null

2023-07-03 18:33:38 - [TEST_STEP][PASSED] - startApplication(System.getProperty("user.dir") + "\Apk\app-release-second-hand-gcp.apk", false): Started app at: 'E:\GitRepo\Katalon\binarqa-group1-app\Apk\app-release-second-hand-gcp.apk'

2023-07-03 18:33:38 - [MESSAGE][INFO] - User set preference: ['appWaitActivity', '*']

2023-07-03 18:33:38 - [MESSAGE][INFO] - User set preference: ['appWaitforLaunch', 'false']

2023-07-03 18:33:38 - [MESSAGE][INFO] - User set preference: ['noReset', 'true']

2023-07-03 18:33:38 - [MESSAGE][INFO] - User set preference: ['ignoreHiddenApiPolicyError', 'true']

2023-07-03 18:33:38 - [MESSAGE][INFO] - User set preference: ['deviceId', '']

2023-07-03 18:33:38 - [MESSAGE][INFO] - Detected NodeJS location: "C:\Program Files\nodejs\node.exe"

2023-07-03 18:33:39 - [MESSAGE][INFO] - Appium server started on port 61,799

2023-07-03 18:33:48 - [MESSAGE][PASSED] - Started app at: 'E:\GitRepo\Katalon\binarqa-group1-app\Apk\app-release-second-hand-gcp.apk'

2023-07-03 18:33:48 - [TEST_STEP][PASSED] - callTestCase(findTestCase("Pages/Navbar/Tap Akun"), [:], STOP_ON_FAILURE): Call Test Case 'Test Cases/Pages/Navbar/Tap Akun' successfully

2023-07-03 18:33:48 - [TEST_CASE][PASSED] - Test Cases/Pages/Navbar/Tap Akun: Test Cases/Pages/Navbar/Tap Akun

2023-07-03 18:33:48 - [TEST_STEP][PASSED] - tap(findTestObject("Navbar/android.widget.FrameLayout - Navbar Akun"), 0): Tapped on element 'Object Repository/Navbar/android.widget.FrameLayout - Navbar Akun'

2023-07-03 18:33:48 - [MESSAGE][WARNING] - Timeout '0' is invalid. Using default page load timeout: '30'

2023-07-03 18:33:48 - [MESSAGE][PASSED] - Tapped on element 'Object Repository/Navbar/android.widget.FrameLayout - Navbar Akun'

2023-07-03 18:33:48 - [MESSAGE][PASSED] - Call Test Case 'Test Cases/Pages/Navbar/Tap Akun' successfully

2023-07-03 18:33:48 - [TEST_STEP][PASSED] - callTestCase(findTestCase("Pages/Akun/Tap Masuk from Akun Page"), [:], STOP_ON_FAILURE): Call Test Case 'Test Cases/Pages/Akun/Tap Masuk from Akun Page' successfully

2023-07-03 18:33:49 - [TEST_CASE][PASSED] - Test Cases/Pages/Akun/Tap Masuk from Akun Page: Test Cases/Pages/Akun/Tap Masuk from Akun Page

2023-07-03 18:33:49 - [TEST_STEP][PASSED] - tap(findTestObject("Akun/android.widget.Button - Masuk from Akun"), 0): Tapped on element 'Object Repository/Akun/android.widget.Button - Masuk from Akun'

2023-07-03 18:33:49 - [MESSAGE][WARNING] - Timeout '0' is invalid. Using default page load timeout: '30'

2023-07-03 18:33:50 - [MESSAGE][PASSED] - Tapped on element 'Object Repository/Akun/android.widget.Button - Masuk from Akun'

2023-07-03 18:33:50 - [MESSAGE][PASSED] - Call Test Case 'Test Cases/Pages/Akun/Tap Masuk from Akun Page' successfully

2023-07-03 18:33:50 - [TEST_STEP][PASSED] - callTestCase(findTestCase("Pages/Register/Tap Daftar from login page"), [:], STOP_ON_FAILURE): Call Test Case 'Test Cases/Pages/Register/Tap Daftar from login page' successfully

2023-07-03 18:33:50 - [TEST_CASE][PASSED] - Test Cases/Pages/Register/Tap Daftar from login page: Test Cases/Pages/Register/Tap Daftar from login page

2023-07-03 18:33:50 - [TEST_STEP][PASSED] - tap(findTestObject("Login/android.widget.TextView - Button Daftar"), 0): Tapped on element 'Object Repository/Login/android.widget.TextView - Button Daftar'

2023-07-03 18:33:50 - [MESSAGE][WARNING] - Timeout '0' is invalid. Using default page load timeout: '30'

2023-07-03 18:33:50 - [MESSAGE][PASSED] - Tapped on element 'Object Repository/Login/android.widget.TextView - Button Daftar'

2023-07-03 18:33:50 - [MESSAGE][PASSED] - Call Test Case 'Test Cases/Pages/Register/Tap Daftar from login page' successfully

2023-07-03 18:33:50 - [TEST_STEP][PASSED] - callTestCase(findTestCase("Pages/Register/Scroll to Text Sudah Punya Akun"), [:], STOP_ON_FAILURE): Call Test Case 'Test Cases/Pages/Register/Scroll to Text Sudah Punya Akun' successfully

2023-07-03 18:33:50 - [TEST_CASE][PASSED] - Test Cases/Pages/Register/Scroll to Text Sudah Punya Akun: Test Cases/Pages/Register/Scroll to Text Sudah Punya Akun

2023-07-03 18:33:50 - [TEST_STEP][PASSED] - scrollToText("Sudah punya akun?"): Scrolling to text 'Sudah punya akun?' successfully

2023-07-03 18:33:55 - [MESSAGE][PASSED] - Scrolling to text 'Sudah punya akun?' successfully

2023-07-03 18:33:55 - [TEST_STEP][PASSED] - itemtext = getText(findTestObject("Register/android.widget.TextView - Sudah punya akun"), 0): Text of element 'Object Repository/Register/android.widget.TextView - Sudah punya akun' is: 'Sudah punya akun?'

2023-07-03 18:33:55 - [MESSAGE][WARNING] - Timeout '0' is invalid. Using default page load timeout: '30'

2023-07-03 18:33:55 - [MESSAGE][PASSED] - Text of element 'Object Repository/Register/android.widget.TextView - Sudah punya akun' is: 'Sudah punya akun?'

2023-07-03 18:33:55 - [TEST_STEP][PASSED] - verifyEqual(itemtext, "Sudah punya akun?"): Actual object 'Sudah punya akun?' and expected object 'Sudah punya akun?' are equal

2023-07-03 18:33:55 - [MESSAGE][PASSED] - Actual object 'Sudah punya akun?' and expected object 'Sudah punya akun?' are equal

2023-07-03 18:33:55 - [MESSAGE][PASSED] - Call Test Case 'Test Cases/Pages/Register/Scroll to Text Sudah Punya Akun' successfully

2023-07-03 18:33:55 - [TEST_STEP][PASSED] - callTestCase(findTestCase("Pages/Register/Verify Content Register Page"), [:], STOP_ON_FAILURE): Call Test Case 'Test Cases/Pages/Register/Verify Content Register Page' successfully

2023-07-03 18:33:55 - [TEST_CASE][PASSED] - Test Cases/Pages/Register/Verify Content Register Page: Test Cases/Pages/Register/Verify Content Register Page

2023-07-03 18:33:55 - [TEST_STEP][PASSED] - verifyElementVisible(findTestObject("Register/android.widget.EditText - Nama"), 0): Element 'Object Repository/Register/android.widget.EditText - Nama' is visible

2023-07-03 18:33:55 - [MESSAGE][WARNING] - Timeout '0' is invalid. Using default page load timeout: '30'

2023-07-03 18:33:55 - [MESSAGE][PASSED] - Element 'Object Repository/Register/android.widget.EditText - Nama' is visible

2023-07-03 18:33:55 - [TEST_STEP][PASSED] - verifyElementVisible(findTestObject("Register/android.widget.EditText - Email"), 0): Element 'Object Repository/Register/android.widget.EditText - Email' is visible

2023-07-03 18:33:55 - [MESSAGE][WARNING] - Timeout '0' is invalid. Using default page load timeout: '30'

2023-07-03 18:33:56 - [MESSAGE][PASSED] - Element 'Object Repository/Register/android.widget.EditText - Email' is visible

2023-07-03 18:33:56 - [TEST_STEP][PASSED] - verifyElementVisible(findTestObject("Register/android.widget.EditText - Password"), 0): Element 'Object Repository/Register/android.widget.EditText - Password' is visible

2023-07-03 18:33:56 - [MESSAGE][WARNING] - Timeout '0' is invalid. Using default page load timeout: '30'

2023-07-03 18:33:56 - [MESSAGE][PASSED] - Element 'Object Repository/Register/android.widget.EditText - Password' is visible

2023-07-03 18:33:56 - [TEST_STEP][PASSED] - verifyElementVisible(findTestObject("Register/android.widget.EditText - Nomor Hp"), 0): Element 'Object Repository/Register/android.widget.EditText - Nomor Hp' is visible

2023-07-03 18:33:56 - [MESSAGE][WARNING] - Timeout '0' is invalid. Using default page load timeout: '30'

2023-07-03 18:33:56 - [MESSAGE][PASSED] - Element 'Object Repository/Register/android.widget.EditText - Nomor Hp' is visible

2023-07-03 18:33:56 - [TEST_STEP][PASSED] - verifyElementVisible(findTestObject("Register/android.widget.EditText - Kota"), 0): Element 'Object Repository/Register/android.widget.EditText - Kota' is visible

2023-07-03 18:33:56 - [MESSAGE][WARNING] - Timeout '0' is invalid. Using default page load timeout: '30'

2023-07-03 18:33:56 - [MESSAGE][PASSED] - Element 'Object Repository/Register/android.widget.EditText - Kota' is visible

2023-07-03 18:33:56 - [TEST_STEP][PASSED] - verifyElementVisible(findTestObject("Register/android.widget.EditText - Alamat"), 0): Element 'Object Repository/Register/android.widget.EditText - Alamat' is visible

2023-07-03 18:33:56 - [MESSAGE][WARNING] - Timeout '0' is invalid. Using default page load timeout: '30'

2023-07-03 18:33:57 - [MESSAGE][PASSED] - Element 'Object Repository/Register/android.widget.EditText - Alamat' is visible

2023-07-03 18:33:57 - [TEST_STEP][PASSED] - verifyElementVisible(findTestObject("Register/android.widget.Button - Button Daftar"), 0): Element 'Object Repository/Register/android.widget.Button - Button Daftar' is visible

2023-07-03 18:33:57 - [MESSAGE][WARNING] - Timeout '0' is invalid. Using default page load timeout: '30'

2023-07-03 18:33:57 - [MESSAGE][PASSED] - Element 'Object Repository/Register/android.widget.Button - Button Daftar' is visible

2023-07-03 18:33:57 - [MESSAGE][PASSED] - Call Test Case 'Test Cases/Pages/Register/Verify Content Register Page' successfully

2023-07-03 18:33:57 - [TEST_STEP][PASSED] - callTestCase(findTestCase("Pages/Register/Input Nama with test data"), ["nama":nama], STOP_ON_FAILURE): Call Test Case 'Test Cases/Pages/Register/Input Nama with test data' successfully

2023-07-03 18:33:57 - [TEST_CASE][PASSED] - Test Cases/Pages/Register/Input Nama with test data: Test Cases/Pages/Register/Input Nama with test data

2023-07-03 18:33:57 - [TEST_STEP][PASSED] - setText(findTestObject("Register/android.widget.EditText - Nama"), nama, 0): Text 'empty email' has been set to element 'Object Repository/Register/android.widget.EditText - Nama'

2023-07-03 18:33:57 - [MESSAGE][WARNING] - Timeout '0' is invalid. Using default page load timeout: '30'

2023-07-03 18:33:59 - [MESSAGE][PASSED] - Text 'empty email' has been set to element 'Object Repository/Register/android.widget.EditText - Nama'

2023-07-03 18:33:59 - [MESSAGE][PASSED] - Call Test Case 'Test Cases/Pages/Register/Input Nama with test data' successfully

2023-07-03 18:33:59 - [TEST_STEP][PASSED] - callTestCase(findTestCase("Pages/Register/Input Email with test data"), ["email":email], STOP_ON_FAILURE): Call Test Case 'Test Cases/Pages/Register/Input Email with test data' successfully

2023-07-03 18:33:59 - [TEST_CASE][PASSED] - Test Cases/Pages/Register/Input Email with test data: Test Cases/Pages/Register/Input Email with test data

2023-07-03 18:33:59 - [TEST_STEP][PASSED] - setText(findTestObject("Register/android.widget.EditText - Email"), email, 0): Text '' has been set to element 'Object Repository/Register/android.widget.EditText - Email'

2023-07-03 18:33:59 - [MESSAGE][WARNING] - Timeout '0' is invalid. Using default page load timeout: '30'

2023-07-03 18:34:01 - [MESSAGE][PASSED] - Text '' has been set to element 'Object Repository/Register/android.widget.EditText - Email'

2023-07-03 18:34:01 - [MESSAGE][PASSED] - Call Test Case 'Test Cases/Pages/Register/Input Email with test data' successfully

2023-07-03 18:34:01 - [TEST_STEP][PASSED] - callTestCase(findTestCase("Pages/Register/Input Password"), ["password":password], STOP_ON_FAILURE): Call Test Case 'Test Cases/Pages/Register/Input Password' successfully

2023-07-03 18:34:01 - [TEST_CASE][PASSED] - Test Cases/Pages/Register/Input Password: Test Cases/Pages/Register/Input Password

2023-07-03 18:34:01 - [TEST_STEP][PASSED] - setText(findTestObject("Register/android.widget.EditText - Password"), password, 0): Text 'abc!12345' has been set to element 'Object Repository/Register/android.widget.EditText - Password'

2023-07-03 18:34:01 - [MESSAGE][WARNING] - Timeout '0' is invalid. Using default page load timeout: '30'

2023-07-03 18:34:03 - [MESSAGE][PASSED] - Text 'abc!12345' has been set to element 'Object Repository/Register/android.widget.EditText - Password'

2023-07-03 18:34:03 - [MESSAGE][PASSED] - Call Test Case 'Test Cases/Pages/Register/Input Password' successfully

2023-07-03 18:34:03 - [TEST_STEP][PASSED] - callTestCase(findTestCase("Pages/Register/Input Nomor Hp"), ["nomor_hp":nomor_hp], STOP_ON_FAILURE): Call Test Case 'Test Cases/Pages/Register/Input Nomor Hp' successfully

2023-07-03 18:34:03 - [TEST_CASE][PASSED] - Test Cases/Pages/Register/Input Nomor Hp: Test Cases/Pages/Register/Input Nomor Hp

2023-07-03 18:34:03 - [TEST_STEP][PASSED] - setText(findTestObject("Register/android.widget.EditText - Nomor Hp"), nomor_hp, 0): Text '088811223344' has been set to element 'Object Repository/Register/android.widget.EditText - Nomor Hp'

2023-07-03 18:34:03 - [MESSAGE][WARNING] - Timeout '0' is invalid. Using default page load timeout: '30'

2023-07-03 18:34:04 - [MESSAGE][PASSED] - Text '088811223344' has been set to element 'Object Repository/Register/android.widget.EditText - Nomor Hp'

2023-07-03 18:34:04 - [MESSAGE][PASSED] - Call Test Case 'Test Cases/Pages/Register/Input Nomor Hp' successfully

2023-07-03 18:34:04 - [TEST_STEP][PASSED] - callTestCase(findTestCase("Pages/Register/Input Kota"), ["kota":kota], STOP_ON_FAILURE): Call Test Case 'Test Cases/Pages/Register/Input Kota' successfully

2023-07-03 18:34:04 - [TEST_CASE][PASSED] - Test Cases/Pages/Register/Input Kota: Test Cases/Pages/Register/Input Kota

2023-07-03 18:34:04 - [TEST_STEP][PASSED] - setText(findTestObject("Register/android.widget.EditText - Kota"), kota, 0): Text 'Bandung' has been set to element 'Object Repository/Register/android.widget.EditText - Kota'

2023-07-03 18:34:04 - [MESSAGE][WARNING] - Timeout '0' is invalid. Using default page load timeout: '30'

2023-07-03 18:34:06 - [MESSAGE][PASSED] - Text 'Bandung' has been set to element 'Object Repository/Register/android.widget.EditText - Kota'

2023-07-03 18:34:06 - [MESSAGE][PASSED] - Call Test Case 'Test Cases/Pages/Register/Input Kota' successfully

2023-07-03 18:34:06 - [TEST_STEP][PASSED] - callTestCase(findTestCase("Pages/Register/Input Alamat"), ["alamat":alamat], STOP_ON_FAILURE): Call Test Case 'Test Cases/Pages/Register/Input Alamat' successfully

2023-07-03 18:34:06 - [TEST_CASE][PASSED] - Test Cases/Pages/Register/Input Alamat: Test Cases/Pages/Register/Input Alamat

2023-07-03 18:34:06 - [TEST_STEP][PASSED] - setText(findTestObject("Register/android.widget.EditText - Alamat"), alamat, 0): Text 'Jln. Raya 127' has been set to element 'Object Repository/Register/android.widget.EditText - Alamat'

2023-07-03 18:34:06 - [MESSAGE][WARNING] - Timeout '0' is invalid. Using default page load timeout: '30'

2023-07-03 18:34:08 - [MESSAGE][PASSED] - Text 'Jln. Raya 127' has been set to element 'Object Repository/Register/android.widget.EditText - Alamat'

2023-07-03 18:34:08 - [MESSAGE][PASSED] - Call Test Case 'Test Cases/Pages/Register/Input Alamat' successfully

2023-07-03 18:34:08 - [TEST_STEP][PASSED] - callTestCase(findTestCase("Pages/Register/Tap Button Daftar"), [:], STOP_ON_FAILURE): Call Test Case 'Test Cases/Pages/Register/Tap Button Daftar' successfully

2023-07-03 18:34:08 - [TEST_CASE][PASSED] - Test Cases/Pages/Register/Tap Button Daftar: Test Cases/Pages/Register/Tap Button Daftar

2023-07-03 18:34:08 - [TEST_STEP][PASSED] - tap(findTestObject("Register/android.widget.Button - Button Daftar"), 0): Tapped on element 'Object Repository/Register/android.widget.Button - Button Daftar'

2023-07-03 18:34:08 - [MESSAGE][WARNING] - Timeout '0' is invalid. Using default page load timeout: '30'

2023-07-03 18:34:09 - [MESSAGE][PASSED] - Tapped on element 'Object Repository/Register/android.widget.Button - Button Daftar'

2023-07-03 18:34:09 - [MESSAGE][PASSED] - Call Test Case 'Test Cases/Pages/Register/Tap Button Daftar' successfully

2023-07-03 18:34:09 - [TEST_STEP][PASSED] - callTestCase(findTestCase("Pages/Register/Verify Register with if else"), ["status":status], STOP_ON_FAILURE): Call Test Case 'Test Cases/Pages/Register/Verify Register with if else' successfully

2023-07-03 18:34:10 - [TEST_CASE][PASSED] - Test Cases/Pages/Register/Verify Register with if else: Test Cases/Pages/Register/Verify Register with if else

2023-07-03 18:34:10 - [TEST_STEP][PASSED] - if (status == "success"): null

2023-07-03 18:34:10 - [TEST_STEP][PASSED] - else if (status == "invalid email"): null

2023-07-03 18:34:10 - [TEST_STEP][PASSED] - else if (status == "registered"): null

2023-07-03 18:34:10 - [TEST_STEP][PASSED] - else if (status == "empty email"): Call Test Case 'Test Cases/Pages/Register/Read Error Message/Read Error Msg Empty Email' successfully

2023-07-03 18:34:10 - [TEST_STEP][PASSED] - callTestCase(findTestCase("Pages/Register/Read Error Message/Read Error Msg Empty Email"), ["expected":""], STOP_ON_FAILURE): Call Test Case 'Test Cases/Pages/Register/Read Error Message/Read Error Msg Empty Email' successfully

2023-07-03 18:34:10 - [TEST_CASE][PASSED] - Test Cases/Pages/Register/Read Error Message/Read Error Msg Empty Email: Test Cases/Pages/Register/Read Error Message/Read Error Msg Empty Email

2023-07-03 18:34:10 - [TEST_STEP][PASSED] - verifyElementVisible(findTestObject("Register/android.widget.TextView - Email tidak boleh kosong"), 0): Element 'Object Repository/Register/android.widget.TextView - Email tidak boleh kosong' is visible

2023-07-03 18:34:10 - [MESSAGE][WARNING] - Timeout '0' is invalid. Using default page load timeout: '30'

2023-07-03 18:34:10 - [MESSAGE][PASSED] - Element 'Object Repository/Register/android.widget.TextView - Email tidak boleh kosong' is visible

2023-07-03 18:34:10 - [TEST_STEP][PASSED] - emptyemail = getText(findTestObject("Register/android.widget.TextView - Email tidak boleh kosong"), 0): Text of element 'Object Repository/Register/android.widget.TextView - Email tidak boleh kosong' is: 'Email tidak boleh kosong'

2023-07-03 18:34:10 - [MESSAGE][WARNING] - Timeout '0' is invalid. Using default page load timeout: '30'

2023-07-03 18:34:10 - [MESSAGE][PASSED] - Text of element 'Object Repository/Register/android.widget.TextView - Email tidak boleh kosong' is: 'Email tidak boleh kosong'

2023-07-03 18:34:10 - [TEST_STEP][PASSED] - logInfo(emptyemail): Email tidak boleh kosong

2023-07-03 18:34:10 - [MESSAGE][INFO] - Email tidak boleh kosong

2023-07-03 18:34:10 - [TEST_STEP][PASSED] - expected = emptyemail: null

2023-07-03 18:34:10 - [TEST_STEP][PASSED] - verifyMatch(emptyemail, expected, false): Actual text 'Email tidak boleh kosong' and expected text 'Email tidak boleh kosong' are matched 

2023-07-03 18:34:10 - [MESSAGE][PASSED] - Actual text 'Email tidak boleh kosong' and expected text 'Email tidak boleh kosong' are matched 

2023-07-03 18:34:10 - [MESSAGE][PASSED] - Call Test Case 'Test Cases/Pages/Register/Read Error Message/Read Error Msg Empty Email' successfully

2023-07-03 18:34:10 - [MESSAGE][PASSED] - Call Test Case 'Test Cases/Pages/Register/Verify Register with if else' successfully

2023-07-03 18:34:10 - [TEST_STEP][PASSED] - Start listener action : afterTestCase: Close app successfully

2023-07-03 18:34:10 - [TEST_STEP][PASSED] - logInfo("Test Case: " + testCaseContext.getTestCaseId() + " | Status: " + testCaseContext.getTestCaseStatus()): Test Case: Test Cases/Step Definition/Feature Register/REG02 - User register with invalid email | Status: PASSED

2023-07-03 18:34:10 - [MESSAGE][INFO] - Test Case: Test Cases/Step Definition/Feature Register/REG02 - User register with invalid email | Status: PASSED

2023-07-03 18:34:10 - [TEST_STEP][PASSED] - closeApplication(): Close app successfully

2023-07-03 18:34:11 - [MESSAGE][PASSED] - Close app successfully]]></system-out>
         <system-err><![CDATA[]]></system-err>
      </testcase>
      <testcase name="Test Cases/Step Definition/Feature Register/REG02 - User register with invalid email" time="30.478" classname="Test Cases/Step Definition/Feature Register/REG02 - User register with invalid email" status="PASSED">
         <system-out><![CDATA[2023-07-03 18:34:11 - [TEST_CASE][PASSED] - Test Cases/Step Definition/Feature Register/REG02 - User register with invalid email: Test Cases/Step Definition/Feature Register/REG02 - User register with invalid email

2023-07-03 18:34:11 - [TEST_STEP][PASSED] - Start listener action : beforeTestCase: Started app at: 'E:\GitRepo\Katalon\binarqa-group1-app\Apk\app-release-second-hand-gcp.apk'

2023-07-03 18:34:11 - [TEST_STEP][PASSED] - logInfo("Test Case: " + testCaseContext.getTestCaseId()): Test Case: Test Cases/Step Definition/Feature Register/REG02 - User register with invalid email

2023-07-03 18:34:11 - [MESSAGE][INFO] - Test Case: Test Cases/Step Definition/Feature Register/REG02 - User register with invalid email

2023-07-03 18:34:11 - [TEST_STEP][PASSED] - launchApp(): null

2023-07-03 18:34:11 - [TEST_STEP][PASSED] - startApplication(System.getProperty("user.dir") + "\Apk\app-release-second-hand-gcp.apk", false): Started app at: 'E:\GitRepo\Katalon\binarqa-group1-app\Apk\app-release-second-hand-gcp.apk'

2023-07-03 18:34:11 - [MESSAGE][INFO] - User set preference: ['appWaitActivity', '*']

2023-07-03 18:34:11 - [MESSAGE][INFO] - User set preference: ['appWaitforLaunch', 'false']

2023-07-03 18:34:11 - [MESSAGE][INFO] - User set preference: ['noReset', 'true']

2023-07-03 18:34:11 - [MESSAGE][INFO] - User set preference: ['ignoreHiddenApiPolicyError', 'true']

2023-07-03 18:34:11 - [MESSAGE][INFO] - User set preference: ['deviceId', '']

2023-07-03 18:34:11 - [MESSAGE][INFO] - Detected NodeJS location: "C:\Program Files\nodejs\node.exe"

2023-07-03 18:34:12 - [MESSAGE][INFO] - Appium server started on port 61,938

2023-07-03 18:34:21 - [MESSAGE][PASSED] - Started app at: 'E:\GitRepo\Katalon\binarqa-group1-app\Apk\app-release-second-hand-gcp.apk'

2023-07-03 18:34:21 - [TEST_STEP][PASSED] - callTestCase(findTestCase("Pages/Navbar/Tap Akun"), [:], STOP_ON_FAILURE): Call Test Case 'Test Cases/Pages/Navbar/Tap Akun' successfully

2023-07-03 18:34:21 - [TEST_CASE][PASSED] - Test Cases/Pages/Navbar/Tap Akun: Test Cases/Pages/Navbar/Tap Akun

2023-07-03 18:34:21 - [TEST_STEP][PASSED] - tap(findTestObject("Navbar/android.widget.FrameLayout - Navbar Akun"), 0): Tapped on element 'Object Repository/Navbar/android.widget.FrameLayout - Navbar Akun'

2023-07-03 18:34:21 - [MESSAGE][WARNING] - Timeout '0' is invalid. Using default page load timeout: '30'

2023-07-03 18:34:22 - [MESSAGE][PASSED] - Tapped on element 'Object Repository/Navbar/android.widget.FrameLayout - Navbar Akun'

2023-07-03 18:34:23 - [MESSAGE][PASSED] - Call Test Case 'Test Cases/Pages/Navbar/Tap Akun' successfully

2023-07-03 18:34:23 - [TEST_STEP][PASSED] - callTestCase(findTestCase("Pages/Akun/Tap Masuk from Akun Page"), [:], STOP_ON_FAILURE): Call Test Case 'Test Cases/Pages/Akun/Tap Masuk from Akun Page' successfully

2023-07-03 18:34:23 - [TEST_CASE][PASSED] - Test Cases/Pages/Akun/Tap Masuk from Akun Page: Test Cases/Pages/Akun/Tap Masuk from Akun Page

2023-07-03 18:34:23 - [TEST_STEP][PASSED] - tap(findTestObject("Akun/android.widget.Button - Masuk from Akun"), 0): Tapped on element 'Object Repository/Akun/android.widget.Button - Masuk from Akun'

2023-07-03 18:34:23 - [MESSAGE][WARNING] - Timeout '0' is invalid. Using default page load timeout: '30'

2023-07-03 18:34:23 - [MESSAGE][PASSED] - Tapped on element 'Object Repository/Akun/android.widget.Button - Masuk from Akun'

2023-07-03 18:34:23 - [MESSAGE][PASSED] - Call Test Case 'Test Cases/Pages/Akun/Tap Masuk from Akun Page' successfully

2023-07-03 18:34:23 - [TEST_STEP][PASSED] - callTestCase(findTestCase("Pages/Register/Tap Daftar from login page"), [:], STOP_ON_FAILURE): Call Test Case 'Test Cases/Pages/Register/Tap Daftar from login page' successfully

2023-07-03 18:34:23 - [TEST_CASE][PASSED] - Test Cases/Pages/Register/Tap Daftar from login page: Test Cases/Pages/Register/Tap Daftar from login page

2023-07-03 18:34:23 - [TEST_STEP][PASSED] - tap(findTestObject("Login/android.widget.TextView - Button Daftar"), 0): Tapped on element 'Object Repository/Login/android.widget.TextView - Button Daftar'

2023-07-03 18:34:23 - [MESSAGE][WARNING] - Timeout '0' is invalid. Using default page load timeout: '30'

2023-07-03 18:34:24 - [MESSAGE][PASSED] - Tapped on element 'Object Repository/Login/android.widget.TextView - Button Daftar'

2023-07-03 18:34:24 - [MESSAGE][PASSED] - Call Test Case 'Test Cases/Pages/Register/Tap Daftar from login page' successfully

2023-07-03 18:34:24 - [TEST_STEP][PASSED] - callTestCase(findTestCase("Pages/Register/Scroll to Text Sudah Punya Akun"), [:], STOP_ON_FAILURE): Call Test Case 'Test Cases/Pages/Register/Scroll to Text Sudah Punya Akun' successfully

2023-07-03 18:34:24 - [TEST_CASE][PASSED] - Test Cases/Pages/Register/Scroll to Text Sudah Punya Akun: Test Cases/Pages/Register/Scroll to Text Sudah Punya Akun

2023-07-03 18:34:24 - [TEST_STEP][PASSED] - scrollToText("Sudah punya akun?"): Scrolling to text 'Sudah punya akun?' successfully

2023-07-03 18:34:27 - [MESSAGE][PASSED] - Scrolling to text 'Sudah punya akun?' successfully

2023-07-03 18:34:27 - [TEST_STEP][PASSED] - itemtext = getText(findTestObject("Register/android.widget.TextView - Sudah punya akun"), 0): Text of element 'Object Repository/Register/android.widget.TextView - Sudah punya akun' is: 'Sudah punya akun?'

2023-07-03 18:34:27 - [MESSAGE][WARNING] - Timeout '0' is invalid. Using default page load timeout: '30'

2023-07-03 18:34:27 - [MESSAGE][PASSED] - Text of element 'Object Repository/Register/android.widget.TextView - Sudah punya akun' is: 'Sudah punya akun?'

2023-07-03 18:34:27 - [TEST_STEP][PASSED] - verifyEqual(itemtext, "Sudah punya akun?"): Actual object 'Sudah punya akun?' and expected object 'Sudah punya akun?' are equal

2023-07-03 18:34:27 - [MESSAGE][PASSED] - Actual object 'Sudah punya akun?' and expected object 'Sudah punya akun?' are equal

2023-07-03 18:34:27 - [MESSAGE][PASSED] - Call Test Case 'Test Cases/Pages/Register/Scroll to Text Sudah Punya Akun' successfully

2023-07-03 18:34:27 - [TEST_STEP][PASSED] - callTestCase(findTestCase("Pages/Register/Verify Content Register Page"), [:], STOP_ON_FAILURE): Call Test Case 'Test Cases/Pages/Register/Verify Content Register Page' successfully

2023-07-03 18:34:28 - [TEST_CASE][PASSED] - Test Cases/Pages/Register/Verify Content Register Page: Test Cases/Pages/Register/Verify Content Register Page

2023-07-03 18:34:28 - [TEST_STEP][PASSED] - verifyElementVisible(findTestObject("Register/android.widget.EditText - Nama"), 0): Element 'Object Repository/Register/android.widget.EditText - Nama' is visible

2023-07-03 18:34:28 - [MESSAGE][WARNING] - Timeout '0' is invalid. Using default page load timeout: '30'

2023-07-03 18:34:28 - [MESSAGE][PASSED] - Element 'Object Repository/Register/android.widget.EditText - Nama' is visible

2023-07-03 18:34:28 - [TEST_STEP][PASSED] - verifyElementVisible(findTestObject("Register/android.widget.EditText - Email"), 0): Element 'Object Repository/Register/android.widget.EditText - Email' is visible

2023-07-03 18:34:28 - [MESSAGE][WARNING] - Timeout '0' is invalid. Using default page load timeout: '30'

2023-07-03 18:34:28 - [MESSAGE][PASSED] - Element 'Object Repository/Register/android.widget.EditText - Email' is visible

2023-07-03 18:34:28 - [TEST_STEP][PASSED] - verifyElementVisible(findTestObject("Register/android.widget.EditText - Password"), 0): Element 'Object Repository/Register/android.widget.EditText - Password' is visible

2023-07-03 18:34:28 - [MESSAGE][WARNING] - Timeout '0' is invalid. Using default page load timeout: '30'

2023-07-03 18:34:28 - [MESSAGE][PASSED] - Element 'Object Repository/Register/android.widget.EditText - Password' is visible

2023-07-03 18:34:28 - [TEST_STEP][PASSED] - verifyElementVisible(findTestObject("Register/android.widget.EditText - Nomor Hp"), 0): Element 'Object Repository/Register/android.widget.EditText - Nomor Hp' is visible

2023-07-03 18:34:28 - [MESSAGE][WARNING] - Timeout '0' is invalid. Using default page load timeout: '30'

2023-07-03 18:34:29 - [MESSAGE][PASSED] - Element 'Object Repository/Register/android.widget.EditText - Nomor Hp' is visible

2023-07-03 18:34:29 - [TEST_STEP][PASSED] - verifyElementVisible(findTestObject("Register/android.widget.EditText - Kota"), 0): Element 'Object Repository/Register/android.widget.EditText - Kota' is visible

2023-07-03 18:34:29 - [MESSAGE][WARNING] - Timeout '0' is invalid. Using default page load timeout: '30'

2023-07-03 18:34:29 - [MESSAGE][PASSED] - Element 'Object Repository/Register/android.widget.EditText - Kota' is visible

2023-07-03 18:34:29 - [TEST_STEP][PASSED] - verifyElementVisible(findTestObject("Register/android.widget.EditText - Alamat"), 0): Element 'Object Repository/Register/android.widget.EditText - Alamat' is visible

2023-07-03 18:34:29 - [MESSAGE][WARNING] - Timeout '0' is invalid. Using default page load timeout: '30'

2023-07-03 18:34:30 - [MESSAGE][PASSED] - Element 'Object Repository/Register/android.widget.EditText - Alamat' is visible

2023-07-03 18:34:30 - [TEST_STEP][PASSED] - verifyElementVisible(findTestObject("Register/android.widget.Button - Button Daftar"), 0): Element 'Object Repository/Register/android.widget.Button - Button Daftar' is visible

2023-07-03 18:34:30 - [MESSAGE][WARNING] - Timeout '0' is invalid. Using default page load timeout: '30'

2023-07-03 18:34:30 - [MESSAGE][PASSED] - Element 'Object Repository/Register/android.widget.Button - Button Daftar' is visible

2023-07-03 18:34:30 - [MESSAGE][PASSED] - Call Test Case 'Test Cases/Pages/Register/Verify Content Register Page' successfully

2023-07-03 18:34:30 - [TEST_STEP][PASSED] - callTestCase(findTestCase("Pages/Register/Input Nama with test data"), ["nama":nama], STOP_ON_FAILURE): Call Test Case 'Test Cases/Pages/Register/Input Nama with test data' successfully

2023-07-03 18:34:30 - [TEST_CASE][PASSED] - Test Cases/Pages/Register/Input Nama with test data: Test Cases/Pages/Register/Input Nama with test data

2023-07-03 18:34:30 - [TEST_STEP][PASSED] - setText(findTestObject("Register/android.widget.EditText - Nama"), nama, 0): Text 'without name' has been set to element 'Object Repository/Register/android.widget.EditText - Nama'

2023-07-03 18:34:30 - [MESSAGE][WARNING] - Timeout '0' is invalid. Using default page load timeout: '30'

2023-07-03 18:34:31 - [MESSAGE][PASSED] - Text 'without name' has been set to element 'Object Repository/Register/android.widget.EditText - Nama'

2023-07-03 18:34:31 - [MESSAGE][PASSED] - Call Test Case 'Test Cases/Pages/Register/Input Nama with test data' successfully

2023-07-03 18:34:31 - [TEST_STEP][PASSED] - callTestCase(findTestCase("Pages/Register/Input Email with test data"), ["email":email], STOP_ON_FAILURE): Call Test Case 'Test Cases/Pages/Register/Input Email with test data' successfully

2023-07-03 18:34:31 - [TEST_CASE][PASSED] - Test Cases/Pages/Register/Input Email with test data: Test Cases/Pages/Register/Input Email with test data

2023-07-03 18:34:31 - [TEST_STEP][PASSED] - setText(findTestObject("Register/android.widget.EditText - Email"), email, 0): Text '@gmail.com' has been set to element 'Object Repository/Register/android.widget.EditText - Email'

2023-07-03 18:34:31 - [MESSAGE][WARNING] - Timeout '0' is invalid. Using default page load timeout: '30'

2023-07-03 18:34:32 - [MESSAGE][PASSED] - Text '@gmail.com' has been set to element 'Object Repository/Register/android.widget.EditText - Email'

2023-07-03 18:34:32 - [MESSAGE][PASSED] - Call Test Case 'Test Cases/Pages/Register/Input Email with test data' successfully

2023-07-03 18:34:32 - [TEST_STEP][PASSED] - callTestCase(findTestCase("Pages/Register/Input Password"), ["password":password], STOP_ON_FAILURE): Call Test Case 'Test Cases/Pages/Register/Input Password' successfully

2023-07-03 18:34:32 - [TEST_CASE][PASSED] - Test Cases/Pages/Register/Input Password: Test Cases/Pages/Register/Input Password

2023-07-03 18:34:32 - [TEST_STEP][PASSED] - setText(findTestObject("Register/android.widget.EditText - Password"), password, 0): Text 'abc!12345' has been set to element 'Object Repository/Register/android.widget.EditText - Password'

2023-07-03 18:34:33 - [MESSAGE][WARNING] - Timeout '0' is invalid. Using default page load timeout: '30'

2023-07-03 18:34:34 - [MESSAGE][PASSED] - Text 'abc!12345' has been set to element 'Object Repository/Register/android.widget.EditText - Password'

2023-07-03 18:34:34 - [MESSAGE][PASSED] - Call Test Case 'Test Cases/Pages/Register/Input Password' successfully

2023-07-03 18:34:34 - [TEST_STEP][PASSED] - callTestCase(findTestCase("Pages/Register/Input Nomor Hp"), ["nomor_hp":nomor_hp], STOP_ON_FAILURE): Call Test Case 'Test Cases/Pages/Register/Input Nomor Hp' successfully

2023-07-03 18:34:34 - [TEST_CASE][PASSED] - Test Cases/Pages/Register/Input Nomor Hp: Test Cases/Pages/Register/Input Nomor Hp

2023-07-03 18:34:34 - [TEST_STEP][PASSED] - setText(findTestObject("Register/android.widget.EditText - Nomor Hp"), nomor_hp, 0): Text '088811223344' has been set to element 'Object Repository/Register/android.widget.EditText - Nomor Hp'

2023-07-03 18:34:34 - [MESSAGE][WARNING] - Timeout '0' is invalid. Using default page load timeout: '30'

2023-07-03 18:34:35 - [MESSAGE][PASSED] - Text '088811223344' has been set to element 'Object Repository/Register/android.widget.EditText - Nomor Hp'

2023-07-03 18:34:35 - [MESSAGE][PASSED] - Call Test Case 'Test Cases/Pages/Register/Input Nomor Hp' successfully

2023-07-03 18:34:35 - [TEST_STEP][PASSED] - callTestCase(findTestCase("Pages/Register/Input Kota"), ["kota":kota], STOP_ON_FAILURE): Call Test Case 'Test Cases/Pages/Register/Input Kota' successfully

2023-07-03 18:34:36 - [TEST_CASE][PASSED] - Test Cases/Pages/Register/Input Kota: Test Cases/Pages/Register/Input Kota

2023-07-03 18:34:36 - [TEST_STEP][PASSED] - setText(findTestObject("Register/android.widget.EditText - Kota"), kota, 0): Text 'Jakarta' has been set to element 'Object Repository/Register/android.widget.EditText - Kota'

2023-07-03 18:34:36 - [MESSAGE][WARNING] - Timeout '0' is invalid. Using default page load timeout: '30'

2023-07-03 18:34:38 - [MESSAGE][PASSED] - Text 'Jakarta' has been set to element 'Object Repository/Register/android.widget.EditText - Kota'

2023-07-03 18:34:38 - [MESSAGE][PASSED] - Call Test Case 'Test Cases/Pages/Register/Input Kota' successfully

2023-07-03 18:34:38 - [TEST_STEP][PASSED] - callTestCase(findTestCase("Pages/Register/Input Alamat"), ["alamat":alamat], STOP_ON_FAILURE): Call Test Case 'Test Cases/Pages/Register/Input Alamat' successfully

2023-07-03 18:34:38 - [TEST_CASE][PASSED] - Test Cases/Pages/Register/Input Alamat: Test Cases/Pages/Register/Input Alamat

2023-07-03 18:34:38 - [TEST_STEP][PASSED] - setText(findTestObject("Register/android.widget.EditText - Alamat"), alamat, 0): Text 'Jln. Raya 128' has been set to element 'Object Repository/Register/android.widget.EditText - Alamat'

2023-07-03 18:34:38 - [MESSAGE][WARNING] - Timeout '0' is invalid. Using default page load timeout: '30'

2023-07-03 18:34:39 - [MESSAGE][PASSED] - Text 'Jln. Raya 128' has been set to element 'Object Repository/Register/android.widget.EditText - Alamat'

2023-07-03 18:34:39 - [MESSAGE][PASSED] - Call Test Case 'Test Cases/Pages/Register/Input Alamat' successfully

2023-07-03 18:34:39 - [TEST_STEP][PASSED] - callTestCase(findTestCase("Pages/Register/Tap Button Daftar"), [:], STOP_ON_FAILURE): Call Test Case 'Test Cases/Pages/Register/Tap Button Daftar' successfully

2023-07-03 18:34:39 - [TEST_CASE][PASSED] - Test Cases/Pages/Register/Tap Button Daftar: Test Cases/Pages/Register/Tap Button Daftar

2023-07-03 18:34:39 - [TEST_STEP][PASSED] - tap(findTestObject("Register/android.widget.Button - Button Daftar"), 0): Tapped on element 'Object Repository/Register/android.widget.Button - Button Daftar'

2023-07-03 18:34:39 - [MESSAGE][WARNING] - Timeout '0' is invalid. Using default page load timeout: '30'

2023-07-03 18:34:39 - [MESSAGE][PASSED] - Tapped on element 'Object Repository/Register/android.widget.Button - Button Daftar'

2023-07-03 18:34:39 - [MESSAGE][PASSED] - Call Test Case 'Test Cases/Pages/Register/Tap Button Daftar' successfully

2023-07-03 18:34:39 - [TEST_STEP][PASSED] - callTestCase(findTestCase("Pages/Register/Verify Register with if else"), ["status":status], STOP_ON_FAILURE): Call Test Case 'Test Cases/Pages/Register/Verify Register with if else' successfully

2023-07-03 18:34:40 - [TEST_CASE][PASSED] - Test Cases/Pages/Register/Verify Register with if else: Test Cases/Pages/Register/Verify Register with if else

2023-07-03 18:34:40 - [TEST_STEP][PASSED] - if (status == "success"): null

2023-07-03 18:34:40 - [TEST_STEP][PASSED] - else if (status == "invalid email"): Call Test Case 'Test Cases/Pages/Register/Read Error Message/Read Error Msg Invalid Email' successfully

2023-07-03 18:34:40 - [TEST_STEP][PASSED] - callTestCase(findTestCase("Pages/Register/Read Error Message/Read Error Msg Invalid Email"), ["expected":""], STOP_ON_FAILURE): Call Test Case 'Test Cases/Pages/Register/Read Error Message/Read Error Msg Invalid Email' successfully

2023-07-03 18:34:40 - [TEST_CASE][PASSED] - Test Cases/Pages/Register/Read Error Message/Read Error Msg Invalid Email: Test Cases/Pages/Register/Read Error Message/Read Error Msg Invalid Email

2023-07-03 18:34:40 - [TEST_STEP][PASSED] - verifyElementVisible(findTestObject("Register/android.widget.TextView - Email tidak valid"), 0): Element 'Object Repository/Register/android.widget.TextView - Email tidak valid' is visible

2023-07-03 18:34:40 - [MESSAGE][WARNING] - Timeout '0' is invalid. Using default page load timeout: '30'

2023-07-03 18:34:41 - [MESSAGE][PASSED] - Element 'Object Repository/Register/android.widget.TextView - Email tidak valid' is visible

2023-07-03 18:34:41 - [TEST_STEP][PASSED] - invalidemail = getText(findTestObject("Register/android.widget.TextView - Email tidak valid"), 0): Text of element 'Object Repository/Register/android.widget.TextView - Email tidak valid' is: 'Email tidak valid'

2023-07-03 18:34:41 - [MESSAGE][WARNING] - Timeout '0' is invalid. Using default page load timeout: '30'

2023-07-03 18:34:41 - [MESSAGE][PASSED] - Text of element 'Object Repository/Register/android.widget.TextView - Email tidak valid' is: 'Email tidak valid'

2023-07-03 18:34:41 - [TEST_STEP][PASSED] - logInfo(invalidemail): Email tidak valid

2023-07-03 18:34:41 - [MESSAGE][INFO] - Email tidak valid

2023-07-03 18:34:41 - [TEST_STEP][PASSED] - expected = invalidemail: null

2023-07-03 18:34:41 - [TEST_STEP][PASSED] - verifyMatch(invalidemail, expected, false): Actual text 'Email tidak valid' and expected text 'Email tidak valid' are matched 

2023-07-03 18:34:41 - [MESSAGE][PASSED] - Actual text 'Email tidak valid' and expected text 'Email tidak valid' are matched 

2023-07-03 18:34:41 - [MESSAGE][PASSED] - Call Test Case 'Test Cases/Pages/Register/Read Error Message/Read Error Msg Invalid Email' successfully

2023-07-03 18:34:41 - [MESSAGE][PASSED] - Call Test Case 'Test Cases/Pages/Register/Verify Register with if else' successfully

2023-07-03 18:34:41 - [TEST_STEP][PASSED] - Start listener action : afterTestCase: Close app successfully

2023-07-03 18:34:41 - [TEST_STEP][PASSED] - logInfo("Test Case: " + testCaseContext.getTestCaseId() + " | Status: " + testCaseContext.getTestCaseStatus()): Test Case: Test Cases/Step Definition/Feature Register/REG02 - User register with invalid email | Status: PASSED

2023-07-03 18:34:41 - [MESSAGE][INFO] - Test Case: Test Cases/Step Definition/Feature Register/REG02 - User register with invalid email | Status: PASSED

2023-07-03 18:34:41 - [TEST_STEP][PASSED] - closeApplication(): Close app successfully

2023-07-03 18:34:41 - [MESSAGE][PASSED] - Close app successfully]]></system-out>
         <system-err><![CDATA[]]></system-err>
      </testcase>
      <testcase name="Test Cases/Step Definition/Feature Register/REG03 - User register without enter any data" time="31.426" classname="Test Cases/Step Definition/Feature Register/REG03 - User register without enter any data" status="PASSED">
         <system-out><![CDATA[2023-07-03 18:34:41 - [TEST_CASE][PASSED] - Test Cases/Step Definition/Feature Register/REG03 - User register without enter any data: Test Cases/Step Definition/Feature Register/REG03 - User register without enter any data

2023-07-03 18:34:41 - [TEST_STEP][PASSED] - Start listener action : beforeTestCase: Started app at: 'E:\GitRepo\Katalon\binarqa-group1-app\Apk\app-release-second-hand-gcp.apk'

2023-07-03 18:34:41 - [TEST_STEP][PASSED] - logInfo("Test Case: " + testCaseContext.getTestCaseId()): Test Case: Test Cases/Step Definition/Feature Register/REG03 - User register without enter any data

2023-07-03 18:34:41 - [MESSAGE][INFO] - Test Case: Test Cases/Step Definition/Feature Register/REG03 - User register without enter any data

2023-07-03 18:34:41 - [TEST_STEP][PASSED] - launchApp(): null

2023-07-03 18:34:41 - [TEST_STEP][PASSED] - startApplication(System.getProperty("user.dir") + "\Apk\app-release-second-hand-gcp.apk", false): Started app at: 'E:\GitRepo\Katalon\binarqa-group1-app\Apk\app-release-second-hand-gcp.apk'

2023-07-03 18:34:41 - [MESSAGE][INFO] - User set preference: ['appWaitActivity', '*']

2023-07-03 18:34:41 - [MESSAGE][INFO] - User set preference: ['appWaitforLaunch', 'false']

2023-07-03 18:34:41 - [MESSAGE][INFO] - User set preference: ['noReset', 'true']

2023-07-03 18:34:41 - [MESSAGE][INFO] - User set preference: ['ignoreHiddenApiPolicyError', 'true']

2023-07-03 18:34:41 - [MESSAGE][INFO] - User set preference: ['deviceId', '']

2023-07-03 18:34:42 - [MESSAGE][INFO] - Detected NodeJS location: "C:\Program Files\nodejs\node.exe"

2023-07-03 18:34:43 - [MESSAGE][INFO] - Appium server started on port 62,075

2023-07-03 18:34:51 - [MESSAGE][PASSED] - Started app at: 'E:\GitRepo\Katalon\binarqa-group1-app\Apk\app-release-second-hand-gcp.apk'

2023-07-03 18:34:51 - [TEST_STEP][PASSED] - callTestCase(findTestCase("Pages/Navbar/Tap Akun"), [:], STOP_ON_FAILURE): Call Test Case 'Test Cases/Pages/Navbar/Tap Akun' successfully

2023-07-03 18:34:51 - [TEST_CASE][PASSED] - Test Cases/Pages/Navbar/Tap Akun: Test Cases/Pages/Navbar/Tap Akun

2023-07-03 18:34:51 - [TEST_STEP][PASSED] - tap(findTestObject("Navbar/android.widget.FrameLayout - Navbar Akun"), 0): Tapped on element 'Object Repository/Navbar/android.widget.FrameLayout - Navbar Akun'

2023-07-03 18:34:51 - [MESSAGE][WARNING] - Timeout '0' is invalid. Using default page load timeout: '30'

2023-07-03 18:34:52 - [MESSAGE][PASSED] - Tapped on element 'Object Repository/Navbar/android.widget.FrameLayout - Navbar Akun'

2023-07-03 18:34:52 - [MESSAGE][PASSED] - Call Test Case 'Test Cases/Pages/Navbar/Tap Akun' successfully

2023-07-03 18:34:52 - [TEST_STEP][PASSED] - callTestCase(findTestCase("Pages/Akun/Tap Masuk from Akun Page"), [:], STOP_ON_FAILURE): Call Test Case 'Test Cases/Pages/Akun/Tap Masuk from Akun Page' successfully

2023-07-03 18:34:52 - [TEST_CASE][PASSED] - Test Cases/Pages/Akun/Tap Masuk from Akun Page: Test Cases/Pages/Akun/Tap Masuk from Akun Page

2023-07-03 18:34:52 - [TEST_STEP][PASSED] - tap(findTestObject("Akun/android.widget.Button - Masuk from Akun"), 0): Tapped on element 'Object Repository/Akun/android.widget.Button - Masuk from Akun'

2023-07-03 18:34:52 - [MESSAGE][WARNING] - Timeout '0' is invalid. Using default page load timeout: '30'

2023-07-03 18:34:53 - [MESSAGE][PASSED] - Tapped on element 'Object Repository/Akun/android.widget.Button - Masuk from Akun'

2023-07-03 18:34:53 - [MESSAGE][PASSED] - Call Test Case 'Test Cases/Pages/Akun/Tap Masuk from Akun Page' successfully

2023-07-03 18:34:53 - [TEST_STEP][PASSED] - callTestCase(findTestCase("Pages/Register/Tap Daftar from login page"), [:], STOP_ON_FAILURE): Call Test Case 'Test Cases/Pages/Register/Tap Daftar from login page' successfully

2023-07-03 18:34:53 - [TEST_CASE][PASSED] - Test Cases/Pages/Register/Tap Daftar from login page: Test Cases/Pages/Register/Tap Daftar from login page

2023-07-03 18:34:53 - [TEST_STEP][PASSED] - tap(findTestObject("Login/android.widget.TextView - Button Daftar"), 0): Tapped on element 'Object Repository/Login/android.widget.TextView - Button Daftar'

2023-07-03 18:34:53 - [MESSAGE][WARNING] - Timeout '0' is invalid. Using default page load timeout: '30'

2023-07-03 18:34:54 - [MESSAGE][PASSED] - Tapped on element 'Object Repository/Login/android.widget.TextView - Button Daftar'

2023-07-03 18:34:54 - [MESSAGE][PASSED] - Call Test Case 'Test Cases/Pages/Register/Tap Daftar from login page' successfully

2023-07-03 18:34:54 - [TEST_STEP][PASSED] - callTestCase(findTestCase("Pages/Register/Scroll to Text Sudah Punya Akun"), [:], STOP_ON_FAILURE): Call Test Case 'Test Cases/Pages/Register/Scroll to Text Sudah Punya Akun' successfully

2023-07-03 18:34:54 - [TEST_CASE][PASSED] - Test Cases/Pages/Register/Scroll to Text Sudah Punya Akun: Test Cases/Pages/Register/Scroll to Text Sudah Punya Akun

2023-07-03 18:34:54 - [TEST_STEP][PASSED] - scrollToText("Sudah punya akun?"): Scrolling to text 'Sudah punya akun?' successfully

2023-07-03 18:34:58 - [MESSAGE][PASSED] - Scrolling to text 'Sudah punya akun?' successfully

2023-07-03 18:34:58 - [TEST_STEP][PASSED] - itemtext = getText(findTestObject("Register/android.widget.TextView - Sudah punya akun"), 0): Text of element 'Object Repository/Register/android.widget.TextView - Sudah punya akun' is: 'Sudah punya akun?'

2023-07-03 18:34:58 - [MESSAGE][WARNING] - Timeout '0' is invalid. Using default page load timeout: '30'

2023-07-03 18:34:58 - [MESSAGE][PASSED] - Text of element 'Object Repository/Register/android.widget.TextView - Sudah punya akun' is: 'Sudah punya akun?'

2023-07-03 18:34:58 - [TEST_STEP][PASSED] - verifyEqual(itemtext, "Sudah punya akun?"): Actual object 'Sudah punya akun?' and expected object 'Sudah punya akun?' are equal

2023-07-03 18:34:58 - [MESSAGE][PASSED] - Actual object 'Sudah punya akun?' and expected object 'Sudah punya akun?' are equal

2023-07-03 18:34:58 - [MESSAGE][PASSED] - Call Test Case 'Test Cases/Pages/Register/Scroll to Text Sudah Punya Akun' successfully

2023-07-03 18:34:58 - [TEST_STEP][PASSED] - callTestCase(findTestCase("Pages/Register/Verify Content Register Page"), [:], STOP_ON_FAILURE): Call Test Case 'Test Cases/Pages/Register/Verify Content Register Page' successfully

2023-07-03 18:34:58 - [TEST_CASE][PASSED] - Test Cases/Pages/Register/Verify Content Register Page: Test Cases/Pages/Register/Verify Content Register Page

2023-07-03 18:34:58 - [TEST_STEP][PASSED] - verifyElementVisible(findTestObject("Register/android.widget.EditText - Nama"), 0): Element 'Object Repository/Register/android.widget.EditText - Nama' is visible

2023-07-03 18:34:58 - [MESSAGE][WARNING] - Timeout '0' is invalid. Using default page load timeout: '30'

2023-07-03 18:34:58 - [MESSAGE][PASSED] - Element 'Object Repository/Register/android.widget.EditText - Nama' is visible

2023-07-03 18:34:58 - [TEST_STEP][PASSED] - verifyElementVisible(findTestObject("Register/android.widget.EditText - Email"), 0): Element 'Object Repository/Register/android.widget.EditText - Email' is visible

2023-07-03 18:34:58 - [MESSAGE][WARNING] - Timeout '0' is invalid. Using default page load timeout: '30'

2023-07-03 18:34:59 - [MESSAGE][PASSED] - Element 'Object Repository/Register/android.widget.EditText - Email' is visible

2023-07-03 18:34:59 - [TEST_STEP][PASSED] - verifyElementVisible(findTestObject("Register/android.widget.EditText - Password"), 0): Element 'Object Repository/Register/android.widget.EditText - Password' is visible

2023-07-03 18:34:59 - [MESSAGE][WARNING] - Timeout '0' is invalid. Using default page load timeout: '30'

2023-07-03 18:34:59 - [MESSAGE][PASSED] - Element 'Object Repository/Register/android.widget.EditText - Password' is visible

2023-07-03 18:34:59 - [TEST_STEP][PASSED] - verifyElementVisible(findTestObject("Register/android.widget.EditText - Nomor Hp"), 0): Element 'Object Repository/Register/android.widget.EditText - Nomor Hp' is visible

2023-07-03 18:34:59 - [MESSAGE][WARNING] - Timeout '0' is invalid. Using default page load timeout: '30'

2023-07-03 18:34:59 - [MESSAGE][PASSED] - Element 'Object Repository/Register/android.widget.EditText - Nomor Hp' is visible

2023-07-03 18:34:59 - [TEST_STEP][PASSED] - verifyElementVisible(findTestObject("Register/android.widget.EditText - Kota"), 0): Element 'Object Repository/Register/android.widget.EditText - Kota' is visible

2023-07-03 18:34:59 - [MESSAGE][WARNING] - Timeout '0' is invalid. Using default page load timeout: '30'

2023-07-03 18:34:59 - [MESSAGE][PASSED] - Element 'Object Repository/Register/android.widget.EditText - Kota' is visible

2023-07-03 18:34:59 - [TEST_STEP][PASSED] - verifyElementVisible(findTestObject("Register/android.widget.EditText - Alamat"), 0): Element 'Object Repository/Register/android.widget.EditText - Alamat' is visible

2023-07-03 18:34:59 - [MESSAGE][WARNING] - Timeout '0' is invalid. Using default page load timeout: '30'

2023-07-03 18:35:00 - [MESSAGE][PASSED] - Element 'Object Repository/Register/android.widget.EditText - Alamat' is visible

2023-07-03 18:35:00 - [TEST_STEP][PASSED] - verifyElementVisible(findTestObject("Register/android.widget.Button - Button Daftar"), 0): Element 'Object Repository/Register/android.widget.Button - Button Daftar' is visible

2023-07-03 18:35:00 - [MESSAGE][WARNING] - Timeout '0' is invalid. Using default page load timeout: '30'

2023-07-03 18:35:00 - [MESSAGE][PASSED] - Element 'Object Repository/Register/android.widget.Button - Button Daftar' is visible

2023-07-03 18:35:00 - [MESSAGE][PASSED] - Call Test Case 'Test Cases/Pages/Register/Verify Content Register Page' successfully

2023-07-03 18:35:00 - [TEST_STEP][PASSED] - callTestCase(findTestCase("Pages/Register/Input Nama with test data"), ["nama":""], STOP_ON_FAILURE): Call Test Case 'Test Cases/Pages/Register/Input Nama with test data' successfully

2023-07-03 18:35:00 - [TEST_CASE][PASSED] - Test Cases/Pages/Register/Input Nama with test data: Test Cases/Pages/Register/Input Nama with test data

2023-07-03 18:35:00 - [TEST_STEP][PASSED] - setText(findTestObject("Register/android.widget.EditText - Nama"), nama, 0): Text '' has been set to element 'Object Repository/Register/android.widget.EditText - Nama'

2023-07-03 18:35:00 - [MESSAGE][WARNING] - Timeout '0' is invalid. Using default page load timeout: '30'

2023-07-03 18:35:01 - [MESSAGE][PASSED] - Text '' has been set to element 'Object Repository/Register/android.widget.EditText - Nama'

2023-07-03 18:35:01 - [MESSAGE][PASSED] - Call Test Case 'Test Cases/Pages/Register/Input Nama with test data' successfully

2023-07-03 18:35:01 - [TEST_STEP][PASSED] - callTestCase(findTestCase("Pages/Register/Input Email with test data"), ["email":""], STOP_ON_FAILURE): Call Test Case 'Test Cases/Pages/Register/Input Email with test data' successfully

2023-07-03 18:35:01 - [TEST_CASE][PASSED] - Test Cases/Pages/Register/Input Email with test data: Test Cases/Pages/Register/Input Email with test data

2023-07-03 18:35:01 - [TEST_STEP][PASSED] - setText(findTestObject("Register/android.widget.EditText - Email"), email, 0): Text '' has been set to element 'Object Repository/Register/android.widget.EditText - Email'

2023-07-03 18:35:01 - [MESSAGE][WARNING] - Timeout '0' is invalid. Using default page load timeout: '30'

2023-07-03 18:35:02 - [MESSAGE][PASSED] - Text '' has been set to element 'Object Repository/Register/android.widget.EditText - Email'

2023-07-03 18:35:02 - [MESSAGE][PASSED] - Call Test Case 'Test Cases/Pages/Register/Input Email with test data' successfully

2023-07-03 18:35:02 - [TEST_STEP][PASSED] - callTestCase(findTestCase("Pages/Register/Input Password"), ["password":""], STOP_ON_FAILURE): Call Test Case 'Test Cases/Pages/Register/Input Password' successfully

2023-07-03 18:35:02 - [TEST_CASE][PASSED] - Test Cases/Pages/Register/Input Password: Test Cases/Pages/Register/Input Password

2023-07-03 18:35:02 - [TEST_STEP][PASSED] - setText(findTestObject("Register/android.widget.EditText - Password"), password, 0): Text '' has been set to element 'Object Repository/Register/android.widget.EditText - Password'

2023-07-03 18:35:02 - [MESSAGE][WARNING] - Timeout '0' is invalid. Using default page load timeout: '30'

2023-07-03 18:35:05 - [MESSAGE][PASSED] - Text '' has been set to element 'Object Repository/Register/android.widget.EditText - Password'

2023-07-03 18:35:05 - [MESSAGE][PASSED] - Call Test Case 'Test Cases/Pages/Register/Input Password' successfully

2023-07-03 18:35:05 - [TEST_STEP][PASSED] - callTestCase(findTestCase("Pages/Register/Input Nomor Hp"), ["nomor_hp":""], STOP_ON_FAILURE): Call Test Case 'Test Cases/Pages/Register/Input Nomor Hp' successfully

2023-07-03 18:35:05 - [TEST_CASE][PASSED] - Test Cases/Pages/Register/Input Nomor Hp: Test Cases/Pages/Register/Input Nomor Hp

2023-07-03 18:35:05 - [TEST_STEP][PASSED] - setText(findTestObject("Register/android.widget.EditText - Nomor Hp"), nomor_hp, 0): Text '' has been set to element 'Object Repository/Register/android.widget.EditText - Nomor Hp'

2023-07-03 18:35:05 - [MESSAGE][WARNING] - Timeout '0' is invalid. Using default page load timeout: '30'

2023-07-03 18:35:06 - [MESSAGE][PASSED] - Text '' has been set to element 'Object Repository/Register/android.widget.EditText - Nomor Hp'

2023-07-03 18:35:06 - [MESSAGE][PASSED] - Call Test Case 'Test Cases/Pages/Register/Input Nomor Hp' successfully

2023-07-03 18:35:06 - [TEST_STEP][PASSED] - callTestCase(findTestCase("Pages/Register/Input Kota"), ["kota":""], STOP_ON_FAILURE): Call Test Case 'Test Cases/Pages/Register/Input Kota' successfully

2023-07-03 18:35:06 - [TEST_CASE][PASSED] - Test Cases/Pages/Register/Input Kota: Test Cases/Pages/Register/Input Kota

2023-07-03 18:35:06 - [TEST_STEP][PASSED] - setText(findTestObject("Register/android.widget.EditText - Kota"), kota, 0): Text '' has been set to element 'Object Repository/Register/android.widget.EditText - Kota'

2023-07-03 18:35:06 - [MESSAGE][WARNING] - Timeout '0' is invalid. Using default page load timeout: '30'

2023-07-03 18:35:08 - [MESSAGE][PASSED] - Text '' has been set to element 'Object Repository/Register/android.widget.EditText - Kota'

2023-07-03 18:35:08 - [MESSAGE][PASSED] - Call Test Case 'Test Cases/Pages/Register/Input Kota' successfully

2023-07-03 18:35:08 - [TEST_STEP][PASSED] - callTestCase(findTestCase("Pages/Register/Input Alamat"), ["alamat":""], STOP_ON_FAILURE): Call Test Case 'Test Cases/Pages/Register/Input Alamat' successfully

2023-07-03 18:35:08 - [TEST_CASE][PASSED] - Test Cases/Pages/Register/Input Alamat: Test Cases/Pages/Register/Input Alamat

2023-07-03 18:35:08 - [TEST_STEP][PASSED] - setText(findTestObject("Register/android.widget.EditText - Alamat"), alamat, 0): Text '' has been set to element 'Object Repository/Register/android.widget.EditText - Alamat'

2023-07-03 18:35:08 - [MESSAGE][WARNING] - Timeout '0' is invalid. Using default page load timeout: '30'

2023-07-03 18:35:10 - [MESSAGE][PASSED] - Text '' has been set to element 'Object Repository/Register/android.widget.EditText - Alamat'

2023-07-03 18:35:10 - [MESSAGE][PASSED] - Call Test Case 'Test Cases/Pages/Register/Input Alamat' successfully

2023-07-03 18:35:10 - [TEST_STEP][PASSED] - callTestCase(findTestCase("Pages/Register/Tap Button Daftar"), [:], STOP_ON_FAILURE): Call Test Case 'Test Cases/Pages/Register/Tap Button Daftar' successfully

2023-07-03 18:35:10 - [TEST_CASE][PASSED] - Test Cases/Pages/Register/Tap Button Daftar: Test Cases/Pages/Register/Tap Button Daftar

2023-07-03 18:35:10 - [TEST_STEP][PASSED] - tap(findTestObject("Register/android.widget.Button - Button Daftar"), 0): Tapped on element 'Object Repository/Register/android.widget.Button - Button Daftar'

2023-07-03 18:35:10 - [MESSAGE][WARNING] - Timeout '0' is invalid. Using default page load timeout: '30'

2023-07-03 18:35:11 - [MESSAGE][PASSED] - Tapped on element 'Object Repository/Register/android.widget.Button - Button Daftar'

2023-07-03 18:35:11 - [MESSAGE][PASSED] - Call Test Case 'Test Cases/Pages/Register/Tap Button Daftar' successfully

2023-07-03 18:35:11 - [TEST_STEP][PASSED] - callTestCase(findTestCase("Pages/Register/Read Error Message/Read Error Msg Empty Nama"), ["expected":""], STOP_ON_FAILURE): Call Test Case 'Test Cases/Pages/Register/Read Error Message/Read Error Msg Empty Nama' successfully

2023-07-03 18:35:11 - [TEST_CASE][PASSED] - Test Cases/Pages/Register/Read Error Message/Read Error Msg Empty Nama: Test Cases/Pages/Register/Read Error Message/Read Error Msg Empty Nama

2023-07-03 18:35:11 - [TEST_STEP][PASSED] - verifyElementVisible(findTestObject("Register/android.widget.TextView - Nama tidak boleh kosong"), 0): Element 'Object Repository/Register/android.widget.TextView - Nama tidak boleh kosong' is visible

2023-07-03 18:35:11 - [MESSAGE][WARNING] - Timeout '0' is invalid. Using default page load timeout: '30'

2023-07-03 18:35:12 - [MESSAGE][PASSED] - Element 'Object Repository/Register/android.widget.TextView - Nama tidak boleh kosong' is visible

2023-07-03 18:35:12 - [TEST_STEP][PASSED] - emptynama = getText(findTestObject("Register/android.widget.TextView - Nama tidak boleh kosong"), 0): Text of element 'Object Repository/Register/android.widget.TextView - Nama tidak boleh kosong' is: 'Nama tidak boleh kosong'

2023-07-03 18:35:12 - [MESSAGE][WARNING] - Timeout '0' is invalid. Using default page load timeout: '30'

2023-07-03 18:35:12 - [MESSAGE][PASSED] - Text of element 'Object Repository/Register/android.widget.TextView - Nama tidak boleh kosong' is: 'Nama tidak boleh kosong'

2023-07-03 18:35:12 - [TEST_STEP][PASSED] - logInfo(emptynama): Nama tidak boleh kosong

2023-07-03 18:35:12 - [MESSAGE][INFO] - Nama tidak boleh kosong

2023-07-03 18:35:12 - [TEST_STEP][PASSED] - expected = emptynama: null

2023-07-03 18:35:12 - [TEST_STEP][PASSED] - verifyMatch(emptynama, expected, false): Actual text 'Nama tidak boleh kosong' and expected text 'Nama tidak boleh kosong' are matched 

2023-07-03 18:35:12 - [MESSAGE][PASSED] - Actual text 'Nama tidak boleh kosong' and expected text 'Nama tidak boleh kosong' are matched 

2023-07-03 18:35:12 - [MESSAGE][PASSED] - Call Test Case 'Test Cases/Pages/Register/Read Error Message/Read Error Msg Empty Nama' successfully

2023-07-03 18:35:12 - [TEST_STEP][PASSED] - Start listener action : afterTestCase: Close app successfully

2023-07-03 18:35:12 - [TEST_STEP][PASSED] - logInfo("Test Case: " + testCaseContext.getTestCaseId() + " | Status: " + testCaseContext.getTestCaseStatus()): Test Case: Test Cases/Step Definition/Feature Register/REG03 - User register without enter any data | Status: PASSED

2023-07-03 18:35:12 - [MESSAGE][INFO] - Test Case: Test Cases/Step Definition/Feature Register/REG03 - User register without enter any data | Status: PASSED

2023-07-03 18:35:12 - [TEST_STEP][PASSED] - closeApplication(): Close app successfully

2023-07-03 18:35:13 - [MESSAGE][PASSED] - Close app successfully]]></system-out>
         <system-err><![CDATA[]]></system-err>
      </testcase>
      <testcase name="Test Cases/Step Definition/Feature Register/REG04 - User register with invalid password" time="31.057" classname="Test Cases/Step Definition/Feature Register/REG04 - User register with invalid password" status="PASSED">
         <system-out><![CDATA[2023-07-03 18:35:13 - [TEST_CASE][PASSED] - Test Cases/Step Definition/Feature Register/REG04 - User register with invalid password: Test Cases/Step Definition/Feature Register/REG04 - User register with invalid password

2023-07-03 18:35:13 - [TEST_STEP][PASSED] - Start listener action : beforeTestCase: Started app at: 'E:\GitRepo\Katalon\binarqa-group1-app\Apk\app-release-second-hand-gcp.apk'

2023-07-03 18:35:13 - [TEST_STEP][PASSED] - logInfo("Test Case: " + testCaseContext.getTestCaseId()): Test Case: Test Cases/Step Definition/Feature Register/REG04 - User register with invalid password

2023-07-03 18:35:13 - [MESSAGE][INFO] - Test Case: Test Cases/Step Definition/Feature Register/REG04 - User register with invalid password

2023-07-03 18:35:13 - [TEST_STEP][PASSED] - launchApp(): null

2023-07-03 18:35:13 - [TEST_STEP][PASSED] - startApplication(System.getProperty("user.dir") + "\Apk\app-release-second-hand-gcp.apk", false): Started app at: 'E:\GitRepo\Katalon\binarqa-group1-app\Apk\app-release-second-hand-gcp.apk'

2023-07-03 18:35:13 - [MESSAGE][INFO] - User set preference: ['appWaitActivity', '*']

2023-07-03 18:35:13 - [MESSAGE][INFO] - User set preference: ['appWaitforLaunch', 'false']

2023-07-03 18:35:13 - [MESSAGE][INFO] - User set preference: ['noReset', 'true']

2023-07-03 18:35:13 - [MESSAGE][INFO] - User set preference: ['ignoreHiddenApiPolicyError', 'true']

2023-07-03 18:35:13 - [MESSAGE][INFO] - User set preference: ['deviceId', '']

2023-07-03 18:35:13 - [MESSAGE][INFO] - Detected NodeJS location: "C:\Program Files\nodejs\node.exe"

2023-07-03 18:35:14 - [MESSAGE][INFO] - Appium server started on port 62,223

2023-07-03 18:35:23 - [MESSAGE][PASSED] - Started app at: 'E:\GitRepo\Katalon\binarqa-group1-app\Apk\app-release-second-hand-gcp.apk'

2023-07-03 18:35:23 - [TEST_STEP][PASSED] - callTestCase(findTestCase("Pages/Navbar/Tap Akun"), [:], STOP_ON_FAILURE): Call Test Case 'Test Cases/Pages/Navbar/Tap Akun' successfully

2023-07-03 18:35:23 - [TEST_CASE][PASSED] - Test Cases/Pages/Navbar/Tap Akun: Test Cases/Pages/Navbar/Tap Akun

2023-07-03 18:35:23 - [TEST_STEP][PASSED] - tap(findTestObject("Navbar/android.widget.FrameLayout - Navbar Akun"), 0): Tapped on element 'Object Repository/Navbar/android.widget.FrameLayout - Navbar Akun'

2023-07-03 18:35:23 - [MESSAGE][WARNING] - Timeout '0' is invalid. Using default page load timeout: '30'

2023-07-03 18:35:23 - [MESSAGE][PASSED] - Tapped on element 'Object Repository/Navbar/android.widget.FrameLayout - Navbar Akun'

2023-07-03 18:35:23 - [MESSAGE][PASSED] - Call Test Case 'Test Cases/Pages/Navbar/Tap Akun' successfully

2023-07-03 18:35:23 - [TEST_STEP][PASSED] - callTestCase(findTestCase("Pages/Akun/Tap Masuk from Akun Page"), [:], STOP_ON_FAILURE): Call Test Case 'Test Cases/Pages/Akun/Tap Masuk from Akun Page' successfully

2023-07-03 18:35:23 - [TEST_CASE][PASSED] - Test Cases/Pages/Akun/Tap Masuk from Akun Page: Test Cases/Pages/Akun/Tap Masuk from Akun Page

2023-07-03 18:35:23 - [TEST_STEP][PASSED] - tap(findTestObject("Akun/android.widget.Button - Masuk from Akun"), 0): Tapped on element 'Object Repository/Akun/android.widget.Button - Masuk from Akun'

2023-07-03 18:35:23 - [MESSAGE][WARNING] - Timeout '0' is invalid. Using default page load timeout: '30'

2023-07-03 18:35:24 - [MESSAGE][PASSED] - Tapped on element 'Object Repository/Akun/android.widget.Button - Masuk from Akun'

2023-07-03 18:35:24 - [MESSAGE][PASSED] - Call Test Case 'Test Cases/Pages/Akun/Tap Masuk from Akun Page' successfully

2023-07-03 18:35:24 - [TEST_STEP][PASSED] - callTestCase(findTestCase("Pages/Register/Tap Daftar from login page"), [:], STOP_ON_FAILURE): Call Test Case 'Test Cases/Pages/Register/Tap Daftar from login page' successfully

2023-07-03 18:35:24 - [TEST_CASE][PASSED] - Test Cases/Pages/Register/Tap Daftar from login page: Test Cases/Pages/Register/Tap Daftar from login page

2023-07-03 18:35:24 - [TEST_STEP][PASSED] - tap(findTestObject("Login/android.widget.TextView - Button Daftar"), 0): Tapped on element 'Object Repository/Login/android.widget.TextView - Button Daftar'

2023-07-03 18:35:24 - [MESSAGE][WARNING] - Timeout '0' is invalid. Using default page load timeout: '30'

2023-07-03 18:35:25 - [MESSAGE][PASSED] - Tapped on element 'Object Repository/Login/android.widget.TextView - Button Daftar'

2023-07-03 18:35:25 - [MESSAGE][PASSED] - Call Test Case 'Test Cases/Pages/Register/Tap Daftar from login page' successfully

2023-07-03 18:35:25 - [TEST_STEP][PASSED] - callTestCase(findTestCase("Pages/Register/Scroll to Text Sudah Punya Akun"), [:], STOP_ON_FAILURE): Call Test Case 'Test Cases/Pages/Register/Scroll to Text Sudah Punya Akun' successfully

2023-07-03 18:35:25 - [TEST_CASE][PASSED] - Test Cases/Pages/Register/Scroll to Text Sudah Punya Akun: Test Cases/Pages/Register/Scroll to Text Sudah Punya Akun

2023-07-03 18:35:25 - [TEST_STEP][PASSED] - scrollToText("Sudah punya akun?"): Scrolling to text 'Sudah punya akun?' successfully

2023-07-03 18:35:28 - [MESSAGE][PASSED] - Scrolling to text 'Sudah punya akun?' successfully

2023-07-03 18:35:28 - [TEST_STEP][PASSED] - itemtext = getText(findTestObject("Register/android.widget.TextView - Sudah punya akun"), 0): Text of element 'Object Repository/Register/android.widget.TextView - Sudah punya akun' is: 'Sudah punya akun?'

2023-07-03 18:35:28 - [MESSAGE][WARNING] - Timeout '0' is invalid. Using default page load timeout: '30'

2023-07-03 18:35:29 - [MESSAGE][PASSED] - Text of element 'Object Repository/Register/android.widget.TextView - Sudah punya akun' is: 'Sudah punya akun?'

2023-07-03 18:35:29 - [TEST_STEP][PASSED] - verifyEqual(itemtext, "Sudah punya akun?"): Actual object 'Sudah punya akun?' and expected object 'Sudah punya akun?' are equal

2023-07-03 18:35:29 - [MESSAGE][PASSED] - Actual object 'Sudah punya akun?' and expected object 'Sudah punya akun?' are equal

2023-07-03 18:35:29 - [MESSAGE][PASSED] - Call Test Case 'Test Cases/Pages/Register/Scroll to Text Sudah Punya Akun' successfully

2023-07-03 18:35:29 - [TEST_STEP][PASSED] - callTestCase(findTestCase("Pages/Register/Verify Content Register Page"), [:], STOP_ON_FAILURE): Call Test Case 'Test Cases/Pages/Register/Verify Content Register Page' successfully

2023-07-03 18:35:29 - [TEST_CASE][PASSED] - Test Cases/Pages/Register/Verify Content Register Page: Test Cases/Pages/Register/Verify Content Register Page

2023-07-03 18:35:29 - [TEST_STEP][PASSED] - verifyElementVisible(findTestObject("Register/android.widget.EditText - Nama"), 0): Element 'Object Repository/Register/android.widget.EditText - Nama' is visible

2023-07-03 18:35:29 - [MESSAGE][WARNING] - Timeout '0' is invalid. Using default page load timeout: '30'

2023-07-03 18:35:30 - [MESSAGE][PASSED] - Element 'Object Repository/Register/android.widget.EditText - Nama' is visible

2023-07-03 18:35:30 - [TEST_STEP][PASSED] - verifyElementVisible(findTestObject("Register/android.widget.EditText - Email"), 0): Element 'Object Repository/Register/android.widget.EditText - Email' is visible

2023-07-03 18:35:30 - [MESSAGE][WARNING] - Timeout '0' is invalid. Using default page load timeout: '30'

2023-07-03 18:35:30 - [MESSAGE][PASSED] - Element 'Object Repository/Register/android.widget.EditText - Email' is visible

2023-07-03 18:35:30 - [TEST_STEP][PASSED] - verifyElementVisible(findTestObject("Register/android.widget.EditText - Password"), 0): Element 'Object Repository/Register/android.widget.EditText - Password' is visible

2023-07-03 18:35:30 - [MESSAGE][WARNING] - Timeout '0' is invalid. Using default page load timeout: '30'

2023-07-03 18:35:30 - [MESSAGE][PASSED] - Element 'Object Repository/Register/android.widget.EditText - Password' is visible

2023-07-03 18:35:30 - [TEST_STEP][PASSED] - verifyElementVisible(findTestObject("Register/android.widget.EditText - Nomor Hp"), 0): Element 'Object Repository/Register/android.widget.EditText - Nomor Hp' is visible

2023-07-03 18:35:30 - [MESSAGE][WARNING] - Timeout '0' is invalid. Using default page load timeout: '30'

2023-07-03 18:35:30 - [MESSAGE][PASSED] - Element 'Object Repository/Register/android.widget.EditText - Nomor Hp' is visible

2023-07-03 18:35:30 - [TEST_STEP][PASSED] - verifyElementVisible(findTestObject("Register/android.widget.EditText - Kota"), 0): Element 'Object Repository/Register/android.widget.EditText - Kota' is visible

2023-07-03 18:35:30 - [MESSAGE][WARNING] - Timeout '0' is invalid. Using default page load timeout: '30'

2023-07-03 18:35:31 - [MESSAGE][PASSED] - Element 'Object Repository/Register/android.widget.EditText - Kota' is visible

2023-07-03 18:35:31 - [TEST_STEP][PASSED] - verifyElementVisible(findTestObject("Register/android.widget.EditText - Alamat"), 0): Element 'Object Repository/Register/android.widget.EditText - Alamat' is visible

2023-07-03 18:35:31 - [MESSAGE][WARNING] - Timeout '0' is invalid. Using default page load timeout: '30'

2023-07-03 18:35:31 - [MESSAGE][PASSED] - Element 'Object Repository/Register/android.widget.EditText - Alamat' is visible

2023-07-03 18:35:31 - [TEST_STEP][PASSED] - verifyElementVisible(findTestObject("Register/android.widget.Button - Button Daftar"), 0): Element 'Object Repository/Register/android.widget.Button - Button Daftar' is visible

2023-07-03 18:35:31 - [MESSAGE][WARNING] - Timeout '0' is invalid. Using default page load timeout: '30'

2023-07-03 18:35:31 - [MESSAGE][PASSED] - Element 'Object Repository/Register/android.widget.Button - Button Daftar' is visible

2023-07-03 18:35:31 - [MESSAGE][PASSED] - Call Test Case 'Test Cases/Pages/Register/Verify Content Register Page' successfully

2023-07-03 18:35:31 - [TEST_STEP][PASSED] - callTestCase(findTestCase("Pages/Register/Input Nama with test data"), ["nama":nama], STOP_ON_FAILURE): Call Test Case 'Test Cases/Pages/Register/Input Nama with test data' successfully

2023-07-03 18:35:31 - [TEST_CASE][PASSED] - Test Cases/Pages/Register/Input Nama with test data: Test Cases/Pages/Register/Input Nama with test data

2023-07-03 18:35:31 - [TEST_STEP][PASSED] - setText(findTestObject("Register/android.widget.EditText - Nama"), nama, 0): Text 'empty pass' has been set to element 'Object Repository/Register/android.widget.EditText - Nama'

2023-07-03 18:35:31 - [MESSAGE][WARNING] - Timeout '0' is invalid. Using default page load timeout: '30'

2023-07-03 18:35:32 - [MESSAGE][PASSED] - Text 'empty pass' has been set to element 'Object Repository/Register/android.widget.EditText - Nama'

2023-07-03 18:35:32 - [MESSAGE][PASSED] - Call Test Case 'Test Cases/Pages/Register/Input Nama with test data' successfully

2023-07-03 18:35:32 - [TEST_STEP][PASSED] - callTestCase(findTestCase("Pages/Register/Input Email with test data"), ["email":email], STOP_ON_FAILURE): Call Test Case 'Test Cases/Pages/Register/Input Email with test data' successfully

2023-07-03 18:35:32 - [TEST_CASE][PASSED] - Test Cases/Pages/Register/Input Email with test data: Test Cases/Pages/Register/Input Email with test data

2023-07-03 18:35:32 - [TEST_STEP][PASSED] - setText(findTestObject("Register/android.widget.EditText - Email"), email, 0): Text 'emptypass@test.com' has been set to element 'Object Repository/Register/android.widget.EditText - Email'

2023-07-03 18:35:32 - [MESSAGE][WARNING] - Timeout '0' is invalid. Using default page load timeout: '30'

2023-07-03 18:35:34 - [MESSAGE][PASSED] - Text 'emptypass@test.com' has been set to element 'Object Repository/Register/android.widget.EditText - Email'

2023-07-03 18:35:34 - [MESSAGE][PASSED] - Call Test Case 'Test Cases/Pages/Register/Input Email with test data' successfully

2023-07-03 18:35:34 - [TEST_STEP][PASSED] - callTestCase(findTestCase("Pages/Register/Input Password"), ["password":password], STOP_ON_FAILURE): Call Test Case 'Test Cases/Pages/Register/Input Password' successfully

2023-07-03 18:35:34 - [TEST_CASE][PASSED] - Test Cases/Pages/Register/Input Password: Test Cases/Pages/Register/Input Password

2023-07-03 18:35:34 - [TEST_STEP][PASSED] - setText(findTestObject("Register/android.widget.EditText - Password"), password, 0): Text '' has been set to element 'Object Repository/Register/android.widget.EditText - Password'

2023-07-03 18:35:34 - [MESSAGE][WARNING] - Timeout '0' is invalid. Using default page load timeout: '30'

2023-07-03 18:35:35 - [MESSAGE][PASSED] - Text '' has been set to element 'Object Repository/Register/android.widget.EditText - Password'

2023-07-03 18:35:35 - [MESSAGE][PASSED] - Call Test Case 'Test Cases/Pages/Register/Input Password' successfully

2023-07-03 18:35:35 - [TEST_STEP][PASSED] - callTestCase(findTestCase("Pages/Register/Input Nomor Hp"), ["nomor_hp":nomor_hp], STOP_ON_FAILURE): Call Test Case 'Test Cases/Pages/Register/Input Nomor Hp' successfully

2023-07-03 18:35:35 - [TEST_CASE][PASSED] - Test Cases/Pages/Register/Input Nomor Hp: Test Cases/Pages/Register/Input Nomor Hp

2023-07-03 18:35:35 - [TEST_STEP][PASSED] - setText(findTestObject("Register/android.widget.EditText - Nomor Hp"), nomor_hp, 0): Text '088811112222' has been set to element 'Object Repository/Register/android.widget.EditText - Nomor Hp'

2023-07-03 18:35:35 - [MESSAGE][WARNING] - Timeout '0' is invalid. Using default page load timeout: '30'

2023-07-03 18:35:38 - [MESSAGE][PASSED] - Text '088811112222' has been set to element 'Object Repository/Register/android.widget.EditText - Nomor Hp'

2023-07-03 18:35:38 - [MESSAGE][PASSED] - Call Test Case 'Test Cases/Pages/Register/Input Nomor Hp' successfully

2023-07-03 18:35:38 - [TEST_STEP][PASSED] - callTestCase(findTestCase("Pages/Register/Input Kota"), ["kota":kota], STOP_ON_FAILURE): Call Test Case 'Test Cases/Pages/Register/Input Kota' successfully

2023-07-03 18:35:38 - [TEST_CASE][PASSED] - Test Cases/Pages/Register/Input Kota: Test Cases/Pages/Register/Input Kota

2023-07-03 18:35:38 - [TEST_STEP][PASSED] - setText(findTestObject("Register/android.widget.EditText - Kota"), kota, 0): Text 'Surabaya' has been set to element 'Object Repository/Register/android.widget.EditText - Kota'

2023-07-03 18:35:38 - [MESSAGE][WARNING] - Timeout '0' is invalid. Using default page load timeout: '30'

2023-07-03 18:35:39 - [MESSAGE][PASSED] - Text 'Surabaya' has been set to element 'Object Repository/Register/android.widget.EditText - Kota'

2023-07-03 18:35:39 - [MESSAGE][PASSED] - Call Test Case 'Test Cases/Pages/Register/Input Kota' successfully

2023-07-03 18:35:39 - [TEST_STEP][PASSED] - callTestCase(findTestCase("Pages/Register/Input Alamat"), ["alamat":alamat], STOP_ON_FAILURE): Call Test Case 'Test Cases/Pages/Register/Input Alamat' successfully

2023-07-03 18:35:39 - [TEST_CASE][PASSED] - Test Cases/Pages/Register/Input Alamat: Test Cases/Pages/Register/Input Alamat

2023-07-03 18:35:39 - [TEST_STEP][PASSED] - setText(findTestObject("Register/android.widget.EditText - Alamat"), alamat, 0): Text 'Jln. Mangga 11' has been set to element 'Object Repository/Register/android.widget.EditText - Alamat'

2023-07-03 18:35:39 - [MESSAGE][WARNING] - Timeout '0' is invalid. Using default page load timeout: '30'

2023-07-03 18:35:40 - [MESSAGE][PASSED] - Text 'Jln. Mangga 11' has been set to element 'Object Repository/Register/android.widget.EditText - Alamat'

2023-07-03 18:35:40 - [MESSAGE][PASSED] - Call Test Case 'Test Cases/Pages/Register/Input Alamat' successfully

2023-07-03 18:35:40 - [TEST_STEP][PASSED] - callTestCase(findTestCase("Pages/Register/Tap Button Daftar"), [:], STOP_ON_FAILURE): Call Test Case 'Test Cases/Pages/Register/Tap Button Daftar' successfully

2023-07-03 18:35:41 - [TEST_CASE][PASSED] - Test Cases/Pages/Register/Tap Button Daftar: Test Cases/Pages/Register/Tap Button Daftar

2023-07-03 18:35:41 - [TEST_STEP][PASSED] - tap(findTestObject("Register/android.widget.Button - Button Daftar"), 0): Tapped on element 'Object Repository/Register/android.widget.Button - Button Daftar'

2023-07-03 18:35:41 - [MESSAGE][WARNING] - Timeout '0' is invalid. Using default page load timeout: '30'

2023-07-03 18:35:42 - [MESSAGE][PASSED] - Tapped on element 'Object Repository/Register/android.widget.Button - Button Daftar'

2023-07-03 18:35:42 - [MESSAGE][PASSED] - Call Test Case 'Test Cases/Pages/Register/Tap Button Daftar' successfully

2023-07-03 18:35:42 - [TEST_STEP][PASSED] - callTestCase(findTestCase("Pages/Register/Verify Register with if else"), ["status":status], STOP_ON_FAILURE): Call Test Case 'Test Cases/Pages/Register/Verify Register with if else' successfully

2023-07-03 18:35:43 - [TEST_CASE][PASSED] - Test Cases/Pages/Register/Verify Register with if else: Test Cases/Pages/Register/Verify Register with if else

2023-07-03 18:35:43 - [TEST_STEP][PASSED] - if (status == "success"): null

2023-07-03 18:35:43 - [TEST_STEP][PASSED] - else if (status == "invalid email"): null

2023-07-03 18:35:43 - [TEST_STEP][PASSED] - else if (status == "registered"): null

2023-07-03 18:35:43 - [TEST_STEP][PASSED] - else if (status == "empty email"): null

2023-07-03 18:35:43 - [TEST_STEP][PASSED] - else if (status == "empty password"): Call Test Case 'Test Cases/Pages/Register/Read Error Message/Read Error Msg Empty Password' successfully

2023-07-03 18:35:43 - [TEST_STEP][PASSED] - callTestCase(findTestCase("Pages/Register/Read Error Message/Read Error Msg Empty Password"), ["expected":""], STOP_ON_FAILURE): Call Test Case 'Test Cases/Pages/Register/Read Error Message/Read Error Msg Empty Password' successfully

2023-07-03 18:35:43 - [TEST_CASE][PASSED] - Test Cases/Pages/Register/Read Error Message/Read Error Msg Empty Password: Test Cases/Pages/Register/Read Error Message/Read Error Msg Empty Password

2023-07-03 18:35:43 - [TEST_STEP][PASSED] - verifyElementVisible(findTestObject("Register/android.widget.TextView - Password tidak boleh kosong"), 0): Element 'Object Repository/Register/android.widget.TextView - Password tidak boleh kosong' is visible

2023-07-03 18:35:43 - [MESSAGE][WARNING] - Timeout '0' is invalid. Using default page load timeout: '30'

2023-07-03 18:35:43 - [MESSAGE][PASSED] - Element 'Object Repository/Register/android.widget.TextView - Password tidak boleh kosong' is visible

2023-07-03 18:35:43 - [TEST_STEP][PASSED] - emptypass = getText(findTestObject("Register/android.widget.TextView - Password tidak boleh kosong"), 0): Text of element 'Object Repository/Register/android.widget.TextView - Password tidak boleh kosong' is: 'Password tidak boleh kosong'

2023-07-03 18:35:43 - [MESSAGE][WARNING] - Timeout '0' is invalid. Using default page load timeout: '30'

2023-07-03 18:35:43 - [MESSAGE][PASSED] - Text of element 'Object Repository/Register/android.widget.TextView - Password tidak boleh kosong' is: 'Password tidak boleh kosong'

2023-07-03 18:35:43 - [TEST_STEP][PASSED] - logInfo(emptypass): Password tidak boleh kosong

2023-07-03 18:35:43 - [MESSAGE][INFO] - Password tidak boleh kosong

2023-07-03 18:35:43 - [TEST_STEP][PASSED] - expected = emptypass: null

2023-07-03 18:35:43 - [TEST_STEP][PASSED] - verifyMatch(emptypass, expected, false): Actual text 'Password tidak boleh kosong' and expected text 'Password tidak boleh kosong' are matched 

2023-07-03 18:35:43 - [MESSAGE][PASSED] - Actual text 'Password tidak boleh kosong' and expected text 'Password tidak boleh kosong' are matched 

2023-07-03 18:35:43 - [MESSAGE][PASSED] - Call Test Case 'Test Cases/Pages/Register/Read Error Message/Read Error Msg Empty Password' successfully

2023-07-03 18:35:43 - [MESSAGE][PASSED] - Call Test Case 'Test Cases/Pages/Register/Verify Register with if else' successfully

2023-07-03 18:35:43 - [TEST_STEP][PASSED] - Start listener action : afterTestCase: Close app successfully

2023-07-03 18:35:43 - [TEST_STEP][PASSED] - logInfo("Test Case: " + testCaseContext.getTestCaseId() + " | Status: " + testCaseContext.getTestCaseStatus()): Test Case: Test Cases/Step Definition/Feature Register/REG04 - User register with invalid password | Status: PASSED

2023-07-03 18:35:43 - [MESSAGE][INFO] - Test Case: Test Cases/Step Definition/Feature Register/REG04 - User register with invalid password | Status: PASSED

2023-07-03 18:35:43 - [TEST_STEP][PASSED] - closeApplication(): Close app successfully

2023-07-03 18:35:44 - [MESSAGE][PASSED] - Close app successfully]]></system-out>
         <system-err><![CDATA[]]></system-err>
      </testcase>
      <testcase name="Test Cases/Step Definition/Feature Register/REG04 - User register with invalid password" time="31.009" classname="Test Cases/Step Definition/Feature Register/REG04 - User register with invalid password" status="PASSED">
         <system-out><![CDATA[2023-07-03 18:35:44 - [TEST_CASE][PASSED] - Test Cases/Step Definition/Feature Register/REG04 - User register with invalid password: Test Cases/Step Definition/Feature Register/REG04 - User register with invalid password

2023-07-03 18:35:44 - [TEST_STEP][PASSED] - Start listener action : beforeTestCase: Started app at: 'E:\GitRepo\Katalon\binarqa-group1-app\Apk\app-release-second-hand-gcp.apk'

2023-07-03 18:35:44 - [TEST_STEP][PASSED] - logInfo("Test Case: " + testCaseContext.getTestCaseId()): Test Case: Test Cases/Step Definition/Feature Register/REG04 - User register with invalid password

2023-07-03 18:35:44 - [MESSAGE][INFO] - Test Case: Test Cases/Step Definition/Feature Register/REG04 - User register with invalid password

2023-07-03 18:35:44 - [TEST_STEP][PASSED] - launchApp(): null

2023-07-03 18:35:44 - [TEST_STEP][PASSED] - startApplication(System.getProperty("user.dir") + "\Apk\app-release-second-hand-gcp.apk", false): Started app at: 'E:\GitRepo\Katalon\binarqa-group1-app\Apk\app-release-second-hand-gcp.apk'

2023-07-03 18:35:44 - [MESSAGE][INFO] - User set preference: ['appWaitActivity', '*']

2023-07-03 18:35:44 - [MESSAGE][INFO] - User set preference: ['appWaitforLaunch', 'false']

2023-07-03 18:35:44 - [MESSAGE][INFO] - User set preference: ['noReset', 'true']

2023-07-03 18:35:44 - [MESSAGE][INFO] - User set preference: ['ignoreHiddenApiPolicyError', 'true']

2023-07-03 18:35:44 - [MESSAGE][INFO] - User set preference: ['deviceId', '']

2023-07-03 18:35:44 - [MESSAGE][INFO] - Detected NodeJS location: "C:\Program Files\nodejs\node.exe"

2023-07-03 18:35:45 - [MESSAGE][INFO] - Appium server started on port 62,365

2023-07-03 18:35:54 - [MESSAGE][PASSED] - Started app at: 'E:\GitRepo\Katalon\binarqa-group1-app\Apk\app-release-second-hand-gcp.apk'

2023-07-03 18:35:54 - [TEST_STEP][PASSED] - callTestCase(findTestCase("Pages/Navbar/Tap Akun"), [:], STOP_ON_FAILURE): Call Test Case 'Test Cases/Pages/Navbar/Tap Akun' successfully

2023-07-03 18:35:54 - [TEST_CASE][PASSED] - Test Cases/Pages/Navbar/Tap Akun: Test Cases/Pages/Navbar/Tap Akun

2023-07-03 18:35:54 - [TEST_STEP][PASSED] - tap(findTestObject("Navbar/android.widget.FrameLayout - Navbar Akun"), 0): Tapped on element 'Object Repository/Navbar/android.widget.FrameLayout - Navbar Akun'

2023-07-03 18:35:54 - [MESSAGE][WARNING] - Timeout '0' is invalid. Using default page load timeout: '30'

2023-07-03 18:35:54 - [MESSAGE][PASSED] - Tapped on element 'Object Repository/Navbar/android.widget.FrameLayout - Navbar Akun'

2023-07-03 18:35:54 - [MESSAGE][PASSED] - Call Test Case 'Test Cases/Pages/Navbar/Tap Akun' successfully

2023-07-03 18:35:54 - [TEST_STEP][PASSED] - callTestCase(findTestCase("Pages/Akun/Tap Masuk from Akun Page"), [:], STOP_ON_FAILURE): Call Test Case 'Test Cases/Pages/Akun/Tap Masuk from Akun Page' successfully

2023-07-03 18:35:55 - [TEST_CASE][PASSED] - Test Cases/Pages/Akun/Tap Masuk from Akun Page: Test Cases/Pages/Akun/Tap Masuk from Akun Page

2023-07-03 18:35:55 - [TEST_STEP][PASSED] - tap(findTestObject("Akun/android.widget.Button - Masuk from Akun"), 0): Tapped on element 'Object Repository/Akun/android.widget.Button - Masuk from Akun'

2023-07-03 18:35:55 - [MESSAGE][WARNING] - Timeout '0' is invalid. Using default page load timeout: '30'

2023-07-03 18:35:55 - [MESSAGE][PASSED] - Tapped on element 'Object Repository/Akun/android.widget.Button - Masuk from Akun'

2023-07-03 18:35:55 - [MESSAGE][PASSED] - Call Test Case 'Test Cases/Pages/Akun/Tap Masuk from Akun Page' successfully

2023-07-03 18:35:55 - [TEST_STEP][PASSED] - callTestCase(findTestCase("Pages/Register/Tap Daftar from login page"), [:], STOP_ON_FAILURE): Call Test Case 'Test Cases/Pages/Register/Tap Daftar from login page' successfully

2023-07-03 18:35:55 - [TEST_CASE][PASSED] - Test Cases/Pages/Register/Tap Daftar from login page: Test Cases/Pages/Register/Tap Daftar from login page

2023-07-03 18:35:55 - [TEST_STEP][PASSED] - tap(findTestObject("Login/android.widget.TextView - Button Daftar"), 0): Tapped on element 'Object Repository/Login/android.widget.TextView - Button Daftar'

2023-07-03 18:35:55 - [MESSAGE][WARNING] - Timeout '0' is invalid. Using default page load timeout: '30'

2023-07-03 18:35:56 - [MESSAGE][PASSED] - Tapped on element 'Object Repository/Login/android.widget.TextView - Button Daftar'

2023-07-03 18:35:56 - [MESSAGE][PASSED] - Call Test Case 'Test Cases/Pages/Register/Tap Daftar from login page' successfully

2023-07-03 18:35:56 - [TEST_STEP][PASSED] - callTestCase(findTestCase("Pages/Register/Scroll to Text Sudah Punya Akun"), [:], STOP_ON_FAILURE): Call Test Case 'Test Cases/Pages/Register/Scroll to Text Sudah Punya Akun' successfully

2023-07-03 18:35:56 - [TEST_CASE][PASSED] - Test Cases/Pages/Register/Scroll to Text Sudah Punya Akun: Test Cases/Pages/Register/Scroll to Text Sudah Punya Akun

2023-07-03 18:35:56 - [TEST_STEP][PASSED] - scrollToText("Sudah punya akun?"): Scrolling to text 'Sudah punya akun?' successfully

2023-07-03 18:36:00 - [MESSAGE][PASSED] - Scrolling to text 'Sudah punya akun?' successfully

2023-07-03 18:36:00 - [TEST_STEP][PASSED] - itemtext = getText(findTestObject("Register/android.widget.TextView - Sudah punya akun"), 0): Text of element 'Object Repository/Register/android.widget.TextView - Sudah punya akun' is: 'Sudah punya akun?'

2023-07-03 18:36:00 - [MESSAGE][WARNING] - Timeout '0' is invalid. Using default page load timeout: '30'

2023-07-03 18:36:00 - [MESSAGE][PASSED] - Text of element 'Object Repository/Register/android.widget.TextView - Sudah punya akun' is: 'Sudah punya akun?'

2023-07-03 18:36:00 - [TEST_STEP][PASSED] - verifyEqual(itemtext, "Sudah punya akun?"): Actual object 'Sudah punya akun?' and expected object 'Sudah punya akun?' are equal

2023-07-03 18:36:00 - [MESSAGE][PASSED] - Actual object 'Sudah punya akun?' and expected object 'Sudah punya akun?' are equal

2023-07-03 18:36:00 - [MESSAGE][PASSED] - Call Test Case 'Test Cases/Pages/Register/Scroll to Text Sudah Punya Akun' successfully

2023-07-03 18:36:00 - [TEST_STEP][PASSED] - callTestCase(findTestCase("Pages/Register/Verify Content Register Page"), [:], STOP_ON_FAILURE): Call Test Case 'Test Cases/Pages/Register/Verify Content Register Page' successfully

2023-07-03 18:36:00 - [TEST_CASE][PASSED] - Test Cases/Pages/Register/Verify Content Register Page: Test Cases/Pages/Register/Verify Content Register Page

2023-07-03 18:36:00 - [TEST_STEP][PASSED] - verifyElementVisible(findTestObject("Register/android.widget.EditText - Nama"), 0): Element 'Object Repository/Register/android.widget.EditText - Nama' is visible

2023-07-03 18:36:00 - [MESSAGE][WARNING] - Timeout '0' is invalid. Using default page load timeout: '30'

2023-07-03 18:36:02 - [MESSAGE][PASSED] - Element 'Object Repository/Register/android.widget.EditText - Nama' is visible

2023-07-03 18:36:02 - [TEST_STEP][PASSED] - verifyElementVisible(findTestObject("Register/android.widget.EditText - Email"), 0): Element 'Object Repository/Register/android.widget.EditText - Email' is visible

2023-07-03 18:36:02 - [MESSAGE][WARNING] - Timeout '0' is invalid. Using default page load timeout: '30'

2023-07-03 18:36:02 - [MESSAGE][PASSED] - Element 'Object Repository/Register/android.widget.EditText - Email' is visible

2023-07-03 18:36:02 - [TEST_STEP][PASSED] - verifyElementVisible(findTestObject("Register/android.widget.EditText - Password"), 0): Element 'Object Repository/Register/android.widget.EditText - Password' is visible

2023-07-03 18:36:02 - [MESSAGE][WARNING] - Timeout '0' is invalid. Using default page load timeout: '30'

2023-07-03 18:36:02 - [MESSAGE][PASSED] - Element 'Object Repository/Register/android.widget.EditText - Password' is visible

2023-07-03 18:36:02 - [TEST_STEP][PASSED] - verifyElementVisible(findTestObject("Register/android.widget.EditText - Nomor Hp"), 0): Element 'Object Repository/Register/android.widget.EditText - Nomor Hp' is visible

2023-07-03 18:36:02 - [MESSAGE][WARNING] - Timeout '0' is invalid. Using default page load timeout: '30'

2023-07-03 18:36:02 - [MESSAGE][PASSED] - Element 'Object Repository/Register/android.widget.EditText - Nomor Hp' is visible

2023-07-03 18:36:02 - [TEST_STEP][PASSED] - verifyElementVisible(findTestObject("Register/android.widget.EditText - Kota"), 0): Element 'Object Repository/Register/android.widget.EditText - Kota' is visible

2023-07-03 18:36:02 - [MESSAGE][WARNING] - Timeout '0' is invalid. Using default page load timeout: '30'

2023-07-03 18:36:03 - [MESSAGE][PASSED] - Element 'Object Repository/Register/android.widget.EditText - Kota' is visible

2023-07-03 18:36:03 - [TEST_STEP][PASSED] - verifyElementVisible(findTestObject("Register/android.widget.EditText - Alamat"), 0): Element 'Object Repository/Register/android.widget.EditText - Alamat' is visible

2023-07-03 18:36:03 - [MESSAGE][WARNING] - Timeout '0' is invalid. Using default page load timeout: '30'

2023-07-03 18:36:03 - [MESSAGE][PASSED] - Element 'Object Repository/Register/android.widget.EditText - Alamat' is visible

2023-07-03 18:36:03 - [TEST_STEP][PASSED] - verifyElementVisible(findTestObject("Register/android.widget.Button - Button Daftar"), 0): Element 'Object Repository/Register/android.widget.Button - Button Daftar' is visible

2023-07-03 18:36:03 - [MESSAGE][WARNING] - Timeout '0' is invalid. Using default page load timeout: '30'

2023-07-03 18:36:03 - [MESSAGE][PASSED] - Element 'Object Repository/Register/android.widget.Button - Button Daftar' is visible

2023-07-03 18:36:03 - [MESSAGE][PASSED] - Call Test Case 'Test Cases/Pages/Register/Verify Content Register Page' successfully

2023-07-03 18:36:03 - [TEST_STEP][PASSED] - callTestCase(findTestCase("Pages/Register/Input Nama with test data"), ["nama":nama], STOP_ON_FAILURE): Call Test Case 'Test Cases/Pages/Register/Input Nama with test data' successfully

2023-07-03 18:36:03 - [TEST_CASE][PASSED] - Test Cases/Pages/Register/Input Nama with test data: Test Cases/Pages/Register/Input Nama with test data

2023-07-03 18:36:03 - [TEST_STEP][PASSED] - setText(findTestObject("Register/android.widget.EditText - Nama"), nama, 0): Text 'less than six' has been set to element 'Object Repository/Register/android.widget.EditText - Nama'

2023-07-03 18:36:03 - [MESSAGE][WARNING] - Timeout '0' is invalid. Using default page load timeout: '30'

2023-07-03 18:36:04 - [MESSAGE][PASSED] - Text 'less than six' has been set to element 'Object Repository/Register/android.widget.EditText - Nama'

2023-07-03 18:36:04 - [MESSAGE][PASSED] - Call Test Case 'Test Cases/Pages/Register/Input Nama with test data' successfully

2023-07-03 18:36:04 - [TEST_STEP][PASSED] - callTestCase(findTestCase("Pages/Register/Input Email with test data"), ["email":email], STOP_ON_FAILURE): Call Test Case 'Test Cases/Pages/Register/Input Email with test data' successfully

2023-07-03 18:36:04 - [TEST_CASE][PASSED] - Test Cases/Pages/Register/Input Email with test data: Test Cases/Pages/Register/Input Email with test data

2023-07-03 18:36:04 - [TEST_STEP][PASSED] - setText(findTestObject("Register/android.widget.EditText - Email"), email, 0): Text 'kurangdari6@test.com' has been set to element 'Object Repository/Register/android.widget.EditText - Email'

2023-07-03 18:36:04 - [MESSAGE][WARNING] - Timeout '0' is invalid. Using default page load timeout: '30'

2023-07-03 18:36:06 - [MESSAGE][PASSED] - Text 'kurangdari6@test.com' has been set to element 'Object Repository/Register/android.widget.EditText - Email'

2023-07-03 18:36:06 - [MESSAGE][PASSED] - Call Test Case 'Test Cases/Pages/Register/Input Email with test data' successfully

2023-07-03 18:36:06 - [TEST_STEP][PASSED] - callTestCase(findTestCase("Pages/Register/Input Password"), ["password":password], STOP_ON_FAILURE): Call Test Case 'Test Cases/Pages/Register/Input Password' successfully

2023-07-03 18:36:06 - [TEST_CASE][PASSED] - Test Cases/Pages/Register/Input Password: Test Cases/Pages/Register/Input Password

2023-07-03 18:36:06 - [TEST_STEP][PASSED] - setText(findTestObject("Register/android.widget.EditText - Password"), password, 0): Text 'abc1' has been set to element 'Object Repository/Register/android.widget.EditText - Password'

2023-07-03 18:36:06 - [MESSAGE][WARNING] - Timeout '0' is invalid. Using default page load timeout: '30'

2023-07-03 18:36:08 - [MESSAGE][PASSED] - Text 'abc1' has been set to element 'Object Repository/Register/android.widget.EditText - Password'

2023-07-03 18:36:08 - [MESSAGE][PASSED] - Call Test Case 'Test Cases/Pages/Register/Input Password' successfully

2023-07-03 18:36:08 - [TEST_STEP][PASSED] - callTestCase(findTestCase("Pages/Register/Input Nomor Hp"), ["nomor_hp":nomor_hp], STOP_ON_FAILURE): Call Test Case 'Test Cases/Pages/Register/Input Nomor Hp' successfully

2023-07-03 18:36:08 - [TEST_CASE][PASSED] - Test Cases/Pages/Register/Input Nomor Hp: Test Cases/Pages/Register/Input Nomor Hp

2023-07-03 18:36:08 - [TEST_STEP][PASSED] - setText(findTestObject("Register/android.widget.EditText - Nomor Hp"), nomor_hp, 0): Text '088811112222' has been set to element 'Object Repository/Register/android.widget.EditText - Nomor Hp'

2023-07-03 18:36:08 - [MESSAGE][WARNING] - Timeout '0' is invalid. Using default page load timeout: '30'

2023-07-03 18:36:10 - [MESSAGE][PASSED] - Text '088811112222' has been set to element 'Object Repository/Register/android.widget.EditText - Nomor Hp'

2023-07-03 18:36:10 - [MESSAGE][PASSED] - Call Test Case 'Test Cases/Pages/Register/Input Nomor Hp' successfully

2023-07-03 18:36:10 - [TEST_STEP][PASSED] - callTestCase(findTestCase("Pages/Register/Input Kota"), ["kota":kota], STOP_ON_FAILURE): Call Test Case 'Test Cases/Pages/Register/Input Kota' successfully

2023-07-03 18:36:10 - [TEST_CASE][PASSED] - Test Cases/Pages/Register/Input Kota: Test Cases/Pages/Register/Input Kota

2023-07-03 18:36:10 - [TEST_STEP][PASSED] - setText(findTestObject("Register/android.widget.EditText - Kota"), kota, 0): Text 'Surabaya' has been set to element 'Object Repository/Register/android.widget.EditText - Kota'

2023-07-03 18:36:10 - [MESSAGE][WARNING] - Timeout '0' is invalid. Using default page load timeout: '30'

2023-07-03 18:36:11 - [MESSAGE][PASSED] - Text 'Surabaya' has been set to element 'Object Repository/Register/android.widget.EditText - Kota'

2023-07-03 18:36:11 - [MESSAGE][PASSED] - Call Test Case 'Test Cases/Pages/Register/Input Kota' successfully

2023-07-03 18:36:11 - [TEST_STEP][PASSED] - callTestCase(findTestCase("Pages/Register/Input Alamat"), ["alamat":alamat], STOP_ON_FAILURE): Call Test Case 'Test Cases/Pages/Register/Input Alamat' successfully

2023-07-03 18:36:11 - [TEST_CASE][PASSED] - Test Cases/Pages/Register/Input Alamat: Test Cases/Pages/Register/Input Alamat

2023-07-03 18:36:11 - [TEST_STEP][PASSED] - setText(findTestObject("Register/android.widget.EditText - Alamat"), alamat, 0): Text 'Jln. Mangga 12' has been set to element 'Object Repository/Register/android.widget.EditText - Alamat'

2023-07-03 18:36:11 - [MESSAGE][WARNING] - Timeout '0' is invalid. Using default page load timeout: '30'

2023-07-03 18:36:12 - [MESSAGE][PASSED] - Text 'Jln. Mangga 12' has been set to element 'Object Repository/Register/android.widget.EditText - Alamat'

2023-07-03 18:36:12 - [MESSAGE][PASSED] - Call Test Case 'Test Cases/Pages/Register/Input Alamat' successfully

2023-07-03 18:36:12 - [TEST_STEP][PASSED] - callTestCase(findTestCase("Pages/Register/Tap Button Daftar"), [:], STOP_ON_FAILURE): Call Test Case 'Test Cases/Pages/Register/Tap Button Daftar' successfully

2023-07-03 18:36:12 - [TEST_CASE][PASSED] - Test Cases/Pages/Register/Tap Button Daftar: Test Cases/Pages/Register/Tap Button Daftar

2023-07-03 18:36:12 - [TEST_STEP][PASSED] - tap(findTestObject("Register/android.widget.Button - Button Daftar"), 0): Tapped on element 'Object Repository/Register/android.widget.Button - Button Daftar'

2023-07-03 18:36:12 - [MESSAGE][WARNING] - Timeout '0' is invalid. Using default page load timeout: '30'

2023-07-03 18:36:14 - [MESSAGE][PASSED] - Tapped on element 'Object Repository/Register/android.widget.Button - Button Daftar'

2023-07-03 18:36:14 - [MESSAGE][PASSED] - Call Test Case 'Test Cases/Pages/Register/Tap Button Daftar' successfully

2023-07-03 18:36:14 - [TEST_STEP][PASSED] - callTestCase(findTestCase("Pages/Register/Verify Register with if else"), ["status":status], STOP_ON_FAILURE): Call Test Case 'Test Cases/Pages/Register/Verify Register with if else' successfully

2023-07-03 18:36:14 - [TEST_CASE][PASSED] - Test Cases/Pages/Register/Verify Register with if else: Test Cases/Pages/Register/Verify Register with if else

2023-07-03 18:36:14 - [TEST_STEP][PASSED] - if (status == "success"): null

2023-07-03 18:36:14 - [TEST_STEP][PASSED] - else if (status == "invalid email"): null

2023-07-03 18:36:14 - [TEST_STEP][PASSED] - else if (status == "registered"): null

2023-07-03 18:36:14 - [TEST_STEP][PASSED] - else if (status == "empty email"): null

2023-07-03 18:36:14 - [TEST_STEP][PASSED] - else if (status == "empty password"): null

2023-07-03 18:36:14 - [TEST_STEP][PASSED] - else if (status == "invalid pass"): Call Test Case 'Test Cases/Pages/Register/Read Error Message/Read Error Msg Password less than 6 chars' successfully

2023-07-03 18:36:14 - [TEST_STEP][PASSED] - callTestCase(findTestCase("Pages/Register/Read Error Message/Read Error Msg Password less than 6 chars"), ["expected":""], STOP_ON_FAILURE): Call Test Case 'Test Cases/Pages/Register/Read Error Message/Read Error Msg Password less than 6 chars' successfully

2023-07-03 18:36:14 - [TEST_CASE][PASSED] - Test Cases/Pages/Register/Read Error Message/Read Error Msg Password less than 6 chars: Test Cases/Pages/Register/Read Error Message/Read Error Msg Password less than 6 chars

2023-07-03 18:36:14 - [TEST_STEP][PASSED] - verifyElementVisible(findTestObject("Register/android.widget.TextView - Password harus lebih dari 6 karakter"), 0): Element 'Object Repository/Register/android.widget.TextView - Password harus lebih dari 6 karakter' is visible

2023-07-03 18:36:14 - [MESSAGE][WARNING] - Timeout '0' is invalid. Using default page load timeout: '30'

2023-07-03 18:36:14 - [MESSAGE][PASSED] - Element 'Object Repository/Register/android.widget.TextView - Password harus lebih dari 6 karakter' is visible

2023-07-03 18:36:14 - [TEST_STEP][PASSED] - lessthan6 = getText(findTestObject("Register/android.widget.TextView - Password harus lebih dari 6 karakter"), 0): Text of element 'Object Repository/Register/android.widget.TextView - Password harus lebih dari 6 karakter' is: 'Password harus lebih dari 6 karakter'

2023-07-03 18:36:14 - [MESSAGE][WARNING] - Timeout '0' is invalid. Using default page load timeout: '30'

2023-07-03 18:36:14 - [MESSAGE][PASSED] - Text of element 'Object Repository/Register/android.widget.TextView - Password harus lebih dari 6 karakter' is: 'Password harus lebih dari 6 karakter'

2023-07-03 18:36:14 - [TEST_STEP][PASSED] - logInfo(lessthan6): Password harus lebih dari 6 karakter

2023-07-03 18:36:14 - [MESSAGE][INFO] - Password harus lebih dari 6 karakter

2023-07-03 18:36:14 - [TEST_STEP][PASSED] - expected = lessthan6: null

2023-07-03 18:36:14 - [TEST_STEP][PASSED] - verifyMatch(lessthan6, expected, false): Actual text 'Password harus lebih dari 6 karakter' and expected text 'Password harus lebih dari 6 karakter' are matched 

2023-07-03 18:36:14 - [MESSAGE][PASSED] - Actual text 'Password harus lebih dari 6 karakter' and expected text 'Password harus lebih dari 6 karakter' are matched 

2023-07-03 18:36:14 - [MESSAGE][PASSED] - Call Test Case 'Test Cases/Pages/Register/Read Error Message/Read Error Msg Password less than 6 chars' successfully

2023-07-03 18:36:14 - [MESSAGE][PASSED] - Call Test Case 'Test Cases/Pages/Register/Verify Register with if else' successfully

2023-07-03 18:36:14 - [TEST_STEP][PASSED] - Start listener action : afterTestCase: Close app successfully

2023-07-03 18:36:14 - [TEST_STEP][PASSED] - logInfo("Test Case: " + testCaseContext.getTestCaseId() + " | Status: " + testCaseContext.getTestCaseStatus()): Test Case: Test Cases/Step Definition/Feature Register/REG04 - User register with invalid password | Status: PASSED

2023-07-03 18:36:14 - [MESSAGE][INFO] - Test Case: Test Cases/Step Definition/Feature Register/REG04 - User register with invalid password | Status: PASSED

2023-07-03 18:36:14 - [TEST_STEP][PASSED] - closeApplication(): Close app successfully

2023-07-03 18:36:15 - [MESSAGE][PASSED] - Close app successfully]]></system-out>
         <system-err><![CDATA[]]></system-err>
      </testcase>
      <testcase name="Test Cases/Step Definition/Feature Register/REG05 - User register by emptying one of the fields" time="29.154" classname="Test Cases/Step Definition/Feature Register/REG05 - User register by emptying one of the fields" status="PASSED">
         <system-out><![CDATA[2023-07-03 18:36:15 - [TEST_CASE][PASSED] - Test Cases/Step Definition/Feature Register/REG05 - User register by emptying one of the fields: Test Cases/Step Definition/Feature Register/REG05 - User register by emptying one of the fields

2023-07-03 18:36:15 - [TEST_STEP][PASSED] - Start listener action : beforeTestCase: Started app at: 'E:\GitRepo\Katalon\binarqa-group1-app\Apk\app-release-second-hand-gcp.apk'

2023-07-03 18:36:15 - [TEST_STEP][PASSED] - logInfo("Test Case: " + testCaseContext.getTestCaseId()): Test Case: Test Cases/Step Definition/Feature Register/REG05 - User register by emptying one of the fields

2023-07-03 18:36:15 - [MESSAGE][INFO] - Test Case: Test Cases/Step Definition/Feature Register/REG05 - User register by emptying one of the fields

2023-07-03 18:36:15 - [TEST_STEP][PASSED] - launchApp(): null

2023-07-03 18:36:15 - [TEST_STEP][PASSED] - startApplication(System.getProperty("user.dir") + "\Apk\app-release-second-hand-gcp.apk", false): Started app at: 'E:\GitRepo\Katalon\binarqa-group1-app\Apk\app-release-second-hand-gcp.apk'

2023-07-03 18:36:15 - [MESSAGE][INFO] - User set preference: ['appWaitActivity', '*']

2023-07-03 18:36:15 - [MESSAGE][INFO] - User set preference: ['appWaitforLaunch', 'false']

2023-07-03 18:36:15 - [MESSAGE][INFO] - User set preference: ['noReset', 'true']

2023-07-03 18:36:15 - [MESSAGE][INFO] - User set preference: ['ignoreHiddenApiPolicyError', 'true']

2023-07-03 18:36:15 - [MESSAGE][INFO] - User set preference: ['deviceId', '']

2023-07-03 18:36:15 - [MESSAGE][INFO] - Detected NodeJS location: "C:\Program Files\nodejs\node.exe"

2023-07-03 18:36:16 - [MESSAGE][INFO] - Appium server started on port 62,504

2023-07-03 18:36:25 - [MESSAGE][PASSED] - Started app at: 'E:\GitRepo\Katalon\binarqa-group1-app\Apk\app-release-second-hand-gcp.apk'

2023-07-03 18:36:25 - [TEST_STEP][PASSED] - callTestCase(findTestCase("Pages/Navbar/Tap Akun"), [:], STOP_ON_FAILURE): Call Test Case 'Test Cases/Pages/Navbar/Tap Akun' successfully

2023-07-03 18:36:25 - [TEST_CASE][PASSED] - Test Cases/Pages/Navbar/Tap Akun: Test Cases/Pages/Navbar/Tap Akun

2023-07-03 18:36:25 - [TEST_STEP][PASSED] - tap(findTestObject("Navbar/android.widget.FrameLayout - Navbar Akun"), 0): Tapped on element 'Object Repository/Navbar/android.widget.FrameLayout - Navbar Akun'

2023-07-03 18:36:25 - [MESSAGE][WARNING] - Timeout '0' is invalid. Using default page load timeout: '30'

2023-07-03 18:36:26 - [MESSAGE][PASSED] - Tapped on element 'Object Repository/Navbar/android.widget.FrameLayout - Navbar Akun'

2023-07-03 18:36:26 - [MESSAGE][PASSED] - Call Test Case 'Test Cases/Pages/Navbar/Tap Akun' successfully

2023-07-03 18:36:26 - [TEST_STEP][PASSED] - callTestCase(findTestCase("Pages/Akun/Tap Masuk from Akun Page"), [:], STOP_ON_FAILURE): Call Test Case 'Test Cases/Pages/Akun/Tap Masuk from Akun Page' successfully

2023-07-03 18:36:26 - [TEST_CASE][PASSED] - Test Cases/Pages/Akun/Tap Masuk from Akun Page: Test Cases/Pages/Akun/Tap Masuk from Akun Page

2023-07-03 18:36:26 - [TEST_STEP][PASSED] - tap(findTestObject("Akun/android.widget.Button - Masuk from Akun"), 0): Tapped on element 'Object Repository/Akun/android.widget.Button - Masuk from Akun'

2023-07-03 18:36:26 - [MESSAGE][WARNING] - Timeout '0' is invalid. Using default page load timeout: '30'

2023-07-03 18:36:27 - [MESSAGE][PASSED] - Tapped on element 'Object Repository/Akun/android.widget.Button - Masuk from Akun'

2023-07-03 18:36:27 - [MESSAGE][PASSED] - Call Test Case 'Test Cases/Pages/Akun/Tap Masuk from Akun Page' successfully

2023-07-03 18:36:27 - [TEST_STEP][PASSED] - callTestCase(findTestCase("Pages/Register/Tap Daftar from login page"), [:], STOP_ON_FAILURE): Call Test Case 'Test Cases/Pages/Register/Tap Daftar from login page' successfully

2023-07-03 18:36:27 - [TEST_CASE][PASSED] - Test Cases/Pages/Register/Tap Daftar from login page: Test Cases/Pages/Register/Tap Daftar from login page

2023-07-03 18:36:27 - [TEST_STEP][PASSED] - tap(findTestObject("Login/android.widget.TextView - Button Daftar"), 0): Tapped on element 'Object Repository/Login/android.widget.TextView - Button Daftar'

2023-07-03 18:36:27 - [MESSAGE][WARNING] - Timeout '0' is invalid. Using default page load timeout: '30'

2023-07-03 18:36:27 - [MESSAGE][PASSED] - Tapped on element 'Object Repository/Login/android.widget.TextView - Button Daftar'

2023-07-03 18:36:27 - [MESSAGE][PASSED] - Call Test Case 'Test Cases/Pages/Register/Tap Daftar from login page' successfully

2023-07-03 18:36:27 - [TEST_STEP][PASSED] - callTestCase(findTestCase("Pages/Register/Input Nama with test data"), ["nama":nama], STOP_ON_FAILURE): Call Test Case 'Test Cases/Pages/Register/Input Nama with test data' successfully

2023-07-03 18:36:27 - [TEST_CASE][PASSED] - Test Cases/Pages/Register/Input Nama with test data: Test Cases/Pages/Register/Input Nama with test data

2023-07-03 18:36:27 - [TEST_STEP][PASSED] - setText(findTestObject("Register/android.widget.EditText - Nama"), nama, 0): Text '' has been set to element 'Object Repository/Register/android.widget.EditText - Nama'

2023-07-03 18:36:27 - [MESSAGE][WARNING] - Timeout '0' is invalid. Using default page load timeout: '30'

2023-07-03 18:36:29 - [MESSAGE][PASSED] - Text '' has been set to element 'Object Repository/Register/android.widget.EditText - Nama'

2023-07-03 18:36:29 - [MESSAGE][PASSED] - Call Test Case 'Test Cases/Pages/Register/Input Nama with test data' successfully

2023-07-03 18:36:29 - [TEST_STEP][PASSED] - callTestCase(findTestCase("Pages/Register/Input Email with test data"), ["email":email], STOP_ON_FAILURE): Call Test Case 'Test Cases/Pages/Register/Input Email with test data' successfully

2023-07-03 18:36:29 - [TEST_CASE][PASSED] - Test Cases/Pages/Register/Input Email with test data: Test Cases/Pages/Register/Input Email with test data

2023-07-03 18:36:29 - [TEST_STEP][PASSED] - setText(findTestObject("Register/android.widget.EditText - Email"), email, 0): Text 'namakosong@mail.co.id' has been set to element 'Object Repository/Register/android.widget.EditText - Email'

2023-07-03 18:36:29 - [MESSAGE][WARNING] - Timeout '0' is invalid. Using default page load timeout: '30'

2023-07-03 18:36:31 - [MESSAGE][PASSED] - Text 'namakosong@mail.co.id' has been set to element 'Object Repository/Register/android.widget.EditText - Email'

2023-07-03 18:36:31 - [MESSAGE][PASSED] - Call Test Case 'Test Cases/Pages/Register/Input Email with test data' successfully

2023-07-03 18:36:31 - [TEST_STEP][PASSED] - callTestCase(findTestCase("Pages/Register/Input Password"), ["password":password], STOP_ON_FAILURE): Call Test Case 'Test Cases/Pages/Register/Input Password' successfully

2023-07-03 18:36:31 - [TEST_CASE][PASSED] - Test Cases/Pages/Register/Input Password: Test Cases/Pages/Register/Input Password

2023-07-03 18:36:31 - [TEST_STEP][PASSED] - setText(findTestObject("Register/android.widget.EditText - Password"), password, 0): Text 'abc!12345' has been set to element 'Object Repository/Register/android.widget.EditText - Password'

2023-07-03 18:36:31 - [MESSAGE][WARNING] - Timeout '0' is invalid. Using default page load timeout: '30'

2023-07-03 18:36:33 - [MESSAGE][PASSED] - Text 'abc!12345' has been set to element 'Object Repository/Register/android.widget.EditText - Password'

2023-07-03 18:36:33 - [MESSAGE][PASSED] - Call Test Case 'Test Cases/Pages/Register/Input Password' successfully

2023-07-03 18:36:33 - [TEST_STEP][PASSED] - callTestCase(findTestCase("Pages/Register/Input Nomor Hp"), ["nomor_hp":nomor_hp], STOP_ON_FAILURE): Call Test Case 'Test Cases/Pages/Register/Input Nomor Hp' successfully

2023-07-03 18:36:33 - [TEST_CASE][PASSED] - Test Cases/Pages/Register/Input Nomor Hp: Test Cases/Pages/Register/Input Nomor Hp

2023-07-03 18:36:33 - [TEST_STEP][PASSED] - setText(findTestObject("Register/android.widget.EditText - Nomor Hp"), nomor_hp, 0): Text '088811110000' has been set to element 'Object Repository/Register/android.widget.EditText - Nomor Hp'

2023-07-03 18:36:33 - [MESSAGE][WARNING] - Timeout '0' is invalid. Using default page load timeout: '30'

2023-07-03 18:36:35 - [MESSAGE][PASSED] - Text '088811110000' has been set to element 'Object Repository/Register/android.widget.EditText - Nomor Hp'

2023-07-03 18:36:35 - [MESSAGE][PASSED] - Call Test Case 'Test Cases/Pages/Register/Input Nomor Hp' successfully

2023-07-03 18:36:35 - [TEST_STEP][PASSED] - callTestCase(findTestCase("Pages/Register/Input Kota"), ["kota":kota], STOP_ON_FAILURE): Call Test Case 'Test Cases/Pages/Register/Input Kota' successfully

2023-07-03 18:36:35 - [TEST_CASE][PASSED] - Test Cases/Pages/Register/Input Kota: Test Cases/Pages/Register/Input Kota

2023-07-03 18:36:35 - [TEST_STEP][PASSED] - setText(findTestObject("Register/android.widget.EditText - Kota"), kota, 0): Text 'Surabaya' has been set to element 'Object Repository/Register/android.widget.EditText - Kota'

2023-07-03 18:36:35 - [MESSAGE][WARNING] - Timeout '0' is invalid. Using default page load timeout: '30'

2023-07-03 18:36:36 - [MESSAGE][PASSED] - Text 'Surabaya' has been set to element 'Object Repository/Register/android.widget.EditText - Kota'

2023-07-03 18:36:36 - [MESSAGE][PASSED] - Call Test Case 'Test Cases/Pages/Register/Input Kota' successfully

2023-07-03 18:36:36 - [TEST_STEP][PASSED] - callTestCase(findTestCase("Pages/Register/Scroll to Text Sudah Punya Akun"), [:], STOP_ON_FAILURE): Call Test Case 'Test Cases/Pages/Register/Scroll to Text Sudah Punya Akun' successfully

2023-07-03 18:36:36 - [TEST_CASE][PASSED] - Test Cases/Pages/Register/Scroll to Text Sudah Punya Akun: Test Cases/Pages/Register/Scroll to Text Sudah Punya Akun

2023-07-03 18:36:36 - [TEST_STEP][PASSED] - scrollToText("Sudah punya akun?"): Scrolling to text 'Sudah punya akun?' successfully

2023-07-03 18:36:40 - [MESSAGE][PASSED] - Scrolling to text 'Sudah punya akun?' successfully

2023-07-03 18:36:40 - [TEST_STEP][PASSED] - itemtext = getText(findTestObject("Register/android.widget.TextView - Sudah punya akun"), 0): Text of element 'Object Repository/Register/android.widget.TextView - Sudah punya akun' is: 'Sudah punya akun?'

2023-07-03 18:36:40 - [MESSAGE][WARNING] - Timeout '0' is invalid. Using default page load timeout: '30'

2023-07-03 18:36:40 - [MESSAGE][PASSED] - Text of element 'Object Repository/Register/android.widget.TextView - Sudah punya akun' is: 'Sudah punya akun?'

2023-07-03 18:36:40 - [TEST_STEP][PASSED] - verifyEqual(itemtext, "Sudah punya akun?"): Actual object 'Sudah punya akun?' and expected object 'Sudah punya akun?' are equal

2023-07-03 18:36:40 - [MESSAGE][PASSED] - Actual object 'Sudah punya akun?' and expected object 'Sudah punya akun?' are equal

2023-07-03 18:36:40 - [MESSAGE][PASSED] - Call Test Case 'Test Cases/Pages/Register/Scroll to Text Sudah Punya Akun' successfully

2023-07-03 18:36:40 - [TEST_STEP][PASSED] - callTestCase(findTestCase("Pages/Register/Input Alamat"), ["alamat":alamat], STOP_ON_FAILURE): Call Test Case 'Test Cases/Pages/Register/Input Alamat' successfully

2023-07-03 18:36:40 - [TEST_CASE][PASSED] - Test Cases/Pages/Register/Input Alamat: Test Cases/Pages/Register/Input Alamat

2023-07-03 18:36:40 - [TEST_STEP][PASSED] - setText(findTestObject("Register/android.widget.EditText - Alamat"), alamat, 0): Text 'Jl. Sumatera 1' has been set to element 'Object Repository/Register/android.widget.EditText - Alamat'

2023-07-03 18:36:40 - [MESSAGE][WARNING] - Timeout '0' is invalid. Using default page load timeout: '30'

2023-07-03 18:36:42 - [MESSAGE][PASSED] - Text 'Jl. Sumatera 1' has been set to element 'Object Repository/Register/android.widget.EditText - Alamat'

2023-07-03 18:36:42 - [MESSAGE][PASSED] - Call Test Case 'Test Cases/Pages/Register/Input Alamat' successfully

2023-07-03 18:36:42 - [TEST_STEP][PASSED] - callTestCase(findTestCase("Pages/Register/Tap Button Daftar"), [:], STOP_ON_FAILURE): Call Test Case 'Test Cases/Pages/Register/Tap Button Daftar' successfully

2023-07-03 18:36:42 - [TEST_CASE][PASSED] - Test Cases/Pages/Register/Tap Button Daftar: Test Cases/Pages/Register/Tap Button Daftar

2023-07-03 18:36:42 - [TEST_STEP][PASSED] - tap(findTestObject("Register/android.widget.Button - Button Daftar"), 0): Tapped on element 'Object Repository/Register/android.widget.Button - Button Daftar'

2023-07-03 18:36:42 - [MESSAGE][WARNING] - Timeout '0' is invalid. Using default page load timeout: '30'

2023-07-03 18:36:42 - [MESSAGE][PASSED] - Tapped on element 'Object Repository/Register/android.widget.Button - Button Daftar'

2023-07-03 18:36:42 - [MESSAGE][PASSED] - Call Test Case 'Test Cases/Pages/Register/Tap Button Daftar' successfully

2023-07-03 18:36:42 - [TEST_STEP][PASSED] - callTestCase(findTestCase("Pages/Register/Verify Register with if else"), ["status":status], STOP_ON_FAILURE): Call Test Case 'Test Cases/Pages/Register/Verify Register with if else' successfully

2023-07-03 18:36:42 - [TEST_CASE][PASSED] - Test Cases/Pages/Register/Verify Register with if else: Test Cases/Pages/Register/Verify Register with if else

2023-07-03 18:36:42 - [TEST_STEP][PASSED] - if (status == "success"): null

2023-07-03 18:36:42 - [TEST_STEP][PASSED] - else if (status == "invalid email"): null

2023-07-03 18:36:42 - [TEST_STEP][PASSED] - else if (status == "registered"): null

2023-07-03 18:36:42 - [TEST_STEP][PASSED] - else if (status == "empty email"): null

2023-07-03 18:36:42 - [TEST_STEP][PASSED] - else if (status == "empty password"): null

2023-07-03 18:36:42 - [TEST_STEP][PASSED] - else if (status == "invalid pass"): null

2023-07-03 18:36:42 - [TEST_STEP][PASSED] - else if (status == "empty nama"): Call Test Case 'Test Cases/Pages/Register/Read Error Message/Read Error Msg Empty Nama' successfully

2023-07-03 18:36:42 - [TEST_STEP][PASSED] - callTestCase(findTestCase("Pages/Register/Read Error Message/Read Error Msg Empty Nama"), ["expected":""], STOP_ON_FAILURE): Call Test Case 'Test Cases/Pages/Register/Read Error Message/Read Error Msg Empty Nama' successfully

2023-07-03 18:36:42 - [TEST_CASE][PASSED] - Test Cases/Pages/Register/Read Error Message/Read Error Msg Empty Nama: Test Cases/Pages/Register/Read Error Message/Read Error Msg Empty Nama

2023-07-03 18:36:42 - [TEST_STEP][PASSED] - verifyElementVisible(findTestObject("Register/android.widget.TextView - Nama tidak boleh kosong"), 0): Element 'Object Repository/Register/android.widget.TextView - Nama tidak boleh kosong' is visible

2023-07-03 18:36:42 - [MESSAGE][WARNING] - Timeout '0' is invalid. Using default page load timeout: '30'

2023-07-03 18:36:43 - [MESSAGE][PASSED] - Element 'Object Repository/Register/android.widget.TextView - Nama tidak boleh kosong' is visible

2023-07-03 18:36:43 - [TEST_STEP][PASSED] - emptynama = getText(findTestObject("Register/android.widget.TextView - Nama tidak boleh kosong"), 0): Text of element 'Object Repository/Register/android.widget.TextView - Nama tidak boleh kosong' is: 'Nama tidak boleh kosong'

2023-07-03 18:36:43 - [MESSAGE][WARNING] - Timeout '0' is invalid. Using default page load timeout: '30'

2023-07-03 18:36:44 - [MESSAGE][PASSED] - Text of element 'Object Repository/Register/android.widget.TextView - Nama tidak boleh kosong' is: 'Nama tidak boleh kosong'

2023-07-03 18:36:44 - [TEST_STEP][PASSED] - logInfo(emptynama): Nama tidak boleh kosong

2023-07-03 18:36:44 - [MESSAGE][INFO] - Nama tidak boleh kosong

2023-07-03 18:36:44 - [TEST_STEP][PASSED] - expected = emptynama: null

2023-07-03 18:36:44 - [TEST_STEP][PASSED] - verifyMatch(emptynama, expected, false): Actual text 'Nama tidak boleh kosong' and expected text 'Nama tidak boleh kosong' are matched 

2023-07-03 18:36:44 - [MESSAGE][PASSED] - Actual text 'Nama tidak boleh kosong' and expected text 'Nama tidak boleh kosong' are matched 

2023-07-03 18:36:44 - [MESSAGE][PASSED] - Call Test Case 'Test Cases/Pages/Register/Read Error Message/Read Error Msg Empty Nama' successfully

2023-07-03 18:36:44 - [MESSAGE][PASSED] - Call Test Case 'Test Cases/Pages/Register/Verify Register with if else' successfully

2023-07-03 18:36:44 - [TEST_STEP][PASSED] - Start listener action : afterTestCase: Close app successfully

2023-07-03 18:36:44 - [TEST_STEP][PASSED] - logInfo("Test Case: " + testCaseContext.getTestCaseId() + " | Status: " + testCaseContext.getTestCaseStatus()): Test Case: Test Cases/Step Definition/Feature Register/REG05 - User register by emptying one of the fields | Status: PASSED

2023-07-03 18:36:44 - [MESSAGE][INFO] - Test Case: Test Cases/Step Definition/Feature Register/REG05 - User register by emptying one of the fields | Status: PASSED

2023-07-03 18:36:44 - [TEST_STEP][PASSED] - closeApplication(): Close app successfully

2023-07-03 18:36:44 - [MESSAGE][PASSED] - Close app successfully]]></system-out>
         <system-err><![CDATA[]]></system-err>
      </testcase>
      <testcase name="Test Cases/Step Definition/Feature Register/REG05 - User register by emptying one of the fields" time="30.674" classname="Test Cases/Step Definition/Feature Register/REG05 - User register by emptying one of the fields" status="PASSED">
         <system-out><![CDATA[2023-07-03 18:36:44 - [TEST_CASE][PASSED] - Test Cases/Step Definition/Feature Register/REG05 - User register by emptying one of the fields: Test Cases/Step Definition/Feature Register/REG05 - User register by emptying one of the fields

2023-07-03 18:36:44 - [TEST_STEP][PASSED] - Start listener action : beforeTestCase: Started app at: 'E:\GitRepo\Katalon\binarqa-group1-app\Apk\app-release-second-hand-gcp.apk'

2023-07-03 18:36:44 - [TEST_STEP][PASSED] - logInfo("Test Case: " + testCaseContext.getTestCaseId()): Test Case: Test Cases/Step Definition/Feature Register/REG05 - User register by emptying one of the fields

2023-07-03 18:36:44 - [MESSAGE][INFO] - Test Case: Test Cases/Step Definition/Feature Register/REG05 - User register by emptying one of the fields

2023-07-03 18:36:44 - [TEST_STEP][PASSED] - launchApp(): null

2023-07-03 18:36:44 - [TEST_STEP][PASSED] - startApplication(System.getProperty("user.dir") + "\Apk\app-release-second-hand-gcp.apk", false): Started app at: 'E:\GitRepo\Katalon\binarqa-group1-app\Apk\app-release-second-hand-gcp.apk'

2023-07-03 18:36:44 - [MESSAGE][INFO] - User set preference: ['appWaitActivity', '*']

2023-07-03 18:36:44 - [MESSAGE][INFO] - User set preference: ['appWaitforLaunch', 'false']

2023-07-03 18:36:44 - [MESSAGE][INFO] - User set preference: ['noReset', 'true']

2023-07-03 18:36:44 - [MESSAGE][INFO] - User set preference: ['ignoreHiddenApiPolicyError', 'true']

2023-07-03 18:36:44 - [MESSAGE][INFO] - User set preference: ['deviceId', '']

2023-07-03 18:36:44 - [MESSAGE][INFO] - Detected NodeJS location: "C:\Program Files\nodejs\node.exe"

2023-07-03 18:36:45 - [MESSAGE][INFO] - Appium server started on port 62,646

2023-07-03 18:36:54 - [MESSAGE][PASSED] - Started app at: 'E:\GitRepo\Katalon\binarqa-group1-app\Apk\app-release-second-hand-gcp.apk'

2023-07-03 18:36:54 - [TEST_STEP][PASSED] - callTestCase(findTestCase("Pages/Navbar/Tap Akun"), [:], STOP_ON_FAILURE): Call Test Case 'Test Cases/Pages/Navbar/Tap Akun' successfully

2023-07-03 18:36:54 - [TEST_CASE][PASSED] - Test Cases/Pages/Navbar/Tap Akun: Test Cases/Pages/Navbar/Tap Akun

2023-07-03 18:36:54 - [TEST_STEP][PASSED] - tap(findTestObject("Navbar/android.widget.FrameLayout - Navbar Akun"), 0): Tapped on element 'Object Repository/Navbar/android.widget.FrameLayout - Navbar Akun'

2023-07-03 18:36:54 - [MESSAGE][WARNING] - Timeout '0' is invalid. Using default page load timeout: '30'

2023-07-03 18:36:55 - [MESSAGE][PASSED] - Tapped on element 'Object Repository/Navbar/android.widget.FrameLayout - Navbar Akun'

2023-07-03 18:36:55 - [MESSAGE][PASSED] - Call Test Case 'Test Cases/Pages/Navbar/Tap Akun' successfully

2023-07-03 18:36:55 - [TEST_STEP][PASSED] - callTestCase(findTestCase("Pages/Akun/Tap Masuk from Akun Page"), [:], STOP_ON_FAILURE): Call Test Case 'Test Cases/Pages/Akun/Tap Masuk from Akun Page' successfully

2023-07-03 18:36:55 - [TEST_CASE][PASSED] - Test Cases/Pages/Akun/Tap Masuk from Akun Page: Test Cases/Pages/Akun/Tap Masuk from Akun Page

2023-07-03 18:36:55 - [TEST_STEP][PASSED] - tap(findTestObject("Akun/android.widget.Button - Masuk from Akun"), 0): Tapped on element 'Object Repository/Akun/android.widget.Button - Masuk from Akun'

2023-07-03 18:36:55 - [MESSAGE][WARNING] - Timeout '0' is invalid. Using default page load timeout: '30'

2023-07-03 18:36:55 - [MESSAGE][PASSED] - Tapped on element 'Object Repository/Akun/android.widget.Button - Masuk from Akun'

2023-07-03 18:36:55 - [MESSAGE][PASSED] - Call Test Case 'Test Cases/Pages/Akun/Tap Masuk from Akun Page' successfully

2023-07-03 18:36:55 - [TEST_STEP][PASSED] - callTestCase(findTestCase("Pages/Register/Tap Daftar from login page"), [:], STOP_ON_FAILURE): Call Test Case 'Test Cases/Pages/Register/Tap Daftar from login page' successfully

2023-07-03 18:36:56 - [TEST_CASE][PASSED] - Test Cases/Pages/Register/Tap Daftar from login page: Test Cases/Pages/Register/Tap Daftar from login page

2023-07-03 18:36:56 - [TEST_STEP][PASSED] - tap(findTestObject("Login/android.widget.TextView - Button Daftar"), 0): Tapped on element 'Object Repository/Login/android.widget.TextView - Button Daftar'

2023-07-03 18:36:56 - [MESSAGE][WARNING] - Timeout '0' is invalid. Using default page load timeout: '30'

2023-07-03 18:36:56 - [MESSAGE][PASSED] - Tapped on element 'Object Repository/Login/android.widget.TextView - Button Daftar'

2023-07-03 18:36:56 - [MESSAGE][PASSED] - Call Test Case 'Test Cases/Pages/Register/Tap Daftar from login page' successfully

2023-07-03 18:36:56 - [TEST_STEP][PASSED] - callTestCase(findTestCase("Pages/Register/Input Nama with test data"), ["nama":nama], STOP_ON_FAILURE): Call Test Case 'Test Cases/Pages/Register/Input Nama with test data' successfully

2023-07-03 18:36:56 - [TEST_CASE][PASSED] - Test Cases/Pages/Register/Input Nama with test data: Test Cases/Pages/Register/Input Nama with test data

2023-07-03 18:36:56 - [TEST_STEP][PASSED] - setText(findTestObject("Register/android.widget.EditText - Nama"), nama, 0): Text 'Alan Kruss' has been set to element 'Object Repository/Register/android.widget.EditText - Nama'

2023-07-03 18:36:56 - [MESSAGE][WARNING] - Timeout '0' is invalid. Using default page load timeout: '30'

2023-07-03 18:36:59 - [MESSAGE][PASSED] - Text 'Alan Kruss' has been set to element 'Object Repository/Register/android.widget.EditText - Nama'

2023-07-03 18:36:59 - [MESSAGE][PASSED] - Call Test Case 'Test Cases/Pages/Register/Input Nama with test data' successfully

2023-07-03 18:36:59 - [TEST_STEP][PASSED] - callTestCase(findTestCase("Pages/Register/Input Email with test data"), ["email":email], STOP_ON_FAILURE): Call Test Case 'Test Cases/Pages/Register/Input Email with test data' successfully

2023-07-03 18:36:59 - [TEST_CASE][PASSED] - Test Cases/Pages/Register/Input Email with test data: Test Cases/Pages/Register/Input Email with test data

2023-07-03 18:36:59 - [TEST_STEP][PASSED] - setText(findTestObject("Register/android.widget.EditText - Email"), email, 0): Text 'hpkosong@test.net' has been set to element 'Object Repository/Register/android.widget.EditText - Email'

2023-07-03 18:36:59 - [MESSAGE][WARNING] - Timeout '0' is invalid. Using default page load timeout: '30'

2023-07-03 18:37:01 - [MESSAGE][PASSED] - Text 'hpkosong@test.net' has been set to element 'Object Repository/Register/android.widget.EditText - Email'

2023-07-03 18:37:01 - [MESSAGE][PASSED] - Call Test Case 'Test Cases/Pages/Register/Input Email with test data' successfully

2023-07-03 18:37:01 - [TEST_STEP][PASSED] - callTestCase(findTestCase("Pages/Register/Input Password"), ["password":password], STOP_ON_FAILURE): Call Test Case 'Test Cases/Pages/Register/Input Password' successfully

2023-07-03 18:37:01 - [TEST_CASE][PASSED] - Test Cases/Pages/Register/Input Password: Test Cases/Pages/Register/Input Password

2023-07-03 18:37:01 - [TEST_STEP][PASSED] - setText(findTestObject("Register/android.widget.EditText - Password"), password, 0): Text 'abc!12348' has been set to element 'Object Repository/Register/android.widget.EditText - Password'

2023-07-03 18:37:01 - [MESSAGE][WARNING] - Timeout '0' is invalid. Using default page load timeout: '30'

2023-07-03 18:37:03 - [MESSAGE][PASSED] - Text 'abc!12348' has been set to element 'Object Repository/Register/android.widget.EditText - Password'

2023-07-03 18:37:03 - [MESSAGE][PASSED] - Call Test Case 'Test Cases/Pages/Register/Input Password' successfully

2023-07-03 18:37:03 - [TEST_STEP][PASSED] - callTestCase(findTestCase("Pages/Register/Input Nomor Hp"), ["nomor_hp":nomor_hp], STOP_ON_FAILURE): Call Test Case 'Test Cases/Pages/Register/Input Nomor Hp' successfully

2023-07-03 18:37:03 - [TEST_CASE][PASSED] - Test Cases/Pages/Register/Input Nomor Hp: Test Cases/Pages/Register/Input Nomor Hp

2023-07-03 18:37:03 - [TEST_STEP][PASSED] - setText(findTestObject("Register/android.widget.EditText - Nomor Hp"), nomor_hp, 0): Text '' has been set to element 'Object Repository/Register/android.widget.EditText - Nomor Hp'

2023-07-03 18:37:03 - [MESSAGE][WARNING] - Timeout '0' is invalid. Using default page load timeout: '30'

2023-07-03 18:37:05 - [MESSAGE][PASSED] - Text '' has been set to element 'Object Repository/Register/android.widget.EditText - Nomor Hp'

2023-07-03 18:37:05 - [MESSAGE][PASSED] - Call Test Case 'Test Cases/Pages/Register/Input Nomor Hp' successfully

2023-07-03 18:37:05 - [TEST_STEP][PASSED] - callTestCase(findTestCase("Pages/Register/Input Kota"), ["kota":kota], STOP_ON_FAILURE): Call Test Case 'Test Cases/Pages/Register/Input Kota' successfully

2023-07-03 18:37:05 - [TEST_CASE][PASSED] - Test Cases/Pages/Register/Input Kota: Test Cases/Pages/Register/Input Kota

2023-07-03 18:37:05 - [TEST_STEP][PASSED] - setText(findTestObject("Register/android.widget.EditText - Kota"), kota, 0): Text 'Denpasar' has been set to element 'Object Repository/Register/android.widget.EditText - Kota'

2023-07-03 18:37:05 - [MESSAGE][WARNING] - Timeout '0' is invalid. Using default page load timeout: '30'

2023-07-03 18:37:07 - [MESSAGE][PASSED] - Text 'Denpasar' has been set to element 'Object Repository/Register/android.widget.EditText - Kota'

2023-07-03 18:37:07 - [MESSAGE][PASSED] - Call Test Case 'Test Cases/Pages/Register/Input Kota' successfully

2023-07-03 18:37:07 - [TEST_STEP][PASSED] - callTestCase(findTestCase("Pages/Register/Scroll to Text Sudah Punya Akun"), [:], STOP_ON_FAILURE): Call Test Case 'Test Cases/Pages/Register/Scroll to Text Sudah Punya Akun' successfully

2023-07-03 18:37:07 - [TEST_CASE][PASSED] - Test Cases/Pages/Register/Scroll to Text Sudah Punya Akun: Test Cases/Pages/Register/Scroll to Text Sudah Punya Akun

2023-07-03 18:37:07 - [TEST_STEP][PASSED] - scrollToText("Sudah punya akun?"): Scrolling to text 'Sudah punya akun?' successfully

2023-07-03 18:37:11 - [MESSAGE][PASSED] - Scrolling to text 'Sudah punya akun?' successfully

2023-07-03 18:37:11 - [TEST_STEP][PASSED] - itemtext = getText(findTestObject("Register/android.widget.TextView - Sudah punya akun"), 0): Text of element 'Object Repository/Register/android.widget.TextView - Sudah punya akun' is: 'Sudah punya akun?'

2023-07-03 18:37:11 - [MESSAGE][WARNING] - Timeout '0' is invalid. Using default page load timeout: '30'

2023-07-03 18:37:11 - [MESSAGE][PASSED] - Text of element 'Object Repository/Register/android.widget.TextView - Sudah punya akun' is: 'Sudah punya akun?'

2023-07-03 18:37:11 - [TEST_STEP][PASSED] - verifyEqual(itemtext, "Sudah punya akun?"): Actual object 'Sudah punya akun?' and expected object 'Sudah punya akun?' are equal

2023-07-03 18:37:11 - [MESSAGE][PASSED] - Actual object 'Sudah punya akun?' and expected object 'Sudah punya akun?' are equal

2023-07-03 18:37:11 - [MESSAGE][PASSED] - Call Test Case 'Test Cases/Pages/Register/Scroll to Text Sudah Punya Akun' successfully

2023-07-03 18:37:11 - [TEST_STEP][PASSED] - callTestCase(findTestCase("Pages/Register/Input Alamat"), ["alamat":alamat], STOP_ON_FAILURE): Call Test Case 'Test Cases/Pages/Register/Input Alamat' successfully

2023-07-03 18:37:11 - [TEST_CASE][PASSED] - Test Cases/Pages/Register/Input Alamat: Test Cases/Pages/Register/Input Alamat

2023-07-03 18:37:11 - [TEST_STEP][PASSED] - setText(findTestObject("Register/android.widget.EditText - Alamat"), alamat, 0): Text 'Jl. Sumatera 4' has been set to element 'Object Repository/Register/android.widget.EditText - Alamat'

2023-07-03 18:37:11 - [MESSAGE][WARNING] - Timeout '0' is invalid. Using default page load timeout: '30'

2023-07-03 18:37:12 - [MESSAGE][PASSED] - Text 'Jl. Sumatera 4' has been set to element 'Object Repository/Register/android.widget.EditText - Alamat'

2023-07-03 18:37:12 - [MESSAGE][PASSED] - Call Test Case 'Test Cases/Pages/Register/Input Alamat' successfully

2023-07-03 18:37:12 - [TEST_STEP][PASSED] - callTestCase(findTestCase("Pages/Register/Tap Button Daftar"), [:], STOP_ON_FAILURE): Call Test Case 'Test Cases/Pages/Register/Tap Button Daftar' successfully

2023-07-03 18:37:12 - [TEST_CASE][PASSED] - Test Cases/Pages/Register/Tap Button Daftar: Test Cases/Pages/Register/Tap Button Daftar

2023-07-03 18:37:12 - [TEST_STEP][PASSED] - tap(findTestObject("Register/android.widget.Button - Button Daftar"), 0): Tapped on element 'Object Repository/Register/android.widget.Button - Button Daftar'

2023-07-03 18:37:12 - [MESSAGE][WARNING] - Timeout '0' is invalid. Using default page load timeout: '30'

2023-07-03 18:37:14 - [MESSAGE][PASSED] - Tapped on element 'Object Repository/Register/android.widget.Button - Button Daftar'

2023-07-03 18:37:14 - [MESSAGE][PASSED] - Call Test Case 'Test Cases/Pages/Register/Tap Button Daftar' successfully

2023-07-03 18:37:14 - [TEST_STEP][PASSED] - callTestCase(findTestCase("Pages/Register/Verify Register with if else"), ["status":status], STOP_ON_FAILURE): Call Test Case 'Test Cases/Pages/Register/Verify Register with if else' successfully

2023-07-03 18:37:14 - [TEST_CASE][PASSED] - Test Cases/Pages/Register/Verify Register with if else: Test Cases/Pages/Register/Verify Register with if else

2023-07-03 18:37:14 - [TEST_STEP][PASSED] - if (status == "success"): null

2023-07-03 18:37:14 - [TEST_STEP][PASSED] - else if (status == "invalid email"): null

2023-07-03 18:37:14 - [TEST_STEP][PASSED] - else if (status == "registered"): null

2023-07-03 18:37:14 - [TEST_STEP][PASSED] - else if (status == "empty email"): null

2023-07-03 18:37:14 - [TEST_STEP][PASSED] - else if (status == "empty password"): null

2023-07-03 18:37:14 - [TEST_STEP][PASSED] - else if (status == "invalid pass"): null

2023-07-03 18:37:14 - [TEST_STEP][PASSED] - else if (status == "empty nama"): null

2023-07-03 18:37:14 - [TEST_STEP][PASSED] - else if (status == "empty hp"): Call Test Case 'Test Cases/Pages/Register/Read Error Message/Read Error Msg Empty Nomor Hp' successfully

2023-07-03 18:37:14 - [TEST_STEP][PASSED] - callTestCase(findTestCase("Pages/Register/Read Error Message/Read Error Msg Empty Nomor Hp"), ["expected":""], STOP_ON_FAILURE): Call Test Case 'Test Cases/Pages/Register/Read Error Message/Read Error Msg Empty Nomor Hp' successfully

2023-07-03 18:37:14 - [TEST_CASE][PASSED] - Test Cases/Pages/Register/Read Error Message/Read Error Msg Empty Nomor Hp: Test Cases/Pages/Register/Read Error Message/Read Error Msg Empty Nomor Hp

2023-07-03 18:37:14 - [TEST_STEP][PASSED] - verifyElementVisible(findTestObject("Register/android.widget.TextView - Nomor telepon tidak boleh kosong"), 0): Element 'Object Repository/Register/android.widget.TextView - Nomor telepon tidak boleh kosong' is visible

2023-07-03 18:37:14 - [MESSAGE][WARNING] - Timeout '0' is invalid. Using default page load timeout: '30'

2023-07-03 18:37:14 - [MESSAGE][PASSED] - Element 'Object Repository/Register/android.widget.TextView - Nomor telepon tidak boleh kosong' is visible

2023-07-03 18:37:14 - [TEST_STEP][PASSED] - emptyhp = getText(findTestObject("Register/android.widget.TextView - Nomor telepon tidak boleh kosong"), 0): Text of element 'Object Repository/Register/android.widget.TextView - Nomor telepon tidak boleh kosong' is: 'Nomor telepon tidak boleh kosong'

2023-07-03 18:37:14 - [MESSAGE][WARNING] - Timeout '0' is invalid. Using default page load timeout: '30'

2023-07-03 18:37:14 - [MESSAGE][PASSED] - Text of element 'Object Repository/Register/android.widget.TextView - Nomor telepon tidak boleh kosong' is: 'Nomor telepon tidak boleh kosong'

2023-07-03 18:37:14 - [TEST_STEP][PASSED] - logInfo(emptyhp): Nomor telepon tidak boleh kosong

2023-07-03 18:37:14 - [MESSAGE][INFO] - Nomor telepon tidak boleh kosong

2023-07-03 18:37:14 - [TEST_STEP][PASSED] - expected = emptyhp: null

2023-07-03 18:37:14 - [TEST_STEP][PASSED] - verifyMatch(emptyhp, expected, false): Actual text 'Nomor telepon tidak boleh kosong' and expected text 'Nomor telepon tidak boleh kosong' are matched 

2023-07-03 18:37:14 - [MESSAGE][PASSED] - Actual text 'Nomor telepon tidak boleh kosong' and expected text 'Nomor telepon tidak boleh kosong' are matched 

2023-07-03 18:37:14 - [MESSAGE][PASSED] - Call Test Case 'Test Cases/Pages/Register/Read Error Message/Read Error Msg Empty Nomor Hp' successfully

2023-07-03 18:37:14 - [MESSAGE][PASSED] - Call Test Case 'Test Cases/Pages/Register/Verify Register with if else' successfully

2023-07-03 18:37:14 - [TEST_STEP][PASSED] - Start listener action : afterTestCase: Close app successfully

2023-07-03 18:37:14 - [TEST_STEP][PASSED] - logInfo("Test Case: " + testCaseContext.getTestCaseId() + " | Status: " + testCaseContext.getTestCaseStatus()): Test Case: Test Cases/Step Definition/Feature Register/REG05 - User register by emptying one of the fields | Status: PASSED

2023-07-03 18:37:14 - [MESSAGE][INFO] - Test Case: Test Cases/Step Definition/Feature Register/REG05 - User register by emptying one of the fields | Status: PASSED

2023-07-03 18:37:14 - [TEST_STEP][PASSED] - closeApplication(): Close app successfully

2023-07-03 18:37:15 - [MESSAGE][PASSED] - Close app successfully]]></system-out>
         <system-err><![CDATA[]]></system-err>
      </testcase>
      <testcase name="Test Cases/Step Definition/Feature Register/REG05 - User register by emptying one of the fields" time="30.325" classname="Test Cases/Step Definition/Feature Register/REG05 - User register by emptying one of the fields" status="PASSED">
         <system-out><![CDATA[2023-07-03 18:37:15 - [TEST_CASE][PASSED] - Test Cases/Step Definition/Feature Register/REG05 - User register by emptying one of the fields: Test Cases/Step Definition/Feature Register/REG05 - User register by emptying one of the fields

2023-07-03 18:37:15 - [TEST_STEP][PASSED] - Start listener action : beforeTestCase: Started app at: 'E:\GitRepo\Katalon\binarqa-group1-app\Apk\app-release-second-hand-gcp.apk'

2023-07-03 18:37:15 - [TEST_STEP][PASSED] - logInfo("Test Case: " + testCaseContext.getTestCaseId()): Test Case: Test Cases/Step Definition/Feature Register/REG05 - User register by emptying one of the fields

2023-07-03 18:37:15 - [MESSAGE][INFO] - Test Case: Test Cases/Step Definition/Feature Register/REG05 - User register by emptying one of the fields

2023-07-03 18:37:15 - [TEST_STEP][PASSED] - launchApp(): null

2023-07-03 18:37:15 - [TEST_STEP][PASSED] - startApplication(System.getProperty("user.dir") + "\Apk\app-release-second-hand-gcp.apk", false): Started app at: 'E:\GitRepo\Katalon\binarqa-group1-app\Apk\app-release-second-hand-gcp.apk'

2023-07-03 18:37:15 - [MESSAGE][INFO] - User set preference: ['appWaitActivity', '*']

2023-07-03 18:37:15 - [MESSAGE][INFO] - User set preference: ['appWaitforLaunch', 'false']

2023-07-03 18:37:15 - [MESSAGE][INFO] - User set preference: ['noReset', 'true']

2023-07-03 18:37:15 - [MESSAGE][INFO] - User set preference: ['ignoreHiddenApiPolicyError', 'true']

2023-07-03 18:37:15 - [MESSAGE][INFO] - User set preference: ['deviceId', '']

2023-07-03 18:37:15 - [MESSAGE][INFO] - Detected NodeJS location: "C:\Program Files\nodejs\node.exe"

2023-07-03 18:37:16 - [MESSAGE][INFO] - Appium server started on port 62,790

2023-07-03 18:37:25 - [MESSAGE][PASSED] - Started app at: 'E:\GitRepo\Katalon\binarqa-group1-app\Apk\app-release-second-hand-gcp.apk'

2023-07-03 18:37:25 - [TEST_STEP][PASSED] - callTestCase(findTestCase("Pages/Navbar/Tap Akun"), [:], STOP_ON_FAILURE): Call Test Case 'Test Cases/Pages/Navbar/Tap Akun' successfully

2023-07-03 18:37:25 - [TEST_CASE][PASSED] - Test Cases/Pages/Navbar/Tap Akun: Test Cases/Pages/Navbar/Tap Akun

2023-07-03 18:37:25 - [TEST_STEP][PASSED] - tap(findTestObject("Navbar/android.widget.FrameLayout - Navbar Akun"), 0): Tapped on element 'Object Repository/Navbar/android.widget.FrameLayout - Navbar Akun'

2023-07-03 18:37:25 - [MESSAGE][WARNING] - Timeout '0' is invalid. Using default page load timeout: '30'

2023-07-03 18:37:26 - [MESSAGE][PASSED] - Tapped on element 'Object Repository/Navbar/android.widget.FrameLayout - Navbar Akun'

2023-07-03 18:37:26 - [MESSAGE][PASSED] - Call Test Case 'Test Cases/Pages/Navbar/Tap Akun' successfully

2023-07-03 18:37:26 - [TEST_STEP][PASSED] - callTestCase(findTestCase("Pages/Akun/Tap Masuk from Akun Page"), [:], STOP_ON_FAILURE): Call Test Case 'Test Cases/Pages/Akun/Tap Masuk from Akun Page' successfully

2023-07-03 18:37:26 - [TEST_CASE][PASSED] - Test Cases/Pages/Akun/Tap Masuk from Akun Page: Test Cases/Pages/Akun/Tap Masuk from Akun Page

2023-07-03 18:37:26 - [TEST_STEP][PASSED] - tap(findTestObject("Akun/android.widget.Button - Masuk from Akun"), 0): Tapped on element 'Object Repository/Akun/android.widget.Button - Masuk from Akun'

2023-07-03 18:37:26 - [MESSAGE][WARNING] - Timeout '0' is invalid. Using default page load timeout: '30'

2023-07-03 18:37:26 - [MESSAGE][PASSED] - Tapped on element 'Object Repository/Akun/android.widget.Button - Masuk from Akun'

2023-07-03 18:37:26 - [MESSAGE][PASSED] - Call Test Case 'Test Cases/Pages/Akun/Tap Masuk from Akun Page' successfully

2023-07-03 18:37:26 - [TEST_STEP][PASSED] - callTestCase(findTestCase("Pages/Register/Tap Daftar from login page"), [:], STOP_ON_FAILURE): Call Test Case 'Test Cases/Pages/Register/Tap Daftar from login page' successfully

2023-07-03 18:37:27 - [TEST_CASE][PASSED] - Test Cases/Pages/Register/Tap Daftar from login page: Test Cases/Pages/Register/Tap Daftar from login page

2023-07-03 18:37:27 - [TEST_STEP][PASSED] - tap(findTestObject("Login/android.widget.TextView - Button Daftar"), 0): Tapped on element 'Object Repository/Login/android.widget.TextView - Button Daftar'

2023-07-03 18:37:27 - [MESSAGE][WARNING] - Timeout '0' is invalid. Using default page load timeout: '30'

2023-07-03 18:37:27 - [MESSAGE][PASSED] - Tapped on element 'Object Repository/Login/android.widget.TextView - Button Daftar'

2023-07-03 18:37:27 - [MESSAGE][PASSED] - Call Test Case 'Test Cases/Pages/Register/Tap Daftar from login page' successfully

2023-07-03 18:37:27 - [TEST_STEP][PASSED] - callTestCase(findTestCase("Pages/Register/Input Nama with test data"), ["nama":nama], STOP_ON_FAILURE): Call Test Case 'Test Cases/Pages/Register/Input Nama with test data' successfully

2023-07-03 18:37:27 - [TEST_CASE][PASSED] - Test Cases/Pages/Register/Input Nama with test data: Test Cases/Pages/Register/Input Nama with test data

2023-07-03 18:37:27 - [TEST_STEP][PASSED] - setText(findTestObject("Register/android.widget.EditText - Nama"), nama, 0): Text 'Queen Elizabeth' has been set to element 'Object Repository/Register/android.widget.EditText - Nama'

2023-07-03 18:37:27 - [MESSAGE][WARNING] - Timeout '0' is invalid. Using default page load timeout: '30'

2023-07-03 18:37:29 - [MESSAGE][PASSED] - Text 'Queen Elizabeth' has been set to element 'Object Repository/Register/android.widget.EditText - Nama'

2023-07-03 18:37:29 - [MESSAGE][PASSED] - Call Test Case 'Test Cases/Pages/Register/Input Nama with test data' successfully

2023-07-03 18:37:29 - [TEST_STEP][PASSED] - callTestCase(findTestCase("Pages/Register/Input Email with test data"), ["email":email], STOP_ON_FAILURE): Call Test Case 'Test Cases/Pages/Register/Input Email with test data' successfully

2023-07-03 18:37:29 - [TEST_CASE][PASSED] - Test Cases/Pages/Register/Input Email with test data: Test Cases/Pages/Register/Input Email with test data

2023-07-03 18:37:29 - [TEST_STEP][PASSED] - setText(findTestObject("Register/android.widget.EditText - Email"), email, 0): Text 'kotakosong@rocketmail.com' has been set to element 'Object Repository/Register/android.widget.EditText - Email'

2023-07-03 18:37:29 - [MESSAGE][WARNING] - Timeout '0' is invalid. Using default page load timeout: '30'

2023-07-03 18:37:31 - [MESSAGE][PASSED] - Text 'kotakosong@rocketmail.com' has been set to element 'Object Repository/Register/android.widget.EditText - Email'

2023-07-03 18:37:31 - [MESSAGE][PASSED] - Call Test Case 'Test Cases/Pages/Register/Input Email with test data' successfully

2023-07-03 18:37:31 - [TEST_STEP][PASSED] - callTestCase(findTestCase("Pages/Register/Input Password"), ["password":password], STOP_ON_FAILURE): Call Test Case 'Test Cases/Pages/Register/Input Password' successfully

2023-07-03 18:37:31 - [TEST_CASE][PASSED] - Test Cases/Pages/Register/Input Password: Test Cases/Pages/Register/Input Password

2023-07-03 18:37:31 - [TEST_STEP][PASSED] - setText(findTestObject("Register/android.widget.EditText - Password"), password, 0): Text 'abc!12349' has been set to element 'Object Repository/Register/android.widget.EditText - Password'

2023-07-03 18:37:31 - [MESSAGE][WARNING] - Timeout '0' is invalid. Using default page load timeout: '30'

2023-07-03 18:37:32 - [MESSAGE][PASSED] - Text 'abc!12349' has been set to element 'Object Repository/Register/android.widget.EditText - Password'

2023-07-03 18:37:32 - [MESSAGE][PASSED] - Call Test Case 'Test Cases/Pages/Register/Input Password' successfully

2023-07-03 18:37:32 - [TEST_STEP][PASSED] - callTestCase(findTestCase("Pages/Register/Input Nomor Hp"), ["nomor_hp":nomor_hp], STOP_ON_FAILURE): Call Test Case 'Test Cases/Pages/Register/Input Nomor Hp' successfully

2023-07-03 18:37:32 - [TEST_CASE][PASSED] - Test Cases/Pages/Register/Input Nomor Hp: Test Cases/Pages/Register/Input Nomor Hp

2023-07-03 18:37:32 - [TEST_STEP][PASSED] - setText(findTestObject("Register/android.widget.EditText - Nomor Hp"), nomor_hp, 0): Text '088811110000' has been set to element 'Object Repository/Register/android.widget.EditText - Nomor Hp'

2023-07-03 18:37:32 - [MESSAGE][WARNING] - Timeout '0' is invalid. Using default page load timeout: '30'

2023-07-03 18:37:35 - [MESSAGE][PASSED] - Text '088811110000' has been set to element 'Object Repository/Register/android.widget.EditText - Nomor Hp'

2023-07-03 18:37:35 - [MESSAGE][PASSED] - Call Test Case 'Test Cases/Pages/Register/Input Nomor Hp' successfully

2023-07-03 18:37:35 - [TEST_STEP][PASSED] - callTestCase(findTestCase("Pages/Register/Input Kota"), ["kota":kota], STOP_ON_FAILURE): Call Test Case 'Test Cases/Pages/Register/Input Kota' successfully

2023-07-03 18:37:35 - [TEST_CASE][PASSED] - Test Cases/Pages/Register/Input Kota: Test Cases/Pages/Register/Input Kota

2023-07-03 18:37:35 - [TEST_STEP][PASSED] - setText(findTestObject("Register/android.widget.EditText - Kota"), kota, 0): Text '' has been set to element 'Object Repository/Register/android.widget.EditText - Kota'

2023-07-03 18:37:35 - [MESSAGE][WARNING] - Timeout '0' is invalid. Using default page load timeout: '30'

2023-07-03 18:37:36 - [MESSAGE][PASSED] - Text '' has been set to element 'Object Repository/Register/android.widget.EditText - Kota'

2023-07-03 18:37:36 - [MESSAGE][PASSED] - Call Test Case 'Test Cases/Pages/Register/Input Kota' successfully

2023-07-03 18:37:36 - [TEST_STEP][PASSED] - callTestCase(findTestCase("Pages/Register/Scroll to Text Sudah Punya Akun"), [:], STOP_ON_FAILURE): Call Test Case 'Test Cases/Pages/Register/Scroll to Text Sudah Punya Akun' successfully

2023-07-03 18:37:36 - [TEST_CASE][PASSED] - Test Cases/Pages/Register/Scroll to Text Sudah Punya Akun: Test Cases/Pages/Register/Scroll to Text Sudah Punya Akun

2023-07-03 18:37:36 - [TEST_STEP][PASSED] - scrollToText("Sudah punya akun?"): Scrolling to text 'Sudah punya akun?' successfully

2023-07-03 18:37:40 - [MESSAGE][PASSED] - Scrolling to text 'Sudah punya akun?' successfully

2023-07-03 18:37:40 - [TEST_STEP][PASSED] - itemtext = getText(findTestObject("Register/android.widget.TextView - Sudah punya akun"), 0): Text of element 'Object Repository/Register/android.widget.TextView - Sudah punya akun' is: 'Sudah punya akun?'

2023-07-03 18:37:40 - [MESSAGE][WARNING] - Timeout '0' is invalid. Using default page load timeout: '30'

2023-07-03 18:37:40 - [MESSAGE][PASSED] - Text of element 'Object Repository/Register/android.widget.TextView - Sudah punya akun' is: 'Sudah punya akun?'

2023-07-03 18:37:40 - [TEST_STEP][PASSED] - verifyEqual(itemtext, "Sudah punya akun?"): Actual object 'Sudah punya akun?' and expected object 'Sudah punya akun?' are equal

2023-07-03 18:37:40 - [MESSAGE][PASSED] - Actual object 'Sudah punya akun?' and expected object 'Sudah punya akun?' are equal

2023-07-03 18:37:40 - [MESSAGE][PASSED] - Call Test Case 'Test Cases/Pages/Register/Scroll to Text Sudah Punya Akun' successfully

2023-07-03 18:37:40 - [TEST_STEP][PASSED] - callTestCase(findTestCase("Pages/Register/Input Alamat"), ["alamat":alamat], STOP_ON_FAILURE): Call Test Case 'Test Cases/Pages/Register/Input Alamat' successfully

2023-07-03 18:37:40 - [TEST_CASE][PASSED] - Test Cases/Pages/Register/Input Alamat: Test Cases/Pages/Register/Input Alamat

2023-07-03 18:37:40 - [TEST_STEP][PASSED] - setText(findTestObject("Register/android.widget.EditText - Alamat"), alamat, 0): Text 'Jl. Sumatera 5' has been set to element 'Object Repository/Register/android.widget.EditText - Alamat'

2023-07-03 18:37:40 - [MESSAGE][WARNING] - Timeout '0' is invalid. Using default page load timeout: '30'

2023-07-03 18:37:42 - [MESSAGE][PASSED] - Text 'Jl. Sumatera 5' has been set to element 'Object Repository/Register/android.widget.EditText - Alamat'

2023-07-03 18:37:42 - [MESSAGE][PASSED] - Call Test Case 'Test Cases/Pages/Register/Input Alamat' successfully

2023-07-03 18:37:42 - [TEST_STEP][PASSED] - callTestCase(findTestCase("Pages/Register/Tap Button Daftar"), [:], STOP_ON_FAILURE): Call Test Case 'Test Cases/Pages/Register/Tap Button Daftar' successfully

2023-07-03 18:37:42 - [TEST_CASE][PASSED] - Test Cases/Pages/Register/Tap Button Daftar: Test Cases/Pages/Register/Tap Button Daftar

2023-07-03 18:37:42 - [TEST_STEP][PASSED] - tap(findTestObject("Register/android.widget.Button - Button Daftar"), 0): Tapped on element 'Object Repository/Register/android.widget.Button - Button Daftar'

2023-07-03 18:37:42 - [MESSAGE][WARNING] - Timeout '0' is invalid. Using default page load timeout: '30'

2023-07-03 18:37:44 - [MESSAGE][PASSED] - Tapped on element 'Object Repository/Register/android.widget.Button - Button Daftar'

2023-07-03 18:37:44 - [MESSAGE][PASSED] - Call Test Case 'Test Cases/Pages/Register/Tap Button Daftar' successfully

2023-07-03 18:37:44 - [TEST_STEP][PASSED] - callTestCase(findTestCase("Pages/Register/Verify Register with if else"), ["status":status], STOP_ON_FAILURE): Call Test Case 'Test Cases/Pages/Register/Verify Register with if else' successfully

2023-07-03 18:37:44 - [TEST_CASE][PASSED] - Test Cases/Pages/Register/Verify Register with if else: Test Cases/Pages/Register/Verify Register with if else

2023-07-03 18:37:44 - [TEST_STEP][PASSED] - if (status == "success"): null

2023-07-03 18:37:44 - [TEST_STEP][PASSED] - else if (status == "invalid email"): null

2023-07-03 18:37:44 - [TEST_STEP][PASSED] - else if (status == "registered"): null

2023-07-03 18:37:44 - [TEST_STEP][PASSED] - else if (status == "empty email"): null

2023-07-03 18:37:44 - [TEST_STEP][PASSED] - else if (status == "empty password"): null

2023-07-03 18:37:44 - [TEST_STEP][PASSED] - else if (status == "invalid pass"): null

2023-07-03 18:37:44 - [TEST_STEP][PASSED] - else if (status == "empty nama"): null

2023-07-03 18:37:44 - [TEST_STEP][PASSED] - else if (status == "empty hp"): null

2023-07-03 18:37:44 - [TEST_STEP][PASSED] - else if (status == "empty kota"): Call Test Case 'Test Cases/Pages/Register/Read Error Message/Read Error Msg Empty Kota' successfully

2023-07-03 18:37:44 - [TEST_STEP][PASSED] - callTestCase(findTestCase("Pages/Register/Read Error Message/Read Error Msg Empty Kota"), ["expected":""], STOP_ON_FAILURE): Call Test Case 'Test Cases/Pages/Register/Read Error Message/Read Error Msg Empty Kota' successfully

2023-07-03 18:37:44 - [TEST_CASE][PASSED] - Test Cases/Pages/Register/Read Error Message/Read Error Msg Empty Kota: Test Cases/Pages/Register/Read Error Message/Read Error Msg Empty Kota

2023-07-03 18:37:44 - [TEST_STEP][PASSED] - verifyElementVisible(findTestObject("Register/android.widget.TextView - Kota tidak boleh kosong"), 0): Element 'Object Repository/Register/android.widget.TextView - Kota tidak boleh kosong' is visible

2023-07-03 18:37:44 - [MESSAGE][WARNING] - Timeout '0' is invalid. Using default page load timeout: '30'

2023-07-03 18:37:44 - [MESSAGE][PASSED] - Element 'Object Repository/Register/android.widget.TextView - Kota tidak boleh kosong' is visible

2023-07-03 18:37:44 - [TEST_STEP][PASSED] - emptykota = getText(findTestObject("Register/android.widget.TextView - Kota tidak boleh kosong"), 0): Text of element 'Object Repository/Register/android.widget.TextView - Kota tidak boleh kosong' is: 'Kota tidak boleh kosong'

2023-07-03 18:37:44 - [MESSAGE][WARNING] - Timeout '0' is invalid. Using default page load timeout: '30'

2023-07-03 18:37:45 - [MESSAGE][PASSED] - Text of element 'Object Repository/Register/android.widget.TextView - Kota tidak boleh kosong' is: 'Kota tidak boleh kosong'

2023-07-03 18:37:45 - [TEST_STEP][PASSED] - logInfo(emptykota): Kota tidak boleh kosong

2023-07-03 18:37:45 - [MESSAGE][INFO] - Kota tidak boleh kosong

2023-07-03 18:37:45 - [TEST_STEP][PASSED] - expected = emptykota: null

2023-07-03 18:37:45 - [TEST_STEP][PASSED] - verifyMatch(emptykota, expected, false): Actual text 'Kota tidak boleh kosong' and expected text 'Kota tidak boleh kosong' are matched 

2023-07-03 18:37:45 - [MESSAGE][PASSED] - Actual text 'Kota tidak boleh kosong' and expected text 'Kota tidak boleh kosong' are matched 

2023-07-03 18:37:45 - [MESSAGE][PASSED] - Call Test Case 'Test Cases/Pages/Register/Read Error Message/Read Error Msg Empty Kota' successfully

2023-07-03 18:37:45 - [MESSAGE][PASSED] - Call Test Case 'Test Cases/Pages/Register/Verify Register with if else' successfully

2023-07-03 18:37:45 - [TEST_STEP][PASSED] - Start listener action : afterTestCase: Close app successfully

2023-07-03 18:37:45 - [TEST_STEP][PASSED] - logInfo("Test Case: " + testCaseContext.getTestCaseId() + " | Status: " + testCaseContext.getTestCaseStatus()): Test Case: Test Cases/Step Definition/Feature Register/REG05 - User register by emptying one of the fields | Status: PASSED

2023-07-03 18:37:45 - [MESSAGE][INFO] - Test Case: Test Cases/Step Definition/Feature Register/REG05 - User register by emptying one of the fields | Status: PASSED

2023-07-03 18:37:45 - [TEST_STEP][PASSED] - closeApplication(): Close app successfully

2023-07-03 18:37:45 - [MESSAGE][PASSED] - Close app successfully]]></system-out>
         <system-err><![CDATA[]]></system-err>
      </testcase>
      <testcase name="Test Cases/Step Definition/Feature Register/REG05 - User register by emptying one of the fields" time="31.773" classname="Test Cases/Step Definition/Feature Register/REG05 - User register by emptying one of the fields" status="PASSED">
         <system-out><![CDATA[2023-07-03 18:37:45 - [TEST_CASE][PASSED] - Test Cases/Step Definition/Feature Register/REG05 - User register by emptying one of the fields: Test Cases/Step Definition/Feature Register/REG05 - User register by emptying one of the fields

2023-07-03 18:37:45 - [TEST_STEP][PASSED] - Start listener action : beforeTestCase: Started app at: 'E:\GitRepo\Katalon\binarqa-group1-app\Apk\app-release-second-hand-gcp.apk'

2023-07-03 18:37:45 - [TEST_STEP][PASSED] - logInfo("Test Case: " + testCaseContext.getTestCaseId()): Test Case: Test Cases/Step Definition/Feature Register/REG05 - User register by emptying one of the fields

2023-07-03 18:37:45 - [MESSAGE][INFO] - Test Case: Test Cases/Step Definition/Feature Register/REG05 - User register by emptying one of the fields

2023-07-03 18:37:45 - [TEST_STEP][PASSED] - launchApp(): null

2023-07-03 18:37:45 - [TEST_STEP][PASSED] - startApplication(System.getProperty("user.dir") + "\Apk\app-release-second-hand-gcp.apk", false): Started app at: 'E:\GitRepo\Katalon\binarqa-group1-app\Apk\app-release-second-hand-gcp.apk'

2023-07-03 18:37:45 - [MESSAGE][INFO] - User set preference: ['appWaitActivity', '*']

2023-07-03 18:37:45 - [MESSAGE][INFO] - User set preference: ['appWaitforLaunch', 'false']

2023-07-03 18:37:45 - [MESSAGE][INFO] - User set preference: ['noReset', 'true']

2023-07-03 18:37:45 - [MESSAGE][INFO] - User set preference: ['ignoreHiddenApiPolicyError', 'true']

2023-07-03 18:37:45 - [MESSAGE][INFO] - User set preference: ['deviceId', '']

2023-07-03 18:37:45 - [MESSAGE][INFO] - Detected NodeJS location: "C:\Program Files\nodejs\node.exe"

2023-07-03 18:37:46 - [MESSAGE][INFO] - Appium server started on port 62,932

2023-07-03 18:37:55 - [MESSAGE][PASSED] - Started app at: 'E:\GitRepo\Katalon\binarqa-group1-app\Apk\app-release-second-hand-gcp.apk'

2023-07-03 18:37:55 - [TEST_STEP][PASSED] - callTestCase(findTestCase("Pages/Navbar/Tap Akun"), [:], STOP_ON_FAILURE): Call Test Case 'Test Cases/Pages/Navbar/Tap Akun' successfully

2023-07-03 18:37:55 - [TEST_CASE][PASSED] - Test Cases/Pages/Navbar/Tap Akun: Test Cases/Pages/Navbar/Tap Akun

2023-07-03 18:37:55 - [TEST_STEP][PASSED] - tap(findTestObject("Navbar/android.widget.FrameLayout - Navbar Akun"), 0): Tapped on element 'Object Repository/Navbar/android.widget.FrameLayout - Navbar Akun'

2023-07-03 18:37:55 - [MESSAGE][WARNING] - Timeout '0' is invalid. Using default page load timeout: '30'

2023-07-03 18:37:56 - [MESSAGE][PASSED] - Tapped on element 'Object Repository/Navbar/android.widget.FrameLayout - Navbar Akun'

2023-07-03 18:37:56 - [MESSAGE][PASSED] - Call Test Case 'Test Cases/Pages/Navbar/Tap Akun' successfully

2023-07-03 18:37:56 - [TEST_STEP][PASSED] - callTestCase(findTestCase("Pages/Akun/Tap Masuk from Akun Page"), [:], STOP_ON_FAILURE): Call Test Case 'Test Cases/Pages/Akun/Tap Masuk from Akun Page' successfully

2023-07-03 18:37:56 - [TEST_CASE][PASSED] - Test Cases/Pages/Akun/Tap Masuk from Akun Page: Test Cases/Pages/Akun/Tap Masuk from Akun Page

2023-07-03 18:37:56 - [TEST_STEP][PASSED] - tap(findTestObject("Akun/android.widget.Button - Masuk from Akun"), 0): Tapped on element 'Object Repository/Akun/android.widget.Button - Masuk from Akun'

2023-07-03 18:37:57 - [MESSAGE][WARNING] - Timeout '0' is invalid. Using default page load timeout: '30'

2023-07-03 18:37:57 - [MESSAGE][PASSED] - Tapped on element 'Object Repository/Akun/android.widget.Button - Masuk from Akun'

2023-07-03 18:37:57 - [MESSAGE][PASSED] - Call Test Case 'Test Cases/Pages/Akun/Tap Masuk from Akun Page' successfully

2023-07-03 18:37:57 - [TEST_STEP][PASSED] - callTestCase(findTestCase("Pages/Register/Tap Daftar from login page"), [:], STOP_ON_FAILURE): Call Test Case 'Test Cases/Pages/Register/Tap Daftar from login page' successfully

2023-07-03 18:37:57 - [TEST_CASE][PASSED] - Test Cases/Pages/Register/Tap Daftar from login page: Test Cases/Pages/Register/Tap Daftar from login page

2023-07-03 18:37:57 - [TEST_STEP][PASSED] - tap(findTestObject("Login/android.widget.TextView - Button Daftar"), 0): Tapped on element 'Object Repository/Login/android.widget.TextView - Button Daftar'

2023-07-03 18:37:57 - [MESSAGE][WARNING] - Timeout '0' is invalid. Using default page load timeout: '30'

2023-07-03 18:37:58 - [MESSAGE][PASSED] - Tapped on element 'Object Repository/Login/android.widget.TextView - Button Daftar'

2023-07-03 18:37:58 - [MESSAGE][PASSED] - Call Test Case 'Test Cases/Pages/Register/Tap Daftar from login page' successfully

2023-07-03 18:37:58 - [TEST_STEP][PASSED] - callTestCase(findTestCase("Pages/Register/Input Nama with test data"), ["nama":nama], STOP_ON_FAILURE): Call Test Case 'Test Cases/Pages/Register/Input Nama with test data' successfully

2023-07-03 18:37:58 - [TEST_CASE][PASSED] - Test Cases/Pages/Register/Input Nama with test data: Test Cases/Pages/Register/Input Nama with test data

2023-07-03 18:37:58 - [TEST_STEP][PASSED] - setText(findTestObject("Register/android.widget.EditText - Nama"), nama, 0): Text 'Diana Ross' has been set to element 'Object Repository/Register/android.widget.EditText - Nama'

2023-07-03 18:37:58 - [MESSAGE][WARNING] - Timeout '0' is invalid. Using default page load timeout: '30'

2023-07-03 18:38:00 - [MESSAGE][PASSED] - Text 'Diana Ross' has been set to element 'Object Repository/Register/android.widget.EditText - Nama'

2023-07-03 18:38:00 - [MESSAGE][PASSED] - Call Test Case 'Test Cases/Pages/Register/Input Nama with test data' successfully

2023-07-03 18:38:00 - [TEST_STEP][PASSED] - callTestCase(findTestCase("Pages/Register/Input Email with test data"), ["email":email], STOP_ON_FAILURE): Call Test Case 'Test Cases/Pages/Register/Input Email with test data' successfully

2023-07-03 18:38:00 - [TEST_CASE][PASSED] - Test Cases/Pages/Register/Input Email with test data: Test Cases/Pages/Register/Input Email with test data

2023-07-03 18:38:00 - [TEST_STEP][PASSED] - setText(findTestObject("Register/android.widget.EditText - Email"), email, 0): Text 'alamatkosong@gmail.com' has been set to element 'Object Repository/Register/android.widget.EditText - Email'

2023-07-03 18:38:00 - [MESSAGE][WARNING] - Timeout '0' is invalid. Using default page load timeout: '30'

2023-07-03 18:38:02 - [MESSAGE][PASSED] - Text 'alamatkosong@gmail.com' has been set to element 'Object Repository/Register/android.widget.EditText - Email'

2023-07-03 18:38:02 - [MESSAGE][PASSED] - Call Test Case 'Test Cases/Pages/Register/Input Email with test data' successfully

2023-07-03 18:38:02 - [TEST_STEP][PASSED] - callTestCase(findTestCase("Pages/Register/Input Password"), ["password":password], STOP_ON_FAILURE): Call Test Case 'Test Cases/Pages/Register/Input Password' successfully

2023-07-03 18:38:02 - [TEST_CASE][PASSED] - Test Cases/Pages/Register/Input Password: Test Cases/Pages/Register/Input Password

2023-07-03 18:38:02 - [TEST_STEP][PASSED] - setText(findTestObject("Register/android.widget.EditText - Password"), password, 0): Text 'abc!12350' has been set to element 'Object Repository/Register/android.widget.EditText - Password'

2023-07-03 18:38:02 - [MESSAGE][WARNING] - Timeout '0' is invalid. Using default page load timeout: '30'

2023-07-03 18:38:04 - [MESSAGE][PASSED] - Text 'abc!12350' has been set to element 'Object Repository/Register/android.widget.EditText - Password'

2023-07-03 18:38:04 - [MESSAGE][PASSED] - Call Test Case 'Test Cases/Pages/Register/Input Password' successfully

2023-07-03 18:38:04 - [TEST_STEP][PASSED] - callTestCase(findTestCase("Pages/Register/Input Nomor Hp"), ["nomor_hp":nomor_hp], STOP_ON_FAILURE): Call Test Case 'Test Cases/Pages/Register/Input Nomor Hp' successfully

2023-07-03 18:38:04 - [TEST_CASE][PASSED] - Test Cases/Pages/Register/Input Nomor Hp: Test Cases/Pages/Register/Input Nomor Hp

2023-07-03 18:38:04 - [TEST_STEP][PASSED] - setText(findTestObject("Register/android.widget.EditText - Nomor Hp"), nomor_hp, 0): Text '088811110000' has been set to element 'Object Repository/Register/android.widget.EditText - Nomor Hp'

2023-07-03 18:38:04 - [MESSAGE][WARNING] - Timeout '0' is invalid. Using default page load timeout: '30'

2023-07-03 18:38:06 - [MESSAGE][PASSED] - Text '088811110000' has been set to element 'Object Repository/Register/android.widget.EditText - Nomor Hp'

2023-07-03 18:38:06 - [MESSAGE][PASSED] - Call Test Case 'Test Cases/Pages/Register/Input Nomor Hp' successfully

2023-07-03 18:38:06 - [TEST_STEP][PASSED] - callTestCase(findTestCase("Pages/Register/Input Kota"), ["kota":kota], STOP_ON_FAILURE): Call Test Case 'Test Cases/Pages/Register/Input Kota' successfully

2023-07-03 18:38:06 - [TEST_CASE][PASSED] - Test Cases/Pages/Register/Input Kota: Test Cases/Pages/Register/Input Kota

2023-07-03 18:38:06 - [TEST_STEP][PASSED] - setText(findTestObject("Register/android.widget.EditText - Kota"), kota, 0): Text 'Semarang' has been set to element 'Object Repository/Register/android.widget.EditText - Kota'

2023-07-03 18:38:06 - [MESSAGE][WARNING] - Timeout '0' is invalid. Using default page load timeout: '30'

2023-07-03 18:38:08 - [MESSAGE][PASSED] - Text 'Semarang' has been set to element 'Object Repository/Register/android.widget.EditText - Kota'

2023-07-03 18:38:08 - [MESSAGE][PASSED] - Call Test Case 'Test Cases/Pages/Register/Input Kota' successfully

2023-07-03 18:38:08 - [TEST_STEP][PASSED] - callTestCase(findTestCase("Pages/Register/Scroll to Text Sudah Punya Akun"), [:], STOP_ON_FAILURE): Call Test Case 'Test Cases/Pages/Register/Scroll to Text Sudah Punya Akun' successfully

2023-07-03 18:38:08 - [TEST_CASE][PASSED] - Test Cases/Pages/Register/Scroll to Text Sudah Punya Akun: Test Cases/Pages/Register/Scroll to Text Sudah Punya Akun

2023-07-03 18:38:08 - [TEST_STEP][PASSED] - scrollToText("Sudah punya akun?"): Scrolling to text 'Sudah punya akun?' successfully

2023-07-03 18:38:12 - [MESSAGE][PASSED] - Scrolling to text 'Sudah punya akun?' successfully

2023-07-03 18:38:12 - [TEST_STEP][PASSED] - itemtext = getText(findTestObject("Register/android.widget.TextView - Sudah punya akun"), 0): Text of element 'Object Repository/Register/android.widget.TextView - Sudah punya akun' is: 'Sudah punya akun?'

2023-07-03 18:38:12 - [MESSAGE][WARNING] - Timeout '0' is invalid. Using default page load timeout: '30'

2023-07-03 18:38:12 - [MESSAGE][PASSED] - Text of element 'Object Repository/Register/android.widget.TextView - Sudah punya akun' is: 'Sudah punya akun?'

2023-07-03 18:38:12 - [TEST_STEP][PASSED] - verifyEqual(itemtext, "Sudah punya akun?"): Actual object 'Sudah punya akun?' and expected object 'Sudah punya akun?' are equal

2023-07-03 18:38:12 - [MESSAGE][PASSED] - Actual object 'Sudah punya akun?' and expected object 'Sudah punya akun?' are equal

2023-07-03 18:38:12 - [MESSAGE][PASSED] - Call Test Case 'Test Cases/Pages/Register/Scroll to Text Sudah Punya Akun' successfully

2023-07-03 18:38:12 - [TEST_STEP][PASSED] - callTestCase(findTestCase("Pages/Register/Input Alamat"), ["alamat":alamat], STOP_ON_FAILURE): Call Test Case 'Test Cases/Pages/Register/Input Alamat' successfully

2023-07-03 18:38:12 - [TEST_CASE][PASSED] - Test Cases/Pages/Register/Input Alamat: Test Cases/Pages/Register/Input Alamat

2023-07-03 18:38:12 - [TEST_STEP][PASSED] - setText(findTestObject("Register/android.widget.EditText - Alamat"), alamat, 0): Text '' has been set to element 'Object Repository/Register/android.widget.EditText - Alamat'

2023-07-03 18:38:12 - [MESSAGE][WARNING] - Timeout '0' is invalid. Using default page load timeout: '30'

2023-07-03 18:38:14 - [MESSAGE][PASSED] - Text '' has been set to element 'Object Repository/Register/android.widget.EditText - Alamat'

2023-07-03 18:38:14 - [MESSAGE][PASSED] - Call Test Case 'Test Cases/Pages/Register/Input Alamat' successfully

2023-07-03 18:38:14 - [TEST_STEP][PASSED] - callTestCase(findTestCase("Pages/Register/Tap Button Daftar"), [:], STOP_ON_FAILURE): Call Test Case 'Test Cases/Pages/Register/Tap Button Daftar' successfully

2023-07-03 18:38:14 - [TEST_CASE][PASSED] - Test Cases/Pages/Register/Tap Button Daftar: Test Cases/Pages/Register/Tap Button Daftar

2023-07-03 18:38:14 - [TEST_STEP][PASSED] - tap(findTestObject("Register/android.widget.Button - Button Daftar"), 0): Tapped on element 'Object Repository/Register/android.widget.Button - Button Daftar'

2023-07-03 18:38:14 - [MESSAGE][WARNING] - Timeout '0' is invalid. Using default page load timeout: '30'

2023-07-03 18:38:16 - [MESSAGE][PASSED] - Tapped on element 'Object Repository/Register/android.widget.Button - Button Daftar'

2023-07-03 18:38:16 - [MESSAGE][PASSED] - Call Test Case 'Test Cases/Pages/Register/Tap Button Daftar' successfully

2023-07-03 18:38:16 - [TEST_STEP][PASSED] - callTestCase(findTestCase("Pages/Register/Verify Register with if else"), ["status":status], STOP_ON_FAILURE): Call Test Case 'Test Cases/Pages/Register/Verify Register with if else' successfully

2023-07-03 18:38:16 - [TEST_CASE][PASSED] - Test Cases/Pages/Register/Verify Register with if else: Test Cases/Pages/Register/Verify Register with if else

2023-07-03 18:38:16 - [TEST_STEP][PASSED] - if (status == "success"): null

2023-07-03 18:38:16 - [TEST_STEP][PASSED] - else if (status == "invalid email"): null

2023-07-03 18:38:16 - [TEST_STEP][PASSED] - else if (status == "registered"): null

2023-07-03 18:38:16 - [TEST_STEP][PASSED] - else if (status == "empty email"): null

2023-07-03 18:38:16 - [TEST_STEP][PASSED] - else if (status == "empty password"): null

2023-07-03 18:38:16 - [TEST_STEP][PASSED] - else if (status == "invalid pass"): null

2023-07-03 18:38:16 - [TEST_STEP][PASSED] - else if (status == "empty nama"): null

2023-07-03 18:38:16 - [TEST_STEP][PASSED] - else if (status == "empty hp"): null

2023-07-03 18:38:16 - [TEST_STEP][PASSED] - else if (status == "empty kota"): null

2023-07-03 18:38:16 - [TEST_STEP][PASSED] - else if (status == "empty alamat"): Call Test Case 'Test Cases/Pages/Register/Read Error Message/Read Error Msg Empty Alamat' successfully

2023-07-03 18:38:16 - [TEST_STEP][PASSED] - callTestCase(findTestCase("Pages/Register/Read Error Message/Read Error Msg Empty Alamat"), ["expected":""], STOP_ON_FAILURE): Call Test Case 'Test Cases/Pages/Register/Read Error Message/Read Error Msg Empty Alamat' successfully

2023-07-03 18:38:16 - [TEST_CASE][PASSED] - Test Cases/Pages/Register/Read Error Message/Read Error Msg Empty Alamat: Test Cases/Pages/Register/Read Error Message/Read Error Msg Empty Alamat

2023-07-03 18:38:16 - [TEST_STEP][PASSED] - verifyElementVisible(findTestObject("Register/android.widget.TextView - Alamat tidak boleh kosong"), 0): Element 'Object Repository/Register/android.widget.TextView - Alamat tidak boleh kosong' is visible

2023-07-03 18:38:16 - [MESSAGE][WARNING] - Timeout '0' is invalid. Using default page load timeout: '30'

2023-07-03 18:38:16 - [MESSAGE][PASSED] - Element 'Object Repository/Register/android.widget.TextView - Alamat tidak boleh kosong' is visible

2023-07-03 18:38:16 - [TEST_STEP][PASSED] - emptyalamat = getText(findTestObject("Register/android.widget.TextView - Alamat tidak boleh kosong"), 0): Text of element 'Object Repository/Register/android.widget.TextView - Alamat tidak boleh kosong' is: 'Alamat tidak boleh kosong'

2023-07-03 18:38:16 - [MESSAGE][WARNING] - Timeout '0' is invalid. Using default page load timeout: '30'

2023-07-03 18:38:16 - [MESSAGE][PASSED] - Text of element 'Object Repository/Register/android.widget.TextView - Alamat tidak boleh kosong' is: 'Alamat tidak boleh kosong'

2023-07-03 18:38:16 - [TEST_STEP][PASSED] - logInfo(emptyalamat): Alamat tidak boleh kosong

2023-07-03 18:38:16 - [MESSAGE][INFO] - Alamat tidak boleh kosong

2023-07-03 18:38:16 - [TEST_STEP][PASSED] - expected = emptyalamat: null

2023-07-03 18:38:16 - [TEST_STEP][PASSED] - verifyMatch(emptyalamat, expected, false): Actual text 'Alamat tidak boleh kosong' and expected text 'Alamat tidak boleh kosong' are matched 

2023-07-03 18:38:16 - [MESSAGE][PASSED] - Actual text 'Alamat tidak boleh kosong' and expected text 'Alamat tidak boleh kosong' are matched 

2023-07-03 18:38:16 - [MESSAGE][PASSED] - Call Test Case 'Test Cases/Pages/Register/Read Error Message/Read Error Msg Empty Alamat' successfully

2023-07-03 18:38:16 - [MESSAGE][PASSED] - Call Test Case 'Test Cases/Pages/Register/Verify Register with if else' successfully

2023-07-03 18:38:16 - [TEST_STEP][PASSED] - Start listener action : afterTestCase: Close app successfully

2023-07-03 18:38:16 - [TEST_STEP][PASSED] - logInfo("Test Case: " + testCaseContext.getTestCaseId() + " | Status: " + testCaseContext.getTestCaseStatus()): Test Case: Test Cases/Step Definition/Feature Register/REG05 - User register by emptying one of the fields | Status: PASSED

2023-07-03 18:38:16 - [MESSAGE][INFO] - Test Case: Test Cases/Step Definition/Feature Register/REG05 - User register by emptying one of the fields | Status: PASSED

2023-07-03 18:38:16 - [TEST_STEP][PASSED] - closeApplication(): Close app successfully

2023-07-03 18:38:17 - [MESSAGE][PASSED] - Close app successfully]]></system-out>
         <system-err><![CDATA[]]></system-err>
      </testcase>
      <system-out><![CDATA[2023-07-03 18:31:23 - [TEST_SUITE][PASSED] - Feature Register - Negative Case: Test Cases/Step Definition/Feature Register/REG05 - User register by emptying one of the fields]]></system-out>
      <system-err><![CDATA[]]></system-err>
   </testsuite>
</testsuites>
