<?xml version="1.0" encoding="UTF-8"?>
<testsuites name="Feature Add Product - Negative Case" time="233.433" tests="7" failures="3" errors="0">
   <testsuite name="Feature Add Product - Negative Case" tests="7" failures="3" errors="0" time="233.433" skipped="0" timestamp="2023-07-03 17:36:59" hostname="ASUS - ASUS-RN911" id="Test Suites/Feature Add Product - Negative Case">
      <properties>
         <property name="deviceName" value=""/>
         <property name="devicePlatform" value=""/>
         <property name="logFolder" value="E:\\GitRepo\\Katalon\\binarqa-group1-web\\Reports\\20230703_173657\\Feature Add Product - Negative Case\\20230703_173657"/>
         <property name="logFiles" value="E:\\GitRepo\\Katalon\\binarqa-group1-web\\Reports\\20230703_173657\\Feature Add Product - Negative Case\\20230703_173657\\execution0.log"/>
         <property name="attachments" value="E:\\GitRepo\\Katalon\\binarqa-group1-web\\Reports\\20230703_173657\\Feature Add Product - Negative Case\\20230703_173657\\1688380743287.png, E:\\GitRepo\\Katalon\\binarqa-group1-web\\Reports\\20230703_173657\\Feature Add Product - Negative Case\\20230703_173657\\1688380743392.png, E:\\GitRepo\\Katalon\\binarqa-group1-web\\Reports\\20230703_173657\\Feature Add Product - Negative Case\\20230703_173657\\1688380793041.png, E:\\GitRepo\\Katalon\\binarqa-group1-web\\Reports\\20230703_173657\\Feature Add Product - Negative Case\\20230703_173657\\1688380793169.png, E:\\GitRepo\\Katalon\\binarqa-group1-web\\Reports\\20230703_173657\\Feature Add Product - Negative Case\\20230703_173657\\1688380852117.png, E:\\GitRepo\\Katalon\\binarqa-group1-web\\Reports\\20230703_173657\\Feature Add Product - Negative Case\\20230703_173657\\1688380852204.png"/>
         <property name="hostName" value="ASUS - ASUS-RN911"/>
         <property name="os" value="Windows 10 64bit"/>
         <property name="katalonVersion" value="8.6.0.208"/>
         <property name="browser" value="Chrome 114.0.0.0"/>
         <property name="hostAddress" value="192.168.1.116"/>
         <property name="sessionId" value="68f98d0e7c55d998324ad2d58f1f9e5a"/>
         <property name="seleniumVersion" value="3.141.59"/>
         <property name="proxyInformation" value="ProxyInformation { proxyOption=NO_PROXY, proxyServerType=HTTP, username=, password=********, proxyServerAddress=, proxyServerPort=0, executionList=&quot;&quot;, isApplyToDesiredCapabilities=true }"/>
         <property name="platform" value="Windows 10"/>
      </properties>
      <testcase name="Test Cases/Step Definition/Feature Add Product/ADDP03 - Add Product Without Input Nama Produk Field" time="18.133" classname="Test Cases/Step Definition/Feature Add Product/ADDP03 - Add Product Without Input Nama Produk Field" status="PASSED">
         <system-out><![CDATA[2023-07-03 17:36:59 - [TEST_CASE][PASSED] - Test Cases/Step Definition/Feature Add Product/ADDP03 - Add Product Without Input Nama Produk Field: Test Cases/Step Definition/Feature Add Product/ADDP03 - Add Product Without Input Nama Produk Field

2023-07-03 17:36:59 - [TEST_STEP][PASSED] - Start listener action : BeforeTestCase: Current window maximized

2023-07-03 17:36:59 - [TEST_STEP][PASSED] - logInfo("Test Case: " + testCaseContext.getTestCaseId()): Test Case: Test Cases/Step Definition/Feature Add Product/ADDP03 - Add Product Without Input Nama Produk Field

2023-07-03 17:36:59 - [MESSAGE][INFO] - Test Case: Test Cases/Step Definition/Feature Add Product/ADDP03 - Add Product Without Input Nama Produk Field

2023-07-03 17:36:59 - [TEST_STEP][PASSED] - openBrowser(): null

2023-07-03 17:36:59 - [TEST_STEP][PASSED] - openBrowser("https://secondhand.binaracademy.org/"): Browser is opened with url: 'https://secondhand.binaracademy.org/'

2023-07-03 17:36:59 - [MESSAGE][INFO] - Starting 'Chrome' driver

2023-07-03 17:36:59 - [MESSAGE][INFO] - Action delay is set to 0 milliseconds

2023-07-03 17:37:03 - [MESSAGE][PASSED] - Browser is opened with url: 'https://secondhand.binaracademy.org/'

2023-07-03 17:37:03 - [TEST_STEP][PASSED] - maximizeWindow(): Current window maximized

2023-07-03 17:37:03 - [MESSAGE][PASSED] - Current window maximized

2023-07-03 17:37:03 - [TEST_STEP][PASSED] - callTestCase(findTestCase("Pages/Homepage/Click Masuk from homepage"), [:], STOP_ON_FAILURE): Call Test Case 'Test Cases/Pages/Homepage/Click Masuk from homepage' successfully

2023-07-03 17:37:03 - [TEST_CASE][PASSED] - Test Cases/Pages/Homepage/Click Masuk from homepage: Test Cases/Pages/Homepage/Click Masuk from homepage

2023-07-03 17:37:03 - [TEST_STEP][PASSED] - click(findTestObject("Navbar/a_Masuk")): Object: 'Object Repository/Navbar/a_Masuk' is clicked on

2023-07-03 17:37:04 - [MESSAGE][PASSED] - Object: 'Object Repository/Navbar/a_Masuk' is clicked on

2023-07-03 17:37:04 - [MESSAGE][PASSED] - Call Test Case 'Test Cases/Pages/Homepage/Click Masuk from homepage' successfully

2023-07-03 17:37:04 - [TEST_STEP][PASSED] - callTestCase(findTestCase("Pages/Login/Input Email"), ["email":"prabotanpreloved@mytestmail.net"], STOP_ON_FAILURE): Call Test Case 'Test Cases/Pages/Login/Input Email' successfully

2023-07-03 17:37:04 - [TEST_CASE][PASSED] - Test Cases/Pages/Login/Input Email: Test Cases/Pages/Login/Input Email

2023-07-03 17:37:04 - [TEST_STEP][PASSED] - setText(findTestObject("Login/input_Email"), email): Text 'prabotanpreloved@mytestmail.net' is set on object 'Object Repository/Login/input_Email'

2023-07-03 17:37:05 - [MESSAGE][PASSED] - Text 'prabotanpreloved@mytestmail.net' is set on object 'Object Repository/Login/input_Email'

2023-07-03 17:37:05 - [MESSAGE][PASSED] - Call Test Case 'Test Cases/Pages/Login/Input Email' successfully

2023-07-03 17:37:05 - [TEST_STEP][PASSED] - callTestCase(findTestCase("Pages/Login/Input Password"), ["password":"a1b2c3d4"], STOP_ON_FAILURE): Call Test Case 'Test Cases/Pages/Login/Input Password' successfully

2023-07-03 17:37:05 - [TEST_CASE][PASSED] - Test Cases/Pages/Login/Input Password: Test Cases/Pages/Login/Input Password

2023-07-03 17:37:05 - [TEST_STEP][PASSED] - setText(findTestObject("Login/input_Password"), password): Text 'a1b2c3d4' is set on object 'Object Repository/Login/input_Password'

2023-07-03 17:37:05 - [MESSAGE][PASSED] - Text 'a1b2c3d4' is set on object 'Object Repository/Login/input_Password'

2023-07-03 17:37:05 - [MESSAGE][PASSED] - Call Test Case 'Test Cases/Pages/Login/Input Password' successfully

2023-07-03 17:37:05 - [TEST_STEP][PASSED] - callTestCase(findTestCase("Pages/Login/Click Button Masuk"), [:], STOP_ON_FAILURE): Call Test Case 'Test Cases/Pages/Login/Click Button Masuk' successfully

2023-07-03 17:37:06 - [TEST_CASE][PASSED] - Test Cases/Pages/Login/Click Button Masuk: Test Cases/Pages/Login/Click Button Masuk

2023-07-03 17:37:06 - [TEST_STEP][PASSED] - click(findTestObject("Login/button_Masuk")): Object: 'Object Repository/Login/button_Masuk' is clicked on

2023-07-03 17:37:06 - [MESSAGE][PASSED] - Object: 'Object Repository/Login/button_Masuk' is clicked on

2023-07-03 17:37:06 - [TEST_STEP][PASSED] - waitForPageLoad(5): Wait for page load successfully

2023-07-03 17:37:06 - [MESSAGE][PASSED] - Wait for page load successfully

2023-07-03 17:37:06 - [MESSAGE][PASSED] - Call Test Case 'Test Cases/Pages/Login/Click Button Masuk' successfully

2023-07-03 17:37:06 - [TEST_STEP][PASSED] - callTestCase(findTestCase("Pages/Homepage/Click Jual Floating Button"), [:], STOP_ON_FAILURE): Call Test Case 'Test Cases/Pages/Homepage/Click Jual Floating Button' successfully

2023-07-03 17:37:06 - [TEST_CASE][PASSED] - Test Cases/Pages/Homepage/Click Jual Floating Button: Test Cases/Pages/Homepage/Click Jual Floating Button

2023-07-03 17:37:06 - [TEST_STEP][PASSED] - click(findTestObject("Homepage/a_Button Jual")): Object: 'Object Repository/Homepage/a_Button Jual' is clicked on

2023-07-03 17:37:08 - [MESSAGE][PASSED] - Object: 'Object Repository/Homepage/a_Button Jual' is clicked on

2023-07-03 17:37:08 - [MESSAGE][PASSED] - Call Test Case 'Test Cases/Pages/Homepage/Click Jual Floating Button' successfully

2023-07-03 17:37:08 - [TEST_STEP][PASSED] - callTestCase(findTestCase("Pages/Add Product/Verify Add Product Form"), [:], STOP_ON_FAILURE): Call Test Case 'Test Cases/Pages/Add Product/Verify Add Product Form' successfully

2023-07-03 17:37:08 - [TEST_CASE][PASSED] - Test Cases/Pages/Add Product/Verify Add Product Form: Test Cases/Pages/Add Product/Verify Add Product Form

2023-07-03 17:37:08 - [TEST_STEP][PASSED] - verifyElementPresent(findTestObject("Products/Add Product Page/input_Nama Produk"), 0): Object 'Object Repository/Products/Add Product Page/input_Nama Produk' is present

2023-07-03 17:37:08 - [MESSAGE][WARNING] - Timeout '0' is invalid. Using default page load timeout: '30'

2023-07-03 17:37:08 - [MESSAGE][PASSED] - Object 'Object Repository/Products/Add Product Page/input_Nama Produk' is present

2023-07-03 17:37:08 - [TEST_STEP][PASSED] - verifyElementPresent(findTestObject("Products/Add Product Page/input_Harga Produk"), 0): Object 'Object Repository/Products/Add Product Page/input_Harga Produk' is present

2023-07-03 17:37:08 - [MESSAGE][WARNING] - Timeout '0' is invalid. Using default page load timeout: '30'

2023-07-03 17:37:09 - [MESSAGE][PASSED] - Object 'Object Repository/Products/Add Product Page/input_Harga Produk' is present

2023-07-03 17:37:09 - [TEST_STEP][PASSED] - verifyElementPresent(findTestObject("Products/Add Product Page/select_Kategori"), 0): Object 'Object Repository/Products/Add Product Page/select_Kategori' is present

2023-07-03 17:37:09 - [MESSAGE][WARNING] - Timeout '0' is invalid. Using default page load timeout: '30'

2023-07-03 17:37:09 - [MESSAGE][PASSED] - Object 'Object Repository/Products/Add Product Page/select_Kategori' is present

2023-07-03 17:37:09 - [TEST_STEP][PASSED] - verifyElementPresent(findTestObject("Products/Add Product Page/textarea_Deskripsi"), 0): Object 'Object Repository/Products/Add Product Page/textarea_Deskripsi' is present

2023-07-03 17:37:09 - [MESSAGE][WARNING] - Timeout '0' is invalid. Using default page load timeout: '30'

2023-07-03 17:37:09 - [MESSAGE][PASSED] - Object 'Object Repository/Products/Add Product Page/textarea_Deskripsi' is present

2023-07-03 17:37:09 - [TEST_STEP][PASSED] - verifyElementPresent(findTestObject("Products/Add Product Page/input_Gambar Produk"), 0): Object 'Object Repository/Products/Add Product Page/input_Gambar Produk' is present

2023-07-03 17:37:09 - [MESSAGE][WARNING] - Timeout '0' is invalid. Using default page load timeout: '30'

2023-07-03 17:37:10 - [MESSAGE][PASSED] - Object 'Object Repository/Products/Add Product Page/input_Gambar Produk' is present

2023-07-03 17:37:10 - [TEST_STEP][PASSED] - verifyElementPresent(findTestObject("Products/Add Product Page/label_Button Terbitkan"), 0): Object 'Object Repository/Products/Add Product Page/label_Button Terbitkan' is present

2023-07-03 17:37:10 - [MESSAGE][WARNING] - Timeout '0' is invalid. Using default page load timeout: '30'

2023-07-03 17:37:10 - [MESSAGE][PASSED] - Object 'Object Repository/Products/Add Product Page/label_Button Terbitkan' is present

2023-07-03 17:37:10 - [MESSAGE][PASSED] - Call Test Case 'Test Cases/Pages/Add Product/Verify Add Product Form' successfully

2023-07-03 17:37:10 - [TEST_STEP][PASSED] - callTestCase(findTestCase("Pages/Add Product/Input Harga Produk"), ["hargaProduk":"100000"], STOP_ON_FAILURE): Call Test Case 'Test Cases/Pages/Add Product/Input Harga Produk' successfully

2023-07-03 17:37:10 - [TEST_CASE][PASSED] - Test Cases/Pages/Add Product/Input Harga Produk: Test Cases/Pages/Add Product/Input Harga Produk

2023-07-03 17:37:10 - [TEST_STEP][PASSED] - setText(findTestObject("Products/Add Product Page/input_Harga Produk"), hargaProduk): Text '100000' is set on object 'Object Repository/Products/Add Product Page/input_Harga Produk'

2023-07-03 17:37:11 - [MESSAGE][PASSED] - Text '100000' is set on object 'Object Repository/Products/Add Product Page/input_Harga Produk'

2023-07-03 17:37:11 - [MESSAGE][PASSED] - Call Test Case 'Test Cases/Pages/Add Product/Input Harga Produk' successfully

2023-07-03 17:37:11 - [TEST_STEP][PASSED] - callTestCase(findTestCase("Pages/Add Product/Input Kategori Produk"), ["kategoriProduk":"Kesehatan"], STOP_ON_FAILURE): Call Test Case 'Test Cases/Pages/Add Product/Input Kategori Produk' successfully

2023-07-03 17:37:11 - [TEST_CASE][PASSED] - Test Cases/Pages/Add Product/Input Kategori Produk: Test Cases/Pages/Add Product/Input Kategori Produk

2023-07-03 17:37:11 - [TEST_STEP][PASSED] - selectOptionByLabel(findTestObject("Products/Add Product Page/select_Kategori"), kategoriProduk, false): All options with label 'Kesehatan' are selected in object 'Object Repository/Products/Add Product Page/select_Kategori' 

2023-07-03 17:37:11 - [MESSAGE][PASSED] - All options with label 'Kesehatan' are selected in object 'Object Repository/Products/Add Product Page/select_Kategori' 

2023-07-03 17:37:11 - [MESSAGE][PASSED] - Call Test Case 'Test Cases/Pages/Add Product/Input Kategori Produk' successfully

2023-07-03 17:37:11 - [TEST_STEP][PASSED] - callTestCase(findTestCase("Pages/Add Product/Input Deskripsi Produk"), ["deskripsiProduk":"Deskripsi Produk A"], STOP_ON_FAILURE): Call Test Case 'Test Cases/Pages/Add Product/Input Deskripsi Produk' successfully

2023-07-03 17:37:11 - [TEST_CASE][PASSED] - Test Cases/Pages/Add Product/Input Deskripsi Produk: Test Cases/Pages/Add Product/Input Deskripsi Produk

2023-07-03 17:37:12 - [TEST_STEP][PASSED] - setText(findTestObject("Products/Add Product Page/textarea_Deskripsi"), deskripsiProduk): Text 'Deskripsi Produk A' is set on object 'Object Repository/Products/Add Product Page/textarea_Deskripsi'

2023-07-03 17:37:12 - [MESSAGE][PASSED] - Text 'Deskripsi Produk A' is set on object 'Object Repository/Products/Add Product Page/textarea_Deskripsi'

2023-07-03 17:37:12 - [MESSAGE][PASSED] - Call Test Case 'Test Cases/Pages/Add Product/Input Deskripsi Produk' successfully

2023-07-03 17:37:12 - [TEST_STEP][PASSED] - callTestCase(findTestCase("Pages/Add Product/Input Gambar Produk"), ["pathToFile":System.getProperty("user.dir") + "\Data Files\ImageForTest\binar.jpg"], STOP_ON_FAILURE): Call Test Case 'Test Cases/Pages/Add Product/Input Gambar Produk' successfully

2023-07-03 17:37:12 - [TEST_CASE][PASSED] - Test Cases/Pages/Add Product/Input Gambar Produk: Test Cases/Pages/Add Product/Input Gambar Produk

2023-07-03 17:37:12 - [TEST_STEP][PASSED] - uploadFile(findTestObject("Products/Add Product Page/input_Gambar Produk"), pathToFile): File 'E:\GitRepo\Katalon\binarqa-group1-web\Data Files\ImageForTest\binar.jpg' sent to object: 'Object Repository/Products/Add Product Page/input_Gambar Produk'

2023-07-03 17:37:13 - [MESSAGE][PASSED] - File 'E:\GitRepo\Katalon\binarqa-group1-web\Data Files\ImageForTest\binar.jpg' sent to object: 'Object Repository/Products/Add Product Page/input_Gambar Produk'

2023-07-03 17:37:13 - [MESSAGE][PASSED] - Call Test Case 'Test Cases/Pages/Add Product/Input Gambar Produk' successfully

2023-07-03 17:37:13 - [TEST_STEP][PASSED] - callTestCase(findTestCase("Pages/Add Product/Click Terbitkan Button"), [:], STOP_ON_FAILURE): Call Test Case 'Test Cases/Pages/Add Product/Click Terbitkan Button' successfully

2023-07-03 17:37:13 - [TEST_CASE][PASSED] - Test Cases/Pages/Add Product/Click Terbitkan Button: Test Cases/Pages/Add Product/Click Terbitkan Button

2023-07-03 17:37:13 - [TEST_STEP][PASSED] - click(findTestObject("Products/Add Product Page/label_Button Terbitkan")): Object: 'Object Repository/Products/Add Product Page/label_Button Terbitkan' is clicked on

2023-07-03 17:37:16 - [MESSAGE][PASSED] - Object: 'Object Repository/Products/Add Product Page/label_Button Terbitkan' is clicked on

2023-07-03 17:37:16 - [MESSAGE][PASSED] - Call Test Case 'Test Cases/Pages/Add Product/Click Terbitkan Button' successfully

2023-07-03 17:37:16 - [TEST_STEP][PASSED] - callTestCase(findTestCase("Pages/Add Product/Verify Error Message/Verify Nama Produk Error Message"), [:], STOP_ON_FAILURE): Call Test Case 'Test Cases/Pages/Add Product/Verify Error Message/Verify Nama Produk Error Message' successfully

2023-07-03 17:37:16 - [TEST_CASE][PASSED] - Test Cases/Pages/Add Product/Verify Error Message/Verify Nama Produk Error Message: Test Cases/Pages/Add Product/Verify Error Message/Verify Nama Produk Error Message

2023-07-03 17:37:16 - [TEST_STEP][PASSED] - verifyElementVisible(findTestObject("Products/Add Product Page/Error Message/div_Name cant be blank")): Object 'Object Repository/Products/Add Product Page/Error Message/div_Name cant be blank' is visible

2023-07-03 17:37:17 - [MESSAGE][PASSED] - Object 'Object Repository/Products/Add Product Page/Error Message/div_Name cant be blank' is visible

2023-07-03 17:37:17 - [MESSAGE][PASSED] - Call Test Case 'Test Cases/Pages/Add Product/Verify Error Message/Verify Nama Produk Error Message' successfully

2023-07-03 17:37:17 - [TEST_STEP][PASSED] - Start listener action : AfterTestCase: Browser is closed

2023-07-03 17:37:17 - [TEST_STEP][PASSED] - logInfo("Test Case: " + testCaseContext.getTestCaseId() + " | " + testCaseContext.getTestCaseStatus()): Test Case: Test Cases/Step Definition/Feature Add Product/ADDP03 - Add Product Without Input Nama Produk Field | PASSED

2023-07-03 17:37:17 - [MESSAGE][INFO] - Test Case: Test Cases/Step Definition/Feature Add Product/ADDP03 - Add Product Without Input Nama Produk Field | PASSED

2023-07-03 17:37:17 - [TEST_STEP][PASSED] - closeBrowser(): null

2023-07-03 17:37:17 - [TEST_STEP][PASSED] - closeBrowser(): Browser is closed

2023-07-03 17:37:17 - [MESSAGE][PASSED] - Browser is closed]]></system-out>
         <system-err><![CDATA[]]></system-err>
      </testcase>
      <testcase name="Test Cases/Step Definition/Feature Add Product/ADDP04 - Add Product Without Input Harga Produk Field" time="16.218" classname="Test Cases/Step Definition/Feature Add Product/ADDP04 - Add Product Without Input Harga Produk Field" status="PASSED">
         <system-out><![CDATA[2023-07-03 17:37:17 - [TEST_CASE][PASSED] - Test Cases/Step Definition/Feature Add Product/ADDP04 - Add Product Without Input Harga Produk Field: Test Cases/Step Definition/Feature Add Product/ADDP04 - Add Product Without Input Harga Produk Field

2023-07-03 17:37:17 - [TEST_STEP][PASSED] - Start listener action : BeforeTestCase: Current window maximized

2023-07-03 17:37:17 - [TEST_STEP][PASSED] - logInfo("Test Case: " + testCaseContext.getTestCaseId()): Test Case: Test Cases/Step Definition/Feature Add Product/ADDP04 - Add Product Without Input Harga Produk Field

2023-07-03 17:37:17 - [MESSAGE][INFO] - Test Case: Test Cases/Step Definition/Feature Add Product/ADDP04 - Add Product Without Input Harga Produk Field

2023-07-03 17:37:17 - [TEST_STEP][PASSED] - openBrowser(): null

2023-07-03 17:37:17 - [TEST_STEP][PASSED] - openBrowser("https://secondhand.binaracademy.org/"): Browser is opened with url: 'https://secondhand.binaracademy.org/'

2023-07-03 17:37:17 - [MESSAGE][INFO] - Starting 'Chrome' driver

2023-07-03 17:37:17 - [MESSAGE][INFO] - Action delay is set to 0 milliseconds

2023-07-03 17:37:19 - [MESSAGE][PASSED] - Browser is opened with url: 'https://secondhand.binaracademy.org/'

2023-07-03 17:37:19 - [TEST_STEP][PASSED] - maximizeWindow(): Current window maximized

2023-07-03 17:37:20 - [MESSAGE][PASSED] - Current window maximized

2023-07-03 17:37:20 - [TEST_STEP][PASSED] - callTestCase(findTestCase("Pages/Homepage/Click Masuk from homepage"), [:], STOP_ON_FAILURE): Call Test Case 'Test Cases/Pages/Homepage/Click Masuk from homepage' successfully

2023-07-03 17:37:20 - [TEST_CASE][PASSED] - Test Cases/Pages/Homepage/Click Masuk from homepage: Test Cases/Pages/Homepage/Click Masuk from homepage

2023-07-03 17:37:20 - [TEST_STEP][PASSED] - click(findTestObject("Navbar/a_Masuk")): Object: 'Object Repository/Navbar/a_Masuk' is clicked on

2023-07-03 17:37:20 - [MESSAGE][PASSED] - Object: 'Object Repository/Navbar/a_Masuk' is clicked on

2023-07-03 17:37:20 - [MESSAGE][PASSED] - Call Test Case 'Test Cases/Pages/Homepage/Click Masuk from homepage' successfully

2023-07-03 17:37:20 - [TEST_STEP][PASSED] - callTestCase(findTestCase("Pages/Login/Input Email"), ["email":"prabotanpreloved@mytestmail.net"], STOP_ON_FAILURE): Call Test Case 'Test Cases/Pages/Login/Input Email' successfully

2023-07-03 17:37:20 - [TEST_CASE][PASSED] - Test Cases/Pages/Login/Input Email: Test Cases/Pages/Login/Input Email

2023-07-03 17:37:20 - [TEST_STEP][PASSED] - setText(findTestObject("Login/input_Email"), email): Text 'prabotanpreloved@mytestmail.net' is set on object 'Object Repository/Login/input_Email'

2023-07-03 17:37:21 - [MESSAGE][PASSED] - Text 'prabotanpreloved@mytestmail.net' is set on object 'Object Repository/Login/input_Email'

2023-07-03 17:37:21 - [MESSAGE][PASSED] - Call Test Case 'Test Cases/Pages/Login/Input Email' successfully

2023-07-03 17:37:21 - [TEST_STEP][PASSED] - callTestCase(findTestCase("Pages/Login/Input Password"), ["password":"a1b2c3d4"], STOP_ON_FAILURE): Call Test Case 'Test Cases/Pages/Login/Input Password' successfully

2023-07-03 17:37:21 - [TEST_CASE][PASSED] - Test Cases/Pages/Login/Input Password: Test Cases/Pages/Login/Input Password

2023-07-03 17:37:21 - [TEST_STEP][PASSED] - setText(findTestObject("Login/input_Password"), password): Text 'a1b2c3d4' is set on object 'Object Repository/Login/input_Password'

2023-07-03 17:37:22 - [MESSAGE][PASSED] - Text 'a1b2c3d4' is set on object 'Object Repository/Login/input_Password'

2023-07-03 17:37:22 - [MESSAGE][PASSED] - Call Test Case 'Test Cases/Pages/Login/Input Password' successfully

2023-07-03 17:37:22 - [TEST_STEP][PASSED] - callTestCase(findTestCase("Pages/Login/Click Button Masuk"), [:], STOP_ON_FAILURE): Call Test Case 'Test Cases/Pages/Login/Click Button Masuk' successfully

2023-07-03 17:37:22 - [TEST_CASE][PASSED] - Test Cases/Pages/Login/Click Button Masuk: Test Cases/Pages/Login/Click Button Masuk

2023-07-03 17:37:22 - [TEST_STEP][PASSED] - click(findTestObject("Login/button_Masuk")): Object: 'Object Repository/Login/button_Masuk' is clicked on

2023-07-03 17:37:22 - [MESSAGE][PASSED] - Object: 'Object Repository/Login/button_Masuk' is clicked on

2023-07-03 17:37:22 - [TEST_STEP][PASSED] - waitForPageLoad(5): Wait for page load successfully

2023-07-03 17:37:22 - [MESSAGE][PASSED] - Wait for page load successfully

2023-07-03 17:37:22 - [MESSAGE][PASSED] - Call Test Case 'Test Cases/Pages/Login/Click Button Masuk' successfully

2023-07-03 17:37:22 - [TEST_STEP][PASSED] - callTestCase(findTestCase("Pages/Homepage/Click Jual Floating Button"), [:], STOP_ON_FAILURE): Call Test Case 'Test Cases/Pages/Homepage/Click Jual Floating Button' successfully

2023-07-03 17:37:23 - [TEST_CASE][PASSED] - Test Cases/Pages/Homepage/Click Jual Floating Button: Test Cases/Pages/Homepage/Click Jual Floating Button

2023-07-03 17:37:23 - [TEST_STEP][PASSED] - click(findTestObject("Homepage/a_Button Jual")): Object: 'Object Repository/Homepage/a_Button Jual' is clicked on

2023-07-03 17:37:24 - [MESSAGE][PASSED] - Object: 'Object Repository/Homepage/a_Button Jual' is clicked on

2023-07-03 17:37:24 - [MESSAGE][PASSED] - Call Test Case 'Test Cases/Pages/Homepage/Click Jual Floating Button' successfully

2023-07-03 17:37:24 - [TEST_STEP][PASSED] - callTestCase(findTestCase("Pages/Add Product/Verify Add Product Form"), [:], STOP_ON_FAILURE): Call Test Case 'Test Cases/Pages/Add Product/Verify Add Product Form' successfully

2023-07-03 17:37:24 - [TEST_CASE][PASSED] - Test Cases/Pages/Add Product/Verify Add Product Form: Test Cases/Pages/Add Product/Verify Add Product Form

2023-07-03 17:37:24 - [TEST_STEP][PASSED] - verifyElementPresent(findTestObject("Products/Add Product Page/input_Nama Produk"), 0): Object 'Object Repository/Products/Add Product Page/input_Nama Produk' is present

2023-07-03 17:37:24 - [MESSAGE][WARNING] - Timeout '0' is invalid. Using default page load timeout: '30'

2023-07-03 17:37:25 - [MESSAGE][PASSED] - Object 'Object Repository/Products/Add Product Page/input_Nama Produk' is present

2023-07-03 17:37:25 - [TEST_STEP][PASSED] - verifyElementPresent(findTestObject("Products/Add Product Page/input_Harga Produk"), 0): Object 'Object Repository/Products/Add Product Page/input_Harga Produk' is present

2023-07-03 17:37:25 - [MESSAGE][WARNING] - Timeout '0' is invalid. Using default page load timeout: '30'

2023-07-03 17:37:25 - [MESSAGE][PASSED] - Object 'Object Repository/Products/Add Product Page/input_Harga Produk' is present

2023-07-03 17:37:25 - [TEST_STEP][PASSED] - verifyElementPresent(findTestObject("Products/Add Product Page/select_Kategori"), 0): Object 'Object Repository/Products/Add Product Page/select_Kategori' is present

2023-07-03 17:37:25 - [MESSAGE][WARNING] - Timeout '0' is invalid. Using default page load timeout: '30'

2023-07-03 17:37:25 - [MESSAGE][PASSED] - Object 'Object Repository/Products/Add Product Page/select_Kategori' is present

2023-07-03 17:37:25 - [TEST_STEP][PASSED] - verifyElementPresent(findTestObject("Products/Add Product Page/textarea_Deskripsi"), 0): Object 'Object Repository/Products/Add Product Page/textarea_Deskripsi' is present

2023-07-03 17:37:25 - [MESSAGE][WARNING] - Timeout '0' is invalid. Using default page load timeout: '30'

2023-07-03 17:37:26 - [MESSAGE][PASSED] - Object 'Object Repository/Products/Add Product Page/textarea_Deskripsi' is present

2023-07-03 17:37:26 - [TEST_STEP][PASSED] - verifyElementPresent(findTestObject("Products/Add Product Page/input_Gambar Produk"), 0): Object 'Object Repository/Products/Add Product Page/input_Gambar Produk' is present

2023-07-03 17:37:26 - [MESSAGE][WARNING] - Timeout '0' is invalid. Using default page load timeout: '30'

2023-07-03 17:37:26 - [MESSAGE][PASSED] - Object 'Object Repository/Products/Add Product Page/input_Gambar Produk' is present

2023-07-03 17:37:26 - [TEST_STEP][PASSED] - verifyElementPresent(findTestObject("Products/Add Product Page/label_Button Terbitkan"), 0): Object 'Object Repository/Products/Add Product Page/label_Button Terbitkan' is present

2023-07-03 17:37:26 - [MESSAGE][WARNING] - Timeout '0' is invalid. Using default page load timeout: '30'

2023-07-03 17:37:26 - [MESSAGE][PASSED] - Object 'Object Repository/Products/Add Product Page/label_Button Terbitkan' is present

2023-07-03 17:37:26 - [MESSAGE][PASSED] - Call Test Case 'Test Cases/Pages/Add Product/Verify Add Product Form' successfully

2023-07-03 17:37:26 - [TEST_STEP][PASSED] - callTestCase(findTestCase("Pages/Add Product/Input Nama Produk"), ["namaProduk":"Produk A"], STOP_ON_FAILURE): Call Test Case 'Test Cases/Pages/Add Product/Input Nama Produk' successfully

2023-07-03 17:37:26 - [TEST_CASE][PASSED] - Test Cases/Pages/Add Product/Input Nama Produk: Test Cases/Pages/Add Product/Input Nama Produk

2023-07-03 17:37:27 - [TEST_STEP][PASSED] - setText(findTestObject("Products/Add Product Page/input_Nama Produk"), namaProduk): Text 'Produk A' is set on object 'Object Repository/Products/Add Product Page/input_Nama Produk'

2023-07-03 17:37:27 - [MESSAGE][PASSED] - Text 'Produk A' is set on object 'Object Repository/Products/Add Product Page/input_Nama Produk'

2023-07-03 17:37:27 - [MESSAGE][PASSED] - Call Test Case 'Test Cases/Pages/Add Product/Input Nama Produk' successfully

2023-07-03 17:37:27 - [TEST_STEP][PASSED] - callTestCase(findTestCase("Pages/Add Product/Input Kategori Produk"), ["kategoriProduk":"Kesehatan"], STOP_ON_FAILURE): Call Test Case 'Test Cases/Pages/Add Product/Input Kategori Produk' successfully

2023-07-03 17:37:27 - [TEST_CASE][PASSED] - Test Cases/Pages/Add Product/Input Kategori Produk: Test Cases/Pages/Add Product/Input Kategori Produk

2023-07-03 17:37:27 - [TEST_STEP][PASSED] - selectOptionByLabel(findTestObject("Products/Add Product Page/select_Kategori"), kategoriProduk, false): All options with label 'Kesehatan' are selected in object 'Object Repository/Products/Add Product Page/select_Kategori' 

2023-07-03 17:37:28 - [MESSAGE][PASSED] - All options with label 'Kesehatan' are selected in object 'Object Repository/Products/Add Product Page/select_Kategori' 

2023-07-03 17:37:28 - [MESSAGE][PASSED] - Call Test Case 'Test Cases/Pages/Add Product/Input Kategori Produk' successfully

2023-07-03 17:37:28 - [TEST_STEP][PASSED] - callTestCase(findTestCase("Pages/Add Product/Input Deskripsi Produk"), ["deskripsiProduk":"Deskripsi Produk A"], STOP_ON_FAILURE): Call Test Case 'Test Cases/Pages/Add Product/Input Deskripsi Produk' successfully

2023-07-03 17:37:28 - [TEST_CASE][PASSED] - Test Cases/Pages/Add Product/Input Deskripsi Produk: Test Cases/Pages/Add Product/Input Deskripsi Produk

2023-07-03 17:37:28 - [TEST_STEP][PASSED] - setText(findTestObject("Products/Add Product Page/textarea_Deskripsi"), deskripsiProduk): Text 'Deskripsi Produk A' is set on object 'Object Repository/Products/Add Product Page/textarea_Deskripsi'

2023-07-03 17:37:29 - [MESSAGE][PASSED] - Text 'Deskripsi Produk A' is set on object 'Object Repository/Products/Add Product Page/textarea_Deskripsi'

2023-07-03 17:37:29 - [MESSAGE][PASSED] - Call Test Case 'Test Cases/Pages/Add Product/Input Deskripsi Produk' successfully

2023-07-03 17:37:29 - [TEST_STEP][PASSED] - callTestCase(findTestCase("Pages/Add Product/Input Gambar Produk"), ["pathToFile":System.getProperty("user.dir") + "\Data Files\ImageForTest\binar.jpg"], STOP_ON_FAILURE): Call Test Case 'Test Cases/Pages/Add Product/Input Gambar Produk' successfully

2023-07-03 17:37:29 - [TEST_CASE][PASSED] - Test Cases/Pages/Add Product/Input Gambar Produk: Test Cases/Pages/Add Product/Input Gambar Produk

2023-07-03 17:37:29 - [TEST_STEP][PASSED] - uploadFile(findTestObject("Products/Add Product Page/input_Gambar Produk"), pathToFile): File 'E:\GitRepo\Katalon\binarqa-group1-web\Data Files\ImageForTest\binar.jpg' sent to object: 'Object Repository/Products/Add Product Page/input_Gambar Produk'

2023-07-03 17:37:29 - [MESSAGE][PASSED] - File 'E:\GitRepo\Katalon\binarqa-group1-web\Data Files\ImageForTest\binar.jpg' sent to object: 'Object Repository/Products/Add Product Page/input_Gambar Produk'

2023-07-03 17:37:29 - [MESSAGE][PASSED] - Call Test Case 'Test Cases/Pages/Add Product/Input Gambar Produk' successfully

2023-07-03 17:37:29 - [TEST_STEP][PASSED] - callTestCase(findTestCase("Pages/Add Product/Click Terbitkan Button"), [:], STOP_ON_FAILURE): Call Test Case 'Test Cases/Pages/Add Product/Click Terbitkan Button' successfully

2023-07-03 17:37:29 - [TEST_CASE][PASSED] - Test Cases/Pages/Add Product/Click Terbitkan Button: Test Cases/Pages/Add Product/Click Terbitkan Button

2023-07-03 17:37:29 - [TEST_STEP][PASSED] - click(findTestObject("Products/Add Product Page/label_Button Terbitkan")): Object: 'Object Repository/Products/Add Product Page/label_Button Terbitkan' is clicked on

2023-07-03 17:37:32 - [MESSAGE][PASSED] - Object: 'Object Repository/Products/Add Product Page/label_Button Terbitkan' is clicked on

2023-07-03 17:37:32 - [MESSAGE][PASSED] - Call Test Case 'Test Cases/Pages/Add Product/Click Terbitkan Button' successfully

2023-07-03 17:37:32 - [TEST_STEP][PASSED] - callTestCase(findTestCase("Pages/Add Product/Verify Error Message/Verify Harga Produk Blank Error Message"), [:], STOP_ON_FAILURE): Call Test Case 'Test Cases/Pages/Add Product/Verify Error Message/Verify Harga Produk Blank Error Message' successfully

2023-07-03 17:37:32 - [TEST_CASE][PASSED] - Test Cases/Pages/Add Product/Verify Error Message/Verify Harga Produk Blank Error Message: Test Cases/Pages/Add Product/Verify Error Message/Verify Harga Produk Blank Error Message

2023-07-03 17:37:33 - [TEST_STEP][PASSED] - verifyElementVisible(findTestObject("Products/Add Product Page/Error Message/div_Price cant be blank")): Object 'Object Repository/Products/Add Product Page/Error Message/div_Price cant be blank' is visible

2023-07-03 17:37:33 - [MESSAGE][PASSED] - Object 'Object Repository/Products/Add Product Page/Error Message/div_Price cant be blank' is visible

2023-07-03 17:37:33 - [MESSAGE][PASSED] - Call Test Case 'Test Cases/Pages/Add Product/Verify Error Message/Verify Harga Produk Blank Error Message' successfully

2023-07-03 17:37:33 - [TEST_STEP][PASSED] - Start listener action : AfterTestCase: Browser is closed

2023-07-03 17:37:33 - [TEST_STEP][PASSED] - logInfo("Test Case: " + testCaseContext.getTestCaseId() + " | " + testCaseContext.getTestCaseStatus()): Test Case: Test Cases/Step Definition/Feature Add Product/ADDP04 - Add Product Without Input Harga Produk Field | PASSED

2023-07-03 17:37:33 - [MESSAGE][INFO] - Test Case: Test Cases/Step Definition/Feature Add Product/ADDP04 - Add Product Without Input Harga Produk Field | PASSED

2023-07-03 17:37:33 - [TEST_STEP][PASSED] - closeBrowser(): null

2023-07-03 17:37:33 - [TEST_STEP][PASSED] - closeBrowser(): Browser is closed

2023-07-03 17:37:34 - [MESSAGE][PASSED] - Browser is closed]]></system-out>
         <system-err><![CDATA[]]></system-err>
      </testcase>
      <testcase name="Test Cases/Step Definition/Feature Add Product/ADDP05 - Add Product Without Input Kategori Produk Field" time="26.539" classname="Test Cases/Step Definition/Feature Add Product/ADDP05 - Add Product Without Input Kategori Produk Field" status="PASSED">
         <system-out><![CDATA[2023-07-03 17:37:34 - [TEST_CASE][PASSED] - Test Cases/Step Definition/Feature Add Product/ADDP05 - Add Product Without Input Kategori Produk Field: Test Cases/Step Definition/Feature Add Product/ADDP05 - Add Product Without Input Kategori Produk Field

2023-07-03 17:37:34 - [TEST_STEP][PASSED] - Start listener action : BeforeTestCase: Current window maximized

2023-07-03 17:37:34 - [TEST_STEP][PASSED] - logInfo("Test Case: " + testCaseContext.getTestCaseId()): Test Case: Test Cases/Step Definition/Feature Add Product/ADDP05 - Add Product Without Input Kategori Produk Field

2023-07-03 17:37:34 - [MESSAGE][INFO] - Test Case: Test Cases/Step Definition/Feature Add Product/ADDP05 - Add Product Without Input Kategori Produk Field

2023-07-03 17:37:34 - [TEST_STEP][PASSED] - openBrowser(): null

2023-07-03 17:37:34 - [TEST_STEP][PASSED] - openBrowser("https://secondhand.binaracademy.org/"): Browser is opened with url: 'https://secondhand.binaracademy.org/'

2023-07-03 17:37:34 - [MESSAGE][INFO] - Starting 'Chrome' driver

2023-07-03 17:37:34 - [MESSAGE][INFO] - Action delay is set to 0 milliseconds

2023-07-03 17:37:36 - [MESSAGE][PASSED] - Browser is opened with url: 'https://secondhand.binaracademy.org/'

2023-07-03 17:37:36 - [TEST_STEP][PASSED] - maximizeWindow(): Current window maximized

2023-07-03 17:37:36 - [MESSAGE][PASSED] - Current window maximized

2023-07-03 17:37:37 - [TEST_STEP][PASSED] - callTestCase(findTestCase("Pages/Homepage/Click Masuk from homepage"), [:], STOP_ON_FAILURE): Call Test Case 'Test Cases/Pages/Homepage/Click Masuk from homepage' successfully

2023-07-03 17:37:37 - [TEST_CASE][PASSED] - Test Cases/Pages/Homepage/Click Masuk from homepage: Test Cases/Pages/Homepage/Click Masuk from homepage

2023-07-03 17:37:37 - [TEST_STEP][PASSED] - click(findTestObject("Navbar/a_Masuk")): Object: 'Object Repository/Navbar/a_Masuk' is clicked on

2023-07-03 17:37:37 - [MESSAGE][PASSED] - Object: 'Object Repository/Navbar/a_Masuk' is clicked on

2023-07-03 17:37:37 - [MESSAGE][PASSED] - Call Test Case 'Test Cases/Pages/Homepage/Click Masuk from homepage' successfully

2023-07-03 17:37:37 - [TEST_STEP][PASSED] - callTestCase(findTestCase("Pages/Login/Input Email"), ["email":"prabotanpreloved@mytestmail.net"], STOP_ON_FAILURE): Call Test Case 'Test Cases/Pages/Login/Input Email' successfully

2023-07-03 17:37:37 - [TEST_CASE][PASSED] - Test Cases/Pages/Login/Input Email: Test Cases/Pages/Login/Input Email

2023-07-03 17:37:37 - [TEST_STEP][PASSED] - setText(findTestObject("Login/input_Email"), email): Text 'prabotanpreloved@mytestmail.net' is set on object 'Object Repository/Login/input_Email'

2023-07-03 17:37:38 - [MESSAGE][PASSED] - Text 'prabotanpreloved@mytestmail.net' is set on object 'Object Repository/Login/input_Email'

2023-07-03 17:37:38 - [MESSAGE][PASSED] - Call Test Case 'Test Cases/Pages/Login/Input Email' successfully

2023-07-03 17:37:38 - [TEST_STEP][PASSED] - callTestCase(findTestCase("Pages/Login/Input Password"), ["password":"a1b2c3d4"], STOP_ON_FAILURE): Call Test Case 'Test Cases/Pages/Login/Input Password' successfully

2023-07-03 17:37:38 - [TEST_CASE][PASSED] - Test Cases/Pages/Login/Input Password: Test Cases/Pages/Login/Input Password

2023-07-03 17:37:38 - [TEST_STEP][PASSED] - setText(findTestObject("Login/input_Password"), password): Text 'a1b2c3d4' is set on object 'Object Repository/Login/input_Password'

2023-07-03 17:37:39 - [MESSAGE][PASSED] - Text 'a1b2c3d4' is set on object 'Object Repository/Login/input_Password'

2023-07-03 17:37:39 - [MESSAGE][PASSED] - Call Test Case 'Test Cases/Pages/Login/Input Password' successfully

2023-07-03 17:37:39 - [TEST_STEP][PASSED] - callTestCase(findTestCase("Pages/Login/Click Button Masuk"), [:], STOP_ON_FAILURE): Call Test Case 'Test Cases/Pages/Login/Click Button Masuk' successfully

2023-07-03 17:37:39 - [TEST_CASE][PASSED] - Test Cases/Pages/Login/Click Button Masuk: Test Cases/Pages/Login/Click Button Masuk

2023-07-03 17:37:39 - [TEST_STEP][PASSED] - click(findTestObject("Login/button_Masuk")): Object: 'Object Repository/Login/button_Masuk' is clicked on

2023-07-03 17:37:39 - [MESSAGE][PASSED] - Object: 'Object Repository/Login/button_Masuk' is clicked on

2023-07-03 17:37:39 - [TEST_STEP][PASSED] - waitForPageLoad(5): Wait for page load successfully

2023-07-03 17:37:39 - [MESSAGE][PASSED] - Wait for page load successfully

2023-07-03 17:37:39 - [MESSAGE][PASSED] - Call Test Case 'Test Cases/Pages/Login/Click Button Masuk' successfully

2023-07-03 17:37:39 - [TEST_STEP][PASSED] - callTestCase(findTestCase("Pages/Homepage/Click Jual Floating Button"), [:], STOP_ON_FAILURE): Call Test Case 'Test Cases/Pages/Homepage/Click Jual Floating Button' successfully

2023-07-03 17:37:39 - [TEST_CASE][PASSED] - Test Cases/Pages/Homepage/Click Jual Floating Button: Test Cases/Pages/Homepage/Click Jual Floating Button

2023-07-03 17:37:39 - [TEST_STEP][PASSED] - click(findTestObject("Homepage/a_Button Jual")): Object: 'Object Repository/Homepage/a_Button Jual' is clicked on

2023-07-03 17:37:41 - [MESSAGE][PASSED] - Object: 'Object Repository/Homepage/a_Button Jual' is clicked on

2023-07-03 17:37:41 - [MESSAGE][PASSED] - Call Test Case 'Test Cases/Pages/Homepage/Click Jual Floating Button' successfully

2023-07-03 17:37:41 - [TEST_STEP][PASSED] - callTestCase(findTestCase("Pages/Add Product/Verify Add Product Form"), [:], STOP_ON_FAILURE): Call Test Case 'Test Cases/Pages/Add Product/Verify Add Product Form' successfully

2023-07-03 17:37:41 - [TEST_CASE][PASSED] - Test Cases/Pages/Add Product/Verify Add Product Form: Test Cases/Pages/Add Product/Verify Add Product Form

2023-07-03 17:37:41 - [TEST_STEP][PASSED] - verifyElementPresent(findTestObject("Products/Add Product Page/input_Nama Produk"), 0): Object 'Object Repository/Products/Add Product Page/input_Nama Produk' is present

2023-07-03 17:37:41 - [MESSAGE][WARNING] - Timeout '0' is invalid. Using default page load timeout: '30'

2023-07-03 17:37:42 - [MESSAGE][PASSED] - Object 'Object Repository/Products/Add Product Page/input_Nama Produk' is present

2023-07-03 17:37:42 - [TEST_STEP][PASSED] - verifyElementPresent(findTestObject("Products/Add Product Page/input_Harga Produk"), 0): Object 'Object Repository/Products/Add Product Page/input_Harga Produk' is present

2023-07-03 17:37:42 - [MESSAGE][WARNING] - Timeout '0' is invalid. Using default page load timeout: '30'

2023-07-03 17:37:42 - [MESSAGE][PASSED] - Object 'Object Repository/Products/Add Product Page/input_Harga Produk' is present

2023-07-03 17:37:42 - [TEST_STEP][PASSED] - verifyElementPresent(findTestObject("Products/Add Product Page/select_Kategori"), 0): Object 'Object Repository/Products/Add Product Page/select_Kategori' is present

2023-07-03 17:37:42 - [MESSAGE][WARNING] - Timeout '0' is invalid. Using default page load timeout: '30'

2023-07-03 17:37:42 - [MESSAGE][PASSED] - Object 'Object Repository/Products/Add Product Page/select_Kategori' is present

2023-07-03 17:37:42 - [TEST_STEP][PASSED] - verifyElementPresent(findTestObject("Products/Add Product Page/textarea_Deskripsi"), 0): Object 'Object Repository/Products/Add Product Page/textarea_Deskripsi' is present

2023-07-03 17:37:42 - [MESSAGE][WARNING] - Timeout '0' is invalid. Using default page load timeout: '30'

2023-07-03 17:37:42 - [MESSAGE][PASSED] - Object 'Object Repository/Products/Add Product Page/textarea_Deskripsi' is present

2023-07-03 17:37:42 - [TEST_STEP][PASSED] - verifyElementPresent(findTestObject("Products/Add Product Page/input_Gambar Produk"), 0): Object 'Object Repository/Products/Add Product Page/input_Gambar Produk' is present

2023-07-03 17:37:43 - [MESSAGE][WARNING] - Timeout '0' is invalid. Using default page load timeout: '30'

2023-07-03 17:37:43 - [MESSAGE][PASSED] - Object 'Object Repository/Products/Add Product Page/input_Gambar Produk' is present

2023-07-03 17:37:43 - [TEST_STEP][PASSED] - verifyElementPresent(findTestObject("Products/Add Product Page/label_Button Terbitkan"), 0): Object 'Object Repository/Products/Add Product Page/label_Button Terbitkan' is present

2023-07-03 17:37:43 - [MESSAGE][WARNING] - Timeout '0' is invalid. Using default page load timeout: '30'

2023-07-03 17:37:43 - [MESSAGE][PASSED] - Object 'Object Repository/Products/Add Product Page/label_Button Terbitkan' is present

2023-07-03 17:37:43 - [MESSAGE][PASSED] - Call Test Case 'Test Cases/Pages/Add Product/Verify Add Product Form' successfully

2023-07-03 17:37:43 - [TEST_STEP][PASSED] - callTestCase(findTestCase("Pages/Add Product/Input Nama Produk"), ["namaProduk":"Produk A"], STOP_ON_FAILURE): Call Test Case 'Test Cases/Pages/Add Product/Input Nama Produk' successfully

2023-07-03 17:37:43 - [TEST_CASE][PASSED] - Test Cases/Pages/Add Product/Input Nama Produk: Test Cases/Pages/Add Product/Input Nama Produk

2023-07-03 17:37:43 - [TEST_STEP][PASSED] - setText(findTestObject("Products/Add Product Page/input_Nama Produk"), namaProduk): Text 'Produk A' is set on object 'Object Repository/Products/Add Product Page/input_Nama Produk'

2023-07-03 17:37:44 - [MESSAGE][PASSED] - Text 'Produk A' is set on object 'Object Repository/Products/Add Product Page/input_Nama Produk'

2023-07-03 17:37:44 - [MESSAGE][PASSED] - Call Test Case 'Test Cases/Pages/Add Product/Input Nama Produk' successfully

2023-07-03 17:37:44 - [TEST_STEP][PASSED] - callTestCase(findTestCase("Pages/Add Product/Input Harga Produk"), ["hargaProduk":"100000"], STOP_ON_FAILURE): Call Test Case 'Test Cases/Pages/Add Product/Input Harga Produk' successfully

2023-07-03 17:37:44 - [TEST_CASE][PASSED] - Test Cases/Pages/Add Product/Input Harga Produk: Test Cases/Pages/Add Product/Input Harga Produk

2023-07-03 17:37:44 - [TEST_STEP][PASSED] - setText(findTestObject("Products/Add Product Page/input_Harga Produk"), hargaProduk): Text '100000' is set on object 'Object Repository/Products/Add Product Page/input_Harga Produk'

2023-07-03 17:37:45 - [MESSAGE][PASSED] - Text '100000' is set on object 'Object Repository/Products/Add Product Page/input_Harga Produk'

2023-07-03 17:37:45 - [MESSAGE][PASSED] - Call Test Case 'Test Cases/Pages/Add Product/Input Harga Produk' successfully

2023-07-03 17:37:45 - [TEST_STEP][PASSED] - callTestCase(findTestCase("Pages/Add Product/Input Deskripsi Produk"), ["deskripsiProduk":"Deskripsi Produk A"], STOP_ON_FAILURE): Call Test Case 'Test Cases/Pages/Add Product/Input Deskripsi Produk' successfully

2023-07-03 17:37:45 - [TEST_CASE][PASSED] - Test Cases/Pages/Add Product/Input Deskripsi Produk: Test Cases/Pages/Add Product/Input Deskripsi Produk

2023-07-03 17:37:45 - [TEST_STEP][PASSED] - setText(findTestObject("Products/Add Product Page/textarea_Deskripsi"), deskripsiProduk): Text 'Deskripsi Produk A' is set on object 'Object Repository/Products/Add Product Page/textarea_Deskripsi'

2023-07-03 17:37:45 - [MESSAGE][PASSED] - Text 'Deskripsi Produk A' is set on object 'Object Repository/Products/Add Product Page/textarea_Deskripsi'

2023-07-03 17:37:45 - [MESSAGE][PASSED] - Call Test Case 'Test Cases/Pages/Add Product/Input Deskripsi Produk' successfully

2023-07-03 17:37:45 - [TEST_STEP][PASSED] - callTestCase(findTestCase("Pages/Add Product/Input Gambar Produk"), ["pathToFile":System.getProperty("user.dir") + "\Data Files\ImageForTest\binar.jpg"], STOP_ON_FAILURE): Call Test Case 'Test Cases/Pages/Add Product/Input Gambar Produk' successfully

2023-07-03 17:37:45 - [TEST_CASE][PASSED] - Test Cases/Pages/Add Product/Input Gambar Produk: Test Cases/Pages/Add Product/Input Gambar Produk

2023-07-03 17:37:45 - [TEST_STEP][PASSED] - uploadFile(findTestObject("Products/Add Product Page/input_Gambar Produk"), pathToFile): File 'E:\GitRepo\Katalon\binarqa-group1-web\Data Files\ImageForTest\binar.jpg' sent to object: 'Object Repository/Products/Add Product Page/input_Gambar Produk'

2023-07-03 17:37:46 - [MESSAGE][PASSED] - File 'E:\GitRepo\Katalon\binarqa-group1-web\Data Files\ImageForTest\binar.jpg' sent to object: 'Object Repository/Products/Add Product Page/input_Gambar Produk'

2023-07-03 17:37:46 - [MESSAGE][PASSED] - Call Test Case 'Test Cases/Pages/Add Product/Input Gambar Produk' successfully

2023-07-03 17:37:46 - [TEST_STEP][PASSED] - callTestCase(findTestCase("Pages/Add Product/Click Terbitkan Button"), [:], STOP_ON_FAILURE): Call Test Case 'Test Cases/Pages/Add Product/Click Terbitkan Button' successfully

2023-07-03 17:37:46 - [TEST_CASE][PASSED] - Test Cases/Pages/Add Product/Click Terbitkan Button: Test Cases/Pages/Add Product/Click Terbitkan Button

2023-07-03 17:37:46 - [TEST_STEP][PASSED] - click(findTestObject("Products/Add Product Page/label_Button Terbitkan")): Object: 'Object Repository/Products/Add Product Page/label_Button Terbitkan' is clicked on

2023-07-03 17:37:59 - [MESSAGE][PASSED] - Object: 'Object Repository/Products/Add Product Page/label_Button Terbitkan' is clicked on

2023-07-03 17:37:59 - [MESSAGE][PASSED] - Call Test Case 'Test Cases/Pages/Add Product/Click Terbitkan Button' successfully

2023-07-03 17:37:59 - [TEST_STEP][PASSED] - callTestCase(findTestCase("Pages/Add Product/Verify Error Message/Verify Kategori Produk Error Message"), [:], STOP_ON_FAILURE): Call Test Case 'Test Cases/Pages/Add Product/Verify Error Message/Verify Kategori Produk Error Message' successfully

2023-07-03 17:37:59 - [TEST_CASE][PASSED] - Test Cases/Pages/Add Product/Verify Error Message/Verify Kategori Produk Error Message: Test Cases/Pages/Add Product/Verify Error Message/Verify Kategori Produk Error Message

2023-07-03 17:37:59 - [TEST_STEP][PASSED] - verifyElementVisible(findTestObject("Products/Add Product Page/Error Message/div_Category must exist")): Object 'Object Repository/Products/Add Product Page/Error Message/div_Category must exist' is visible

2023-07-03 17:37:59 - [MESSAGE][PASSED] - Object 'Object Repository/Products/Add Product Page/Error Message/div_Category must exist' is visible

2023-07-03 17:37:59 - [MESSAGE][PASSED] - Call Test Case 'Test Cases/Pages/Add Product/Verify Error Message/Verify Kategori Produk Error Message' successfully

2023-07-03 17:37:59 - [TEST_STEP][PASSED] - Start listener action : AfterTestCase: Browser is closed

2023-07-03 17:37:59 - [TEST_STEP][PASSED] - logInfo("Test Case: " + testCaseContext.getTestCaseId() + " | " + testCaseContext.getTestCaseStatus()): Test Case: Test Cases/Step Definition/Feature Add Product/ADDP05 - Add Product Without Input Kategori Produk Field | PASSED

2023-07-03 17:37:59 - [MESSAGE][INFO] - Test Case: Test Cases/Step Definition/Feature Add Product/ADDP05 - Add Product Without Input Kategori Produk Field | PASSED

2023-07-03 17:37:59 - [TEST_STEP][PASSED] - closeBrowser(): null

2023-07-03 17:37:59 - [TEST_STEP][PASSED] - closeBrowser(): Browser is closed

2023-07-03 17:38:00 - [MESSAGE][PASSED] - Browser is closed]]></system-out>
         <system-err><![CDATA[]]></system-err>
      </testcase>
      <testcase name="Test Cases/Step Definition/Feature Add Product/ADDP06 - Add Product Without Input Deskripsi Produk Field" time="16.313" classname="Test Cases/Step Definition/Feature Add Product/ADDP06 - Add Product Without Input Deskripsi Produk Field" status="PASSED">
         <system-out><![CDATA[2023-07-03 17:38:00 - [TEST_CASE][PASSED] - Test Cases/Step Definition/Feature Add Product/ADDP06 - Add Product Without Input Deskripsi Produk Field: Test Cases/Step Definition/Feature Add Product/ADDP06 - Add Product Without Input Deskripsi Produk Field

2023-07-03 17:38:00 - [TEST_STEP][PASSED] - Start listener action : BeforeTestCase: Current window maximized

2023-07-03 17:38:00 - [TEST_STEP][PASSED] - logInfo("Test Case: " + testCaseContext.getTestCaseId()): Test Case: Test Cases/Step Definition/Feature Add Product/ADDP06 - Add Product Without Input Deskripsi Produk Field

2023-07-03 17:38:00 - [MESSAGE][INFO] - Test Case: Test Cases/Step Definition/Feature Add Product/ADDP06 - Add Product Without Input Deskripsi Produk Field

2023-07-03 17:38:00 - [TEST_STEP][PASSED] - openBrowser(): null

2023-07-03 17:38:00 - [TEST_STEP][PASSED] - openBrowser("https://secondhand.binaracademy.org/"): Browser is opened with url: 'https://secondhand.binaracademy.org/'

2023-07-03 17:38:00 - [MESSAGE][INFO] - Starting 'Chrome' driver

2023-07-03 17:38:00 - [MESSAGE][INFO] - Action delay is set to 0 milliseconds

2023-07-03 17:38:03 - [MESSAGE][PASSED] - Browser is opened with url: 'https://secondhand.binaracademy.org/'

2023-07-03 17:38:03 - [TEST_STEP][PASSED] - maximizeWindow(): Current window maximized

2023-07-03 17:38:03 - [MESSAGE][PASSED] - Current window maximized

2023-07-03 17:38:03 - [TEST_STEP][PASSED] - callTestCase(findTestCase("Pages/Homepage/Click Masuk from homepage"), [:], STOP_ON_FAILURE): Call Test Case 'Test Cases/Pages/Homepage/Click Masuk from homepage' successfully

2023-07-03 17:38:03 - [TEST_CASE][PASSED] - Test Cases/Pages/Homepage/Click Masuk from homepage: Test Cases/Pages/Homepage/Click Masuk from homepage

2023-07-03 17:38:03 - [TEST_STEP][PASSED] - click(findTestObject("Navbar/a_Masuk")): Object: 'Object Repository/Navbar/a_Masuk' is clicked on

2023-07-03 17:38:03 - [MESSAGE][PASSED] - Object: 'Object Repository/Navbar/a_Masuk' is clicked on

2023-07-03 17:38:03 - [MESSAGE][PASSED] - Call Test Case 'Test Cases/Pages/Homepage/Click Masuk from homepage' successfully

2023-07-03 17:38:03 - [TEST_STEP][PASSED] - callTestCase(findTestCase("Pages/Login/Input Email"), ["email":"prabotanpreloved@mytestmail.net"], STOP_ON_FAILURE): Call Test Case 'Test Cases/Pages/Login/Input Email' successfully

2023-07-03 17:38:04 - [TEST_CASE][PASSED] - Test Cases/Pages/Login/Input Email: Test Cases/Pages/Login/Input Email

2023-07-03 17:38:04 - [TEST_STEP][PASSED] - setText(findTestObject("Login/input_Email"), email): Text 'prabotanpreloved@mytestmail.net' is set on object 'Object Repository/Login/input_Email'

2023-07-03 17:38:04 - [MESSAGE][PASSED] - Text 'prabotanpreloved@mytestmail.net' is set on object 'Object Repository/Login/input_Email'

2023-07-03 17:38:04 - [MESSAGE][PASSED] - Call Test Case 'Test Cases/Pages/Login/Input Email' successfully

2023-07-03 17:38:04 - [TEST_STEP][PASSED] - callTestCase(findTestCase("Pages/Login/Input Password"), ["password":"a1b2c3d4"], STOP_ON_FAILURE): Call Test Case 'Test Cases/Pages/Login/Input Password' successfully

2023-07-03 17:38:04 - [TEST_CASE][PASSED] - Test Cases/Pages/Login/Input Password: Test Cases/Pages/Login/Input Password

2023-07-03 17:38:04 - [TEST_STEP][PASSED] - setText(findTestObject("Login/input_Password"), password): Text 'a1b2c3d4' is set on object 'Object Repository/Login/input_Password'

2023-07-03 17:38:05 - [MESSAGE][PASSED] - Text 'a1b2c3d4' is set on object 'Object Repository/Login/input_Password'

2023-07-03 17:38:05 - [MESSAGE][PASSED] - Call Test Case 'Test Cases/Pages/Login/Input Password' successfully

2023-07-03 17:38:05 - [TEST_STEP][PASSED] - callTestCase(findTestCase("Pages/Login/Click Button Masuk"), [:], STOP_ON_FAILURE): Call Test Case 'Test Cases/Pages/Login/Click Button Masuk' successfully

2023-07-03 17:38:05 - [TEST_CASE][PASSED] - Test Cases/Pages/Login/Click Button Masuk: Test Cases/Pages/Login/Click Button Masuk

2023-07-03 17:38:05 - [TEST_STEP][PASSED] - click(findTestObject("Login/button_Masuk")): Object: 'Object Repository/Login/button_Masuk' is clicked on

2023-07-03 17:38:06 - [MESSAGE][PASSED] - Object: 'Object Repository/Login/button_Masuk' is clicked on

2023-07-03 17:38:06 - [TEST_STEP][PASSED] - waitForPageLoad(5): Wait for page load successfully

2023-07-03 17:38:06 - [MESSAGE][PASSED] - Wait for page load successfully

2023-07-03 17:38:06 - [MESSAGE][PASSED] - Call Test Case 'Test Cases/Pages/Login/Click Button Masuk' successfully

2023-07-03 17:38:06 - [TEST_STEP][PASSED] - callTestCase(findTestCase("Pages/Homepage/Click Jual Floating Button"), [:], STOP_ON_FAILURE): Call Test Case 'Test Cases/Pages/Homepage/Click Jual Floating Button' successfully

2023-07-03 17:38:06 - [TEST_CASE][PASSED] - Test Cases/Pages/Homepage/Click Jual Floating Button: Test Cases/Pages/Homepage/Click Jual Floating Button

2023-07-03 17:38:06 - [TEST_STEP][PASSED] - click(findTestObject("Homepage/a_Button Jual")): Object: 'Object Repository/Homepage/a_Button Jual' is clicked on

2023-07-03 17:38:07 - [MESSAGE][PASSED] - Object: 'Object Repository/Homepage/a_Button Jual' is clicked on

2023-07-03 17:38:07 - [MESSAGE][PASSED] - Call Test Case 'Test Cases/Pages/Homepage/Click Jual Floating Button' successfully

2023-07-03 17:38:07 - [TEST_STEP][PASSED] - callTestCase(findTestCase("Pages/Add Product/Verify Add Product Form"), [:], STOP_ON_FAILURE): Call Test Case 'Test Cases/Pages/Add Product/Verify Add Product Form' successfully

2023-07-03 17:38:07 - [TEST_CASE][PASSED] - Test Cases/Pages/Add Product/Verify Add Product Form: Test Cases/Pages/Add Product/Verify Add Product Form

2023-07-03 17:38:07 - [TEST_STEP][PASSED] - verifyElementPresent(findTestObject("Products/Add Product Page/input_Nama Produk"), 0): Object 'Object Repository/Products/Add Product Page/input_Nama Produk' is present

2023-07-03 17:38:07 - [MESSAGE][WARNING] - Timeout '0' is invalid. Using default page load timeout: '30'

2023-07-03 17:38:08 - [MESSAGE][PASSED] - Object 'Object Repository/Products/Add Product Page/input_Nama Produk' is present

2023-07-03 17:38:08 - [TEST_STEP][PASSED] - verifyElementPresent(findTestObject("Products/Add Product Page/input_Harga Produk"), 0): Object 'Object Repository/Products/Add Product Page/input_Harga Produk' is present

2023-07-03 17:38:08 - [MESSAGE][WARNING] - Timeout '0' is invalid. Using default page load timeout: '30'

2023-07-03 17:38:08 - [MESSAGE][PASSED] - Object 'Object Repository/Products/Add Product Page/input_Harga Produk' is present

2023-07-03 17:38:08 - [TEST_STEP][PASSED] - verifyElementPresent(findTestObject("Products/Add Product Page/select_Kategori"), 0): Object 'Object Repository/Products/Add Product Page/select_Kategori' is present

2023-07-03 17:38:08 - [MESSAGE][WARNING] - Timeout '0' is invalid. Using default page load timeout: '30'

2023-07-03 17:38:08 - [MESSAGE][PASSED] - Object 'Object Repository/Products/Add Product Page/select_Kategori' is present

2023-07-03 17:38:08 - [TEST_STEP][PASSED] - verifyElementPresent(findTestObject("Products/Add Product Page/textarea_Deskripsi"), 0): Object 'Object Repository/Products/Add Product Page/textarea_Deskripsi' is present

2023-07-03 17:38:08 - [MESSAGE][WARNING] - Timeout '0' is invalid. Using default page load timeout: '30'

2023-07-03 17:38:09 - [MESSAGE][PASSED] - Object 'Object Repository/Products/Add Product Page/textarea_Deskripsi' is present

2023-07-03 17:38:09 - [TEST_STEP][PASSED] - verifyElementPresent(findTestObject("Products/Add Product Page/input_Gambar Produk"), 0): Object 'Object Repository/Products/Add Product Page/input_Gambar Produk' is present

2023-07-03 17:38:09 - [MESSAGE][WARNING] - Timeout '0' is invalid. Using default page load timeout: '30'

2023-07-03 17:38:09 - [MESSAGE][PASSED] - Object 'Object Repository/Products/Add Product Page/input_Gambar Produk' is present

2023-07-03 17:38:09 - [TEST_STEP][PASSED] - verifyElementPresent(findTestObject("Products/Add Product Page/label_Button Terbitkan"), 0): Object 'Object Repository/Products/Add Product Page/label_Button Terbitkan' is present

2023-07-03 17:38:09 - [MESSAGE][WARNING] - Timeout '0' is invalid. Using default page load timeout: '30'

2023-07-03 17:38:09 - [MESSAGE][PASSED] - Object 'Object Repository/Products/Add Product Page/label_Button Terbitkan' is present

2023-07-03 17:38:09 - [MESSAGE][PASSED] - Call Test Case 'Test Cases/Pages/Add Product/Verify Add Product Form' successfully

2023-07-03 17:38:09 - [TEST_STEP][PASSED] - callTestCase(findTestCase("Pages/Add Product/Input Nama Produk"), ["namaProduk":"Produk A"], STOP_ON_FAILURE): Call Test Case 'Test Cases/Pages/Add Product/Input Nama Produk' successfully

2023-07-03 17:38:09 - [TEST_CASE][PASSED] - Test Cases/Pages/Add Product/Input Nama Produk: Test Cases/Pages/Add Product/Input Nama Produk

2023-07-03 17:38:09 - [TEST_STEP][PASSED] - setText(findTestObject("Products/Add Product Page/input_Nama Produk"), namaProduk): Text 'Produk A' is set on object 'Object Repository/Products/Add Product Page/input_Nama Produk'

2023-07-03 17:38:10 - [MESSAGE][PASSED] - Text 'Produk A' is set on object 'Object Repository/Products/Add Product Page/input_Nama Produk'

2023-07-03 17:38:10 - [MESSAGE][PASSED] - Call Test Case 'Test Cases/Pages/Add Product/Input Nama Produk' successfully

2023-07-03 17:38:10 - [TEST_STEP][PASSED] - callTestCase(findTestCase("Pages/Add Product/Input Harga Produk"), ["hargaProduk":"100000"], STOP_ON_FAILURE): Call Test Case 'Test Cases/Pages/Add Product/Input Harga Produk' successfully

2023-07-03 17:38:10 - [TEST_CASE][PASSED] - Test Cases/Pages/Add Product/Input Harga Produk: Test Cases/Pages/Add Product/Input Harga Produk

2023-07-03 17:38:10 - [TEST_STEP][PASSED] - setText(findTestObject("Products/Add Product Page/input_Harga Produk"), hargaProduk): Text '100000' is set on object 'Object Repository/Products/Add Product Page/input_Harga Produk'

2023-07-03 17:38:11 - [MESSAGE][PASSED] - Text '100000' is set on object 'Object Repository/Products/Add Product Page/input_Harga Produk'

2023-07-03 17:38:11 - [MESSAGE][PASSED] - Call Test Case 'Test Cases/Pages/Add Product/Input Harga Produk' successfully

2023-07-03 17:38:11 - [TEST_STEP][PASSED] - callTestCase(findTestCase("Pages/Add Product/Input Kategori Produk"), ["kategoriProduk":"Kesehatan"], STOP_ON_FAILURE): Call Test Case 'Test Cases/Pages/Add Product/Input Kategori Produk' successfully

2023-07-03 17:38:11 - [TEST_CASE][PASSED] - Test Cases/Pages/Add Product/Input Kategori Produk: Test Cases/Pages/Add Product/Input Kategori Produk

2023-07-03 17:38:11 - [TEST_STEP][PASSED] - selectOptionByLabel(findTestObject("Products/Add Product Page/select_Kategori"), kategoriProduk, false): All options with label 'Kesehatan' are selected in object 'Object Repository/Products/Add Product Page/select_Kategori' 

2023-07-03 17:38:11 - [MESSAGE][PASSED] - All options with label 'Kesehatan' are selected in object 'Object Repository/Products/Add Product Page/select_Kategori' 

2023-07-03 17:38:11 - [MESSAGE][PASSED] - Call Test Case 'Test Cases/Pages/Add Product/Input Kategori Produk' successfully

2023-07-03 17:38:11 - [TEST_STEP][PASSED] - callTestCase(findTestCase("Pages/Add Product/Input Gambar Produk"), ["pathToFile":System.getProperty("user.dir") + "\Data Files\ImageForTest\binar.jpg"], STOP_ON_FAILURE): Call Test Case 'Test Cases/Pages/Add Product/Input Gambar Produk' successfully

2023-07-03 17:38:11 - [TEST_CASE][PASSED] - Test Cases/Pages/Add Product/Input Gambar Produk: Test Cases/Pages/Add Product/Input Gambar Produk

2023-07-03 17:38:11 - [TEST_STEP][PASSED] - uploadFile(findTestObject("Products/Add Product Page/input_Gambar Produk"), pathToFile): File 'E:\GitRepo\Katalon\binarqa-group1-web\Data Files\ImageForTest\binar.jpg' sent to object: 'Object Repository/Products/Add Product Page/input_Gambar Produk'

2023-07-03 17:38:12 - [MESSAGE][PASSED] - File 'E:\GitRepo\Katalon\binarqa-group1-web\Data Files\ImageForTest\binar.jpg' sent to object: 'Object Repository/Products/Add Product Page/input_Gambar Produk'

2023-07-03 17:38:12 - [MESSAGE][PASSED] - Call Test Case 'Test Cases/Pages/Add Product/Input Gambar Produk' successfully

2023-07-03 17:38:12 - [TEST_STEP][PASSED] - callTestCase(findTestCase("Pages/Add Product/Click Terbitkan Button"), [:], STOP_ON_FAILURE): Call Test Case 'Test Cases/Pages/Add Product/Click Terbitkan Button' successfully

2023-07-03 17:38:12 - [TEST_CASE][PASSED] - Test Cases/Pages/Add Product/Click Terbitkan Button: Test Cases/Pages/Add Product/Click Terbitkan Button

2023-07-03 17:38:12 - [TEST_STEP][PASSED] - click(findTestObject("Products/Add Product Page/label_Button Terbitkan")): Object: 'Object Repository/Products/Add Product Page/label_Button Terbitkan' is clicked on

2023-07-03 17:38:15 - [MESSAGE][PASSED] - Object: 'Object Repository/Products/Add Product Page/label_Button Terbitkan' is clicked on

2023-07-03 17:38:15 - [MESSAGE][PASSED] - Call Test Case 'Test Cases/Pages/Add Product/Click Terbitkan Button' successfully

2023-07-03 17:38:15 - [TEST_STEP][PASSED] - callTestCase(findTestCase("Pages/Add Product/Verify Error Message/Verify Deskripsi Produk Blank Error Message"), [:], STOP_ON_FAILURE): Call Test Case 'Test Cases/Pages/Add Product/Verify Error Message/Verify Deskripsi Produk Blank Error Message' successfully

2023-07-03 17:38:15 - [TEST_CASE][PASSED] - Test Cases/Pages/Add Product/Verify Error Message/Verify Deskripsi Produk Blank Error Message: Test Cases/Pages/Add Product/Verify Error Message/Verify Deskripsi Produk Blank Error Message

2023-07-03 17:38:15 - [TEST_STEP][PASSED] - verifyElementVisible(findTestObject("Products/Add Product Page/Error Message/div_Description cant be blank")): Object 'Object Repository/Products/Add Product Page/Error Message/div_Description cant be blank' is visible

2023-07-03 17:38:16 - [MESSAGE][PASSED] - Object 'Object Repository/Products/Add Product Page/Error Message/div_Description cant be blank' is visible

2023-07-03 17:38:16 - [MESSAGE][PASSED] - Call Test Case 'Test Cases/Pages/Add Product/Verify Error Message/Verify Deskripsi Produk Blank Error Message' successfully

2023-07-03 17:38:16 - [TEST_STEP][PASSED] - Start listener action : AfterTestCase: Browser is closed

2023-07-03 17:38:16 - [TEST_STEP][PASSED] - logInfo("Test Case: " + testCaseContext.getTestCaseId() + " | " + testCaseContext.getTestCaseStatus()): Test Case: Test Cases/Step Definition/Feature Add Product/ADDP06 - Add Product Without Input Deskripsi Produk Field | PASSED

2023-07-03 17:38:16 - [MESSAGE][INFO] - Test Case: Test Cases/Step Definition/Feature Add Product/ADDP06 - Add Product Without Input Deskripsi Produk Field | PASSED

2023-07-03 17:38:16 - [TEST_STEP][PASSED] - closeBrowser(): null

2023-07-03 17:38:16 - [TEST_STEP][PASSED] - closeBrowser(): Browser is closed

2023-07-03 17:38:16 - [MESSAGE][PASSED] - Browser is closed]]></system-out>
         <system-err><![CDATA[]]></system-err>
      </testcase>
      <testcase name="Test Cases/Step Definition/Feature Add Product/ADDP07 - Add Product without input Gambar Produk field" time="47.225" classname="Test Cases/Step Definition/Feature Add Product/ADDP07 - Add Product without input Gambar Produk field" status="FAILED">
         <failure type="FAILED" message="Test Cases/Step Definition/Feature Add Product/ADDP07 - Add Product without input Gambar Produk field FAILED.
Reason:
com.kms.katalon.core.exception.StepFailedException: Call Test Case 'Test Cases/Pages/Add Product/Verify Error Message/Verify Gambar Produk Blank Error Message' failed
	at com.kms.katalon.core.keyword.builtin.CallTestCaseKeyword$_callTestCase_closure1.doCall(CallTestCaseKeyword.groovy:63)
	at com.kms.katalon.core.keyword.builtin.CallTestCaseKeyword$_callTestCase_closure1.call(CallTestCaseKeyword.groovy)
	at com.kms.katalon.core.keyword.internal.KeywordMain.runKeyword(KeywordMain.groovy:75)
	at com.kms.katalon.core.keyword.builtin.CallTestCaseKeyword.callTestCase(CallTestCaseKeyword.groovy:81)
	at com.kms.katalon.core.keyword.builtin.CallTestCaseKeyword.execute(CallTestCaseKeyword.groovy:44)
	at com.kms.katalon.core.keyword.internal.KeywordExecutor.executeKeywordForPlatform(KeywordExecutor.groovy:74)
	at com.kms.katalon.core.keyword.BuiltinKeywords.callTestCase(BuiltinKeywords.groovy:334)
	at ADDP07 - Add Product without input Gambar Produk field.run(ADDP07 - Add Product without input Gambar Produk field:43)
	at com.kms.katalon.core.main.ScriptEngine.run(ScriptEngine.java:194)
	at com.kms.katalon.core.main.ScriptEngine.runScriptAsRawText(ScriptEngine.java:119)
	at com.kms.katalon.core.main.TestCaseExecutor.runScript(TestCaseExecutor.java:448)
	at com.kms.katalon.core.main.TestCaseExecutor.doExecute(TestCaseExecutor.java:439)
	at com.kms.katalon.core.main.TestCaseExecutor.processExecutionPhase(TestCaseExecutor.java:418)
	at com.kms.katalon.core.main.TestCaseExecutor.accessMainPhase(TestCaseExecutor.java:410)
	at com.kms.katalon.core.main.TestCaseExecutor.execute(TestCaseExecutor.java:285)
	at com.kms.katalon.core.common.CommonExecutor.accessTestCaseMainPhase(CommonExecutor.java:65)
	at com.kms.katalon.core.main.TestSuiteExecutor.accessTestSuiteMainPhase(TestSuiteExecutor.java:148)
	at com.kms.katalon.core.main.TestSuiteExecutor.execute(TestSuiteExecutor.java:106)
	at com.kms.katalon.core.main.TestCaseMain.startTestSuite(TestCaseMain.java:187)
	at com.kms.katalon.core.main.TestCaseMain$startTestSuite$0.call(Unknown Source)
	at TempTestSuite1688380617485.run(TempTestSuite1688380617485.groovy:36)
Caused by: com.kms.katalon.core.exception.StepFailedException: Unable to verify object 'Object Repository/Products/Add Product Page/Error Message/div_Image cant be blank' is visible
	at com.kms.katalon.core.webui.keyword.internal.WebUIKeywordMain.stepFailed(WebUIKeywordMain.groovy:64)
	at com.kms.katalon.core.webui.keyword.internal.WebUIKeywordMain.runKeyword(WebUIKeywordMain.groovy:26)
	at com.kms.katalon.core.webui.keyword.builtin.VerifyElementVisibleKeyword.verifyElementVisible(VerifyElementVisibleKeyword.groovy:97)
	at com.kms.katalon.core.webui.keyword.builtin.VerifyElementVisibleKeyword.execute(VerifyElementVisibleKeyword.groovy:67)
	at com.kms.katalon.core.keyword.internal.KeywordExecutor.executeKeywordForPlatform(KeywordExecutor.groovy:74)
	at com.kms.katalon.core.webui.keyword.WebUiBuiltInKeywords.verifyElementVisible(WebUiBuiltInKeywords.groovy:376)
	at com.kms.katalon.core.webui.keyword.WebUiBuiltInKeywords$verifyElementVisible$7.call(Unknown Source)
	at Verify Gambar Produk Blank Error Message.run(Verify Gambar Produk Blank Error Message:20)
	at com.kms.katalon.core.main.ScriptEngine.run(ScriptEngine.java:194)
	at com.kms.katalon.core.main.ScriptEngine.runScriptAsRawText(ScriptEngine.java:119)
	at com.kms.katalon.core.main.TestCaseExecutor.runScript(TestCaseExecutor.java:448)
	at com.kms.katalon.core.main.TestCaseExecutor.doExecute(TestCaseExecutor.java:439)
	at com.kms.katalon.core.main.TestCaseExecutor.processExecutionPhase(TestCaseExecutor.java:418)
	at com.kms.katalon.core.main.TestCaseExecutor.accessMainPhase(TestCaseExecutor.java:410)
	at com.kms.katalon.core.main.TestCaseExecutor.execute(TestCaseExecutor.java:285)
	at com.kms.katalon.core.main.TestCaseMain.runTestCase(TestCaseMain.java:144)
	at com.kms.katalon.core.keyword.builtin.CallTestCaseKeyword$_callTestCase_closure1.doCall(CallTestCaseKeyword.groovy:59)
	... 20 more
Caused by: com.kms.katalon.core.exception.StepFailedException: Web element with id: 'Object Repository/Products/Add Product Page/Error Message/div_Image cant be blank' located by '//div[@class = 'form-text text-danger' and (contains(text(), concat(&quot;Image can&quot; , &quot;'&quot; , &quot;t be blank&quot;)) or contains(., concat(&quot;Image can&quot; , &quot;'&quot; , &quot;t be blank&quot;)))]' not found
	at com.kms.katalon.core.webui.keyword.internal.WebUIKeywordMain.stepFailed(WebUIKeywordMain.groovy:64)
	at com.kms.katalon.core.webui.keyword.builtin.VerifyElementVisibleKeyword$_verifyElementVisible_closure1.doCall(VerifyElementVisibleKeyword.groovy:89)
	at com.kms.katalon.core.webui.keyword.builtin.VerifyElementVisibleKeyword$_verifyElementVisible_closure1.call(VerifyElementVisibleKeyword.groovy)
	at com.kms.katalon.core.webui.keyword.internal.WebUIKeywordMain.runKeyword(WebUIKeywordMain.groovy:20)
	... 35 more
"/>
         <system-out><![CDATA[2023-07-03 17:38:16 - [TEST_CASE][FAILED] - Test Cases/Step Definition/Feature Add Product/ADDP07 - Add Product without input Gambar Produk field: Test Cases/Step Definition/Feature Add Product/ADDP07 - Add Product without input Gambar Produk field FAILED.
Reason:
com.kms.katalon.core.exception.StepFailedException: Call Test Case 'Test Cases/Pages/Add Product/Verify Error Message/Verify Gambar Produk Blank Error Message' failed
	at com.kms.katalon.core.keyword.builtin.CallTestCaseKeyword$_callTestCase_closure1.doCall(CallTestCaseKeyword.groovy:63)
	at com.kms.katalon.core.keyword.builtin.CallTestCaseKeyword$_callTestCase_closure1.call(CallTestCaseKeyword.groovy)
	at com.kms.katalon.core.keyword.internal.KeywordMain.runKeyword(KeywordMain.groovy:75)
	at com.kms.katalon.core.keyword.builtin.CallTestCaseKeyword.callTestCase(CallTestCaseKeyword.groovy:81)
	at com.kms.katalon.core.keyword.builtin.CallTestCaseKeyword.execute(CallTestCaseKeyword.groovy:44)
	at com.kms.katalon.core.keyword.internal.KeywordExecutor.executeKeywordForPlatform(KeywordExecutor.groovy:74)
	at com.kms.katalon.core.keyword.BuiltinKeywords.callTestCase(BuiltinKeywords.groovy:334)
	at ADDP07 - Add Product without input Gambar Produk field.run(ADDP07 - Add Product without input Gambar Produk field:43)
	at com.kms.katalon.core.main.ScriptEngine.run(ScriptEngine.java:194)
	at com.kms.katalon.core.main.ScriptEngine.runScriptAsRawText(ScriptEngine.java:119)
	at com.kms.katalon.core.main.TestCaseExecutor.runScript(TestCaseExecutor.java:448)
	at com.kms.katalon.core.main.TestCaseExecutor.doExecute(TestCaseExecutor.java:439)
	at com.kms.katalon.core.main.TestCaseExecutor.processExecutionPhase(TestCaseExecutor.java:418)
	at com.kms.katalon.core.main.TestCaseExecutor.accessMainPhase(TestCaseExecutor.java:410)
	at com.kms.katalon.core.main.TestCaseExecutor.execute(TestCaseExecutor.java:285)
	at com.kms.katalon.core.common.CommonExecutor.accessTestCaseMainPhase(CommonExecutor.java:65)
	at com.kms.katalon.core.main.TestSuiteExecutor.accessTestSuiteMainPhase(TestSuiteExecutor.java:148)
	at com.kms.katalon.core.main.TestSuiteExecutor.execute(TestSuiteExecutor.java:106)
	at com.kms.katalon.core.main.TestCaseMain.startTestSuite(TestCaseMain.java:187)
	at com.kms.katalon.core.main.TestCaseMain$startTestSuite$0.call(Unknown Source)
	at TempTestSuite1688380617485.run(TempTestSuite1688380617485.groovy:36)
Caused by: com.kms.katalon.core.exception.StepFailedException: Unable to verify object 'Object Repository/Products/Add Product Page/Error Message/div_Image cant be blank' is visible
	at com.kms.katalon.core.webui.keyword.internal.WebUIKeywordMain.stepFailed(WebUIKeywordMain.groovy:64)
	at com.kms.katalon.core.webui.keyword.internal.WebUIKeywordMain.runKeyword(WebUIKeywordMain.groovy:26)
	at com.kms.katalon.core.webui.keyword.builtin.VerifyElementVisibleKeyword.verifyElementVisible(VerifyElementVisibleKeyword.groovy:97)
	at com.kms.katalon.core.webui.keyword.builtin.VerifyElementVisibleKeyword.execute(VerifyElementVisibleKeyword.groovy:67)
	at com.kms.katalon.core.keyword.internal.KeywordExecutor.executeKeywordForPlatform(KeywordExecutor.groovy:74)
	at com.kms.katalon.core.webui.keyword.WebUiBuiltInKeywords.verifyElementVisible(WebUiBuiltInKeywords.groovy:376)
	at com.kms.katalon.core.webui.keyword.WebUiBuiltInKeywords$verifyElementVisible$7.call(Unknown Source)
	at Verify Gambar Produk Blank Error Message.run(Verify Gambar Produk Blank Error Message:20)
	at com.kms.katalon.core.main.ScriptEngine.run(ScriptEngine.java:194)
	at com.kms.katalon.core.main.ScriptEngine.runScriptAsRawText(ScriptEngine.java:119)
	at com.kms.katalon.core.main.TestCaseExecutor.runScript(TestCaseExecutor.java:448)
	at com.kms.katalon.core.main.TestCaseExecutor.doExecute(TestCaseExecutor.java:439)
	at com.kms.katalon.core.main.TestCaseExecutor.processExecutionPhase(TestCaseExecutor.java:418)
	at com.kms.katalon.core.main.TestCaseExecutor.accessMainPhase(TestCaseExecutor.java:410)
	at com.kms.katalon.core.main.TestCaseExecutor.execute(TestCaseExecutor.java:285)
	at com.kms.katalon.core.main.TestCaseMain.runTestCase(TestCaseMain.java:144)
	at com.kms.katalon.core.keyword.builtin.CallTestCaseKeyword$_callTestCase_closure1.doCall(CallTestCaseKeyword.groovy:59)
	... 20 more
Caused by: com.kms.katalon.core.exception.StepFailedException: Web element with id: 'Object Repository/Products/Add Product Page/Error Message/div_Image cant be blank' located by '//div[@class = 'form-text text-danger' and (contains(text(), concat("Image can" , "'" , "t be blank")) or contains(., concat("Image can" , "'" , "t be blank")))]' not found
	at com.kms.katalon.core.webui.keyword.internal.WebUIKeywordMain.stepFailed(WebUIKeywordMain.groovy:64)
	at com.kms.katalon.core.webui.keyword.builtin.VerifyElementVisibleKeyword$_verifyElementVisible_closure1.doCall(VerifyElementVisibleKeyword.groovy:89)
	at com.kms.katalon.core.webui.keyword.builtin.VerifyElementVisibleKeyword$_verifyElementVisible_closure1.call(VerifyElementVisibleKeyword.groovy)
	at com.kms.katalon.core.webui.keyword.internal.WebUIKeywordMain.runKeyword(WebUIKeywordMain.groovy:20)
	... 35 more


2023-07-03 17:38:16 - [TEST_STEP][PASSED] - Start listener action : BeforeTestCase: Current window maximized

2023-07-03 17:38:16 - [TEST_STEP][PASSED] - logInfo("Test Case: " + testCaseContext.getTestCaseId()): Test Case: Test Cases/Step Definition/Feature Add Product/ADDP07 - Add Product without input Gambar Produk field

2023-07-03 17:38:16 - [MESSAGE][INFO] - Test Case: Test Cases/Step Definition/Feature Add Product/ADDP07 - Add Product without input Gambar Produk field

2023-07-03 17:38:16 - [TEST_STEP][PASSED] - openBrowser(): null

2023-07-03 17:38:16 - [TEST_STEP][PASSED] - openBrowser("https://secondhand.binaracademy.org/"): Browser is opened with url: 'https://secondhand.binaracademy.org/'

2023-07-03 17:38:16 - [MESSAGE][INFO] - Starting 'Chrome' driver

2023-07-03 17:38:16 - [MESSAGE][INFO] - Action delay is set to 0 milliseconds

2023-07-03 17:38:19 - [MESSAGE][PASSED] - Browser is opened with url: 'https://secondhand.binaracademy.org/'

2023-07-03 17:38:19 - [TEST_STEP][PASSED] - maximizeWindow(): Current window maximized

2023-07-03 17:38:19 - [MESSAGE][PASSED] - Current window maximized

2023-07-03 17:38:19 - [TEST_STEP][PASSED] - callTestCase(findTestCase("Pages/Homepage/Click Masuk from homepage"), [:], STOP_ON_FAILURE): Call Test Case 'Test Cases/Pages/Homepage/Click Masuk from homepage' successfully

2023-07-03 17:38:19 - [TEST_CASE][PASSED] - Test Cases/Pages/Homepage/Click Masuk from homepage: Test Cases/Pages/Homepage/Click Masuk from homepage

2023-07-03 17:38:19 - [TEST_STEP][PASSED] - click(findTestObject("Navbar/a_Masuk")): Object: 'Object Repository/Navbar/a_Masuk' is clicked on

2023-07-03 17:38:19 - [MESSAGE][PASSED] - Object: 'Object Repository/Navbar/a_Masuk' is clicked on

2023-07-03 17:38:19 - [MESSAGE][PASSED] - Call Test Case 'Test Cases/Pages/Homepage/Click Masuk from homepage' successfully

2023-07-03 17:38:19 - [TEST_STEP][PASSED] - callTestCase(findTestCase("Pages/Login/Input Email"), ["email":"prabotanpreloved@mytestmail.net"], STOP_ON_FAILURE): Call Test Case 'Test Cases/Pages/Login/Input Email' successfully

2023-07-03 17:38:20 - [TEST_CASE][PASSED] - Test Cases/Pages/Login/Input Email: Test Cases/Pages/Login/Input Email

2023-07-03 17:38:20 - [TEST_STEP][PASSED] - setText(findTestObject("Login/input_Email"), email): Text 'prabotanpreloved@mytestmail.net' is set on object 'Object Repository/Login/input_Email'

2023-07-03 17:38:20 - [MESSAGE][PASSED] - Text 'prabotanpreloved@mytestmail.net' is set on object 'Object Repository/Login/input_Email'

2023-07-03 17:38:20 - [MESSAGE][PASSED] - Call Test Case 'Test Cases/Pages/Login/Input Email' successfully

2023-07-03 17:38:20 - [TEST_STEP][PASSED] - callTestCase(findTestCase("Pages/Login/Input Password"), ["password":"a1b2c3d4"], STOP_ON_FAILURE): Call Test Case 'Test Cases/Pages/Login/Input Password' successfully

2023-07-03 17:38:21 - [TEST_CASE][PASSED] - Test Cases/Pages/Login/Input Password: Test Cases/Pages/Login/Input Password

2023-07-03 17:38:21 - [TEST_STEP][PASSED] - setText(findTestObject("Login/input_Password"), password): Text 'a1b2c3d4' is set on object 'Object Repository/Login/input_Password'

2023-07-03 17:38:21 - [MESSAGE][PASSED] - Text 'a1b2c3d4' is set on object 'Object Repository/Login/input_Password'

2023-07-03 17:38:21 - [MESSAGE][PASSED] - Call Test Case 'Test Cases/Pages/Login/Input Password' successfully

2023-07-03 17:38:21 - [TEST_STEP][PASSED] - callTestCase(findTestCase("Pages/Login/Click Button Masuk"), [:], STOP_ON_FAILURE): Call Test Case 'Test Cases/Pages/Login/Click Button Masuk' successfully

2023-07-03 17:38:21 - [TEST_CASE][PASSED] - Test Cases/Pages/Login/Click Button Masuk: Test Cases/Pages/Login/Click Button Masuk

2023-07-03 17:38:21 - [TEST_STEP][PASSED] - click(findTestObject("Login/button_Masuk")): Object: 'Object Repository/Login/button_Masuk' is clicked on

2023-07-03 17:38:22 - [MESSAGE][PASSED] - Object: 'Object Repository/Login/button_Masuk' is clicked on

2023-07-03 17:38:22 - [TEST_STEP][PASSED] - waitForPageLoad(5): Wait for page load successfully

2023-07-03 17:38:22 - [MESSAGE][PASSED] - Wait for page load successfully

2023-07-03 17:38:22 - [MESSAGE][PASSED] - Call Test Case 'Test Cases/Pages/Login/Click Button Masuk' successfully

2023-07-03 17:38:22 - [TEST_STEP][PASSED] - callTestCase(findTestCase("Pages/Homepage/Click Jual Floating Button"), [:], STOP_ON_FAILURE): Call Test Case 'Test Cases/Pages/Homepage/Click Jual Floating Button' successfully

2023-07-03 17:38:22 - [TEST_CASE][PASSED] - Test Cases/Pages/Homepage/Click Jual Floating Button: Test Cases/Pages/Homepage/Click Jual Floating Button

2023-07-03 17:38:22 - [TEST_STEP][PASSED] - click(findTestObject("Homepage/a_Button Jual")): Object: 'Object Repository/Homepage/a_Button Jual' is clicked on

2023-07-03 17:38:23 - [MESSAGE][PASSED] - Object: 'Object Repository/Homepage/a_Button Jual' is clicked on

2023-07-03 17:38:23 - [MESSAGE][PASSED] - Call Test Case 'Test Cases/Pages/Homepage/Click Jual Floating Button' successfully

2023-07-03 17:38:23 - [TEST_STEP][PASSED] - callTestCase(findTestCase("Pages/Add Product/Verify Add Product Form"), [:], STOP_ON_FAILURE): Call Test Case 'Test Cases/Pages/Add Product/Verify Add Product Form' successfully

2023-07-03 17:38:23 - [TEST_CASE][PASSED] - Test Cases/Pages/Add Product/Verify Add Product Form: Test Cases/Pages/Add Product/Verify Add Product Form

2023-07-03 17:38:23 - [TEST_STEP][PASSED] - verifyElementPresent(findTestObject("Products/Add Product Page/input_Nama Produk"), 0): Object 'Object Repository/Products/Add Product Page/input_Nama Produk' is present

2023-07-03 17:38:23 - [MESSAGE][WARNING] - Timeout '0' is invalid. Using default page load timeout: '30'

2023-07-03 17:38:24 - [MESSAGE][PASSED] - Object 'Object Repository/Products/Add Product Page/input_Nama Produk' is present

2023-07-03 17:38:24 - [TEST_STEP][PASSED] - verifyElementPresent(findTestObject("Products/Add Product Page/input_Harga Produk"), 0): Object 'Object Repository/Products/Add Product Page/input_Harga Produk' is present

2023-07-03 17:38:24 - [MESSAGE][WARNING] - Timeout '0' is invalid. Using default page load timeout: '30'

2023-07-03 17:38:24 - [MESSAGE][PASSED] - Object 'Object Repository/Products/Add Product Page/input_Harga Produk' is present

2023-07-03 17:38:24 - [TEST_STEP][PASSED] - verifyElementPresent(findTestObject("Products/Add Product Page/select_Kategori"), 0): Object 'Object Repository/Products/Add Product Page/select_Kategori' is present

2023-07-03 17:38:24 - [MESSAGE][WARNING] - Timeout '0' is invalid. Using default page load timeout: '30'

2023-07-03 17:38:25 - [MESSAGE][PASSED] - Object 'Object Repository/Products/Add Product Page/select_Kategori' is present

2023-07-03 17:38:25 - [TEST_STEP][PASSED] - verifyElementPresent(findTestObject("Products/Add Product Page/textarea_Deskripsi"), 0): Object 'Object Repository/Products/Add Product Page/textarea_Deskripsi' is present

2023-07-03 17:38:25 - [MESSAGE][WARNING] - Timeout '0' is invalid. Using default page load timeout: '30'

2023-07-03 17:38:25 - [MESSAGE][PASSED] - Object 'Object Repository/Products/Add Product Page/textarea_Deskripsi' is present

2023-07-03 17:38:25 - [TEST_STEP][PASSED] - verifyElementPresent(findTestObject("Products/Add Product Page/input_Gambar Produk"), 0): Object 'Object Repository/Products/Add Product Page/input_Gambar Produk' is present

2023-07-03 17:38:25 - [MESSAGE][WARNING] - Timeout '0' is invalid. Using default page load timeout: '30'

2023-07-03 17:38:25 - [MESSAGE][PASSED] - Object 'Object Repository/Products/Add Product Page/input_Gambar Produk' is present

2023-07-03 17:38:25 - [TEST_STEP][PASSED] - verifyElementPresent(findTestObject("Products/Add Product Page/label_Button Terbitkan"), 0): Object 'Object Repository/Products/Add Product Page/label_Button Terbitkan' is present

2023-07-03 17:38:25 - [MESSAGE][WARNING] - Timeout '0' is invalid. Using default page load timeout: '30'

2023-07-03 17:38:26 - [MESSAGE][PASSED] - Object 'Object Repository/Products/Add Product Page/label_Button Terbitkan' is present

2023-07-03 17:38:26 - [MESSAGE][PASSED] - Call Test Case 'Test Cases/Pages/Add Product/Verify Add Product Form' successfully

2023-07-03 17:38:26 - [TEST_STEP][PASSED] - callTestCase(findTestCase("Pages/Add Product/Input Nama Produk"), ["namaProduk":"Produk A"], STOP_ON_FAILURE): Call Test Case 'Test Cases/Pages/Add Product/Input Nama Produk' successfully

2023-07-03 17:38:26 - [TEST_CASE][PASSED] - Test Cases/Pages/Add Product/Input Nama Produk: Test Cases/Pages/Add Product/Input Nama Produk

2023-07-03 17:38:26 - [TEST_STEP][PASSED] - setText(findTestObject("Products/Add Product Page/input_Nama Produk"), namaProduk): Text 'Produk A' is set on object 'Object Repository/Products/Add Product Page/input_Nama Produk'

2023-07-03 17:38:26 - [MESSAGE][PASSED] - Text 'Produk A' is set on object 'Object Repository/Products/Add Product Page/input_Nama Produk'

2023-07-03 17:38:26 - [MESSAGE][PASSED] - Call Test Case 'Test Cases/Pages/Add Product/Input Nama Produk' successfully

2023-07-03 17:38:26 - [TEST_STEP][PASSED] - callTestCase(findTestCase("Pages/Add Product/Input Harga Produk"), ["hargaProduk":"100000"], STOP_ON_FAILURE): Call Test Case 'Test Cases/Pages/Add Product/Input Harga Produk' successfully

2023-07-03 17:38:26 - [TEST_CASE][PASSED] - Test Cases/Pages/Add Product/Input Harga Produk: Test Cases/Pages/Add Product/Input Harga Produk

2023-07-03 17:38:26 - [TEST_STEP][PASSED] - setText(findTestObject("Products/Add Product Page/input_Harga Produk"), hargaProduk): Text '100000' is set on object 'Object Repository/Products/Add Product Page/input_Harga Produk'

2023-07-03 17:38:27 - [MESSAGE][PASSED] - Text '100000' is set on object 'Object Repository/Products/Add Product Page/input_Harga Produk'

2023-07-03 17:38:27 - [MESSAGE][PASSED] - Call Test Case 'Test Cases/Pages/Add Product/Input Harga Produk' successfully

2023-07-03 17:38:27 - [TEST_STEP][PASSED] - callTestCase(findTestCase("Pages/Add Product/Input Kategori Produk"), ["kategoriProduk":"Kesehatan"], STOP_ON_FAILURE): Call Test Case 'Test Cases/Pages/Add Product/Input Kategori Produk' successfully

2023-07-03 17:38:27 - [TEST_CASE][PASSED] - Test Cases/Pages/Add Product/Input Kategori Produk: Test Cases/Pages/Add Product/Input Kategori Produk

2023-07-03 17:38:27 - [TEST_STEP][PASSED] - selectOptionByLabel(findTestObject("Products/Add Product Page/select_Kategori"), kategoriProduk, false): All options with label 'Kesehatan' are selected in object 'Object Repository/Products/Add Product Page/select_Kategori' 

2023-07-03 17:38:28 - [MESSAGE][PASSED] - All options with label 'Kesehatan' are selected in object 'Object Repository/Products/Add Product Page/select_Kategori' 

2023-07-03 17:38:28 - [MESSAGE][PASSED] - Call Test Case 'Test Cases/Pages/Add Product/Input Kategori Produk' successfully

2023-07-03 17:38:28 - [TEST_STEP][PASSED] - callTestCase(findTestCase("Pages/Add Product/Input Deskripsi Produk"), ["deskripsiProduk":"Deskripsi Produk A"], STOP_ON_FAILURE): Call Test Case 'Test Cases/Pages/Add Product/Input Deskripsi Produk' successfully

2023-07-03 17:38:28 - [TEST_CASE][PASSED] - Test Cases/Pages/Add Product/Input Deskripsi Produk: Test Cases/Pages/Add Product/Input Deskripsi Produk

2023-07-03 17:38:28 - [TEST_STEP][PASSED] - setText(findTestObject("Products/Add Product Page/textarea_Deskripsi"), deskripsiProduk): Text 'Deskripsi Produk A' is set on object 'Object Repository/Products/Add Product Page/textarea_Deskripsi'

2023-07-03 17:38:28 - [MESSAGE][PASSED] - Text 'Deskripsi Produk A' is set on object 'Object Repository/Products/Add Product Page/textarea_Deskripsi'

2023-07-03 17:38:28 - [MESSAGE][PASSED] - Call Test Case 'Test Cases/Pages/Add Product/Input Deskripsi Produk' successfully

2023-07-03 17:38:28 - [TEST_STEP][PASSED] - callTestCase(findTestCase("Pages/Add Product/Click Terbitkan Button"), [:], STOP_ON_FAILURE): Call Test Case 'Test Cases/Pages/Add Product/Click Terbitkan Button' successfully

2023-07-03 17:38:29 - [TEST_CASE][PASSED] - Test Cases/Pages/Add Product/Click Terbitkan Button: Test Cases/Pages/Add Product/Click Terbitkan Button

2023-07-03 17:38:29 - [TEST_STEP][PASSED] - click(findTestObject("Products/Add Product Page/label_Button Terbitkan")): Object: 'Object Repository/Products/Add Product Page/label_Button Terbitkan' is clicked on

2023-07-03 17:38:31 - [MESSAGE][PASSED] - Object: 'Object Repository/Products/Add Product Page/label_Button Terbitkan' is clicked on

2023-07-03 17:38:31 - [MESSAGE][PASSED] - Call Test Case 'Test Cases/Pages/Add Product/Click Terbitkan Button' successfully

2023-07-03 17:38:31 - [TEST_STEP][FAILED] - callTestCase(findTestCase("Pages/Add Product/Verify Error Message/Verify Gambar Produk Blank Error Message"), [:], STOP_ON_FAILURE): Unable to call Test Case 'Test Cases/Pages/Add Product/Verify Error Message/Verify Gambar Produk Blank Error Message' (Root cause: com.kms.katalon.core.exception.StepFailedException: Call Test Case 'Test Cases/Pages/Add Product/Verify Error Message/Verify Gambar Produk Blank Error Message' failed
	at com.kms.katalon.core.keyword.builtin.CallTestCaseKeyword$_callTestCase_closure1.doCall(CallTestCaseKeyword.groovy:63)
	at com.kms.katalon.core.keyword.builtin.CallTestCaseKeyword$_callTestCase_closure1.call(CallTestCaseKeyword.groovy)
	at com.kms.katalon.core.keyword.internal.KeywordMain.runKeyword(KeywordMain.groovy:75)
	at com.kms.katalon.core.keyword.builtin.CallTestCaseKeyword.callTestCase(CallTestCaseKeyword.groovy:81)
	at com.kms.katalon.core.keyword.builtin.CallTestCaseKeyword.execute(CallTestCaseKeyword.groovy:44)
	at com.kms.katalon.core.keyword.internal.KeywordExecutor.executeKeywordForPlatform(KeywordExecutor.groovy:74)
	at com.kms.katalon.core.keyword.BuiltinKeywords.callTestCase(BuiltinKeywords.groovy:334)
	at ADDP07 - Add Product without input Gambar Produk field.run(ADDP07 - Add Product without input Gambar Produk field:43)
	at com.kms.katalon.core.main.ScriptEngine.run(ScriptEngine.java:194)
	at com.kms.katalon.core.main.ScriptEngine.runScriptAsRawText(ScriptEngine.java:119)
	at com.kms.katalon.core.main.TestCaseExecutor.runScript(TestCaseExecutor.java:448)
	at com.kms.katalon.core.main.TestCaseExecutor.doExecute(TestCaseExecutor.java:439)
	at com.kms.katalon.core.main.TestCaseExecutor.processExecutionPhase(TestCaseExecutor.java:418)
	at com.kms.katalon.core.main.TestCaseExecutor.accessMainPhase(TestCaseExecutor.java:410)
	at com.kms.katalon.core.main.TestCaseExecutor.execute(TestCaseExecutor.java:285)
	at com.kms.katalon.core.common.CommonExecutor.accessTestCaseMainPhase(CommonExecutor.java:65)
	at com.kms.katalon.core.main.TestSuiteExecutor.accessTestSuiteMainPhase(TestSuiteExecutor.java:148)
	at com.kms.katalon.core.main.TestSuiteExecutor.execute(TestSuiteExecutor.java:106)
	at com.kms.katalon.core.main.TestCaseMain.startTestSuite(TestCaseMain.java:187)
	at com.kms.katalon.core.main.TestCaseMain$startTestSuite$0.call(Unknown Source)
	at TempTestSuite1688380617485.run(TempTestSuite1688380617485.groovy:36)
Caused by: com.kms.katalon.core.exception.StepFailedException: Unable to verify object 'Object Repository/Products/Add Product Page/Error Message/div_Image cant be blank' is visible
	at com.kms.katalon.core.webui.keyword.internal.WebUIKeywordMain.stepFailed(WebUIKeywordMain.groovy:64)
	at com.kms.katalon.core.webui.keyword.internal.WebUIKeywordMain.runKeyword(WebUIKeywordMain.groovy:26)
	at com.kms.katalon.core.webui.keyword.builtin.VerifyElementVisibleKeyword.verifyElementVisible(VerifyElementVisibleKeyword.groovy:97)
	at com.kms.katalon.core.webui.keyword.builtin.VerifyElementVisibleKeyword.execute(VerifyElementVisibleKeyword.groovy:67)
	at com.kms.katalon.core.keyword.internal.KeywordExecutor.executeKeywordForPlatform(KeywordExecutor.groovy:74)
	at com.kms.katalon.core.webui.keyword.WebUiBuiltInKeywords.verifyElementVisible(WebUiBuiltInKeywords.groovy:376)
	at com.kms.katalon.core.webui.keyword.WebUiBuiltInKeywords$verifyElementVisible$7.call(Unknown Source)
	at Verify Gambar Produk Blank Error Message.run(Verify Gambar Produk Blank Error Message:20)
	at com.kms.katalon.core.main.ScriptEngine.run(ScriptEngine.java:194)
	at com.kms.katalon.core.main.ScriptEngine.runScriptAsRawText(ScriptEngine.java:119)
	at com.kms.katalon.core.main.TestCaseExecutor.runScript(TestCaseExecutor.java:448)
	at com.kms.katalon.core.main.TestCaseExecutor.doExecute(TestCaseExecutor.java:439)
	at com.kms.katalon.core.main.TestCaseExecutor.processExecutionPhase(TestCaseExecutor.java:418)
	at com.kms.katalon.core.main.TestCaseExecutor.accessMainPhase(TestCaseExecutor.java:410)
	at com.kms.katalon.core.main.TestCaseExecutor.execute(TestCaseExecutor.java:285)
	at com.kms.katalon.core.main.TestCaseMain.runTestCase(TestCaseMain.java:144)
	at com.kms.katalon.core.keyword.builtin.CallTestCaseKeyword$_callTestCase_closure1.doCall(CallTestCaseKeyword.groovy:59)
	... 20 more
Caused by: com.kms.katalon.core.exception.StepFailedException: Web element with id: 'Object Repository/Products/Add Product Page/Error Message/div_Image cant be blank' located by '//div[@class = 'form-text text-danger' and (contains(text(), concat("Image can" , "'" , "t be blank")) or contains(., concat("Image can" , "'" , "t be blank")))]' not found
	at com.kms.katalon.core.webui.keyword.internal.WebUIKeywordMain.stepFailed(WebUIKeywordMain.groovy:64)
	at com.kms.katalon.core.webui.keyword.builtin.VerifyElementVisibleKeyword$_verifyElementVisible_closure1.doCall(VerifyElementVisibleKeyword.groovy:89)
	at com.kms.katalon.core.webui.keyword.builtin.VerifyElementVisibleKeyword$_verifyElementVisible_closure1.call(VerifyElementVisibleKeyword.groovy)
	at com.kms.katalon.core.webui.keyword.internal.WebUIKeywordMain.runKeyword(WebUIKeywordMain.groovy:20)
	... 35 more
)

2023-07-03 17:38:32 - [TEST_CASE][FAILED] - Test Cases/Pages/Add Product/Verify Error Message/Verify Gambar Produk Blank Error Message: Test Cases/Pages/Add Product/Verify Error Message/Verify Gambar Produk Blank Error Message FAILED.
Reason:
com.kms.katalon.core.exception.StepFailedException: Unable to verify object 'Object Repository/Products/Add Product Page/Error Message/div_Image cant be blank' is visible
	at com.kms.katalon.core.webui.keyword.internal.WebUIKeywordMain.stepFailed(WebUIKeywordMain.groovy:64)
	at com.kms.katalon.core.webui.keyword.internal.WebUIKeywordMain.runKeyword(WebUIKeywordMain.groovy:26)
	at com.kms.katalon.core.webui.keyword.builtin.VerifyElementVisibleKeyword.verifyElementVisible(VerifyElementVisibleKeyword.groovy:97)
	at com.kms.katalon.core.webui.keyword.builtin.VerifyElementVisibleKeyword.execute(VerifyElementVisibleKeyword.groovy:67)
	at com.kms.katalon.core.keyword.internal.KeywordExecutor.executeKeywordForPlatform(KeywordExecutor.groovy:74)
	at com.kms.katalon.core.webui.keyword.WebUiBuiltInKeywords.verifyElementVisible(WebUiBuiltInKeywords.groovy:376)
	at com.kms.katalon.core.webui.keyword.WebUiBuiltInKeywords$verifyElementVisible$7.call(Unknown Source)
	at Verify Gambar Produk Blank Error Message.run(Verify Gambar Produk Blank Error Message:20)
	at com.kms.katalon.core.main.ScriptEngine.run(ScriptEngine.java:194)
	at com.kms.katalon.core.main.ScriptEngine.runScriptAsRawText(ScriptEngine.java:119)
	at com.kms.katalon.core.main.TestCaseExecutor.runScript(TestCaseExecutor.java:448)
	at com.kms.katalon.core.main.TestCaseExecutor.doExecute(TestCaseExecutor.java:439)
	at com.kms.katalon.core.main.TestCaseExecutor.processExecutionPhase(TestCaseExecutor.java:418)
	at com.kms.katalon.core.main.TestCaseExecutor.accessMainPhase(TestCaseExecutor.java:410)
	at com.kms.katalon.core.main.TestCaseExecutor.execute(TestCaseExecutor.java:285)
	at com.kms.katalon.core.main.TestCaseMain.runTestCase(TestCaseMain.java:144)
	at com.kms.katalon.core.keyword.builtin.CallTestCaseKeyword$_callTestCase_closure1.doCall(CallTestCaseKeyword.groovy:59)
	at com.kms.katalon.core.keyword.builtin.CallTestCaseKeyword$_callTestCase_closure1.call(CallTestCaseKeyword.groovy)
	at com.kms.katalon.core.keyword.internal.KeywordMain.runKeyword(KeywordMain.groovy:75)
	at com.kms.katalon.core.keyword.builtin.CallTestCaseKeyword.callTestCase(CallTestCaseKeyword.groovy:81)
	at com.kms.katalon.core.keyword.builtin.CallTestCaseKeyword.execute(CallTestCaseKeyword.groovy:44)
	at com.kms.katalon.core.keyword.internal.KeywordExecutor.executeKeywordForPlatform(KeywordExecutor.groovy:74)
	at com.kms.katalon.core.keyword.BuiltinKeywords.callTestCase(BuiltinKeywords.groovy:334)
	at ADDP07 - Add Product without input Gambar Produk field.run(ADDP07 - Add Product without input Gambar Produk field:43)
	at com.kms.katalon.core.main.ScriptEngine.run(ScriptEngine.java:194)
	at com.kms.katalon.core.main.ScriptEngine.runScriptAsRawText(ScriptEngine.java:119)
	at com.kms.katalon.core.main.TestCaseExecutor.runScript(TestCaseExecutor.java:448)
	at com.kms.katalon.core.main.TestCaseExecutor.doExecute(TestCaseExecutor.java:439)
	at com.kms.katalon.core.main.TestCaseExecutor.processExecutionPhase(TestCaseExecutor.java:418)
	at com.kms.katalon.core.main.TestCaseExecutor.accessMainPhase(TestCaseExecutor.java:410)
	at com.kms.katalon.core.main.TestCaseExecutor.execute(TestCaseExecutor.java:285)
	at com.kms.katalon.core.common.CommonExecutor.accessTestCaseMainPhase(CommonExecutor.java:65)
	at com.kms.katalon.core.main.TestSuiteExecutor.accessTestSuiteMainPhase(TestSuiteExecutor.java:148)
	at com.kms.katalon.core.main.TestSuiteExecutor.execute(TestSuiteExecutor.java:106)
	at com.kms.katalon.core.main.TestCaseMain.startTestSuite(TestCaseMain.java:187)
	at com.kms.katalon.core.main.TestCaseMain$startTestSuite$0.call(Unknown Source)
	at TempTestSuite1688380617485.run(TempTestSuite1688380617485.groovy:36)
Caused by: com.kms.katalon.core.exception.StepFailedException: Web element with id: 'Object Repository/Products/Add Product Page/Error Message/div_Image cant be blank' located by '//div[@class = 'form-text text-danger' and (contains(text(), concat("Image can" , "'" , "t be blank")) or contains(., concat("Image can" , "'" , "t be blank")))]' not found
	at com.kms.katalon.core.webui.keyword.internal.WebUIKeywordMain.stepFailed(WebUIKeywordMain.groovy:64)
	at com.kms.katalon.core.webui.keyword.builtin.VerifyElementVisibleKeyword$_verifyElementVisible_closure1.doCall(VerifyElementVisibleKeyword.groovy:89)
	at com.kms.katalon.core.webui.keyword.builtin.VerifyElementVisibleKeyword$_verifyElementVisible_closure1.call(VerifyElementVisibleKeyword.groovy)
	at com.kms.katalon.core.webui.keyword.internal.WebUIKeywordMain.runKeyword(WebUIKeywordMain.groovy:20)
	... 35 more


2023-07-03 17:38:32 - [TEST_STEP][FAILED] - verifyElementVisible(findTestObject("Products/Add Product Page/Error Message/div_Image cant be blank")): Unable to verify object 'Object Repository/Products/Add Product Page/Error Message/div_Image cant be blank' is visible (Root cause: com.kms.katalon.core.exception.StepFailedException: Unable to verify object 'Object Repository/Products/Add Product Page/Error Message/div_Image cant be blank' is visible
	at com.kms.katalon.core.webui.keyword.internal.WebUIKeywordMain.stepFailed(WebUIKeywordMain.groovy:64)
	at com.kms.katalon.core.webui.keyword.internal.WebUIKeywordMain.runKeyword(WebUIKeywordMain.groovy:26)
	at com.kms.katalon.core.webui.keyword.builtin.VerifyElementVisibleKeyword.verifyElementVisible(VerifyElementVisibleKeyword.groovy:97)
	at com.kms.katalon.core.webui.keyword.builtin.VerifyElementVisibleKeyword.execute(VerifyElementVisibleKeyword.groovy:67)
	at com.kms.katalon.core.keyword.internal.KeywordExecutor.executeKeywordForPlatform(KeywordExecutor.groovy:74)
	at com.kms.katalon.core.webui.keyword.WebUiBuiltInKeywords.verifyElementVisible(WebUiBuiltInKeywords.groovy:376)
	at com.kms.katalon.core.webui.keyword.WebUiBuiltInKeywords$verifyElementVisible$7.call(Unknown Source)
	at Verify Gambar Produk Blank Error Message.run(Verify Gambar Produk Blank Error Message:20)
	at com.kms.katalon.core.main.ScriptEngine.run(ScriptEngine.java:194)
	at com.kms.katalon.core.main.ScriptEngine.runScriptAsRawText(ScriptEngine.java:119)
	at com.kms.katalon.core.main.TestCaseExecutor.runScript(TestCaseExecutor.java:448)
	at com.kms.katalon.core.main.TestCaseExecutor.doExecute(TestCaseExecutor.java:439)
	at com.kms.katalon.core.main.TestCaseExecutor.processExecutionPhase(TestCaseExecutor.java:418)
	at com.kms.katalon.core.main.TestCaseExecutor.accessMainPhase(TestCaseExecutor.java:410)
	at com.kms.katalon.core.main.TestCaseExecutor.execute(TestCaseExecutor.java:285)
	at com.kms.katalon.core.main.TestCaseMain.runTestCase(TestCaseMain.java:144)
	at com.kms.katalon.core.keyword.builtin.CallTestCaseKeyword$_callTestCase_closure1.doCall(CallTestCaseKeyword.groovy:59)
	at com.kms.katalon.core.keyword.builtin.CallTestCaseKeyword$_callTestCase_closure1.call(CallTestCaseKeyword.groovy)
	at com.kms.katalon.core.keyword.internal.KeywordMain.runKeyword(KeywordMain.groovy:75)
	at com.kms.katalon.core.keyword.builtin.CallTestCaseKeyword.callTestCase(CallTestCaseKeyword.groovy:81)
	at com.kms.katalon.core.keyword.builtin.CallTestCaseKeyword.execute(CallTestCaseKeyword.groovy:44)
	at com.kms.katalon.core.keyword.internal.KeywordExecutor.executeKeywordForPlatform(KeywordExecutor.groovy:74)
	at com.kms.katalon.core.keyword.BuiltinKeywords.callTestCase(BuiltinKeywords.groovy:334)
	at ADDP07 - Add Product without input Gambar Produk field.run(ADDP07 - Add Product without input Gambar Produk field:43)
	at com.kms.katalon.core.main.ScriptEngine.run(ScriptEngine.java:194)
	at com.kms.katalon.core.main.ScriptEngine.runScriptAsRawText(ScriptEngine.java:119)
	at com.kms.katalon.core.main.TestCaseExecutor.runScript(TestCaseExecutor.java:448)
	at com.kms.katalon.core.main.TestCaseExecutor.doExecute(TestCaseExecutor.java:439)
	at com.kms.katalon.core.main.TestCaseExecutor.processExecutionPhase(TestCaseExecutor.java:418)
	at com.kms.katalon.core.main.TestCaseExecutor.accessMainPhase(TestCaseExecutor.java:410)
	at com.kms.katalon.core.main.TestCaseExecutor.execute(TestCaseExecutor.java:285)
	at com.kms.katalon.core.common.CommonExecutor.accessTestCaseMainPhase(CommonExecutor.java:65)
	at com.kms.katalon.core.main.TestSuiteExecutor.accessTestSuiteMainPhase(TestSuiteExecutor.java:148)
	at com.kms.katalon.core.main.TestSuiteExecutor.execute(TestSuiteExecutor.java:106)
	at com.kms.katalon.core.main.TestCaseMain.startTestSuite(TestCaseMain.java:187)
	at com.kms.katalon.core.main.TestCaseMain$startTestSuite$0.call(Unknown Source)
	at TempTestSuite1688380617485.run(TempTestSuite1688380617485.groovy:36)
Caused by: com.kms.katalon.core.exception.StepFailedException: Web element with id: 'Object Repository/Products/Add Product Page/Error Message/div_Image cant be blank' located by '//div[@class = 'form-text text-danger' and (contains(text(), concat("Image can" , "'" , "t be blank")) or contains(., concat("Image can" , "'" , "t be blank")))]' not found
	at com.kms.katalon.core.webui.keyword.internal.WebUIKeywordMain.stepFailed(WebUIKeywordMain.groovy:64)
	at com.kms.katalon.core.webui.keyword.builtin.VerifyElementVisibleKeyword$_verifyElementVisible_closure1.doCall(VerifyElementVisibleKeyword.groovy:89)
	at com.kms.katalon.core.webui.keyword.builtin.VerifyElementVisibleKeyword$_verifyElementVisible_closure1.call(VerifyElementVisibleKeyword.groovy)
	at com.kms.katalon.core.webui.keyword.internal.WebUIKeywordMain.runKeyword(WebUIKeywordMain.groovy:20)
	... 35 more
)

2023-07-03 17:39:03 - [MESSAGE][INFO] - Unable to find the element located by 'By.xpath: //div[@class = 'form-text text-danger' and (contains(text(), concat("Image can" , "'" , "t be blank")) or contains(., concat("Image can" , "'" , "t be blank")))]'. Please recheck the objects properties to make sure the desired element is located. 

2023-07-03 17:39:03 - [MESSAGE][FAILED] - Web element with id: 'Object Repository/Products/Add Product Page/Error Message/div_Image cant be blank' located by '//div[@class = 'form-text text-danger' and (contains(text(), concat("Image can" , "'" , "t be blank")) or contains(., concat("Image can" , "'" , "t be blank")))]' not found (Root cause: com.kms.katalon.core.exception.StepFailedException: Web element with id: 'Object Repository/Products/Add Product Page/Error Message/div_Image cant be blank' located by '//div[@class = 'form-text text-danger' and (contains(text(), concat("Image can" , "'" , "t be blank")) or contains(., concat("Image can" , "'" , "t be blank")))]' not found
	at com.kms.katalon.core.webui.keyword.internal.WebUIKeywordMain.stepFailed(WebUIKeywordMain.groovy:64)
	at com.kms.katalon.core.webui.keyword.builtin.VerifyElementVisibleKeyword$_verifyElementVisible_closure1.doCall(VerifyElementVisibleKeyword.groovy:89)
	at com.kms.katalon.core.webui.keyword.builtin.VerifyElementVisibleKeyword$_verifyElementVisible_closure1.call(VerifyElementVisibleKeyword.groovy)
	at com.kms.katalon.core.webui.keyword.internal.WebUIKeywordMain.runKeyword(WebUIKeywordMain.groovy:20)
	at com.kms.katalon.core.webui.keyword.builtin.VerifyElementVisibleKeyword.verifyElementVisible(VerifyElementVisibleKeyword.groovy:97)
	at com.kms.katalon.core.webui.keyword.builtin.VerifyElementVisibleKeyword.execute(VerifyElementVisibleKeyword.groovy:67)
	at com.kms.katalon.core.keyword.internal.KeywordExecutor.executeKeywordForPlatform(KeywordExecutor.groovy:74)
	at com.kms.katalon.core.webui.keyword.WebUiBuiltInKeywords.verifyElementVisible(WebUiBuiltInKeywords.groovy:376)
	at com.kms.katalon.core.webui.keyword.WebUiBuiltInKeywords$verifyElementVisible$7.call(Unknown Source)
	at Verify Gambar Produk Blank Error Message.run(Verify Gambar Produk Blank Error Message:20)
	at com.kms.katalon.core.main.ScriptEngine.run(ScriptEngine.java:194)
	at com.kms.katalon.core.main.ScriptEngine.runScriptAsRawText(ScriptEngine.java:119)
	at com.kms.katalon.core.main.TestCaseExecutor.runScript(TestCaseExecutor.java:448)
	at com.kms.katalon.core.main.TestCaseExecutor.doExecute(TestCaseExecutor.java:439)
	at com.kms.katalon.core.main.TestCaseExecutor.processExecutionPhase(TestCaseExecutor.java:418)
	at com.kms.katalon.core.main.TestCaseExecutor.accessMainPhase(TestCaseExecutor.java:410)
	at com.kms.katalon.core.main.TestCaseExecutor.execute(TestCaseExecutor.java:285)
	at com.kms.katalon.core.main.TestCaseMain.runTestCase(TestCaseMain.java:144)
	at com.kms.katalon.core.keyword.builtin.CallTestCaseKeyword$_callTestCase_closure1.doCall(CallTestCaseKeyword.groovy:59)
	at com.kms.katalon.core.keyword.builtin.CallTestCaseKeyword$_callTestCase_closure1.call(CallTestCaseKeyword.groovy)
	at com.kms.katalon.core.keyword.internal.KeywordMain.runKeyword(KeywordMain.groovy:75)
	at com.kms.katalon.core.keyword.builtin.CallTestCaseKeyword.callTestCase(CallTestCaseKeyword.groovy:81)
	at com.kms.katalon.core.keyword.builtin.CallTestCaseKeyword.execute(CallTestCaseKeyword.groovy:44)
	at com.kms.katalon.core.keyword.internal.KeywordExecutor.executeKeywordForPlatform(KeywordExecutor.groovy:74)
	at com.kms.katalon.core.keyword.BuiltinKeywords.callTestCase(BuiltinKeywords.groovy:334)
	at ADDP07 - Add Product without input Gambar Produk field.run(ADDP07 - Add Product without input Gambar Produk field:43)
	at com.kms.katalon.core.main.ScriptEngine.run(ScriptEngine.java:194)
	at com.kms.katalon.core.main.ScriptEngine.runScriptAsRawText(ScriptEngine.java:119)
	at com.kms.katalon.core.main.TestCaseExecutor.runScript(TestCaseExecutor.java:448)
	at com.kms.katalon.core.main.TestCaseExecutor.doExecute(TestCaseExecutor.java:439)
	at com.kms.katalon.core.main.TestCaseExecutor.processExecutionPhase(TestCaseExecutor.java:418)
	at com.kms.katalon.core.main.TestCaseExecutor.accessMainPhase(TestCaseExecutor.java:410)
	at com.kms.katalon.core.main.TestCaseExecutor.execute(TestCaseExecutor.java:285)
	at com.kms.katalon.core.common.CommonExecutor.accessTestCaseMainPhase(CommonExecutor.java:65)
	at com.kms.katalon.core.main.TestSuiteExecutor.accessTestSuiteMainPhase(TestSuiteExecutor.java:148)
	at com.kms.katalon.core.main.TestSuiteExecutor.execute(TestSuiteExecutor.java:106)
	at com.kms.katalon.core.main.TestCaseMain.startTestSuite(TestCaseMain.java:187)
	at com.kms.katalon.core.main.TestCaseMain$startTestSuite$0.call(Unknown Source)
	at TempTestSuite1688380617485.run(TempTestSuite1688380617485.groovy:36)
)
[[ATTACHMENT|E:\\GitRepo\\Katalon\\binarqa-group1-web\\Reports\\20230703_173657\\Feature Add Product - Negative Case\\20230703_173657\\1688380743287.png]]

2023-07-03 17:39:03 - [MESSAGE][FAILED] - Unable to verify object 'Object Repository/Products/Add Product Page/Error Message/div_Image cant be blank' is visible (Root cause: com.kms.katalon.core.exception.StepFailedException: Unable to verify object 'Object Repository/Products/Add Product Page/Error Message/div_Image cant be blank' is visible
	at com.kms.katalon.core.webui.keyword.internal.WebUIKeywordMain.stepFailed(WebUIKeywordMain.groovy:64)
	at com.kms.katalon.core.webui.keyword.internal.WebUIKeywordMain.runKeyword(WebUIKeywordMain.groovy:26)
	at com.kms.katalon.core.webui.keyword.builtin.VerifyElementVisibleKeyword.verifyElementVisible(VerifyElementVisibleKeyword.groovy:97)
	at com.kms.katalon.core.webui.keyword.builtin.VerifyElementVisibleKeyword.execute(VerifyElementVisibleKeyword.groovy:67)
	at com.kms.katalon.core.keyword.internal.KeywordExecutor.executeKeywordForPlatform(KeywordExecutor.groovy:74)
	at com.kms.katalon.core.webui.keyword.WebUiBuiltInKeywords.verifyElementVisible(WebUiBuiltInKeywords.groovy:376)
	at com.kms.katalon.core.webui.keyword.WebUiBuiltInKeywords$verifyElementVisible$7.call(Unknown Source)
	at Verify Gambar Produk Blank Error Message.run(Verify Gambar Produk Blank Error Message:20)
	at com.kms.katalon.core.main.ScriptEngine.run(ScriptEngine.java:194)
	at com.kms.katalon.core.main.ScriptEngine.runScriptAsRawText(ScriptEngine.java:119)
	at com.kms.katalon.core.main.TestCaseExecutor.runScript(TestCaseExecutor.java:448)
	at com.kms.katalon.core.main.TestCaseExecutor.doExecute(TestCaseExecutor.java:439)
	at com.kms.katalon.core.main.TestCaseExecutor.processExecutionPhase(TestCaseExecutor.java:418)
	at com.kms.katalon.core.main.TestCaseExecutor.accessMainPhase(TestCaseExecutor.java:410)
	at com.kms.katalon.core.main.TestCaseExecutor.execute(TestCaseExecutor.java:285)
	at com.kms.katalon.core.main.TestCaseMain.runTestCase(TestCaseMain.java:144)
	at com.kms.katalon.core.keyword.builtin.CallTestCaseKeyword$_callTestCase_closure1.doCall(CallTestCaseKeyword.groovy:59)
	at com.kms.katalon.core.keyword.builtin.CallTestCaseKeyword$_callTestCase_closure1.call(CallTestCaseKeyword.groovy)
	at com.kms.katalon.core.keyword.internal.KeywordMain.runKeyword(KeywordMain.groovy:75)
	at com.kms.katalon.core.keyword.builtin.CallTestCaseKeyword.callTestCase(CallTestCaseKeyword.groovy:81)
	at com.kms.katalon.core.keyword.builtin.CallTestCaseKeyword.execute(CallTestCaseKeyword.groovy:44)
	at com.kms.katalon.core.keyword.internal.KeywordExecutor.executeKeywordForPlatform(KeywordExecutor.groovy:74)
	at com.kms.katalon.core.keyword.BuiltinKeywords.callTestCase(BuiltinKeywords.groovy:334)
	at ADDP07 - Add Product without input Gambar Produk field.run(ADDP07 - Add Product without input Gambar Produk field:43)
	at com.kms.katalon.core.main.ScriptEngine.run(ScriptEngine.java:194)
	at com.kms.katalon.core.main.ScriptEngine.runScriptAsRawText(ScriptEngine.java:119)
	at com.kms.katalon.core.main.TestCaseExecutor.runScript(TestCaseExecutor.java:448)
	at com.kms.katalon.core.main.TestCaseExecutor.doExecute(TestCaseExecutor.java:439)
	at com.kms.katalon.core.main.TestCaseExecutor.processExecutionPhase(TestCaseExecutor.java:418)
	at com.kms.katalon.core.main.TestCaseExecutor.accessMainPhase(TestCaseExecutor.java:410)
	at com.kms.katalon.core.main.TestCaseExecutor.execute(TestCaseExecutor.java:285)
	at com.kms.katalon.core.common.CommonExecutor.accessTestCaseMainPhase(CommonExecutor.java:65)
	at com.kms.katalon.core.main.TestSuiteExecutor.accessTestSuiteMainPhase(TestSuiteExecutor.java:148)
	at com.kms.katalon.core.main.TestSuiteExecutor.execute(TestSuiteExecutor.java:106)
	at com.kms.katalon.core.main.TestCaseMain.startTestSuite(TestCaseMain.java:187)
	at com.kms.katalon.core.main.TestCaseMain$startTestSuite$0.call(Unknown Source)
	at TempTestSuite1688380617485.run(TempTestSuite1688380617485.groovy:36)
Caused by: com.kms.katalon.core.exception.StepFailedException: Web element with id: 'Object Repository/Products/Add Product Page/Error Message/div_Image cant be blank' located by '//div[@class = 'form-text text-danger' and (contains(text(), concat("Image can" , "'" , "t be blank")) or contains(., concat("Image can" , "'" , "t be blank")))]' not found
	at com.kms.katalon.core.webui.keyword.internal.WebUIKeywordMain.stepFailed(WebUIKeywordMain.groovy:64)
	at com.kms.katalon.core.webui.keyword.builtin.VerifyElementVisibleKeyword$_verifyElementVisible_closure1.doCall(VerifyElementVisibleKeyword.groovy:89)
	at com.kms.katalon.core.webui.keyword.builtin.VerifyElementVisibleKeyword$_verifyElementVisible_closure1.call(VerifyElementVisibleKeyword.groovy)
	at com.kms.katalon.core.webui.keyword.internal.WebUIKeywordMain.runKeyword(WebUIKeywordMain.groovy:20)
	... 35 more
)
[[ATTACHMENT|E:\\GitRepo\\Katalon\\binarqa-group1-web\\Reports\\20230703_173657\\Feature Add Product - Negative Case\\20230703_173657\\1688380743392.png]]

2023-07-03 17:39:03 - [MESSAGE][FAILED] - Unable to call Test Case 'Test Cases/Pages/Add Product/Verify Error Message/Verify Gambar Produk Blank Error Message' (Root cause: com.kms.katalon.core.exception.StepFailedException: Call Test Case 'Test Cases/Pages/Add Product/Verify Error Message/Verify Gambar Produk Blank Error Message' failed
	at com.kms.katalon.core.keyword.builtin.CallTestCaseKeyword$_callTestCase_closure1.doCall(CallTestCaseKeyword.groovy:63)
	at com.kms.katalon.core.keyword.builtin.CallTestCaseKeyword$_callTestCase_closure1.call(CallTestCaseKeyword.groovy)
	at com.kms.katalon.core.keyword.internal.KeywordMain.runKeyword(KeywordMain.groovy:75)
	at com.kms.katalon.core.keyword.builtin.CallTestCaseKeyword.callTestCase(CallTestCaseKeyword.groovy:81)
	at com.kms.katalon.core.keyword.builtin.CallTestCaseKeyword.execute(CallTestCaseKeyword.groovy:44)
	at com.kms.katalon.core.keyword.internal.KeywordExecutor.executeKeywordForPlatform(KeywordExecutor.groovy:74)
	at com.kms.katalon.core.keyword.BuiltinKeywords.callTestCase(BuiltinKeywords.groovy:334)
	at ADDP07 - Add Product without input Gambar Produk field.run(ADDP07 - Add Product without input Gambar Produk field:43)
	at com.kms.katalon.core.main.ScriptEngine.run(ScriptEngine.java:194)
	at com.kms.katalon.core.main.ScriptEngine.runScriptAsRawText(ScriptEngine.java:119)
	at com.kms.katalon.core.main.TestCaseExecutor.runScript(TestCaseExecutor.java:448)
	at com.kms.katalon.core.main.TestCaseExecutor.doExecute(TestCaseExecutor.java:439)
	at com.kms.katalon.core.main.TestCaseExecutor.processExecutionPhase(TestCaseExecutor.java:418)
	at com.kms.katalon.core.main.TestCaseExecutor.accessMainPhase(TestCaseExecutor.java:410)
	at com.kms.katalon.core.main.TestCaseExecutor.execute(TestCaseExecutor.java:285)
	at com.kms.katalon.core.common.CommonExecutor.accessTestCaseMainPhase(CommonExecutor.java:65)
	at com.kms.katalon.core.main.TestSuiteExecutor.accessTestSuiteMainPhase(TestSuiteExecutor.java:148)
	at com.kms.katalon.core.main.TestSuiteExecutor.execute(TestSuiteExecutor.java:106)
	at com.kms.katalon.core.main.TestCaseMain.startTestSuite(TestCaseMain.java:187)
	at com.kms.katalon.core.main.TestCaseMain$startTestSuite$0.call(Unknown Source)
	at TempTestSuite1688380617485.run(TempTestSuite1688380617485.groovy:36)
Caused by: com.kms.katalon.core.exception.StepFailedException: Unable to verify object 'Object Repository/Products/Add Product Page/Error Message/div_Image cant be blank' is visible
	at com.kms.katalon.core.webui.keyword.internal.WebUIKeywordMain.stepFailed(WebUIKeywordMain.groovy:64)
	at com.kms.katalon.core.webui.keyword.internal.WebUIKeywordMain.runKeyword(WebUIKeywordMain.groovy:26)
	at com.kms.katalon.core.webui.keyword.builtin.VerifyElementVisibleKeyword.verifyElementVisible(VerifyElementVisibleKeyword.groovy:97)
	at com.kms.katalon.core.webui.keyword.builtin.VerifyElementVisibleKeyword.execute(VerifyElementVisibleKeyword.groovy:67)
	at com.kms.katalon.core.keyword.internal.KeywordExecutor.executeKeywordForPlatform(KeywordExecutor.groovy:74)
	at com.kms.katalon.core.webui.keyword.WebUiBuiltInKeywords.verifyElementVisible(WebUiBuiltInKeywords.groovy:376)
	at com.kms.katalon.core.webui.keyword.WebUiBuiltInKeywords$verifyElementVisible$7.call(Unknown Source)
	at Verify Gambar Produk Blank Error Message.run(Verify Gambar Produk Blank Error Message:20)
	at com.kms.katalon.core.main.ScriptEngine.run(ScriptEngine.java:194)
	at com.kms.katalon.core.main.ScriptEngine.runScriptAsRawText(ScriptEngine.java:119)
	at com.kms.katalon.core.main.TestCaseExecutor.runScript(TestCaseExecutor.java:448)
	at com.kms.katalon.core.main.TestCaseExecutor.doExecute(TestCaseExecutor.java:439)
	at com.kms.katalon.core.main.TestCaseExecutor.processExecutionPhase(TestCaseExecutor.java:418)
	at com.kms.katalon.core.main.TestCaseExecutor.accessMainPhase(TestCaseExecutor.java:410)
	at com.kms.katalon.core.main.TestCaseExecutor.execute(TestCaseExecutor.java:285)
	at com.kms.katalon.core.main.TestCaseMain.runTestCase(TestCaseMain.java:144)
	at com.kms.katalon.core.keyword.builtin.CallTestCaseKeyword$_callTestCase_closure1.doCall(CallTestCaseKeyword.groovy:59)
	... 20 more
Caused by: com.kms.katalon.core.exception.StepFailedException: Web element with id: 'Object Repository/Products/Add Product Page/Error Message/div_Image cant be blank' located by '//div[@class = 'form-text text-danger' and (contains(text(), concat("Image can" , "'" , "t be blank")) or contains(., concat("Image can" , "'" , "t be blank")))]' not found
	at com.kms.katalon.core.webui.keyword.internal.WebUIKeywordMain.stepFailed(WebUIKeywordMain.groovy:64)
	at com.kms.katalon.core.webui.keyword.builtin.VerifyElementVisibleKeyword$_verifyElementVisible_closure1.doCall(VerifyElementVisibleKeyword.groovy:89)
	at com.kms.katalon.core.webui.keyword.builtin.VerifyElementVisibleKeyword$_verifyElementVisible_closure1.call(VerifyElementVisibleKeyword.groovy)
	at com.kms.katalon.core.webui.keyword.internal.WebUIKeywordMain.runKeyword(WebUIKeywordMain.groovy:20)
	... 35 more
)

2023-07-03 17:39:03 - [TEST_STEP][PASSED] - Start listener action : AfterTestCase: Browser is closed

2023-07-03 17:39:03 - [TEST_STEP][PASSED] - logInfo("Test Case: " + testCaseContext.getTestCaseId() + " | " + testCaseContext.getTestCaseStatus()): Test Case: Test Cases/Step Definition/Feature Add Product/ADDP07 - Add Product without input Gambar Produk field | FAILED

2023-07-03 17:39:03 - [MESSAGE][INFO] - Test Case: Test Cases/Step Definition/Feature Add Product/ADDP07 - Add Product without input Gambar Produk field | FAILED

2023-07-03 17:39:03 - [TEST_STEP][PASSED] - closeBrowser(): null

2023-07-03 17:39:03 - [TEST_STEP][PASSED] - closeBrowser(): Browser is closed

2023-07-03 17:39:04 - [MESSAGE][PASSED] - Browser is closed]]></system-out>
         <system-err><![CDATA[2023-07-03 17:38:16 - [TEST_CASE][FAILED] - Test Cases/Step Definition/Feature Add Product/ADDP07 - Add Product without input Gambar Produk field: Test Cases/Step Definition/Feature Add Product/ADDP07 - Add Product without input Gambar Produk field FAILED.
Reason:
com.kms.katalon.core.exception.StepFailedException: Call Test Case 'Test Cases/Pages/Add Product/Verify Error Message/Verify Gambar Produk Blank Error Message' failed
	at com.kms.katalon.core.keyword.builtin.CallTestCaseKeyword$_callTestCase_closure1.doCall(CallTestCaseKeyword.groovy:63)
	at com.kms.katalon.core.keyword.builtin.CallTestCaseKeyword$_callTestCase_closure1.call(CallTestCaseKeyword.groovy)
	at com.kms.katalon.core.keyword.internal.KeywordMain.runKeyword(KeywordMain.groovy:75)
	at com.kms.katalon.core.keyword.builtin.CallTestCaseKeyword.callTestCase(CallTestCaseKeyword.groovy:81)
	at com.kms.katalon.core.keyword.builtin.CallTestCaseKeyword.execute(CallTestCaseKeyword.groovy:44)
	at com.kms.katalon.core.keyword.internal.KeywordExecutor.executeKeywordForPlatform(KeywordExecutor.groovy:74)
	at com.kms.katalon.core.keyword.BuiltinKeywords.callTestCase(BuiltinKeywords.groovy:334)
	at ADDP07 - Add Product without input Gambar Produk field.run(ADDP07 - Add Product without input Gambar Produk field:43)
	at com.kms.katalon.core.main.ScriptEngine.run(ScriptEngine.java:194)
	at com.kms.katalon.core.main.ScriptEngine.runScriptAsRawText(ScriptEngine.java:119)
	at com.kms.katalon.core.main.TestCaseExecutor.runScript(TestCaseExecutor.java:448)
	at com.kms.katalon.core.main.TestCaseExecutor.doExecute(TestCaseExecutor.java:439)
	at com.kms.katalon.core.main.TestCaseExecutor.processExecutionPhase(TestCaseExecutor.java:418)
	at com.kms.katalon.core.main.TestCaseExecutor.accessMainPhase(TestCaseExecutor.java:410)
	at com.kms.katalon.core.main.TestCaseExecutor.execute(TestCaseExecutor.java:285)
	at com.kms.katalon.core.common.CommonExecutor.accessTestCaseMainPhase(CommonExecutor.java:65)
	at com.kms.katalon.core.main.TestSuiteExecutor.accessTestSuiteMainPhase(TestSuiteExecutor.java:148)
	at com.kms.katalon.core.main.TestSuiteExecutor.execute(TestSuiteExecutor.java:106)
	at com.kms.katalon.core.main.TestCaseMain.startTestSuite(TestCaseMain.java:187)
	at com.kms.katalon.core.main.TestCaseMain$startTestSuite$0.call(Unknown Source)
	at TempTestSuite1688380617485.run(TempTestSuite1688380617485.groovy:36)
Caused by: com.kms.katalon.core.exception.StepFailedException: Unable to verify object 'Object Repository/Products/Add Product Page/Error Message/div_Image cant be blank' is visible
	at com.kms.katalon.core.webui.keyword.internal.WebUIKeywordMain.stepFailed(WebUIKeywordMain.groovy:64)
	at com.kms.katalon.core.webui.keyword.internal.WebUIKeywordMain.runKeyword(WebUIKeywordMain.groovy:26)
	at com.kms.katalon.core.webui.keyword.builtin.VerifyElementVisibleKeyword.verifyElementVisible(VerifyElementVisibleKeyword.groovy:97)
	at com.kms.katalon.core.webui.keyword.builtin.VerifyElementVisibleKeyword.execute(VerifyElementVisibleKeyword.groovy:67)
	at com.kms.katalon.core.keyword.internal.KeywordExecutor.executeKeywordForPlatform(KeywordExecutor.groovy:74)
	at com.kms.katalon.core.webui.keyword.WebUiBuiltInKeywords.verifyElementVisible(WebUiBuiltInKeywords.groovy:376)
	at com.kms.katalon.core.webui.keyword.WebUiBuiltInKeywords$verifyElementVisible$7.call(Unknown Source)
	at Verify Gambar Produk Blank Error Message.run(Verify Gambar Produk Blank Error Message:20)
	at com.kms.katalon.core.main.ScriptEngine.run(ScriptEngine.java:194)
	at com.kms.katalon.core.main.ScriptEngine.runScriptAsRawText(ScriptEngine.java:119)
	at com.kms.katalon.core.main.TestCaseExecutor.runScript(TestCaseExecutor.java:448)
	at com.kms.katalon.core.main.TestCaseExecutor.doExecute(TestCaseExecutor.java:439)
	at com.kms.katalon.core.main.TestCaseExecutor.processExecutionPhase(TestCaseExecutor.java:418)
	at com.kms.katalon.core.main.TestCaseExecutor.accessMainPhase(TestCaseExecutor.java:410)
	at com.kms.katalon.core.main.TestCaseExecutor.execute(TestCaseExecutor.java:285)
	at com.kms.katalon.core.main.TestCaseMain.runTestCase(TestCaseMain.java:144)
	at com.kms.katalon.core.keyword.builtin.CallTestCaseKeyword$_callTestCase_closure1.doCall(CallTestCaseKeyword.groovy:59)
	... 20 more
Caused by: com.kms.katalon.core.exception.StepFailedException: Web element with id: 'Object Repository/Products/Add Product Page/Error Message/div_Image cant be blank' located by '//div[@class = 'form-text text-danger' and (contains(text(), concat("Image can" , "'" , "t be blank")) or contains(., concat("Image can" , "'" , "t be blank")))]' not found
	at com.kms.katalon.core.webui.keyword.internal.WebUIKeywordMain.stepFailed(WebUIKeywordMain.groovy:64)
	at com.kms.katalon.core.webui.keyword.builtin.VerifyElementVisibleKeyword$_verifyElementVisible_closure1.doCall(VerifyElementVisibleKeyword.groovy:89)
	at com.kms.katalon.core.webui.keyword.builtin.VerifyElementVisibleKeyword$_verifyElementVisible_closure1.call(VerifyElementVisibleKeyword.groovy)
	at com.kms.katalon.core.webui.keyword.internal.WebUIKeywordMain.runKeyword(WebUIKeywordMain.groovy:20)
	... 35 more]]></system-err>
      </testcase>
      <testcase name="Test Cases/Step Definition/Feature Add Product/ADDP08 - Add Product with Input Negative Value in Harga Produk Field" time="49.832" classname="Test Cases/Step Definition/Feature Add Product/ADDP08 - Add Product with Input Negative Value in Harga Produk Field" status="FAILED">
         <failure type="FAILED" message="Test Cases/Step Definition/Feature Add Product/ADDP08 - Add Product with Input Negative Value in Harga Produk Field FAILED.
Reason:
com.kms.katalon.core.exception.StepFailedException: Call Test Case 'Test Cases/Pages/Add Product/Verify Error Message/Verify Harga Produk Negative Error Message' failed
	at com.kms.katalon.core.keyword.builtin.CallTestCaseKeyword$_callTestCase_closure1.doCall(CallTestCaseKeyword.groovy:63)
	at com.kms.katalon.core.keyword.builtin.CallTestCaseKeyword$_callTestCase_closure1.call(CallTestCaseKeyword.groovy)
	at com.kms.katalon.core.keyword.internal.KeywordMain.runKeyword(KeywordMain.groovy:75)
	at com.kms.katalon.core.keyword.builtin.CallTestCaseKeyword.callTestCase(CallTestCaseKeyword.groovy:81)
	at com.kms.katalon.core.keyword.builtin.CallTestCaseKeyword.execute(CallTestCaseKeyword.groovy:44)
	at com.kms.katalon.core.keyword.internal.KeywordExecutor.executeKeywordForPlatform(KeywordExecutor.groovy:74)
	at com.kms.katalon.core.keyword.BuiltinKeywords.callTestCase(BuiltinKeywords.groovy:334)
	at ADDP08 - Add Product with Input Negative Value in Harga Produk Field.run(ADDP08 - Add Product with Input Negative Value in Harga Produk Field:46)
	at com.kms.katalon.core.main.ScriptEngine.run(ScriptEngine.java:194)
	at com.kms.katalon.core.main.ScriptEngine.runScriptAsRawText(ScriptEngine.java:119)
	at com.kms.katalon.core.main.TestCaseExecutor.runScript(TestCaseExecutor.java:448)
	at com.kms.katalon.core.main.TestCaseExecutor.doExecute(TestCaseExecutor.java:439)
	at com.kms.katalon.core.main.TestCaseExecutor.processExecutionPhase(TestCaseExecutor.java:418)
	at com.kms.katalon.core.main.TestCaseExecutor.accessMainPhase(TestCaseExecutor.java:410)
	at com.kms.katalon.core.main.TestCaseExecutor.execute(TestCaseExecutor.java:285)
	at com.kms.katalon.core.common.CommonExecutor.accessTestCaseMainPhase(CommonExecutor.java:65)
	at com.kms.katalon.core.main.TestSuiteExecutor.accessTestSuiteMainPhase(TestSuiteExecutor.java:148)
	at com.kms.katalon.core.main.TestSuiteExecutor.execute(TestSuiteExecutor.java:106)
	at com.kms.katalon.core.main.TestCaseMain.startTestSuite(TestCaseMain.java:187)
	at com.kms.katalon.core.main.TestCaseMain$startTestSuite$0.call(Unknown Source)
	at TempTestSuite1688380617485.run(TempTestSuite1688380617485.groovy:36)
Caused by: com.kms.katalon.core.exception.StepFailedException: Unable to verify object 'Object Repository/Products/Add Product Page/Error Message/div_Price cant be blank' is visible
	at com.kms.katalon.core.webui.keyword.internal.WebUIKeywordMain.stepFailed(WebUIKeywordMain.groovy:64)
	at com.kms.katalon.core.webui.keyword.internal.WebUIKeywordMain.runKeyword(WebUIKeywordMain.groovy:26)
	at com.kms.katalon.core.webui.keyword.builtin.VerifyElementVisibleKeyword.verifyElementVisible(VerifyElementVisibleKeyword.groovy:97)
	at com.kms.katalon.core.webui.keyword.builtin.VerifyElementVisibleKeyword.execute(VerifyElementVisibleKeyword.groovy:67)
	at com.kms.katalon.core.keyword.internal.KeywordExecutor.executeKeywordForPlatform(KeywordExecutor.groovy:74)
	at com.kms.katalon.core.webui.keyword.WebUiBuiltInKeywords.verifyElementVisible(WebUiBuiltInKeywords.groovy:376)
	at com.kms.katalon.core.webui.keyword.WebUiBuiltInKeywords$verifyElementVisible$7.call(Unknown Source)
	at Verify Harga Produk Negative Error Message.run(Verify Harga Produk Negative Error Message:20)
	at com.kms.katalon.core.main.ScriptEngine.run(ScriptEngine.java:194)
	at com.kms.katalon.core.main.ScriptEngine.runScriptAsRawText(ScriptEngine.java:119)
	at com.kms.katalon.core.main.TestCaseExecutor.runScript(TestCaseExecutor.java:448)
	at com.kms.katalon.core.main.TestCaseExecutor.doExecute(TestCaseExecutor.java:439)
	at com.kms.katalon.core.main.TestCaseExecutor.processExecutionPhase(TestCaseExecutor.java:418)
	at com.kms.katalon.core.main.TestCaseExecutor.accessMainPhase(TestCaseExecutor.java:410)
	at com.kms.katalon.core.main.TestCaseExecutor.execute(TestCaseExecutor.java:285)
	at com.kms.katalon.core.main.TestCaseMain.runTestCase(TestCaseMain.java:144)
	at com.kms.katalon.core.keyword.builtin.CallTestCaseKeyword$_callTestCase_closure1.doCall(CallTestCaseKeyword.groovy:59)
	... 20 more
Caused by: com.kms.katalon.core.exception.StepFailedException: Web element with id: 'Object Repository/Products/Add Product Page/Error Message/div_Price cant be blank' located by '//div[@class = 'form-text text-danger' and (contains(text(), concat(&quot;Price can&quot; , &quot;'&quot; , &quot;t be blank&quot;)) or contains(., concat(&quot;Price can&quot; , &quot;'&quot; , &quot;t be blank&quot;)))]' not found
	at com.kms.katalon.core.webui.keyword.internal.WebUIKeywordMain.stepFailed(WebUIKeywordMain.groovy:64)
	at com.kms.katalon.core.webui.keyword.builtin.VerifyElementVisibleKeyword$_verifyElementVisible_closure1.doCall(VerifyElementVisibleKeyword.groovy:89)
	at com.kms.katalon.core.webui.keyword.builtin.VerifyElementVisibleKeyword$_verifyElementVisible_closure1.call(VerifyElementVisibleKeyword.groovy)
	at com.kms.katalon.core.webui.keyword.internal.WebUIKeywordMain.runKeyword(WebUIKeywordMain.groovy:20)
	... 35 more
"/>
         <system-out><![CDATA[2023-07-03 17:39:04 - [TEST_CASE][FAILED] - Test Cases/Step Definition/Feature Add Product/ADDP08 - Add Product with Input Negative Value in Harga Produk Field: Test Cases/Step Definition/Feature Add Product/ADDP08 - Add Product with Input Negative Value in Harga Produk Field FAILED.
Reason:
com.kms.katalon.core.exception.StepFailedException: Call Test Case 'Test Cases/Pages/Add Product/Verify Error Message/Verify Harga Produk Negative Error Message' failed
	at com.kms.katalon.core.keyword.builtin.CallTestCaseKeyword$_callTestCase_closure1.doCall(CallTestCaseKeyword.groovy:63)
	at com.kms.katalon.core.keyword.builtin.CallTestCaseKeyword$_callTestCase_closure1.call(CallTestCaseKeyword.groovy)
	at com.kms.katalon.core.keyword.internal.KeywordMain.runKeyword(KeywordMain.groovy:75)
	at com.kms.katalon.core.keyword.builtin.CallTestCaseKeyword.callTestCase(CallTestCaseKeyword.groovy:81)
	at com.kms.katalon.core.keyword.builtin.CallTestCaseKeyword.execute(CallTestCaseKeyword.groovy:44)
	at com.kms.katalon.core.keyword.internal.KeywordExecutor.executeKeywordForPlatform(KeywordExecutor.groovy:74)
	at com.kms.katalon.core.keyword.BuiltinKeywords.callTestCase(BuiltinKeywords.groovy:334)
	at ADDP08 - Add Product with Input Negative Value in Harga Produk Field.run(ADDP08 - Add Product with Input Negative Value in Harga Produk Field:46)
	at com.kms.katalon.core.main.ScriptEngine.run(ScriptEngine.java:194)
	at com.kms.katalon.core.main.ScriptEngine.runScriptAsRawText(ScriptEngine.java:119)
	at com.kms.katalon.core.main.TestCaseExecutor.runScript(TestCaseExecutor.java:448)
	at com.kms.katalon.core.main.TestCaseExecutor.doExecute(TestCaseExecutor.java:439)
	at com.kms.katalon.core.main.TestCaseExecutor.processExecutionPhase(TestCaseExecutor.java:418)
	at com.kms.katalon.core.main.TestCaseExecutor.accessMainPhase(TestCaseExecutor.java:410)
	at com.kms.katalon.core.main.TestCaseExecutor.execute(TestCaseExecutor.java:285)
	at com.kms.katalon.core.common.CommonExecutor.accessTestCaseMainPhase(CommonExecutor.java:65)
	at com.kms.katalon.core.main.TestSuiteExecutor.accessTestSuiteMainPhase(TestSuiteExecutor.java:148)
	at com.kms.katalon.core.main.TestSuiteExecutor.execute(TestSuiteExecutor.java:106)
	at com.kms.katalon.core.main.TestCaseMain.startTestSuite(TestCaseMain.java:187)
	at com.kms.katalon.core.main.TestCaseMain$startTestSuite$0.call(Unknown Source)
	at TempTestSuite1688380617485.run(TempTestSuite1688380617485.groovy:36)
Caused by: com.kms.katalon.core.exception.StepFailedException: Unable to verify object 'Object Repository/Products/Add Product Page/Error Message/div_Price cant be blank' is visible
	at com.kms.katalon.core.webui.keyword.internal.WebUIKeywordMain.stepFailed(WebUIKeywordMain.groovy:64)
	at com.kms.katalon.core.webui.keyword.internal.WebUIKeywordMain.runKeyword(WebUIKeywordMain.groovy:26)
	at com.kms.katalon.core.webui.keyword.builtin.VerifyElementVisibleKeyword.verifyElementVisible(VerifyElementVisibleKeyword.groovy:97)
	at com.kms.katalon.core.webui.keyword.builtin.VerifyElementVisibleKeyword.execute(VerifyElementVisibleKeyword.groovy:67)
	at com.kms.katalon.core.keyword.internal.KeywordExecutor.executeKeywordForPlatform(KeywordExecutor.groovy:74)
	at com.kms.katalon.core.webui.keyword.WebUiBuiltInKeywords.verifyElementVisible(WebUiBuiltInKeywords.groovy:376)
	at com.kms.katalon.core.webui.keyword.WebUiBuiltInKeywords$verifyElementVisible$7.call(Unknown Source)
	at Verify Harga Produk Negative Error Message.run(Verify Harga Produk Negative Error Message:20)
	at com.kms.katalon.core.main.ScriptEngine.run(ScriptEngine.java:194)
	at com.kms.katalon.core.main.ScriptEngine.runScriptAsRawText(ScriptEngine.java:119)
	at com.kms.katalon.core.main.TestCaseExecutor.runScript(TestCaseExecutor.java:448)
	at com.kms.katalon.core.main.TestCaseExecutor.doExecute(TestCaseExecutor.java:439)
	at com.kms.katalon.core.main.TestCaseExecutor.processExecutionPhase(TestCaseExecutor.java:418)
	at com.kms.katalon.core.main.TestCaseExecutor.accessMainPhase(TestCaseExecutor.java:410)
	at com.kms.katalon.core.main.TestCaseExecutor.execute(TestCaseExecutor.java:285)
	at com.kms.katalon.core.main.TestCaseMain.runTestCase(TestCaseMain.java:144)
	at com.kms.katalon.core.keyword.builtin.CallTestCaseKeyword$_callTestCase_closure1.doCall(CallTestCaseKeyword.groovy:59)
	... 20 more
Caused by: com.kms.katalon.core.exception.StepFailedException: Web element with id: 'Object Repository/Products/Add Product Page/Error Message/div_Price cant be blank' located by '//div[@class = 'form-text text-danger' and (contains(text(), concat("Price can" , "'" , "t be blank")) or contains(., concat("Price can" , "'" , "t be blank")))]' not found
	at com.kms.katalon.core.webui.keyword.internal.WebUIKeywordMain.stepFailed(WebUIKeywordMain.groovy:64)
	at com.kms.katalon.core.webui.keyword.builtin.VerifyElementVisibleKeyword$_verifyElementVisible_closure1.doCall(VerifyElementVisibleKeyword.groovy:89)
	at com.kms.katalon.core.webui.keyword.builtin.VerifyElementVisibleKeyword$_verifyElementVisible_closure1.call(VerifyElementVisibleKeyword.groovy)
	at com.kms.katalon.core.webui.keyword.internal.WebUIKeywordMain.runKeyword(WebUIKeywordMain.groovy:20)
	... 35 more


2023-07-03 17:39:04 - [TEST_STEP][PASSED] - Start listener action : BeforeTestCase: Current window maximized

2023-07-03 17:39:04 - [TEST_STEP][PASSED] - logInfo("Test Case: " + testCaseContext.getTestCaseId()): Test Case: Test Cases/Step Definition/Feature Add Product/ADDP08 - Add Product with Input Negative Value in Harga Produk Field

2023-07-03 17:39:04 - [MESSAGE][INFO] - Test Case: Test Cases/Step Definition/Feature Add Product/ADDP08 - Add Product with Input Negative Value in Harga Produk Field

2023-07-03 17:39:04 - [TEST_STEP][PASSED] - openBrowser(): null

2023-07-03 17:39:04 - [TEST_STEP][PASSED] - openBrowser("https://secondhand.binaracademy.org/"): Browser is opened with url: 'https://secondhand.binaracademy.org/'

2023-07-03 17:39:04 - [MESSAGE][INFO] - Starting 'Chrome' driver

2023-07-03 17:39:04 - [MESSAGE][INFO] - Action delay is set to 0 milliseconds

2023-07-03 17:39:06 - [MESSAGE][PASSED] - Browser is opened with url: 'https://secondhand.binaracademy.org/'

2023-07-03 17:39:06 - [TEST_STEP][PASSED] - maximizeWindow(): Current window maximized

2023-07-03 17:39:06 - [MESSAGE][PASSED] - Current window maximized

2023-07-03 17:39:06 - [TEST_STEP][PASSED] - callTestCase(findTestCase("Pages/Homepage/Click Masuk from homepage"), [:], STOP_ON_FAILURE): Call Test Case 'Test Cases/Pages/Homepage/Click Masuk from homepage' successfully

2023-07-03 17:39:06 - [TEST_CASE][PASSED] - Test Cases/Pages/Homepage/Click Masuk from homepage: Test Cases/Pages/Homepage/Click Masuk from homepage

2023-07-03 17:39:06 - [TEST_STEP][PASSED] - click(findTestObject("Navbar/a_Masuk")): Object: 'Object Repository/Navbar/a_Masuk' is clicked on

2023-07-03 17:39:07 - [MESSAGE][PASSED] - Object: 'Object Repository/Navbar/a_Masuk' is clicked on

2023-07-03 17:39:07 - [MESSAGE][PASSED] - Call Test Case 'Test Cases/Pages/Homepage/Click Masuk from homepage' successfully

2023-07-03 17:39:07 - [TEST_STEP][PASSED] - callTestCase(findTestCase("Pages/Login/Input Email"), ["email":"prabotanpreloved@mytestmail.net"], STOP_ON_FAILURE): Call Test Case 'Test Cases/Pages/Login/Input Email' successfully

2023-07-03 17:39:07 - [TEST_CASE][PASSED] - Test Cases/Pages/Login/Input Email: Test Cases/Pages/Login/Input Email

2023-07-03 17:39:07 - [TEST_STEP][PASSED] - setText(findTestObject("Login/input_Email"), email): Text 'prabotanpreloved@mytestmail.net' is set on object 'Object Repository/Login/input_Email'

2023-07-03 17:39:08 - [MESSAGE][PASSED] - Text 'prabotanpreloved@mytestmail.net' is set on object 'Object Repository/Login/input_Email'

2023-07-03 17:39:08 - [MESSAGE][PASSED] - Call Test Case 'Test Cases/Pages/Login/Input Email' successfully

2023-07-03 17:39:08 - [TEST_STEP][PASSED] - callTestCase(findTestCase("Pages/Login/Input Password"), ["password":"a1b2c3d4"], STOP_ON_FAILURE): Call Test Case 'Test Cases/Pages/Login/Input Password' successfully

2023-07-03 17:39:08 - [TEST_CASE][PASSED] - Test Cases/Pages/Login/Input Password: Test Cases/Pages/Login/Input Password

2023-07-03 17:39:08 - [TEST_STEP][PASSED] - setText(findTestObject("Login/input_Password"), password): Text 'a1b2c3d4' is set on object 'Object Repository/Login/input_Password'

2023-07-03 17:39:09 - [MESSAGE][PASSED] - Text 'a1b2c3d4' is set on object 'Object Repository/Login/input_Password'

2023-07-03 17:39:09 - [MESSAGE][PASSED] - Call Test Case 'Test Cases/Pages/Login/Input Password' successfully

2023-07-03 17:39:09 - [TEST_STEP][PASSED] - callTestCase(findTestCase("Pages/Login/Click Button Masuk"), [:], STOP_ON_FAILURE): Call Test Case 'Test Cases/Pages/Login/Click Button Masuk' successfully

2023-07-03 17:39:09 - [TEST_CASE][PASSED] - Test Cases/Pages/Login/Click Button Masuk: Test Cases/Pages/Login/Click Button Masuk

2023-07-03 17:39:09 - [TEST_STEP][PASSED] - click(findTestObject("Login/button_Masuk")): Object: 'Object Repository/Login/button_Masuk' is clicked on

2023-07-03 17:39:09 - [MESSAGE][PASSED] - Object: 'Object Repository/Login/button_Masuk' is clicked on

2023-07-03 17:39:09 - [TEST_STEP][PASSED] - waitForPageLoad(5): Wait for page load successfully

2023-07-03 17:39:09 - [MESSAGE][PASSED] - Wait for page load successfully

2023-07-03 17:39:09 - [MESSAGE][PASSED] - Call Test Case 'Test Cases/Pages/Login/Click Button Masuk' successfully

2023-07-03 17:39:09 - [TEST_STEP][PASSED] - callTestCase(findTestCase("Pages/Homepage/Click Jual Floating Button"), [:], STOP_ON_FAILURE): Call Test Case 'Test Cases/Pages/Homepage/Click Jual Floating Button' successfully

2023-07-03 17:39:09 - [TEST_CASE][PASSED] - Test Cases/Pages/Homepage/Click Jual Floating Button: Test Cases/Pages/Homepage/Click Jual Floating Button

2023-07-03 17:39:09 - [TEST_STEP][PASSED] - click(findTestObject("Homepage/a_Button Jual")): Object: 'Object Repository/Homepage/a_Button Jual' is clicked on

2023-07-03 17:39:11 - [MESSAGE][PASSED] - Object: 'Object Repository/Homepage/a_Button Jual' is clicked on

2023-07-03 17:39:11 - [MESSAGE][PASSED] - Call Test Case 'Test Cases/Pages/Homepage/Click Jual Floating Button' successfully

2023-07-03 17:39:11 - [TEST_STEP][PASSED] - callTestCase(findTestCase("Pages/Add Product/Verify Add Product Form"), [:], STOP_ON_FAILURE): Call Test Case 'Test Cases/Pages/Add Product/Verify Add Product Form' successfully

2023-07-03 17:39:11 - [TEST_CASE][PASSED] - Test Cases/Pages/Add Product/Verify Add Product Form: Test Cases/Pages/Add Product/Verify Add Product Form

2023-07-03 17:39:11 - [TEST_STEP][PASSED] - verifyElementPresent(findTestObject("Products/Add Product Page/input_Nama Produk"), 0): Object 'Object Repository/Products/Add Product Page/input_Nama Produk' is present

2023-07-03 17:39:11 - [MESSAGE][WARNING] - Timeout '0' is invalid. Using default page load timeout: '30'

2023-07-03 17:39:11 - [MESSAGE][PASSED] - Object 'Object Repository/Products/Add Product Page/input_Nama Produk' is present

2023-07-03 17:39:11 - [TEST_STEP][PASSED] - verifyElementPresent(findTestObject("Products/Add Product Page/input_Harga Produk"), 0): Object 'Object Repository/Products/Add Product Page/input_Harga Produk' is present

2023-07-03 17:39:11 - [MESSAGE][WARNING] - Timeout '0' is invalid. Using default page load timeout: '30'

2023-07-03 17:39:12 - [MESSAGE][PASSED] - Object 'Object Repository/Products/Add Product Page/input_Harga Produk' is present

2023-07-03 17:39:12 - [TEST_STEP][PASSED] - verifyElementPresent(findTestObject("Products/Add Product Page/select_Kategori"), 0): Object 'Object Repository/Products/Add Product Page/select_Kategori' is present

2023-07-03 17:39:12 - [MESSAGE][WARNING] - Timeout '0' is invalid. Using default page load timeout: '30'

2023-07-03 17:39:12 - [MESSAGE][PASSED] - Object 'Object Repository/Products/Add Product Page/select_Kategori' is present

2023-07-03 17:39:12 - [TEST_STEP][PASSED] - verifyElementPresent(findTestObject("Products/Add Product Page/textarea_Deskripsi"), 0): Object 'Object Repository/Products/Add Product Page/textarea_Deskripsi' is present

2023-07-03 17:39:12 - [MESSAGE][WARNING] - Timeout '0' is invalid. Using default page load timeout: '30'

2023-07-03 17:39:12 - [MESSAGE][PASSED] - Object 'Object Repository/Products/Add Product Page/textarea_Deskripsi' is present

2023-07-03 17:39:12 - [TEST_STEP][PASSED] - verifyElementPresent(findTestObject("Products/Add Product Page/input_Gambar Produk"), 0): Object 'Object Repository/Products/Add Product Page/input_Gambar Produk' is present

2023-07-03 17:39:12 - [MESSAGE][WARNING] - Timeout '0' is invalid. Using default page load timeout: '30'

2023-07-03 17:39:12 - [MESSAGE][PASSED] - Object 'Object Repository/Products/Add Product Page/input_Gambar Produk' is present

2023-07-03 17:39:12 - [TEST_STEP][PASSED] - verifyElementPresent(findTestObject("Products/Add Product Page/label_Button Terbitkan"), 0): Object 'Object Repository/Products/Add Product Page/label_Button Terbitkan' is present

2023-07-03 17:39:12 - [MESSAGE][WARNING] - Timeout '0' is invalid. Using default page load timeout: '30'

2023-07-03 17:39:13 - [MESSAGE][PASSED] - Object 'Object Repository/Products/Add Product Page/label_Button Terbitkan' is present

2023-07-03 17:39:13 - [MESSAGE][PASSED] - Call Test Case 'Test Cases/Pages/Add Product/Verify Add Product Form' successfully

2023-07-03 17:39:13 - [TEST_STEP][PASSED] - callTestCase(findTestCase("Pages/Add Product/Input Nama Produk"), ["namaProduk":"Produk A"], STOP_ON_FAILURE): Call Test Case 'Test Cases/Pages/Add Product/Input Nama Produk' successfully

2023-07-03 17:39:13 - [TEST_CASE][PASSED] - Test Cases/Pages/Add Product/Input Nama Produk: Test Cases/Pages/Add Product/Input Nama Produk

2023-07-03 17:39:13 - [TEST_STEP][PASSED] - setText(findTestObject("Products/Add Product Page/input_Nama Produk"), namaProduk): Text 'Produk A' is set on object 'Object Repository/Products/Add Product Page/input_Nama Produk'

2023-07-03 17:39:13 - [MESSAGE][PASSED] - Text 'Produk A' is set on object 'Object Repository/Products/Add Product Page/input_Nama Produk'

2023-07-03 17:39:13 - [MESSAGE][PASSED] - Call Test Case 'Test Cases/Pages/Add Product/Input Nama Produk' successfully

2023-07-03 17:39:13 - [TEST_STEP][PASSED] - callTestCase(findTestCase("Pages/Add Product/Input Harga Produk"), ["hargaProduk":"-100000"], STOP_ON_FAILURE): Call Test Case 'Test Cases/Pages/Add Product/Input Harga Produk' successfully

2023-07-03 17:39:13 - [TEST_CASE][PASSED] - Test Cases/Pages/Add Product/Input Harga Produk: Test Cases/Pages/Add Product/Input Harga Produk

2023-07-03 17:39:13 - [TEST_STEP][PASSED] - setText(findTestObject("Products/Add Product Page/input_Harga Produk"), hargaProduk): Text '-100000' is set on object 'Object Repository/Products/Add Product Page/input_Harga Produk'

2023-07-03 17:39:14 - [MESSAGE][PASSED] - Text '-100000' is set on object 'Object Repository/Products/Add Product Page/input_Harga Produk'

2023-07-03 17:39:14 - [MESSAGE][PASSED] - Call Test Case 'Test Cases/Pages/Add Product/Input Harga Produk' successfully

2023-07-03 17:39:14 - [TEST_STEP][PASSED] - callTestCase(findTestCase("Pages/Add Product/Input Kategori Produk"), ["kategoriProduk":"Kesehatan"], STOP_ON_FAILURE): Call Test Case 'Test Cases/Pages/Add Product/Input Kategori Produk' successfully

2023-07-03 17:39:14 - [TEST_CASE][PASSED] - Test Cases/Pages/Add Product/Input Kategori Produk: Test Cases/Pages/Add Product/Input Kategori Produk

2023-07-03 17:39:14 - [TEST_STEP][PASSED] - selectOptionByLabel(findTestObject("Products/Add Product Page/select_Kategori"), kategoriProduk, false): All options with label 'Kesehatan' are selected in object 'Object Repository/Products/Add Product Page/select_Kategori' 

2023-07-03 17:39:15 - [MESSAGE][PASSED] - All options with label 'Kesehatan' are selected in object 'Object Repository/Products/Add Product Page/select_Kategori' 

2023-07-03 17:39:15 - [MESSAGE][PASSED] - Call Test Case 'Test Cases/Pages/Add Product/Input Kategori Produk' successfully

2023-07-03 17:39:15 - [TEST_STEP][PASSED] - callTestCase(findTestCase("Pages/Add Product/Input Deskripsi Produk"), ["deskripsiProduk":"Deskripsi Produk A"], STOP_ON_FAILURE): Call Test Case 'Test Cases/Pages/Add Product/Input Deskripsi Produk' successfully

2023-07-03 17:39:15 - [TEST_CASE][PASSED] - Test Cases/Pages/Add Product/Input Deskripsi Produk: Test Cases/Pages/Add Product/Input Deskripsi Produk

2023-07-03 17:39:15 - [TEST_STEP][PASSED] - setText(findTestObject("Products/Add Product Page/textarea_Deskripsi"), deskripsiProduk): Text 'Deskripsi Produk A' is set on object 'Object Repository/Products/Add Product Page/textarea_Deskripsi'

2023-07-03 17:39:16 - [MESSAGE][PASSED] - Text 'Deskripsi Produk A' is set on object 'Object Repository/Products/Add Product Page/textarea_Deskripsi'

2023-07-03 17:39:16 - [MESSAGE][PASSED] - Call Test Case 'Test Cases/Pages/Add Product/Input Deskripsi Produk' successfully

2023-07-03 17:39:16 - [TEST_STEP][PASSED] - callTestCase(findTestCase("Pages/Add Product/Input Gambar Produk"), ["pathToFile":System.getProperty("user.dir") + "\Data Files\ImageForTest\binar.jpg"], STOP_ON_FAILURE): Call Test Case 'Test Cases/Pages/Add Product/Input Gambar Produk' successfully

2023-07-03 17:39:16 - [TEST_CASE][PASSED] - Test Cases/Pages/Add Product/Input Gambar Produk: Test Cases/Pages/Add Product/Input Gambar Produk

2023-07-03 17:39:16 - [TEST_STEP][PASSED] - uploadFile(findTestObject("Products/Add Product Page/input_Gambar Produk"), pathToFile): File 'E:\GitRepo\Katalon\binarqa-group1-web\Data Files\ImageForTest\binar.jpg' sent to object: 'Object Repository/Products/Add Product Page/input_Gambar Produk'

2023-07-03 17:39:16 - [MESSAGE][PASSED] - File 'E:\GitRepo\Katalon\binarqa-group1-web\Data Files\ImageForTest\binar.jpg' sent to object: 'Object Repository/Products/Add Product Page/input_Gambar Produk'

2023-07-03 17:39:16 - [MESSAGE][PASSED] - Call Test Case 'Test Cases/Pages/Add Product/Input Gambar Produk' successfully

2023-07-03 17:39:16 - [TEST_STEP][PASSED] - callTestCase(findTestCase("Pages/Add Product/Click Terbitkan Button"), [:], STOP_ON_FAILURE): Call Test Case 'Test Cases/Pages/Add Product/Click Terbitkan Button' successfully

2023-07-03 17:39:16 - [TEST_CASE][PASSED] - Test Cases/Pages/Add Product/Click Terbitkan Button: Test Cases/Pages/Add Product/Click Terbitkan Button

2023-07-03 17:39:16 - [TEST_STEP][PASSED] - click(findTestObject("Products/Add Product Page/label_Button Terbitkan")): Object: 'Object Repository/Products/Add Product Page/label_Button Terbitkan' is clicked on

2023-07-03 17:39:21 - [MESSAGE][PASSED] - Object: 'Object Repository/Products/Add Product Page/label_Button Terbitkan' is clicked on

2023-07-03 17:39:21 - [MESSAGE][PASSED] - Call Test Case 'Test Cases/Pages/Add Product/Click Terbitkan Button' successfully

2023-07-03 17:39:21 - [TEST_STEP][FAILED] - callTestCase(findTestCase("Pages/Add Product/Verify Error Message/Verify Harga Produk Negative Error Message"), [:], STOP_ON_FAILURE): Unable to call Test Case 'Test Cases/Pages/Add Product/Verify Error Message/Verify Harga Produk Negative Error Message' (Root cause: com.kms.katalon.core.exception.StepFailedException: Call Test Case 'Test Cases/Pages/Add Product/Verify Error Message/Verify Harga Produk Negative Error Message' failed
	at com.kms.katalon.core.keyword.builtin.CallTestCaseKeyword$_callTestCase_closure1.doCall(CallTestCaseKeyword.groovy:63)
	at com.kms.katalon.core.keyword.builtin.CallTestCaseKeyword$_callTestCase_closure1.call(CallTestCaseKeyword.groovy)
	at com.kms.katalon.core.keyword.internal.KeywordMain.runKeyword(KeywordMain.groovy:75)
	at com.kms.katalon.core.keyword.builtin.CallTestCaseKeyword.callTestCase(CallTestCaseKeyword.groovy:81)
	at com.kms.katalon.core.keyword.builtin.CallTestCaseKeyword.execute(CallTestCaseKeyword.groovy:44)
	at com.kms.katalon.core.keyword.internal.KeywordExecutor.executeKeywordForPlatform(KeywordExecutor.groovy:74)
	at com.kms.katalon.core.keyword.BuiltinKeywords.callTestCase(BuiltinKeywords.groovy:334)
	at ADDP08 - Add Product with Input Negative Value in Harga Produk Field.run(ADDP08 - Add Product with Input Negative Value in Harga Produk Field:46)
	at com.kms.katalon.core.main.ScriptEngine.run(ScriptEngine.java:194)
	at com.kms.katalon.core.main.ScriptEngine.runScriptAsRawText(ScriptEngine.java:119)
	at com.kms.katalon.core.main.TestCaseExecutor.runScript(TestCaseExecutor.java:448)
	at com.kms.katalon.core.main.TestCaseExecutor.doExecute(TestCaseExecutor.java:439)
	at com.kms.katalon.core.main.TestCaseExecutor.processExecutionPhase(TestCaseExecutor.java:418)
	at com.kms.katalon.core.main.TestCaseExecutor.accessMainPhase(TestCaseExecutor.java:410)
	at com.kms.katalon.core.main.TestCaseExecutor.execute(TestCaseExecutor.java:285)
	at com.kms.katalon.core.common.CommonExecutor.accessTestCaseMainPhase(CommonExecutor.java:65)
	at com.kms.katalon.core.main.TestSuiteExecutor.accessTestSuiteMainPhase(TestSuiteExecutor.java:148)
	at com.kms.katalon.core.main.TestSuiteExecutor.execute(TestSuiteExecutor.java:106)
	at com.kms.katalon.core.main.TestCaseMain.startTestSuite(TestCaseMain.java:187)
	at com.kms.katalon.core.main.TestCaseMain$startTestSuite$0.call(Unknown Source)
	at TempTestSuite1688380617485.run(TempTestSuite1688380617485.groovy:36)
Caused by: com.kms.katalon.core.exception.StepFailedException: Unable to verify object 'Object Repository/Products/Add Product Page/Error Message/div_Price cant be blank' is visible
	at com.kms.katalon.core.webui.keyword.internal.WebUIKeywordMain.stepFailed(WebUIKeywordMain.groovy:64)
	at com.kms.katalon.core.webui.keyword.internal.WebUIKeywordMain.runKeyword(WebUIKeywordMain.groovy:26)
	at com.kms.katalon.core.webui.keyword.builtin.VerifyElementVisibleKeyword.verifyElementVisible(VerifyElementVisibleKeyword.groovy:97)
	at com.kms.katalon.core.webui.keyword.builtin.VerifyElementVisibleKeyword.execute(VerifyElementVisibleKeyword.groovy:67)
	at com.kms.katalon.core.keyword.internal.KeywordExecutor.executeKeywordForPlatform(KeywordExecutor.groovy:74)
	at com.kms.katalon.core.webui.keyword.WebUiBuiltInKeywords.verifyElementVisible(WebUiBuiltInKeywords.groovy:376)
	at com.kms.katalon.core.webui.keyword.WebUiBuiltInKeywords$verifyElementVisible$7.call(Unknown Source)
	at Verify Harga Produk Negative Error Message.run(Verify Harga Produk Negative Error Message:20)
	at com.kms.katalon.core.main.ScriptEngine.run(ScriptEngine.java:194)
	at com.kms.katalon.core.main.ScriptEngine.runScriptAsRawText(ScriptEngine.java:119)
	at com.kms.katalon.core.main.TestCaseExecutor.runScript(TestCaseExecutor.java:448)
	at com.kms.katalon.core.main.TestCaseExecutor.doExecute(TestCaseExecutor.java:439)
	at com.kms.katalon.core.main.TestCaseExecutor.processExecutionPhase(TestCaseExecutor.java:418)
	at com.kms.katalon.core.main.TestCaseExecutor.accessMainPhase(TestCaseExecutor.java:410)
	at com.kms.katalon.core.main.TestCaseExecutor.execute(TestCaseExecutor.java:285)
	at com.kms.katalon.core.main.TestCaseMain.runTestCase(TestCaseMain.java:144)
	at com.kms.katalon.core.keyword.builtin.CallTestCaseKeyword$_callTestCase_closure1.doCall(CallTestCaseKeyword.groovy:59)
	... 20 more
Caused by: com.kms.katalon.core.exception.StepFailedException: Web element with id: 'Object Repository/Products/Add Product Page/Error Message/div_Price cant be blank' located by '//div[@class = 'form-text text-danger' and (contains(text(), concat("Price can" , "'" , "t be blank")) or contains(., concat("Price can" , "'" , "t be blank")))]' not found
	at com.kms.katalon.core.webui.keyword.internal.WebUIKeywordMain.stepFailed(WebUIKeywordMain.groovy:64)
	at com.kms.katalon.core.webui.keyword.builtin.VerifyElementVisibleKeyword$_verifyElementVisible_closure1.doCall(VerifyElementVisibleKeyword.groovy:89)
	at com.kms.katalon.core.webui.keyword.builtin.VerifyElementVisibleKeyword$_verifyElementVisible_closure1.call(VerifyElementVisibleKeyword.groovy)
	at com.kms.katalon.core.webui.keyword.internal.WebUIKeywordMain.runKeyword(WebUIKeywordMain.groovy:20)
	... 35 more
)

2023-07-03 17:39:21 - [TEST_CASE][FAILED] - Test Cases/Pages/Add Product/Verify Error Message/Verify Harga Produk Negative Error Message: Test Cases/Pages/Add Product/Verify Error Message/Verify Harga Produk Negative Error Message FAILED.
Reason:
com.kms.katalon.core.exception.StepFailedException: Unable to verify object 'Object Repository/Products/Add Product Page/Error Message/div_Price cant be blank' is visible
	at com.kms.katalon.core.webui.keyword.internal.WebUIKeywordMain.stepFailed(WebUIKeywordMain.groovy:64)
	at com.kms.katalon.core.webui.keyword.internal.WebUIKeywordMain.runKeyword(WebUIKeywordMain.groovy:26)
	at com.kms.katalon.core.webui.keyword.builtin.VerifyElementVisibleKeyword.verifyElementVisible(VerifyElementVisibleKeyword.groovy:97)
	at com.kms.katalon.core.webui.keyword.builtin.VerifyElementVisibleKeyword.execute(VerifyElementVisibleKeyword.groovy:67)
	at com.kms.katalon.core.keyword.internal.KeywordExecutor.executeKeywordForPlatform(KeywordExecutor.groovy:74)
	at com.kms.katalon.core.webui.keyword.WebUiBuiltInKeywords.verifyElementVisible(WebUiBuiltInKeywords.groovy:376)
	at com.kms.katalon.core.webui.keyword.WebUiBuiltInKeywords$verifyElementVisible$7.call(Unknown Source)
	at Verify Harga Produk Negative Error Message.run(Verify Harga Produk Negative Error Message:20)
	at com.kms.katalon.core.main.ScriptEngine.run(ScriptEngine.java:194)
	at com.kms.katalon.core.main.ScriptEngine.runScriptAsRawText(ScriptEngine.java:119)
	at com.kms.katalon.core.main.TestCaseExecutor.runScript(TestCaseExecutor.java:448)
	at com.kms.katalon.core.main.TestCaseExecutor.doExecute(TestCaseExecutor.java:439)
	at com.kms.katalon.core.main.TestCaseExecutor.processExecutionPhase(TestCaseExecutor.java:418)
	at com.kms.katalon.core.main.TestCaseExecutor.accessMainPhase(TestCaseExecutor.java:410)
	at com.kms.katalon.core.main.TestCaseExecutor.execute(TestCaseExecutor.java:285)
	at com.kms.katalon.core.main.TestCaseMain.runTestCase(TestCaseMain.java:144)
	at com.kms.katalon.core.keyword.builtin.CallTestCaseKeyword$_callTestCase_closure1.doCall(CallTestCaseKeyword.groovy:59)
	at com.kms.katalon.core.keyword.builtin.CallTestCaseKeyword$_callTestCase_closure1.call(CallTestCaseKeyword.groovy)
	at com.kms.katalon.core.keyword.internal.KeywordMain.runKeyword(KeywordMain.groovy:75)
	at com.kms.katalon.core.keyword.builtin.CallTestCaseKeyword.callTestCase(CallTestCaseKeyword.groovy:81)
	at com.kms.katalon.core.keyword.builtin.CallTestCaseKeyword.execute(CallTestCaseKeyword.groovy:44)
	at com.kms.katalon.core.keyword.internal.KeywordExecutor.executeKeywordForPlatform(KeywordExecutor.groovy:74)
	at com.kms.katalon.core.keyword.BuiltinKeywords.callTestCase(BuiltinKeywords.groovy:334)
	at ADDP08 - Add Product with Input Negative Value in Harga Produk Field.run(ADDP08 - Add Product with Input Negative Value in Harga Produk Field:46)
	at com.kms.katalon.core.main.ScriptEngine.run(ScriptEngine.java:194)
	at com.kms.katalon.core.main.ScriptEngine.runScriptAsRawText(ScriptEngine.java:119)
	at com.kms.katalon.core.main.TestCaseExecutor.runScript(TestCaseExecutor.java:448)
	at com.kms.katalon.core.main.TestCaseExecutor.doExecute(TestCaseExecutor.java:439)
	at com.kms.katalon.core.main.TestCaseExecutor.processExecutionPhase(TestCaseExecutor.java:418)
	at com.kms.katalon.core.main.TestCaseExecutor.accessMainPhase(TestCaseExecutor.java:410)
	at com.kms.katalon.core.main.TestCaseExecutor.execute(TestCaseExecutor.java:285)
	at com.kms.katalon.core.common.CommonExecutor.accessTestCaseMainPhase(CommonExecutor.java:65)
	at com.kms.katalon.core.main.TestSuiteExecutor.accessTestSuiteMainPhase(TestSuiteExecutor.java:148)
	at com.kms.katalon.core.main.TestSuiteExecutor.execute(TestSuiteExecutor.java:106)
	at com.kms.katalon.core.main.TestCaseMain.startTestSuite(TestCaseMain.java:187)
	at com.kms.katalon.core.main.TestCaseMain$startTestSuite$0.call(Unknown Source)
	at TempTestSuite1688380617485.run(TempTestSuite1688380617485.groovy:36)
Caused by: com.kms.katalon.core.exception.StepFailedException: Web element with id: 'Object Repository/Products/Add Product Page/Error Message/div_Price cant be blank' located by '//div[@class = 'form-text text-danger' and (contains(text(), concat("Price can" , "'" , "t be blank")) or contains(., concat("Price can" , "'" , "t be blank")))]' not found
	at com.kms.katalon.core.webui.keyword.internal.WebUIKeywordMain.stepFailed(WebUIKeywordMain.groovy:64)
	at com.kms.katalon.core.webui.keyword.builtin.VerifyElementVisibleKeyword$_verifyElementVisible_closure1.doCall(VerifyElementVisibleKeyword.groovy:89)
	at com.kms.katalon.core.webui.keyword.builtin.VerifyElementVisibleKeyword$_verifyElementVisible_closure1.call(VerifyElementVisibleKeyword.groovy)
	at com.kms.katalon.core.webui.keyword.internal.WebUIKeywordMain.runKeyword(WebUIKeywordMain.groovy:20)
	... 35 more


2023-07-03 17:39:21 - [TEST_STEP][FAILED] - verifyElementVisible(findTestObject("Products/Add Product Page/Error Message/div_Price cant be blank")): Unable to verify object 'Object Repository/Products/Add Product Page/Error Message/div_Price cant be blank' is visible (Root cause: com.kms.katalon.core.exception.StepFailedException: Unable to verify object 'Object Repository/Products/Add Product Page/Error Message/div_Price cant be blank' is visible
	at com.kms.katalon.core.webui.keyword.internal.WebUIKeywordMain.stepFailed(WebUIKeywordMain.groovy:64)
	at com.kms.katalon.core.webui.keyword.internal.WebUIKeywordMain.runKeyword(WebUIKeywordMain.groovy:26)
	at com.kms.katalon.core.webui.keyword.builtin.VerifyElementVisibleKeyword.verifyElementVisible(VerifyElementVisibleKeyword.groovy:97)
	at com.kms.katalon.core.webui.keyword.builtin.VerifyElementVisibleKeyword.execute(VerifyElementVisibleKeyword.groovy:67)
	at com.kms.katalon.core.keyword.internal.KeywordExecutor.executeKeywordForPlatform(KeywordExecutor.groovy:74)
	at com.kms.katalon.core.webui.keyword.WebUiBuiltInKeywords.verifyElementVisible(WebUiBuiltInKeywords.groovy:376)
	at com.kms.katalon.core.webui.keyword.WebUiBuiltInKeywords$verifyElementVisible$7.call(Unknown Source)
	at Verify Harga Produk Negative Error Message.run(Verify Harga Produk Negative Error Message:20)
	at com.kms.katalon.core.main.ScriptEngine.run(ScriptEngine.java:194)
	at com.kms.katalon.core.main.ScriptEngine.runScriptAsRawText(ScriptEngine.java:119)
	at com.kms.katalon.core.main.TestCaseExecutor.runScript(TestCaseExecutor.java:448)
	at com.kms.katalon.core.main.TestCaseExecutor.doExecute(TestCaseExecutor.java:439)
	at com.kms.katalon.core.main.TestCaseExecutor.processExecutionPhase(TestCaseExecutor.java:418)
	at com.kms.katalon.core.main.TestCaseExecutor.accessMainPhase(TestCaseExecutor.java:410)
	at com.kms.katalon.core.main.TestCaseExecutor.execute(TestCaseExecutor.java:285)
	at com.kms.katalon.core.main.TestCaseMain.runTestCase(TestCaseMain.java:144)
	at com.kms.katalon.core.keyword.builtin.CallTestCaseKeyword$_callTestCase_closure1.doCall(CallTestCaseKeyword.groovy:59)
	at com.kms.katalon.core.keyword.builtin.CallTestCaseKeyword$_callTestCase_closure1.call(CallTestCaseKeyword.groovy)
	at com.kms.katalon.core.keyword.internal.KeywordMain.runKeyword(KeywordMain.groovy:75)
	at com.kms.katalon.core.keyword.builtin.CallTestCaseKeyword.callTestCase(CallTestCaseKeyword.groovy:81)
	at com.kms.katalon.core.keyword.builtin.CallTestCaseKeyword.execute(CallTestCaseKeyword.groovy:44)
	at com.kms.katalon.core.keyword.internal.KeywordExecutor.executeKeywordForPlatform(KeywordExecutor.groovy:74)
	at com.kms.katalon.core.keyword.BuiltinKeywords.callTestCase(BuiltinKeywords.groovy:334)
	at ADDP08 - Add Product with Input Negative Value in Harga Produk Field.run(ADDP08 - Add Product with Input Negative Value in Harga Produk Field:46)
	at com.kms.katalon.core.main.ScriptEngine.run(ScriptEngine.java:194)
	at com.kms.katalon.core.main.ScriptEngine.runScriptAsRawText(ScriptEngine.java:119)
	at com.kms.katalon.core.main.TestCaseExecutor.runScript(TestCaseExecutor.java:448)
	at com.kms.katalon.core.main.TestCaseExecutor.doExecute(TestCaseExecutor.java:439)
	at com.kms.katalon.core.main.TestCaseExecutor.processExecutionPhase(TestCaseExecutor.java:418)
	at com.kms.katalon.core.main.TestCaseExecutor.accessMainPhase(TestCaseExecutor.java:410)
	at com.kms.katalon.core.main.TestCaseExecutor.execute(TestCaseExecutor.java:285)
	at com.kms.katalon.core.common.CommonExecutor.accessTestCaseMainPhase(CommonExecutor.java:65)
	at com.kms.katalon.core.main.TestSuiteExecutor.accessTestSuiteMainPhase(TestSuiteExecutor.java:148)
	at com.kms.katalon.core.main.TestSuiteExecutor.execute(TestSuiteExecutor.java:106)
	at com.kms.katalon.core.main.TestCaseMain.startTestSuite(TestCaseMain.java:187)
	at com.kms.katalon.core.main.TestCaseMain$startTestSuite$0.call(Unknown Source)
	at TempTestSuite1688380617485.run(TempTestSuite1688380617485.groovy:36)
Caused by: com.kms.katalon.core.exception.StepFailedException: Web element with id: 'Object Repository/Products/Add Product Page/Error Message/div_Price cant be blank' located by '//div[@class = 'form-text text-danger' and (contains(text(), concat("Price can" , "'" , "t be blank")) or contains(., concat("Price can" , "'" , "t be blank")))]' not found
	at com.kms.katalon.core.webui.keyword.internal.WebUIKeywordMain.stepFailed(WebUIKeywordMain.groovy:64)
	at com.kms.katalon.core.webui.keyword.builtin.VerifyElementVisibleKeyword$_verifyElementVisible_closure1.doCall(VerifyElementVisibleKeyword.groovy:89)
	at com.kms.katalon.core.webui.keyword.builtin.VerifyElementVisibleKeyword$_verifyElementVisible_closure1.call(VerifyElementVisibleKeyword.groovy)
	at com.kms.katalon.core.webui.keyword.internal.WebUIKeywordMain.runKeyword(WebUIKeywordMain.groovy:20)
	... 35 more
)

2023-07-03 17:39:53 - [MESSAGE][INFO] - Unable to find the element located by 'By.xpath: //div[@class = 'form-text text-danger' and (contains(text(), concat("Price can" , "'" , "t be blank")) or contains(., concat("Price can" , "'" , "t be blank")))]'. Please recheck the objects properties to make sure the desired element is located. 

2023-07-03 17:39:53 - [MESSAGE][FAILED] - Web element with id: 'Object Repository/Products/Add Product Page/Error Message/div_Price cant be blank' located by '//div[@class = 'form-text text-danger' and (contains(text(), concat("Price can" , "'" , "t be blank")) or contains(., concat("Price can" , "'" , "t be blank")))]' not found (Root cause: com.kms.katalon.core.exception.StepFailedException: Web element with id: 'Object Repository/Products/Add Product Page/Error Message/div_Price cant be blank' located by '//div[@class = 'form-text text-danger' and (contains(text(), concat("Price can" , "'" , "t be blank")) or contains(., concat("Price can" , "'" , "t be blank")))]' not found
	at com.kms.katalon.core.webui.keyword.internal.WebUIKeywordMain.stepFailed(WebUIKeywordMain.groovy:64)
	at com.kms.katalon.core.webui.keyword.builtin.VerifyElementVisibleKeyword$_verifyElementVisible_closure1.doCall(VerifyElementVisibleKeyword.groovy:89)
	at com.kms.katalon.core.webui.keyword.builtin.VerifyElementVisibleKeyword$_verifyElementVisible_closure1.call(VerifyElementVisibleKeyword.groovy)
	at com.kms.katalon.core.webui.keyword.internal.WebUIKeywordMain.runKeyword(WebUIKeywordMain.groovy:20)
	at com.kms.katalon.core.webui.keyword.builtin.VerifyElementVisibleKeyword.verifyElementVisible(VerifyElementVisibleKeyword.groovy:97)
	at com.kms.katalon.core.webui.keyword.builtin.VerifyElementVisibleKeyword.execute(VerifyElementVisibleKeyword.groovy:67)
	at com.kms.katalon.core.keyword.internal.KeywordExecutor.executeKeywordForPlatform(KeywordExecutor.groovy:74)
	at com.kms.katalon.core.webui.keyword.WebUiBuiltInKeywords.verifyElementVisible(WebUiBuiltInKeywords.groovy:376)
	at com.kms.katalon.core.webui.keyword.WebUiBuiltInKeywords$verifyElementVisible$7.call(Unknown Source)
	at Verify Harga Produk Negative Error Message.run(Verify Harga Produk Negative Error Message:20)
	at com.kms.katalon.core.main.ScriptEngine.run(ScriptEngine.java:194)
	at com.kms.katalon.core.main.ScriptEngine.runScriptAsRawText(ScriptEngine.java:119)
	at com.kms.katalon.core.main.TestCaseExecutor.runScript(TestCaseExecutor.java:448)
	at com.kms.katalon.core.main.TestCaseExecutor.doExecute(TestCaseExecutor.java:439)
	at com.kms.katalon.core.main.TestCaseExecutor.processExecutionPhase(TestCaseExecutor.java:418)
	at com.kms.katalon.core.main.TestCaseExecutor.accessMainPhase(TestCaseExecutor.java:410)
	at com.kms.katalon.core.main.TestCaseExecutor.execute(TestCaseExecutor.java:285)
	at com.kms.katalon.core.main.TestCaseMain.runTestCase(TestCaseMain.java:144)
	at com.kms.katalon.core.keyword.builtin.CallTestCaseKeyword$_callTestCase_closure1.doCall(CallTestCaseKeyword.groovy:59)
	at com.kms.katalon.core.keyword.builtin.CallTestCaseKeyword$_callTestCase_closure1.call(CallTestCaseKeyword.groovy)
	at com.kms.katalon.core.keyword.internal.KeywordMain.runKeyword(KeywordMain.groovy:75)
	at com.kms.katalon.core.keyword.builtin.CallTestCaseKeyword.callTestCase(CallTestCaseKeyword.groovy:81)
	at com.kms.katalon.core.keyword.builtin.CallTestCaseKeyword.execute(CallTestCaseKeyword.groovy:44)
	at com.kms.katalon.core.keyword.internal.KeywordExecutor.executeKeywordForPlatform(KeywordExecutor.groovy:74)
	at com.kms.katalon.core.keyword.BuiltinKeywords.callTestCase(BuiltinKeywords.groovy:334)
	at ADDP08 - Add Product with Input Negative Value in Harga Produk Field.run(ADDP08 - Add Product with Input Negative Value in Harga Produk Field:46)
	at com.kms.katalon.core.main.ScriptEngine.run(ScriptEngine.java:194)
	at com.kms.katalon.core.main.ScriptEngine.runScriptAsRawText(ScriptEngine.java:119)
	at com.kms.katalon.core.main.TestCaseExecutor.runScript(TestCaseExecutor.java:448)
	at com.kms.katalon.core.main.TestCaseExecutor.doExecute(TestCaseExecutor.java:439)
	at com.kms.katalon.core.main.TestCaseExecutor.processExecutionPhase(TestCaseExecutor.java:418)
	at com.kms.katalon.core.main.TestCaseExecutor.accessMainPhase(TestCaseExecutor.java:410)
	at com.kms.katalon.core.main.TestCaseExecutor.execute(TestCaseExecutor.java:285)
	at com.kms.katalon.core.common.CommonExecutor.accessTestCaseMainPhase(CommonExecutor.java:65)
	at com.kms.katalon.core.main.TestSuiteExecutor.accessTestSuiteMainPhase(TestSuiteExecutor.java:148)
	at com.kms.katalon.core.main.TestSuiteExecutor.execute(TestSuiteExecutor.java:106)
	at com.kms.katalon.core.main.TestCaseMain.startTestSuite(TestCaseMain.java:187)
	at com.kms.katalon.core.main.TestCaseMain$startTestSuite$0.call(Unknown Source)
	at TempTestSuite1688380617485.run(TempTestSuite1688380617485.groovy:36)
)
[[ATTACHMENT|E:\\GitRepo\\Katalon\\binarqa-group1-web\\Reports\\20230703_173657\\Feature Add Product - Negative Case\\20230703_173657\\1688380793041.png]]

2023-07-03 17:39:53 - [MESSAGE][FAILED] - Unable to verify object 'Object Repository/Products/Add Product Page/Error Message/div_Price cant be blank' is visible (Root cause: com.kms.katalon.core.exception.StepFailedException: Unable to verify object 'Object Repository/Products/Add Product Page/Error Message/div_Price cant be blank' is visible
	at com.kms.katalon.core.webui.keyword.internal.WebUIKeywordMain.stepFailed(WebUIKeywordMain.groovy:64)
	at com.kms.katalon.core.webui.keyword.internal.WebUIKeywordMain.runKeyword(WebUIKeywordMain.groovy:26)
	at com.kms.katalon.core.webui.keyword.builtin.VerifyElementVisibleKeyword.verifyElementVisible(VerifyElementVisibleKeyword.groovy:97)
	at com.kms.katalon.core.webui.keyword.builtin.VerifyElementVisibleKeyword.execute(VerifyElementVisibleKeyword.groovy:67)
	at com.kms.katalon.core.keyword.internal.KeywordExecutor.executeKeywordForPlatform(KeywordExecutor.groovy:74)
	at com.kms.katalon.core.webui.keyword.WebUiBuiltInKeywords.verifyElementVisible(WebUiBuiltInKeywords.groovy:376)
	at com.kms.katalon.core.webui.keyword.WebUiBuiltInKeywords$verifyElementVisible$7.call(Unknown Source)
	at Verify Harga Produk Negative Error Message.run(Verify Harga Produk Negative Error Message:20)
	at com.kms.katalon.core.main.ScriptEngine.run(ScriptEngine.java:194)
	at com.kms.katalon.core.main.ScriptEngine.runScriptAsRawText(ScriptEngine.java:119)
	at com.kms.katalon.core.main.TestCaseExecutor.runScript(TestCaseExecutor.java:448)
	at com.kms.katalon.core.main.TestCaseExecutor.doExecute(TestCaseExecutor.java:439)
	at com.kms.katalon.core.main.TestCaseExecutor.processExecutionPhase(TestCaseExecutor.java:418)
	at com.kms.katalon.core.main.TestCaseExecutor.accessMainPhase(TestCaseExecutor.java:410)
	at com.kms.katalon.core.main.TestCaseExecutor.execute(TestCaseExecutor.java:285)
	at com.kms.katalon.core.main.TestCaseMain.runTestCase(TestCaseMain.java:144)
	at com.kms.katalon.core.keyword.builtin.CallTestCaseKeyword$_callTestCase_closure1.doCall(CallTestCaseKeyword.groovy:59)
	at com.kms.katalon.core.keyword.builtin.CallTestCaseKeyword$_callTestCase_closure1.call(CallTestCaseKeyword.groovy)
	at com.kms.katalon.core.keyword.internal.KeywordMain.runKeyword(KeywordMain.groovy:75)
	at com.kms.katalon.core.keyword.builtin.CallTestCaseKeyword.callTestCase(CallTestCaseKeyword.groovy:81)
	at com.kms.katalon.core.keyword.builtin.CallTestCaseKeyword.execute(CallTestCaseKeyword.groovy:44)
	at com.kms.katalon.core.keyword.internal.KeywordExecutor.executeKeywordForPlatform(KeywordExecutor.groovy:74)
	at com.kms.katalon.core.keyword.BuiltinKeywords.callTestCase(BuiltinKeywords.groovy:334)
	at ADDP08 - Add Product with Input Negative Value in Harga Produk Field.run(ADDP08 - Add Product with Input Negative Value in Harga Produk Field:46)
	at com.kms.katalon.core.main.ScriptEngine.run(ScriptEngine.java:194)
	at com.kms.katalon.core.main.ScriptEngine.runScriptAsRawText(ScriptEngine.java:119)
	at com.kms.katalon.core.main.TestCaseExecutor.runScript(TestCaseExecutor.java:448)
	at com.kms.katalon.core.main.TestCaseExecutor.doExecute(TestCaseExecutor.java:439)
	at com.kms.katalon.core.main.TestCaseExecutor.processExecutionPhase(TestCaseExecutor.java:418)
	at com.kms.katalon.core.main.TestCaseExecutor.accessMainPhase(TestCaseExecutor.java:410)
	at com.kms.katalon.core.main.TestCaseExecutor.execute(TestCaseExecutor.java:285)
	at com.kms.katalon.core.common.CommonExecutor.accessTestCaseMainPhase(CommonExecutor.java:65)
	at com.kms.katalon.core.main.TestSuiteExecutor.accessTestSuiteMainPhase(TestSuiteExecutor.java:148)
	at com.kms.katalon.core.main.TestSuiteExecutor.execute(TestSuiteExecutor.java:106)
	at com.kms.katalon.core.main.TestCaseMain.startTestSuite(TestCaseMain.java:187)
	at com.kms.katalon.core.main.TestCaseMain$startTestSuite$0.call(Unknown Source)
	at TempTestSuite1688380617485.run(TempTestSuite1688380617485.groovy:36)
Caused by: com.kms.katalon.core.exception.StepFailedException: Web element with id: 'Object Repository/Products/Add Product Page/Error Message/div_Price cant be blank' located by '//div[@class = 'form-text text-danger' and (contains(text(), concat("Price can" , "'" , "t be blank")) or contains(., concat("Price can" , "'" , "t be blank")))]' not found
	at com.kms.katalon.core.webui.keyword.internal.WebUIKeywordMain.stepFailed(WebUIKeywordMain.groovy:64)
	at com.kms.katalon.core.webui.keyword.builtin.VerifyElementVisibleKeyword$_verifyElementVisible_closure1.doCall(VerifyElementVisibleKeyword.groovy:89)
	at com.kms.katalon.core.webui.keyword.builtin.VerifyElementVisibleKeyword$_verifyElementVisible_closure1.call(VerifyElementVisibleKeyword.groovy)
	at com.kms.katalon.core.webui.keyword.internal.WebUIKeywordMain.runKeyword(WebUIKeywordMain.groovy:20)
	... 35 more
)
[[ATTACHMENT|E:\\GitRepo\\Katalon\\binarqa-group1-web\\Reports\\20230703_173657\\Feature Add Product - Negative Case\\20230703_173657\\1688380793169.png]]

2023-07-03 17:39:53 - [MESSAGE][FAILED] - Unable to call Test Case 'Test Cases/Pages/Add Product/Verify Error Message/Verify Harga Produk Negative Error Message' (Root cause: com.kms.katalon.core.exception.StepFailedException: Call Test Case 'Test Cases/Pages/Add Product/Verify Error Message/Verify Harga Produk Negative Error Message' failed
	at com.kms.katalon.core.keyword.builtin.CallTestCaseKeyword$_callTestCase_closure1.doCall(CallTestCaseKeyword.groovy:63)
	at com.kms.katalon.core.keyword.builtin.CallTestCaseKeyword$_callTestCase_closure1.call(CallTestCaseKeyword.groovy)
	at com.kms.katalon.core.keyword.internal.KeywordMain.runKeyword(KeywordMain.groovy:75)
	at com.kms.katalon.core.keyword.builtin.CallTestCaseKeyword.callTestCase(CallTestCaseKeyword.groovy:81)
	at com.kms.katalon.core.keyword.builtin.CallTestCaseKeyword.execute(CallTestCaseKeyword.groovy:44)
	at com.kms.katalon.core.keyword.internal.KeywordExecutor.executeKeywordForPlatform(KeywordExecutor.groovy:74)
	at com.kms.katalon.core.keyword.BuiltinKeywords.callTestCase(BuiltinKeywords.groovy:334)
	at ADDP08 - Add Product with Input Negative Value in Harga Produk Field.run(ADDP08 - Add Product with Input Negative Value in Harga Produk Field:46)
	at com.kms.katalon.core.main.ScriptEngine.run(ScriptEngine.java:194)
	at com.kms.katalon.core.main.ScriptEngine.runScriptAsRawText(ScriptEngine.java:119)
	at com.kms.katalon.core.main.TestCaseExecutor.runScript(TestCaseExecutor.java:448)
	at com.kms.katalon.core.main.TestCaseExecutor.doExecute(TestCaseExecutor.java:439)
	at com.kms.katalon.core.main.TestCaseExecutor.processExecutionPhase(TestCaseExecutor.java:418)
	at com.kms.katalon.core.main.TestCaseExecutor.accessMainPhase(TestCaseExecutor.java:410)
	at com.kms.katalon.core.main.TestCaseExecutor.execute(TestCaseExecutor.java:285)
	at com.kms.katalon.core.common.CommonExecutor.accessTestCaseMainPhase(CommonExecutor.java:65)
	at com.kms.katalon.core.main.TestSuiteExecutor.accessTestSuiteMainPhase(TestSuiteExecutor.java:148)
	at com.kms.katalon.core.main.TestSuiteExecutor.execute(TestSuiteExecutor.java:106)
	at com.kms.katalon.core.main.TestCaseMain.startTestSuite(TestCaseMain.java:187)
	at com.kms.katalon.core.main.TestCaseMain$startTestSuite$0.call(Unknown Source)
	at TempTestSuite1688380617485.run(TempTestSuite1688380617485.groovy:36)
Caused by: com.kms.katalon.core.exception.StepFailedException: Unable to verify object 'Object Repository/Products/Add Product Page/Error Message/div_Price cant be blank' is visible
	at com.kms.katalon.core.webui.keyword.internal.WebUIKeywordMain.stepFailed(WebUIKeywordMain.groovy:64)
	at com.kms.katalon.core.webui.keyword.internal.WebUIKeywordMain.runKeyword(WebUIKeywordMain.groovy:26)
	at com.kms.katalon.core.webui.keyword.builtin.VerifyElementVisibleKeyword.verifyElementVisible(VerifyElementVisibleKeyword.groovy:97)
	at com.kms.katalon.core.webui.keyword.builtin.VerifyElementVisibleKeyword.execute(VerifyElementVisibleKeyword.groovy:67)
	at com.kms.katalon.core.keyword.internal.KeywordExecutor.executeKeywordForPlatform(KeywordExecutor.groovy:74)
	at com.kms.katalon.core.webui.keyword.WebUiBuiltInKeywords.verifyElementVisible(WebUiBuiltInKeywords.groovy:376)
	at com.kms.katalon.core.webui.keyword.WebUiBuiltInKeywords$verifyElementVisible$7.call(Unknown Source)
	at Verify Harga Produk Negative Error Message.run(Verify Harga Produk Negative Error Message:20)
	at com.kms.katalon.core.main.ScriptEngine.run(ScriptEngine.java:194)
	at com.kms.katalon.core.main.ScriptEngine.runScriptAsRawText(ScriptEngine.java:119)
	at com.kms.katalon.core.main.TestCaseExecutor.runScript(TestCaseExecutor.java:448)
	at com.kms.katalon.core.main.TestCaseExecutor.doExecute(TestCaseExecutor.java:439)
	at com.kms.katalon.core.main.TestCaseExecutor.processExecutionPhase(TestCaseExecutor.java:418)
	at com.kms.katalon.core.main.TestCaseExecutor.accessMainPhase(TestCaseExecutor.java:410)
	at com.kms.katalon.core.main.TestCaseExecutor.execute(TestCaseExecutor.java:285)
	at com.kms.katalon.core.main.TestCaseMain.runTestCase(TestCaseMain.java:144)
	at com.kms.katalon.core.keyword.builtin.CallTestCaseKeyword$_callTestCase_closure1.doCall(CallTestCaseKeyword.groovy:59)
	... 20 more
Caused by: com.kms.katalon.core.exception.StepFailedException: Web element with id: 'Object Repository/Products/Add Product Page/Error Message/div_Price cant be blank' located by '//div[@class = 'form-text text-danger' and (contains(text(), concat("Price can" , "'" , "t be blank")) or contains(., concat("Price can" , "'" , "t be blank")))]' not found
	at com.kms.katalon.core.webui.keyword.internal.WebUIKeywordMain.stepFailed(WebUIKeywordMain.groovy:64)
	at com.kms.katalon.core.webui.keyword.builtin.VerifyElementVisibleKeyword$_verifyElementVisible_closure1.doCall(VerifyElementVisibleKeyword.groovy:89)
	at com.kms.katalon.core.webui.keyword.builtin.VerifyElementVisibleKeyword$_verifyElementVisible_closure1.call(VerifyElementVisibleKeyword.groovy)
	at com.kms.katalon.core.webui.keyword.internal.WebUIKeywordMain.runKeyword(WebUIKeywordMain.groovy:20)
	... 35 more
)

2023-07-03 17:39:53 - [TEST_STEP][PASSED] - Start listener action : AfterTestCase: Browser is closed

2023-07-03 17:39:53 - [TEST_STEP][PASSED] - logInfo("Test Case: " + testCaseContext.getTestCaseId() + " | " + testCaseContext.getTestCaseStatus()): Test Case: Test Cases/Step Definition/Feature Add Product/ADDP08 - Add Product with Input Negative Value in Harga Produk Field | FAILED

2023-07-03 17:39:53 - [MESSAGE][INFO] - Test Case: Test Cases/Step Definition/Feature Add Product/ADDP08 - Add Product with Input Negative Value in Harga Produk Field | FAILED

2023-07-03 17:39:53 - [TEST_STEP][PASSED] - closeBrowser(): null

2023-07-03 17:39:53 - [TEST_STEP][PASSED] - closeBrowser(): Browser is closed

2023-07-03 17:39:53 - [MESSAGE][PASSED] - Browser is closed]]></system-out>
         <system-err><![CDATA[2023-07-03 17:39:04 - [TEST_CASE][FAILED] - Test Cases/Step Definition/Feature Add Product/ADDP08 - Add Product with Input Negative Value in Harga Produk Field: Test Cases/Step Definition/Feature Add Product/ADDP08 - Add Product with Input Negative Value in Harga Produk Field FAILED.
Reason:
com.kms.katalon.core.exception.StepFailedException: Call Test Case 'Test Cases/Pages/Add Product/Verify Error Message/Verify Harga Produk Negative Error Message' failed
	at com.kms.katalon.core.keyword.builtin.CallTestCaseKeyword$_callTestCase_closure1.doCall(CallTestCaseKeyword.groovy:63)
	at com.kms.katalon.core.keyword.builtin.CallTestCaseKeyword$_callTestCase_closure1.call(CallTestCaseKeyword.groovy)
	at com.kms.katalon.core.keyword.internal.KeywordMain.runKeyword(KeywordMain.groovy:75)
	at com.kms.katalon.core.keyword.builtin.CallTestCaseKeyword.callTestCase(CallTestCaseKeyword.groovy:81)
	at com.kms.katalon.core.keyword.builtin.CallTestCaseKeyword.execute(CallTestCaseKeyword.groovy:44)
	at com.kms.katalon.core.keyword.internal.KeywordExecutor.executeKeywordForPlatform(KeywordExecutor.groovy:74)
	at com.kms.katalon.core.keyword.BuiltinKeywords.callTestCase(BuiltinKeywords.groovy:334)
	at ADDP08 - Add Product with Input Negative Value in Harga Produk Field.run(ADDP08 - Add Product with Input Negative Value in Harga Produk Field:46)
	at com.kms.katalon.core.main.ScriptEngine.run(ScriptEngine.java:194)
	at com.kms.katalon.core.main.ScriptEngine.runScriptAsRawText(ScriptEngine.java:119)
	at com.kms.katalon.core.main.TestCaseExecutor.runScript(TestCaseExecutor.java:448)
	at com.kms.katalon.core.main.TestCaseExecutor.doExecute(TestCaseExecutor.java:439)
	at com.kms.katalon.core.main.TestCaseExecutor.processExecutionPhase(TestCaseExecutor.java:418)
	at com.kms.katalon.core.main.TestCaseExecutor.accessMainPhase(TestCaseExecutor.java:410)
	at com.kms.katalon.core.main.TestCaseExecutor.execute(TestCaseExecutor.java:285)
	at com.kms.katalon.core.common.CommonExecutor.accessTestCaseMainPhase(CommonExecutor.java:65)
	at com.kms.katalon.core.main.TestSuiteExecutor.accessTestSuiteMainPhase(TestSuiteExecutor.java:148)
	at com.kms.katalon.core.main.TestSuiteExecutor.execute(TestSuiteExecutor.java:106)
	at com.kms.katalon.core.main.TestCaseMain.startTestSuite(TestCaseMain.java:187)
	at com.kms.katalon.core.main.TestCaseMain$startTestSuite$0.call(Unknown Source)
	at TempTestSuite1688380617485.run(TempTestSuite1688380617485.groovy:36)
Caused by: com.kms.katalon.core.exception.StepFailedException: Unable to verify object 'Object Repository/Products/Add Product Page/Error Message/div_Price cant be blank' is visible
	at com.kms.katalon.core.webui.keyword.internal.WebUIKeywordMain.stepFailed(WebUIKeywordMain.groovy:64)
	at com.kms.katalon.core.webui.keyword.internal.WebUIKeywordMain.runKeyword(WebUIKeywordMain.groovy:26)
	at com.kms.katalon.core.webui.keyword.builtin.VerifyElementVisibleKeyword.verifyElementVisible(VerifyElementVisibleKeyword.groovy:97)
	at com.kms.katalon.core.webui.keyword.builtin.VerifyElementVisibleKeyword.execute(VerifyElementVisibleKeyword.groovy:67)
	at com.kms.katalon.core.keyword.internal.KeywordExecutor.executeKeywordForPlatform(KeywordExecutor.groovy:74)
	at com.kms.katalon.core.webui.keyword.WebUiBuiltInKeywords.verifyElementVisible(WebUiBuiltInKeywords.groovy:376)
	at com.kms.katalon.core.webui.keyword.WebUiBuiltInKeywords$verifyElementVisible$7.call(Unknown Source)
	at Verify Harga Produk Negative Error Message.run(Verify Harga Produk Negative Error Message:20)
	at com.kms.katalon.core.main.ScriptEngine.run(ScriptEngine.java:194)
	at com.kms.katalon.core.main.ScriptEngine.runScriptAsRawText(ScriptEngine.java:119)
	at com.kms.katalon.core.main.TestCaseExecutor.runScript(TestCaseExecutor.java:448)
	at com.kms.katalon.core.main.TestCaseExecutor.doExecute(TestCaseExecutor.java:439)
	at com.kms.katalon.core.main.TestCaseExecutor.processExecutionPhase(TestCaseExecutor.java:418)
	at com.kms.katalon.core.main.TestCaseExecutor.accessMainPhase(TestCaseExecutor.java:410)
	at com.kms.katalon.core.main.TestCaseExecutor.execute(TestCaseExecutor.java:285)
	at com.kms.katalon.core.main.TestCaseMain.runTestCase(TestCaseMain.java:144)
	at com.kms.katalon.core.keyword.builtin.CallTestCaseKeyword$_callTestCase_closure1.doCall(CallTestCaseKeyword.groovy:59)
	... 20 more
Caused by: com.kms.katalon.core.exception.StepFailedException: Web element with id: 'Object Repository/Products/Add Product Page/Error Message/div_Price cant be blank' located by '//div[@class = 'form-text text-danger' and (contains(text(), concat("Price can" , "'" , "t be blank")) or contains(., concat("Price can" , "'" , "t be blank")))]' not found
	at com.kms.katalon.core.webui.keyword.internal.WebUIKeywordMain.stepFailed(WebUIKeywordMain.groovy:64)
	at com.kms.katalon.core.webui.keyword.builtin.VerifyElementVisibleKeyword$_verifyElementVisible_closure1.doCall(VerifyElementVisibleKeyword.groovy:89)
	at com.kms.katalon.core.webui.keyword.builtin.VerifyElementVisibleKeyword$_verifyElementVisible_closure1.call(VerifyElementVisibleKeyword.groovy)
	at com.kms.katalon.core.webui.keyword.internal.WebUIKeywordMain.runKeyword(WebUIKeywordMain.groovy:20)
	... 35 more]]></system-err>
      </testcase>
      <testcase name="Test Cases/Step Definition/Feature Add Product/ADDP09 - Add Product with Input Invalid File Type in Gambar Produk Field" time="58.979" classname="Test Cases/Step Definition/Feature Add Product/ADDP09 - Add Product with Input Invalid File Type in Gambar Produk Field" status="FAILED">
         <failure type="FAILED" message="Test Cases/Step Definition/Feature Add Product/ADDP09 - Add Product with Input Invalid File Type in Gambar Produk Field FAILED.
Reason:
com.kms.katalon.core.exception.StepFailedException: Call Test Case 'Test Cases/Pages/Add Product/Verify Error Message/Verify Gambar Produk Invalid File Error Message' failed
	at com.kms.katalon.core.keyword.builtin.CallTestCaseKeyword$_callTestCase_closure1.doCall(CallTestCaseKeyword.groovy:63)
	at com.kms.katalon.core.keyword.builtin.CallTestCaseKeyword$_callTestCase_closure1.call(CallTestCaseKeyword.groovy)
	at com.kms.katalon.core.keyword.internal.KeywordMain.runKeyword(KeywordMain.groovy:75)
	at com.kms.katalon.core.keyword.builtin.CallTestCaseKeyword.callTestCase(CallTestCaseKeyword.groovy:81)
	at com.kms.katalon.core.keyword.builtin.CallTestCaseKeyword.execute(CallTestCaseKeyword.groovy:44)
	at com.kms.katalon.core.keyword.internal.KeywordExecutor.executeKeywordForPlatform(KeywordExecutor.groovy:74)
	at com.kms.katalon.core.keyword.BuiltinKeywords.callTestCase(BuiltinKeywords.groovy:334)
	at ADDP09 - Add Product with Input Invalid File Type in Gambar Produk Field.run(ADDP09 - Add Product with Input Invalid File Type in Gambar Produk Field:56)
	at com.kms.katalon.core.main.ScriptEngine.run(ScriptEngine.java:194)
	at com.kms.katalon.core.main.ScriptEngine.runScriptAsRawText(ScriptEngine.java:119)
	at com.kms.katalon.core.main.TestCaseExecutor.runScript(TestCaseExecutor.java:448)
	at com.kms.katalon.core.main.TestCaseExecutor.doExecute(TestCaseExecutor.java:439)
	at com.kms.katalon.core.main.TestCaseExecutor.processExecutionPhase(TestCaseExecutor.java:418)
	at com.kms.katalon.core.main.TestCaseExecutor.accessMainPhase(TestCaseExecutor.java:410)
	at com.kms.katalon.core.main.TestCaseExecutor.execute(TestCaseExecutor.java:285)
	at com.kms.katalon.core.common.CommonExecutor.accessTestCaseMainPhase(CommonExecutor.java:65)
	at com.kms.katalon.core.main.TestSuiteExecutor.accessTestSuiteMainPhase(TestSuiteExecutor.java:148)
	at com.kms.katalon.core.main.TestSuiteExecutor.execute(TestSuiteExecutor.java:106)
	at com.kms.katalon.core.main.TestCaseMain.startTestSuite(TestCaseMain.java:187)
	at com.kms.katalon.core.main.TestCaseMain$startTestSuite$0.call(Unknown Source)
	at TempTestSuite1688380617485.run(TempTestSuite1688380617485.groovy:36)
Caused by: com.kms.katalon.core.exception.StepFailedException: Unable to verify object 'Object Repository/Products/Add Product Page/Error Message/div_Invalid image file type' is visible
	at com.kms.katalon.core.webui.keyword.internal.WebUIKeywordMain.stepFailed(WebUIKeywordMain.groovy:64)
	at com.kms.katalon.core.webui.keyword.internal.WebUIKeywordMain.runKeyword(WebUIKeywordMain.groovy:26)
	at com.kms.katalon.core.webui.keyword.builtin.VerifyElementVisibleKeyword.verifyElementVisible(VerifyElementVisibleKeyword.groovy:97)
	at com.kms.katalon.core.webui.keyword.builtin.VerifyElementVisibleKeyword.execute(VerifyElementVisibleKeyword.groovy:67)
	at com.kms.katalon.core.keyword.internal.KeywordExecutor.executeKeywordForPlatform(KeywordExecutor.groovy:74)
	at com.kms.katalon.core.webui.keyword.WebUiBuiltInKeywords.verifyElementVisible(WebUiBuiltInKeywords.groovy:376)
	at com.kms.katalon.core.webui.keyword.WebUiBuiltInKeywords$verifyElementVisible$7.call(Unknown Source)
	at Verify Gambar Produk Invalid File Error Message.run(Verify Gambar Produk Invalid File Error Message:20)
	at com.kms.katalon.core.main.ScriptEngine.run(ScriptEngine.java:194)
	at com.kms.katalon.core.main.ScriptEngine.runScriptAsRawText(ScriptEngine.java:119)
	at com.kms.katalon.core.main.TestCaseExecutor.runScript(TestCaseExecutor.java:448)
	at com.kms.katalon.core.main.TestCaseExecutor.doExecute(TestCaseExecutor.java:439)
	at com.kms.katalon.core.main.TestCaseExecutor.processExecutionPhase(TestCaseExecutor.java:418)
	at com.kms.katalon.core.main.TestCaseExecutor.accessMainPhase(TestCaseExecutor.java:410)
	at com.kms.katalon.core.main.TestCaseExecutor.execute(TestCaseExecutor.java:285)
	at com.kms.katalon.core.main.TestCaseMain.runTestCase(TestCaseMain.java:144)
	at com.kms.katalon.core.keyword.builtin.CallTestCaseKeyword$_callTestCase_closure1.doCall(CallTestCaseKeyword.groovy:59)
	... 20 more
Caused by: com.kms.katalon.core.exception.StepFailedException: Web element with id: 'Object Repository/Products/Add Product Page/Error Message/div_Invalid image file type' located by '//div[@class = 'form-text text-danger' and (contains(text(), 'Invalid image file type') or contains(., 'Invalid image file type'))]' not found
	at com.kms.katalon.core.webui.keyword.internal.WebUIKeywordMain.stepFailed(WebUIKeywordMain.groovy:64)
	at com.kms.katalon.core.webui.keyword.builtin.VerifyElementVisibleKeyword$_verifyElementVisible_closure1.doCall(VerifyElementVisibleKeyword.groovy:89)
	at com.kms.katalon.core.webui.keyword.builtin.VerifyElementVisibleKeyword$_verifyElementVisible_closure1.call(VerifyElementVisibleKeyword.groovy)
	at com.kms.katalon.core.webui.keyword.internal.WebUIKeywordMain.runKeyword(WebUIKeywordMain.groovy:20)
	... 35 more
"/>
         <system-out><![CDATA[2023-07-03 17:39:53 - [TEST_CASE][FAILED] - Test Cases/Step Definition/Feature Add Product/ADDP09 - Add Product with Input Invalid File Type in Gambar Produk Field: Test Cases/Step Definition/Feature Add Product/ADDP09 - Add Product with Input Invalid File Type in Gambar Produk Field FAILED.
Reason:
com.kms.katalon.core.exception.StepFailedException: Call Test Case 'Test Cases/Pages/Add Product/Verify Error Message/Verify Gambar Produk Invalid File Error Message' failed
	at com.kms.katalon.core.keyword.builtin.CallTestCaseKeyword$_callTestCase_closure1.doCall(CallTestCaseKeyword.groovy:63)
	at com.kms.katalon.core.keyword.builtin.CallTestCaseKeyword$_callTestCase_closure1.call(CallTestCaseKeyword.groovy)
	at com.kms.katalon.core.keyword.internal.KeywordMain.runKeyword(KeywordMain.groovy:75)
	at com.kms.katalon.core.keyword.builtin.CallTestCaseKeyword.callTestCase(CallTestCaseKeyword.groovy:81)
	at com.kms.katalon.core.keyword.builtin.CallTestCaseKeyword.execute(CallTestCaseKeyword.groovy:44)
	at com.kms.katalon.core.keyword.internal.KeywordExecutor.executeKeywordForPlatform(KeywordExecutor.groovy:74)
	at com.kms.katalon.core.keyword.BuiltinKeywords.callTestCase(BuiltinKeywords.groovy:334)
	at ADDP09 - Add Product with Input Invalid File Type in Gambar Produk Field.run(ADDP09 - Add Product with Input Invalid File Type in Gambar Produk Field:56)
	at com.kms.katalon.core.main.ScriptEngine.run(ScriptEngine.java:194)
	at com.kms.katalon.core.main.ScriptEngine.runScriptAsRawText(ScriptEngine.java:119)
	at com.kms.katalon.core.main.TestCaseExecutor.runScript(TestCaseExecutor.java:448)
	at com.kms.katalon.core.main.TestCaseExecutor.doExecute(TestCaseExecutor.java:439)
	at com.kms.katalon.core.main.TestCaseExecutor.processExecutionPhase(TestCaseExecutor.java:418)
	at com.kms.katalon.core.main.TestCaseExecutor.accessMainPhase(TestCaseExecutor.java:410)
	at com.kms.katalon.core.main.TestCaseExecutor.execute(TestCaseExecutor.java:285)
	at com.kms.katalon.core.common.CommonExecutor.accessTestCaseMainPhase(CommonExecutor.java:65)
	at com.kms.katalon.core.main.TestSuiteExecutor.accessTestSuiteMainPhase(TestSuiteExecutor.java:148)
	at com.kms.katalon.core.main.TestSuiteExecutor.execute(TestSuiteExecutor.java:106)
	at com.kms.katalon.core.main.TestCaseMain.startTestSuite(TestCaseMain.java:187)
	at com.kms.katalon.core.main.TestCaseMain$startTestSuite$0.call(Unknown Source)
	at TempTestSuite1688380617485.run(TempTestSuite1688380617485.groovy:36)
Caused by: com.kms.katalon.core.exception.StepFailedException: Unable to verify object 'Object Repository/Products/Add Product Page/Error Message/div_Invalid image file type' is visible
	at com.kms.katalon.core.webui.keyword.internal.WebUIKeywordMain.stepFailed(WebUIKeywordMain.groovy:64)
	at com.kms.katalon.core.webui.keyword.internal.WebUIKeywordMain.runKeyword(WebUIKeywordMain.groovy:26)
	at com.kms.katalon.core.webui.keyword.builtin.VerifyElementVisibleKeyword.verifyElementVisible(VerifyElementVisibleKeyword.groovy:97)
	at com.kms.katalon.core.webui.keyword.builtin.VerifyElementVisibleKeyword.execute(VerifyElementVisibleKeyword.groovy:67)
	at com.kms.katalon.core.keyword.internal.KeywordExecutor.executeKeywordForPlatform(KeywordExecutor.groovy:74)
	at com.kms.katalon.core.webui.keyword.WebUiBuiltInKeywords.verifyElementVisible(WebUiBuiltInKeywords.groovy:376)
	at com.kms.katalon.core.webui.keyword.WebUiBuiltInKeywords$verifyElementVisible$7.call(Unknown Source)
	at Verify Gambar Produk Invalid File Error Message.run(Verify Gambar Produk Invalid File Error Message:20)
	at com.kms.katalon.core.main.ScriptEngine.run(ScriptEngine.java:194)
	at com.kms.katalon.core.main.ScriptEngine.runScriptAsRawText(ScriptEngine.java:119)
	at com.kms.katalon.core.main.TestCaseExecutor.runScript(TestCaseExecutor.java:448)
	at com.kms.katalon.core.main.TestCaseExecutor.doExecute(TestCaseExecutor.java:439)
	at com.kms.katalon.core.main.TestCaseExecutor.processExecutionPhase(TestCaseExecutor.java:418)
	at com.kms.katalon.core.main.TestCaseExecutor.accessMainPhase(TestCaseExecutor.java:410)
	at com.kms.katalon.core.main.TestCaseExecutor.execute(TestCaseExecutor.java:285)
	at com.kms.katalon.core.main.TestCaseMain.runTestCase(TestCaseMain.java:144)
	at com.kms.katalon.core.keyword.builtin.CallTestCaseKeyword$_callTestCase_closure1.doCall(CallTestCaseKeyword.groovy:59)
	... 20 more
Caused by: com.kms.katalon.core.exception.StepFailedException: Web element with id: 'Object Repository/Products/Add Product Page/Error Message/div_Invalid image file type' located by '//div[@class = 'form-text text-danger' and (contains(text(), 'Invalid image file type') or contains(., 'Invalid image file type'))]' not found
	at com.kms.katalon.core.webui.keyword.internal.WebUIKeywordMain.stepFailed(WebUIKeywordMain.groovy:64)
	at com.kms.katalon.core.webui.keyword.builtin.VerifyElementVisibleKeyword$_verifyElementVisible_closure1.doCall(VerifyElementVisibleKeyword.groovy:89)
	at com.kms.katalon.core.webui.keyword.builtin.VerifyElementVisibleKeyword$_verifyElementVisible_closure1.call(VerifyElementVisibleKeyword.groovy)
	at com.kms.katalon.core.webui.keyword.internal.WebUIKeywordMain.runKeyword(WebUIKeywordMain.groovy:20)
	... 35 more


2023-07-03 17:39:53 - [TEST_STEP][PASSED] - Start listener action : BeforeTestCase: Current window maximized

2023-07-03 17:39:53 - [TEST_STEP][PASSED] - logInfo("Test Case: " + testCaseContext.getTestCaseId()): Test Case: Test Cases/Step Definition/Feature Add Product/ADDP09 - Add Product with Input Invalid File Type in Gambar Produk Field

2023-07-03 17:39:53 - [MESSAGE][INFO] - Test Case: Test Cases/Step Definition/Feature Add Product/ADDP09 - Add Product with Input Invalid File Type in Gambar Produk Field

2023-07-03 17:39:53 - [TEST_STEP][PASSED] - openBrowser(): null

2023-07-03 17:39:53 - [TEST_STEP][PASSED] - openBrowser("https://secondhand.binaracademy.org/"): Browser is opened with url: 'https://secondhand.binaracademy.org/'

2023-07-03 17:39:53 - [MESSAGE][INFO] - Starting 'Chrome' driver

2023-07-03 17:39:53 - [MESSAGE][INFO] - Action delay is set to 0 milliseconds

2023-07-03 17:39:56 - [MESSAGE][PASSED] - Browser is opened with url: 'https://secondhand.binaracademy.org/'

2023-07-03 17:39:56 - [TEST_STEP][PASSED] - maximizeWindow(): Current window maximized

2023-07-03 17:39:57 - [MESSAGE][PASSED] - Current window maximized

2023-07-03 17:39:57 - [TEST_STEP][PASSED] - callTestCase(findTestCase("Step Definition/Feature Register/REG01 - User register with valid credentials"), [:]): Call Test Case 'Test Cases/Step Definition/Feature Register/REG01 - User register with valid credentials' successfully

2023-07-03 17:39:57 - [TEST_CASE][PASSED] - Test Cases/Step Definition/Feature Register/REG01 - User register with valid credentials: Test Cases/Step Definition/Feature Register/REG01 - User register with valid credentials

2023-07-03 17:39:57 - [TEST_STEP][PASSED] - callTestCase(findTestCase("Pages/Homepage/Click Masuk from homepage"), [:], STOP_ON_FAILURE): Call Test Case 'Test Cases/Pages/Homepage/Click Masuk from homepage' successfully

2023-07-03 17:39:57 - [TEST_CASE][PASSED] - Test Cases/Pages/Homepage/Click Masuk from homepage: Test Cases/Pages/Homepage/Click Masuk from homepage

2023-07-03 17:39:57 - [TEST_STEP][PASSED] - click(findTestObject("Navbar/a_Masuk")): Object: 'Object Repository/Navbar/a_Masuk' is clicked on

2023-07-03 17:39:57 - [MESSAGE][PASSED] - Object: 'Object Repository/Navbar/a_Masuk' is clicked on

2023-07-03 17:39:57 - [MESSAGE][PASSED] - Call Test Case 'Test Cases/Pages/Homepage/Click Masuk from homepage' successfully

2023-07-03 17:39:57 - [TEST_STEP][PASSED] - callTestCase(findTestCase("Pages/Register/Click Button Daftar di sini from login page"), [:], STOP_ON_FAILURE): Call Test Case 'Test Cases/Pages/Register/Click Button Daftar di sini from login page' successfully

2023-07-03 17:39:57 - [TEST_CASE][PASSED] - Test Cases/Pages/Register/Click Button Daftar di sini from login page: Test Cases/Pages/Register/Click Button Daftar di sini from login page

2023-07-03 17:39:57 - [TEST_STEP][PASSED] - click(findTestObject("Login/a_Daftar di sini")): Object: 'Object Repository/Login/a_Daftar di sini' is clicked on

2023-07-03 17:39:58 - [MESSAGE][PASSED] - Object: 'Object Repository/Login/a_Daftar di sini' is clicked on

2023-07-03 17:39:58 - [MESSAGE][PASSED] - Call Test Case 'Test Cases/Pages/Register/Click Button Daftar di sini from login page' successfully

2023-07-03 17:39:58 - [TEST_STEP][PASSED] - callTestCase(findTestCase("Pages/Register/Input Nama with custom keyword"), ["name":""], STOP_ON_FAILURE): Call Test Case 'Test Cases/Pages/Register/Input Nama with custom keyword' successfully

2023-07-03 17:39:58 - [TEST_CASE][PASSED] - Test Cases/Pages/Register/Input Nama with custom keyword: Test Cases/Pages/Register/Input Nama with custom keyword

2023-07-03 17:39:58 - [TEST_STEP][PASSED] - Nama = packages.randomName.getWaktu(): packages.randomName.getWaktu is PASSED

2023-07-03 17:39:58 - [MESSAGE][PASSED] - packages.randomName.getWaktu is PASSED

2023-07-03 17:39:58 - [TEST_STEP][PASSED] - sendKeys(findTestObject("Register/input_Name"), Nama): Keys 'User 390323-0539' sent to object: 'Object Repository/Register/input_Name'

2023-07-03 17:39:59 - [MESSAGE][PASSED] - Keys 'User 390323-0539' sent to object: 'Object Repository/Register/input_Name'

2023-07-03 17:39:59 - [MESSAGE][PASSED] - Call Test Case 'Test Cases/Pages/Register/Input Nama with custom keyword' successfully

2023-07-03 17:39:59 - [TEST_STEP][PASSED] - callTestCase(findTestCase("Pages/Register/Input Email with custom keyword"), ["email":""], STOP_ON_FAILURE): Call Test Case 'Test Cases/Pages/Register/Input Email with custom keyword' successfully

2023-07-03 17:39:59 - [TEST_CASE][PASSED] - Test Cases/Pages/Register/Input Email with custom keyword: Test Cases/Pages/Register/Input Email with custom keyword

2023-07-03 17:39:59 - [TEST_STEP][PASSED] - Email = packages.randomEmail.getEmail("gmail.com"): packages.randomEmail.getEmail is PASSED

2023-07-03 17:39:59 - [MESSAGE][PASSED] - packages.randomEmail.getEmail is PASSED

2023-07-03 17:39:59 - [TEST_STEP][PASSED] - sendKeys(findTestObject("Register/input_Email"), Email): Keys 'user390323-0539-614@gmail.com' sent to object: 'Object Repository/Register/input_Email'

2023-07-03 17:39:59 - [MESSAGE][PASSED] - Keys 'user390323-0539-614@gmail.com' sent to object: 'Object Repository/Register/input_Email'

2023-07-03 17:39:59 - [TEST_STEP][PASSED] - packages.createGlobalVariables.addGlobalVariable("email", Email): packages.createGlobalVariables.addGlobalVariable is PASSED

2023-07-03 17:39:59 - [MESSAGE][PASSED] - packages.createGlobalVariables.addGlobalVariable is PASSED

2023-07-03 17:39:59 - [TEST_STEP][PASSED] - println(email): null

2023-07-03 17:39:59 - [MESSAGE][PASSED] - Call Test Case 'Test Cases/Pages/Register/Input Email with custom keyword' successfully

2023-07-03 17:39:59 - [TEST_STEP][PASSED] - callTestCase(findTestCase("Pages/Register/Input Password"), ["password":password], STOP_ON_FAILURE): Call Test Case 'Test Cases/Pages/Register/Input Password' successfully

2023-07-03 17:39:59 - [TEST_CASE][PASSED] - Test Cases/Pages/Register/Input Password: Test Cases/Pages/Register/Input Password

2023-07-03 17:39:59 - [TEST_STEP][PASSED] - setText(findTestObject("Register/input_Password"), password): Text 'abc!12345' is set on object 'Object Repository/Register/input_Password'

2023-07-03 17:40:00 - [MESSAGE][PASSED] - Text 'abc!12345' is set on object 'Object Repository/Register/input_Password'

2023-07-03 17:40:00 - [MESSAGE][PASSED] - Call Test Case 'Test Cases/Pages/Register/Input Password' successfully

2023-07-03 17:40:00 - [TEST_STEP][PASSED] - callTestCase(findTestCase("Pages/Register/Click Button Daftar to submit"), [:], STOP_ON_FAILURE): Call Test Case 'Test Cases/Pages/Register/Click Button Daftar to submit' successfully

2023-07-03 17:40:00 - [TEST_CASE][PASSED] - Test Cases/Pages/Register/Click Button Daftar to submit: Test Cases/Pages/Register/Click Button Daftar to submit

2023-07-03 17:40:00 - [TEST_STEP][PASSED] - click(findTestObject("Register/button_Daftar")): Object: 'Object Repository/Register/button_Daftar' is clicked on

2023-07-03 17:40:01 - [MESSAGE][PASSED] - Object: 'Object Repository/Register/button_Daftar' is clicked on

2023-07-03 17:40:01 - [MESSAGE][PASSED] - Call Test Case 'Test Cases/Pages/Register/Click Button Daftar to submit' successfully

2023-07-03 17:40:01 - [TEST_STEP][PASSED] - callTestCase(findTestCase("Pages/Register/Verify Register Valid"), [:], STOP_ON_FAILURE): Call Test Case 'Test Cases/Pages/Register/Verify Register Valid' successfully

2023-07-03 17:40:01 - [TEST_CASE][PASSED] - Test Cases/Pages/Register/Verify Register Valid: Test Cases/Pages/Register/Verify Register Valid

2023-07-03 17:40:01 - [TEST_STEP][PASSED] - verifyElementVisible(findTestObject("Navbar/a_Profil Saya Icon")): Object 'Object Repository/Navbar/a_Profil Saya Icon' is visible

2023-07-03 17:40:02 - [MESSAGE][PASSED] - Object 'Object Repository/Navbar/a_Profil Saya Icon' is visible

2023-07-03 17:40:02 - [MESSAGE][PASSED] - Call Test Case 'Test Cases/Pages/Register/Verify Register Valid' successfully

2023-07-03 17:40:02 - [MESSAGE][PASSED] - Call Test Case 'Test Cases/Step Definition/Feature Register/REG01 - User register with valid credentials' successfully

2023-07-03 17:40:02 - [TEST_STEP][PASSED] - callTestCase(findTestCase("Pages/Homepage/Click Profile Icon Navbar"), [:], STOP_ON_FAILURE): Call Test Case 'Test Cases/Pages/Homepage/Click Profile Icon Navbar' successfully

2023-07-03 17:40:02 - [TEST_CASE][PASSED] - Test Cases/Pages/Homepage/Click Profile Icon Navbar: Test Cases/Pages/Homepage/Click Profile Icon Navbar

2023-07-03 17:40:02 - [TEST_STEP][PASSED] - click(findTestObject("Navbar/a_Profil Saya Icon")): Object: 'Object Repository/Navbar/a_Profil Saya Icon' is clicked on

2023-07-03 17:40:02 - [MESSAGE][PASSED] - Object: 'Object Repository/Navbar/a_Profil Saya Icon' is clicked on

2023-07-03 17:40:02 - [MESSAGE][PASSED] - Call Test Case 'Test Cases/Pages/Homepage/Click Profile Icon Navbar' successfully

2023-07-03 17:40:02 - [TEST_STEP][PASSED] - callTestCase(findTestCase("Pages/Homepage/Click Profile Account"), [:], STOP_ON_FAILURE): Call Test Case 'Test Cases/Pages/Homepage/Click Profile Account' successfully

2023-07-03 17:40:02 - [TEST_CASE][PASSED] - Test Cases/Pages/Homepage/Click Profile Account: Test Cases/Pages/Homepage/Click Profile Account

2023-07-03 17:40:02 - [TEST_STEP][PASSED] - click(findTestObject("Navbar/a_Profil")): Object: 'Object Repository/Navbar/a_Profil' is clicked on

2023-07-03 17:40:03 - [MESSAGE][PASSED] - Object: 'Object Repository/Navbar/a_Profil' is clicked on

2023-07-03 17:40:03 - [MESSAGE][PASSED] - Call Test Case 'Test Cases/Pages/Homepage/Click Profile Account' successfully

2023-07-03 17:40:03 - [TEST_STEP][PASSED] - callTestCase(findTestCase("Pages/Profile/Upload Image"), [:], STOP_ON_FAILURE): Call Test Case 'Test Cases/Pages/Profile/Upload Image' successfully

2023-07-03 17:40:03 - [TEST_CASE][PASSED] - Test Cases/Pages/Profile/Upload Image: Test Cases/Pages/Profile/Upload Image

2023-07-03 17:40:03 - [TEST_STEP][PASSED] - uploadFile(findTestObject("User Profile/input_Avatar"), System.getProperty("user.dir") + "\Data Files\ImageForTest\imgp.jpeg"): File 'E:\GitRepo\Katalon\binarqa-group1-web\Data Files\ImageForTest\imgp.jpeg' sent to object: 'Object Repository/User Profile/input_Avatar'

2023-07-03 17:40:03 - [MESSAGE][PASSED] - File 'E:\GitRepo\Katalon\binarqa-group1-web\Data Files\ImageForTest\imgp.jpeg' sent to object: 'Object Repository/User Profile/input_Avatar'

2023-07-03 17:40:03 - [MESSAGE][PASSED] - Call Test Case 'Test Cases/Pages/Profile/Upload Image' successfully

2023-07-03 17:40:03 - [TEST_STEP][PASSED] - callTestCase(findTestCase("Pages/Profile/Input Nama"), ["nama":"Group1"], STOP_ON_FAILURE): Call Test Case 'Test Cases/Pages/Profile/Input Nama' successfully

2023-07-03 17:40:04 - [TEST_CASE][PASSED] - Test Cases/Pages/Profile/Input Nama: Test Cases/Pages/Profile/Input Nama

2023-07-03 17:40:04 - [TEST_STEP][PASSED] - setText(findTestObject("User Profile/input_Nama"), nama): Text 'Group1' is set on object 'Object Repository/User Profile/input_Nama'

2023-07-03 17:40:04 - [MESSAGE][PASSED] - Text 'Group1' is set on object 'Object Repository/User Profile/input_Nama'

2023-07-03 17:40:04 - [MESSAGE][PASSED] - Call Test Case 'Test Cases/Pages/Profile/Input Nama' successfully

2023-07-03 17:40:04 - [TEST_STEP][PASSED] - callTestCase(findTestCase("Pages/Profile/Set Kota"), ["kota":"Jakarta"], STOP_ON_FAILURE): Call Test Case 'Test Cases/Pages/Profile/Set Kota' successfully

2023-07-03 17:40:04 - [TEST_CASE][PASSED] - Test Cases/Pages/Profile/Set Kota: Test Cases/Pages/Profile/Set Kota

2023-07-03 17:40:04 - [TEST_STEP][PASSED] - selectOptionByLabel(findTestObject("User Profile/select_Pilih Kota"), kota, false): All options with label 'Jakarta' are selected in object 'Object Repository/User Profile/select_Pilih Kota' 

2023-07-03 17:40:05 - [MESSAGE][PASSED] - All options with label 'Jakarta' are selected in object 'Object Repository/User Profile/select_Pilih Kota' 

2023-07-03 17:40:05 - [MESSAGE][PASSED] - Call Test Case 'Test Cases/Pages/Profile/Set Kota' successfully

2023-07-03 17:40:05 - [TEST_STEP][PASSED] - callTestCase(findTestCase("Pages/Profile/Input Alamat"), ["alamat":"Jl. Kenangan"], STOP_ON_FAILURE): Call Test Case 'Test Cases/Pages/Profile/Input Alamat' successfully

2023-07-03 17:40:05 - [TEST_CASE][PASSED] - Test Cases/Pages/Profile/Input Alamat: Test Cases/Pages/Profile/Input Alamat

2023-07-03 17:40:05 - [TEST_STEP][PASSED] - setText(findTestObject("User Profile/textarea_Alamat"), alamat): Text 'Jl. Kenangan' is set on object 'Object Repository/User Profile/textarea_Alamat'

2023-07-03 17:40:06 - [MESSAGE][PASSED] - Text 'Jl. Kenangan' is set on object 'Object Repository/User Profile/textarea_Alamat'

2023-07-03 17:40:06 - [MESSAGE][PASSED] - Call Test Case 'Test Cases/Pages/Profile/Input Alamat' successfully

2023-07-03 17:40:06 - [TEST_STEP][PASSED] - callTestCase(findTestCase("Pages/Profile/Input No Handphone"), ["noHP":"0843434343"], STOP_ON_FAILURE): Call Test Case 'Test Cases/Pages/Profile/Input No Handphone' successfully

2023-07-03 17:40:06 - [TEST_CASE][PASSED] - Test Cases/Pages/Profile/Input No Handphone: Test Cases/Pages/Profile/Input No Handphone

2023-07-03 17:40:06 - [TEST_STEP][PASSED] - setText(findTestObject("User Profile/input_No Handphone"), noHP): Text '0843434343' is set on object 'Object Repository/User Profile/input_No Handphone'

2023-07-03 17:40:07 - [MESSAGE][PASSED] - Text '0843434343' is set on object 'Object Repository/User Profile/input_No Handphone'

2023-07-03 17:40:07 - [MESSAGE][PASSED] - Call Test Case 'Test Cases/Pages/Profile/Input No Handphone' successfully

2023-07-03 17:40:07 - [TEST_STEP][PASSED] - callTestCase(findTestCase("Pages/Profile/Click Button Simpan"), [:], STOP_ON_FAILURE): Call Test Case 'Test Cases/Pages/Profile/Click Button Simpan' successfully

2023-07-03 17:40:07 - [TEST_CASE][PASSED] - Test Cases/Pages/Profile/Click Button Simpan: Test Cases/Pages/Profile/Click Button Simpan

2023-07-03 17:40:07 - [TEST_STEP][PASSED] - click(findTestObject("User Profile/button_simpan")): Object: 'Object Repository/User Profile/button_simpan' is clicked on

2023-07-03 17:40:09 - [MESSAGE][PASSED] - Object: 'Object Repository/User Profile/button_simpan' is clicked on

2023-07-03 17:40:09 - [MESSAGE][PASSED] - Call Test Case 'Test Cases/Pages/Profile/Click Button Simpan' successfully

2023-07-03 17:40:09 - [TEST_STEP][PASSED] - callTestCase(findTestCase("Pages/Homepage/Click Jual Floating Button"), [:], STOP_ON_FAILURE): Call Test Case 'Test Cases/Pages/Homepage/Click Jual Floating Button' successfully

2023-07-03 17:40:09 - [TEST_CASE][PASSED] - Test Cases/Pages/Homepage/Click Jual Floating Button: Test Cases/Pages/Homepage/Click Jual Floating Button

2023-07-03 17:40:09 - [TEST_STEP][PASSED] - click(findTestObject("Homepage/a_Button Jual")): Object: 'Object Repository/Homepage/a_Button Jual' is clicked on

2023-07-03 17:40:12 - [MESSAGE][PASSED] - Object: 'Object Repository/Homepage/a_Button Jual' is clicked on

2023-07-03 17:40:12 - [MESSAGE][PASSED] - Call Test Case 'Test Cases/Pages/Homepage/Click Jual Floating Button' successfully

2023-07-03 17:40:12 - [TEST_STEP][PASSED] - callTestCase(findTestCase("Pages/Add Product/Verify Add Product Form"), [:], STOP_ON_FAILURE): Call Test Case 'Test Cases/Pages/Add Product/Verify Add Product Form' successfully

2023-07-03 17:40:12 - [TEST_CASE][PASSED] - Test Cases/Pages/Add Product/Verify Add Product Form: Test Cases/Pages/Add Product/Verify Add Product Form

2023-07-03 17:40:12 - [TEST_STEP][PASSED] - verifyElementPresent(findTestObject("Products/Add Product Page/input_Nama Produk"), 0): Object 'Object Repository/Products/Add Product Page/input_Nama Produk' is present

2023-07-03 17:40:12 - [MESSAGE][WARNING] - Timeout '0' is invalid. Using default page load timeout: '30'

2023-07-03 17:40:13 - [MESSAGE][PASSED] - Object 'Object Repository/Products/Add Product Page/input_Nama Produk' is present

2023-07-03 17:40:13 - [TEST_STEP][PASSED] - verifyElementPresent(findTestObject("Products/Add Product Page/input_Harga Produk"), 0): Object 'Object Repository/Products/Add Product Page/input_Harga Produk' is present

2023-07-03 17:40:13 - [MESSAGE][WARNING] - Timeout '0' is invalid. Using default page load timeout: '30'

2023-07-03 17:40:13 - [MESSAGE][PASSED] - Object 'Object Repository/Products/Add Product Page/input_Harga Produk' is present

2023-07-03 17:40:13 - [TEST_STEP][PASSED] - verifyElementPresent(findTestObject("Products/Add Product Page/select_Kategori"), 0): Object 'Object Repository/Products/Add Product Page/select_Kategori' is present

2023-07-03 17:40:13 - [MESSAGE][WARNING] - Timeout '0' is invalid. Using default page load timeout: '30'

2023-07-03 17:40:13 - [MESSAGE][PASSED] - Object 'Object Repository/Products/Add Product Page/select_Kategori' is present

2023-07-03 17:40:13 - [TEST_STEP][PASSED] - verifyElementPresent(findTestObject("Products/Add Product Page/textarea_Deskripsi"), 0): Object 'Object Repository/Products/Add Product Page/textarea_Deskripsi' is present

2023-07-03 17:40:13 - [MESSAGE][WARNING] - Timeout '0' is invalid. Using default page load timeout: '30'

2023-07-03 17:40:13 - [MESSAGE][PASSED] - Object 'Object Repository/Products/Add Product Page/textarea_Deskripsi' is present

2023-07-03 17:40:13 - [TEST_STEP][PASSED] - verifyElementPresent(findTestObject("Products/Add Product Page/input_Gambar Produk"), 0): Object 'Object Repository/Products/Add Product Page/input_Gambar Produk' is present

2023-07-03 17:40:13 - [MESSAGE][WARNING] - Timeout '0' is invalid. Using default page load timeout: '30'

2023-07-03 17:40:14 - [MESSAGE][PASSED] - Object 'Object Repository/Products/Add Product Page/input_Gambar Produk' is present

2023-07-03 17:40:14 - [TEST_STEP][PASSED] - verifyElementPresent(findTestObject("Products/Add Product Page/label_Button Terbitkan"), 0): Object 'Object Repository/Products/Add Product Page/label_Button Terbitkan' is present

2023-07-03 17:40:14 - [MESSAGE][WARNING] - Timeout '0' is invalid. Using default page load timeout: '30'

2023-07-03 17:40:14 - [MESSAGE][PASSED] - Object 'Object Repository/Products/Add Product Page/label_Button Terbitkan' is present

2023-07-03 17:40:14 - [MESSAGE][PASSED] - Call Test Case 'Test Cases/Pages/Add Product/Verify Add Product Form' successfully

2023-07-03 17:40:14 - [TEST_STEP][PASSED] - callTestCase(findTestCase("Pages/Add Product/Input Nama Produk"), ["namaProduk":"Produk A"], STOP_ON_FAILURE): Call Test Case 'Test Cases/Pages/Add Product/Input Nama Produk' successfully

2023-07-03 17:40:14 - [TEST_CASE][PASSED] - Test Cases/Pages/Add Product/Input Nama Produk: Test Cases/Pages/Add Product/Input Nama Produk

2023-07-03 17:40:14 - [TEST_STEP][PASSED] - setText(findTestObject("Products/Add Product Page/input_Nama Produk"), namaProduk): Text 'Produk A' is set on object 'Object Repository/Products/Add Product Page/input_Nama Produk'

2023-07-03 17:40:15 - [MESSAGE][PASSED] - Text 'Produk A' is set on object 'Object Repository/Products/Add Product Page/input_Nama Produk'

2023-07-03 17:40:15 - [MESSAGE][PASSED] - Call Test Case 'Test Cases/Pages/Add Product/Input Nama Produk' successfully

2023-07-03 17:40:15 - [TEST_STEP][PASSED] - callTestCase(findTestCase("Pages/Add Product/Input Harga Produk"), ["hargaProduk":"100000"], STOP_ON_FAILURE): Call Test Case 'Test Cases/Pages/Add Product/Input Harga Produk' successfully

2023-07-03 17:40:15 - [TEST_CASE][PASSED] - Test Cases/Pages/Add Product/Input Harga Produk: Test Cases/Pages/Add Product/Input Harga Produk

2023-07-03 17:40:15 - [TEST_STEP][PASSED] - setText(findTestObject("Products/Add Product Page/input_Harga Produk"), hargaProduk): Text '100000' is set on object 'Object Repository/Products/Add Product Page/input_Harga Produk'

2023-07-03 17:40:15 - [MESSAGE][PASSED] - Text '100000' is set on object 'Object Repository/Products/Add Product Page/input_Harga Produk'

2023-07-03 17:40:15 - [MESSAGE][PASSED] - Call Test Case 'Test Cases/Pages/Add Product/Input Harga Produk' successfully

2023-07-03 17:40:15 - [TEST_STEP][PASSED] - callTestCase(findTestCase("Pages/Add Product/Input Kategori Produk"), ["kategoriProduk":"Kesehatan"], STOP_ON_FAILURE): Call Test Case 'Test Cases/Pages/Add Product/Input Kategori Produk' successfully

2023-07-03 17:40:16 - [TEST_CASE][PASSED] - Test Cases/Pages/Add Product/Input Kategori Produk: Test Cases/Pages/Add Product/Input Kategori Produk

2023-07-03 17:40:16 - [TEST_STEP][PASSED] - selectOptionByLabel(findTestObject("Products/Add Product Page/select_Kategori"), kategoriProduk, false): All options with label 'Kesehatan' are selected in object 'Object Repository/Products/Add Product Page/select_Kategori' 

2023-07-03 17:40:16 - [MESSAGE][PASSED] - All options with label 'Kesehatan' are selected in object 'Object Repository/Products/Add Product Page/select_Kategori' 

2023-07-03 17:40:16 - [MESSAGE][PASSED] - Call Test Case 'Test Cases/Pages/Add Product/Input Kategori Produk' successfully

2023-07-03 17:40:16 - [TEST_STEP][PASSED] - callTestCase(findTestCase("Pages/Add Product/Input Deskripsi Produk"), ["deskripsiProduk":"Deskripsi Produk A"], STOP_ON_FAILURE): Call Test Case 'Test Cases/Pages/Add Product/Input Deskripsi Produk' successfully

2023-07-03 17:40:16 - [TEST_CASE][PASSED] - Test Cases/Pages/Add Product/Input Deskripsi Produk: Test Cases/Pages/Add Product/Input Deskripsi Produk

2023-07-03 17:40:16 - [TEST_STEP][PASSED] - setText(findTestObject("Products/Add Product Page/textarea_Deskripsi"), deskripsiProduk): Text 'Deskripsi Produk A' is set on object 'Object Repository/Products/Add Product Page/textarea_Deskripsi'

2023-07-03 17:40:17 - [MESSAGE][PASSED] - Text 'Deskripsi Produk A' is set on object 'Object Repository/Products/Add Product Page/textarea_Deskripsi'

2023-07-03 17:40:17 - [MESSAGE][PASSED] - Call Test Case 'Test Cases/Pages/Add Product/Input Deskripsi Produk' successfully

2023-07-03 17:40:17 - [TEST_STEP][PASSED] - callTestCase(findTestCase("Pages/Add Product/Input Gambar Produk"), ["pathToFile":System.getProperty("user.dir") + "\Data Files\ImageForTest\invalid_image.txt"], STOP_ON_FAILURE): Call Test Case 'Test Cases/Pages/Add Product/Input Gambar Produk' successfully

2023-07-03 17:40:17 - [TEST_CASE][PASSED] - Test Cases/Pages/Add Product/Input Gambar Produk: Test Cases/Pages/Add Product/Input Gambar Produk

2023-07-03 17:40:17 - [TEST_STEP][PASSED] - uploadFile(findTestObject("Products/Add Product Page/input_Gambar Produk"), pathToFile): File 'E:\GitRepo\Katalon\binarqa-group1-web\Data Files\ImageForTest\invalid_image.txt' sent to object: 'Object Repository/Products/Add Product Page/input_Gambar Produk'

2023-07-03 17:40:17 - [MESSAGE][PASSED] - File 'E:\GitRepo\Katalon\binarqa-group1-web\Data Files\ImageForTest\invalid_image.txt' sent to object: 'Object Repository/Products/Add Product Page/input_Gambar Produk'

2023-07-03 17:40:17 - [MESSAGE][PASSED] - Call Test Case 'Test Cases/Pages/Add Product/Input Gambar Produk' successfully

2023-07-03 17:40:17 - [TEST_STEP][PASSED] - callTestCase(findTestCase("Pages/Add Product/Click Terbitkan Button"), [:], STOP_ON_FAILURE): Call Test Case 'Test Cases/Pages/Add Product/Click Terbitkan Button' successfully

2023-07-03 17:40:17 - [TEST_CASE][PASSED] - Test Cases/Pages/Add Product/Click Terbitkan Button: Test Cases/Pages/Add Product/Click Terbitkan Button

2023-07-03 17:40:17 - [TEST_STEP][PASSED] - click(findTestObject("Products/Add Product Page/label_Button Terbitkan")): Object: 'Object Repository/Products/Add Product Page/label_Button Terbitkan' is clicked on

2023-07-03 17:40:20 - [MESSAGE][PASSED] - Object: 'Object Repository/Products/Add Product Page/label_Button Terbitkan' is clicked on

2023-07-03 17:40:20 - [MESSAGE][PASSED] - Call Test Case 'Test Cases/Pages/Add Product/Click Terbitkan Button' successfully

2023-07-03 17:40:20 - [TEST_STEP][FAILED] - callTestCase(findTestCase("Pages/Add Product/Verify Error Message/Verify Gambar Produk Invalid File Error Message"), [:], STOP_ON_FAILURE): Unable to call Test Case 'Test Cases/Pages/Add Product/Verify Error Message/Verify Gambar Produk Invalid File Error Message' (Root cause: com.kms.katalon.core.exception.StepFailedException: Call Test Case 'Test Cases/Pages/Add Product/Verify Error Message/Verify Gambar Produk Invalid File Error Message' failed
	at com.kms.katalon.core.keyword.builtin.CallTestCaseKeyword$_callTestCase_closure1.doCall(CallTestCaseKeyword.groovy:63)
	at com.kms.katalon.core.keyword.builtin.CallTestCaseKeyword$_callTestCase_closure1.call(CallTestCaseKeyword.groovy)
	at com.kms.katalon.core.keyword.internal.KeywordMain.runKeyword(KeywordMain.groovy:75)
	at com.kms.katalon.core.keyword.builtin.CallTestCaseKeyword.callTestCase(CallTestCaseKeyword.groovy:81)
	at com.kms.katalon.core.keyword.builtin.CallTestCaseKeyword.execute(CallTestCaseKeyword.groovy:44)
	at com.kms.katalon.core.keyword.internal.KeywordExecutor.executeKeywordForPlatform(KeywordExecutor.groovy:74)
	at com.kms.katalon.core.keyword.BuiltinKeywords.callTestCase(BuiltinKeywords.groovy:334)
	at ADDP09 - Add Product with Input Invalid File Type in Gambar Produk Field.run(ADDP09 - Add Product with Input Invalid File Type in Gambar Produk Field:56)
	at com.kms.katalon.core.main.ScriptEngine.run(ScriptEngine.java:194)
	at com.kms.katalon.core.main.ScriptEngine.runScriptAsRawText(ScriptEngine.java:119)
	at com.kms.katalon.core.main.TestCaseExecutor.runScript(TestCaseExecutor.java:448)
	at com.kms.katalon.core.main.TestCaseExecutor.doExecute(TestCaseExecutor.java:439)
	at com.kms.katalon.core.main.TestCaseExecutor.processExecutionPhase(TestCaseExecutor.java:418)
	at com.kms.katalon.core.main.TestCaseExecutor.accessMainPhase(TestCaseExecutor.java:410)
	at com.kms.katalon.core.main.TestCaseExecutor.execute(TestCaseExecutor.java:285)
	at com.kms.katalon.core.common.CommonExecutor.accessTestCaseMainPhase(CommonExecutor.java:65)
	at com.kms.katalon.core.main.TestSuiteExecutor.accessTestSuiteMainPhase(TestSuiteExecutor.java:148)
	at com.kms.katalon.core.main.TestSuiteExecutor.execute(TestSuiteExecutor.java:106)
	at com.kms.katalon.core.main.TestCaseMain.startTestSuite(TestCaseMain.java:187)
	at com.kms.katalon.core.main.TestCaseMain$startTestSuite$0.call(Unknown Source)
	at TempTestSuite1688380617485.run(TempTestSuite1688380617485.groovy:36)
Caused by: com.kms.katalon.core.exception.StepFailedException: Unable to verify object 'Object Repository/Products/Add Product Page/Error Message/div_Invalid image file type' is visible
	at com.kms.katalon.core.webui.keyword.internal.WebUIKeywordMain.stepFailed(WebUIKeywordMain.groovy:64)
	at com.kms.katalon.core.webui.keyword.internal.WebUIKeywordMain.runKeyword(WebUIKeywordMain.groovy:26)
	at com.kms.katalon.core.webui.keyword.builtin.VerifyElementVisibleKeyword.verifyElementVisible(VerifyElementVisibleKeyword.groovy:97)
	at com.kms.katalon.core.webui.keyword.builtin.VerifyElementVisibleKeyword.execute(VerifyElementVisibleKeyword.groovy:67)
	at com.kms.katalon.core.keyword.internal.KeywordExecutor.executeKeywordForPlatform(KeywordExecutor.groovy:74)
	at com.kms.katalon.core.webui.keyword.WebUiBuiltInKeywords.verifyElementVisible(WebUiBuiltInKeywords.groovy:376)
	at com.kms.katalon.core.webui.keyword.WebUiBuiltInKeywords$verifyElementVisible$7.call(Unknown Source)
	at Verify Gambar Produk Invalid File Error Message.run(Verify Gambar Produk Invalid File Error Message:20)
	at com.kms.katalon.core.main.ScriptEngine.run(ScriptEngine.java:194)
	at com.kms.katalon.core.main.ScriptEngine.runScriptAsRawText(ScriptEngine.java:119)
	at com.kms.katalon.core.main.TestCaseExecutor.runScript(TestCaseExecutor.java:448)
	at com.kms.katalon.core.main.TestCaseExecutor.doExecute(TestCaseExecutor.java:439)
	at com.kms.katalon.core.main.TestCaseExecutor.processExecutionPhase(TestCaseExecutor.java:418)
	at com.kms.katalon.core.main.TestCaseExecutor.accessMainPhase(TestCaseExecutor.java:410)
	at com.kms.katalon.core.main.TestCaseExecutor.execute(TestCaseExecutor.java:285)
	at com.kms.katalon.core.main.TestCaseMain.runTestCase(TestCaseMain.java:144)
	at com.kms.katalon.core.keyword.builtin.CallTestCaseKeyword$_callTestCase_closure1.doCall(CallTestCaseKeyword.groovy:59)
	... 20 more
Caused by: com.kms.katalon.core.exception.StepFailedException: Web element with id: 'Object Repository/Products/Add Product Page/Error Message/div_Invalid image file type' located by '//div[@class = 'form-text text-danger' and (contains(text(), 'Invalid image file type') or contains(., 'Invalid image file type'))]' not found
	at com.kms.katalon.core.webui.keyword.internal.WebUIKeywordMain.stepFailed(WebUIKeywordMain.groovy:64)
	at com.kms.katalon.core.webui.keyword.builtin.VerifyElementVisibleKeyword$_verifyElementVisible_closure1.doCall(VerifyElementVisibleKeyword.groovy:89)
	at com.kms.katalon.core.webui.keyword.builtin.VerifyElementVisibleKeyword$_verifyElementVisible_closure1.call(VerifyElementVisibleKeyword.groovy)
	at com.kms.katalon.core.webui.keyword.internal.WebUIKeywordMain.runKeyword(WebUIKeywordMain.groovy:20)
	... 35 more
)

2023-07-03 17:40:20 - [TEST_CASE][FAILED] - Test Cases/Pages/Add Product/Verify Error Message/Verify Gambar Produk Invalid File Error Message: Test Cases/Pages/Add Product/Verify Error Message/Verify Gambar Produk Invalid File Error Message FAILED.
Reason:
com.kms.katalon.core.exception.StepFailedException: Unable to verify object 'Object Repository/Products/Add Product Page/Error Message/div_Invalid image file type' is visible
	at com.kms.katalon.core.webui.keyword.internal.WebUIKeywordMain.stepFailed(WebUIKeywordMain.groovy:64)
	at com.kms.katalon.core.webui.keyword.internal.WebUIKeywordMain.runKeyword(WebUIKeywordMain.groovy:26)
	at com.kms.katalon.core.webui.keyword.builtin.VerifyElementVisibleKeyword.verifyElementVisible(VerifyElementVisibleKeyword.groovy:97)
	at com.kms.katalon.core.webui.keyword.builtin.VerifyElementVisibleKeyword.execute(VerifyElementVisibleKeyword.groovy:67)
	at com.kms.katalon.core.keyword.internal.KeywordExecutor.executeKeywordForPlatform(KeywordExecutor.groovy:74)
	at com.kms.katalon.core.webui.keyword.WebUiBuiltInKeywords.verifyElementVisible(WebUiBuiltInKeywords.groovy:376)
	at com.kms.katalon.core.webui.keyword.WebUiBuiltInKeywords$verifyElementVisible$7.call(Unknown Source)
	at Verify Gambar Produk Invalid File Error Message.run(Verify Gambar Produk Invalid File Error Message:20)
	at com.kms.katalon.core.main.ScriptEngine.run(ScriptEngine.java:194)
	at com.kms.katalon.core.main.ScriptEngine.runScriptAsRawText(ScriptEngine.java:119)
	at com.kms.katalon.core.main.TestCaseExecutor.runScript(TestCaseExecutor.java:448)
	at com.kms.katalon.core.main.TestCaseExecutor.doExecute(TestCaseExecutor.java:439)
	at com.kms.katalon.core.main.TestCaseExecutor.processExecutionPhase(TestCaseExecutor.java:418)
	at com.kms.katalon.core.main.TestCaseExecutor.accessMainPhase(TestCaseExecutor.java:410)
	at com.kms.katalon.core.main.TestCaseExecutor.execute(TestCaseExecutor.java:285)
	at com.kms.katalon.core.main.TestCaseMain.runTestCase(TestCaseMain.java:144)
	at com.kms.katalon.core.keyword.builtin.CallTestCaseKeyword$_callTestCase_closure1.doCall(CallTestCaseKeyword.groovy:59)
	at com.kms.katalon.core.keyword.builtin.CallTestCaseKeyword$_callTestCase_closure1.call(CallTestCaseKeyword.groovy)
	at com.kms.katalon.core.keyword.internal.KeywordMain.runKeyword(KeywordMain.groovy:75)
	at com.kms.katalon.core.keyword.builtin.CallTestCaseKeyword.callTestCase(CallTestCaseKeyword.groovy:81)
	at com.kms.katalon.core.keyword.builtin.CallTestCaseKeyword.execute(CallTestCaseKeyword.groovy:44)
	at com.kms.katalon.core.keyword.internal.KeywordExecutor.executeKeywordForPlatform(KeywordExecutor.groovy:74)
	at com.kms.katalon.core.keyword.BuiltinKeywords.callTestCase(BuiltinKeywords.groovy:334)
	at ADDP09 - Add Product with Input Invalid File Type in Gambar Produk Field.run(ADDP09 - Add Product with Input Invalid File Type in Gambar Produk Field:56)
	at com.kms.katalon.core.main.ScriptEngine.run(ScriptEngine.java:194)
	at com.kms.katalon.core.main.ScriptEngine.runScriptAsRawText(ScriptEngine.java:119)
	at com.kms.katalon.core.main.TestCaseExecutor.runScript(TestCaseExecutor.java:448)
	at com.kms.katalon.core.main.TestCaseExecutor.doExecute(TestCaseExecutor.java:439)
	at com.kms.katalon.core.main.TestCaseExecutor.processExecutionPhase(TestCaseExecutor.java:418)
	at com.kms.katalon.core.main.TestCaseExecutor.accessMainPhase(TestCaseExecutor.java:410)
	at com.kms.katalon.core.main.TestCaseExecutor.execute(TestCaseExecutor.java:285)
	at com.kms.katalon.core.common.CommonExecutor.accessTestCaseMainPhase(CommonExecutor.java:65)
	at com.kms.katalon.core.main.TestSuiteExecutor.accessTestSuiteMainPhase(TestSuiteExecutor.java:148)
	at com.kms.katalon.core.main.TestSuiteExecutor.execute(TestSuiteExecutor.java:106)
	at com.kms.katalon.core.main.TestCaseMain.startTestSuite(TestCaseMain.java:187)
	at com.kms.katalon.core.main.TestCaseMain$startTestSuite$0.call(Unknown Source)
	at TempTestSuite1688380617485.run(TempTestSuite1688380617485.groovy:36)
Caused by: com.kms.katalon.core.exception.StepFailedException: Web element with id: 'Object Repository/Products/Add Product Page/Error Message/div_Invalid image file type' located by '//div[@class = 'form-text text-danger' and (contains(text(), 'Invalid image file type') or contains(., 'Invalid image file type'))]' not found
	at com.kms.katalon.core.webui.keyword.internal.WebUIKeywordMain.stepFailed(WebUIKeywordMain.groovy:64)
	at com.kms.katalon.core.webui.keyword.builtin.VerifyElementVisibleKeyword$_verifyElementVisible_closure1.doCall(VerifyElementVisibleKeyword.groovy:89)
	at com.kms.katalon.core.webui.keyword.builtin.VerifyElementVisibleKeyword$_verifyElementVisible_closure1.call(VerifyElementVisibleKeyword.groovy)
	at com.kms.katalon.core.webui.keyword.internal.WebUIKeywordMain.runKeyword(WebUIKeywordMain.groovy:20)
	... 35 more


2023-07-03 17:40:20 - [TEST_STEP][FAILED] - verifyElementVisible(findTestObject("Products/Add Product Page/Error Message/div_Invalid image file type")): Unable to verify object 'Object Repository/Products/Add Product Page/Error Message/div_Invalid image file type' is visible (Root cause: com.kms.katalon.core.exception.StepFailedException: Unable to verify object 'Object Repository/Products/Add Product Page/Error Message/div_Invalid image file type' is visible
	at com.kms.katalon.core.webui.keyword.internal.WebUIKeywordMain.stepFailed(WebUIKeywordMain.groovy:64)
	at com.kms.katalon.core.webui.keyword.internal.WebUIKeywordMain.runKeyword(WebUIKeywordMain.groovy:26)
	at com.kms.katalon.core.webui.keyword.builtin.VerifyElementVisibleKeyword.verifyElementVisible(VerifyElementVisibleKeyword.groovy:97)
	at com.kms.katalon.core.webui.keyword.builtin.VerifyElementVisibleKeyword.execute(VerifyElementVisibleKeyword.groovy:67)
	at com.kms.katalon.core.keyword.internal.KeywordExecutor.executeKeywordForPlatform(KeywordExecutor.groovy:74)
	at com.kms.katalon.core.webui.keyword.WebUiBuiltInKeywords.verifyElementVisible(WebUiBuiltInKeywords.groovy:376)
	at com.kms.katalon.core.webui.keyword.WebUiBuiltInKeywords$verifyElementVisible$7.call(Unknown Source)
	at Verify Gambar Produk Invalid File Error Message.run(Verify Gambar Produk Invalid File Error Message:20)
	at com.kms.katalon.core.main.ScriptEngine.run(ScriptEngine.java:194)
	at com.kms.katalon.core.main.ScriptEngine.runScriptAsRawText(ScriptEngine.java:119)
	at com.kms.katalon.core.main.TestCaseExecutor.runScript(TestCaseExecutor.java:448)
	at com.kms.katalon.core.main.TestCaseExecutor.doExecute(TestCaseExecutor.java:439)
	at com.kms.katalon.core.main.TestCaseExecutor.processExecutionPhase(TestCaseExecutor.java:418)
	at com.kms.katalon.core.main.TestCaseExecutor.accessMainPhase(TestCaseExecutor.java:410)
	at com.kms.katalon.core.main.TestCaseExecutor.execute(TestCaseExecutor.java:285)
	at com.kms.katalon.core.main.TestCaseMain.runTestCase(TestCaseMain.java:144)
	at com.kms.katalon.core.keyword.builtin.CallTestCaseKeyword$_callTestCase_closure1.doCall(CallTestCaseKeyword.groovy:59)
	at com.kms.katalon.core.keyword.builtin.CallTestCaseKeyword$_callTestCase_closure1.call(CallTestCaseKeyword.groovy)
	at com.kms.katalon.core.keyword.internal.KeywordMain.runKeyword(KeywordMain.groovy:75)
	at com.kms.katalon.core.keyword.builtin.CallTestCaseKeyword.callTestCase(CallTestCaseKeyword.groovy:81)
	at com.kms.katalon.core.keyword.builtin.CallTestCaseKeyword.execute(CallTestCaseKeyword.groovy:44)
	at com.kms.katalon.core.keyword.internal.KeywordExecutor.executeKeywordForPlatform(KeywordExecutor.groovy:74)
	at com.kms.katalon.core.keyword.BuiltinKeywords.callTestCase(BuiltinKeywords.groovy:334)
	at ADDP09 - Add Product with Input Invalid File Type in Gambar Produk Field.run(ADDP09 - Add Product with Input Invalid File Type in Gambar Produk Field:56)
	at com.kms.katalon.core.main.ScriptEngine.run(ScriptEngine.java:194)
	at com.kms.katalon.core.main.ScriptEngine.runScriptAsRawText(ScriptEngine.java:119)
	at com.kms.katalon.core.main.TestCaseExecutor.runScript(TestCaseExecutor.java:448)
	at com.kms.katalon.core.main.TestCaseExecutor.doExecute(TestCaseExecutor.java:439)
	at com.kms.katalon.core.main.TestCaseExecutor.processExecutionPhase(TestCaseExecutor.java:418)
	at com.kms.katalon.core.main.TestCaseExecutor.accessMainPhase(TestCaseExecutor.java:410)
	at com.kms.katalon.core.main.TestCaseExecutor.execute(TestCaseExecutor.java:285)
	at com.kms.katalon.core.common.CommonExecutor.accessTestCaseMainPhase(CommonExecutor.java:65)
	at com.kms.katalon.core.main.TestSuiteExecutor.accessTestSuiteMainPhase(TestSuiteExecutor.java:148)
	at com.kms.katalon.core.main.TestSuiteExecutor.execute(TestSuiteExecutor.java:106)
	at com.kms.katalon.core.main.TestCaseMain.startTestSuite(TestCaseMain.java:187)
	at com.kms.katalon.core.main.TestCaseMain$startTestSuite$0.call(Unknown Source)
	at TempTestSuite1688380617485.run(TempTestSuite1688380617485.groovy:36)
Caused by: com.kms.katalon.core.exception.StepFailedException: Web element with id: 'Object Repository/Products/Add Product Page/Error Message/div_Invalid image file type' located by '//div[@class = 'form-text text-danger' and (contains(text(), 'Invalid image file type') or contains(., 'Invalid image file type'))]' not found
	at com.kms.katalon.core.webui.keyword.internal.WebUIKeywordMain.stepFailed(WebUIKeywordMain.groovy:64)
	at com.kms.katalon.core.webui.keyword.builtin.VerifyElementVisibleKeyword$_verifyElementVisible_closure1.doCall(VerifyElementVisibleKeyword.groovy:89)
	at com.kms.katalon.core.webui.keyword.builtin.VerifyElementVisibleKeyword$_verifyElementVisible_closure1.call(VerifyElementVisibleKeyword.groovy)
	at com.kms.katalon.core.webui.keyword.internal.WebUIKeywordMain.runKeyword(WebUIKeywordMain.groovy:20)
	... 35 more
)

2023-07-03 17:40:52 - [MESSAGE][INFO] - Unable to find the element located by 'By.xpath: //div[@class = 'form-text text-danger' and (contains(text(), 'Invalid image file type') or contains(., 'Invalid image file type'))]'. Please recheck the objects properties to make sure the desired element is located. 

2023-07-03 17:40:52 - [MESSAGE][FAILED] - Web element with id: 'Object Repository/Products/Add Product Page/Error Message/div_Invalid image file type' located by '//div[@class = 'form-text text-danger' and (contains(text(), 'Invalid image file type') or contains(., 'Invalid image file type'))]' not found (Root cause: com.kms.katalon.core.exception.StepFailedException: Web element with id: 'Object Repository/Products/Add Product Page/Error Message/div_Invalid image file type' located by '//div[@class = 'form-text text-danger' and (contains(text(), 'Invalid image file type') or contains(., 'Invalid image file type'))]' not found
	at com.kms.katalon.core.webui.keyword.internal.WebUIKeywordMain.stepFailed(WebUIKeywordMain.groovy:64)
	at com.kms.katalon.core.webui.keyword.builtin.VerifyElementVisibleKeyword$_verifyElementVisible_closure1.doCall(VerifyElementVisibleKeyword.groovy:89)
	at com.kms.katalon.core.webui.keyword.builtin.VerifyElementVisibleKeyword$_verifyElementVisible_closure1.call(VerifyElementVisibleKeyword.groovy)
	at com.kms.katalon.core.webui.keyword.internal.WebUIKeywordMain.runKeyword(WebUIKeywordMain.groovy:20)
	at com.kms.katalon.core.webui.keyword.builtin.VerifyElementVisibleKeyword.verifyElementVisible(VerifyElementVisibleKeyword.groovy:97)
	at com.kms.katalon.core.webui.keyword.builtin.VerifyElementVisibleKeyword.execute(VerifyElementVisibleKeyword.groovy:67)
	at com.kms.katalon.core.keyword.internal.KeywordExecutor.executeKeywordForPlatform(KeywordExecutor.groovy:74)
	at com.kms.katalon.core.webui.keyword.WebUiBuiltInKeywords.verifyElementVisible(WebUiBuiltInKeywords.groovy:376)
	at com.kms.katalon.core.webui.keyword.WebUiBuiltInKeywords$verifyElementVisible$7.call(Unknown Source)
	at Verify Gambar Produk Invalid File Error Message.run(Verify Gambar Produk Invalid File Error Message:20)
	at com.kms.katalon.core.main.ScriptEngine.run(ScriptEngine.java:194)
	at com.kms.katalon.core.main.ScriptEngine.runScriptAsRawText(ScriptEngine.java:119)
	at com.kms.katalon.core.main.TestCaseExecutor.runScript(TestCaseExecutor.java:448)
	at com.kms.katalon.core.main.TestCaseExecutor.doExecute(TestCaseExecutor.java:439)
	at com.kms.katalon.core.main.TestCaseExecutor.processExecutionPhase(TestCaseExecutor.java:418)
	at com.kms.katalon.core.main.TestCaseExecutor.accessMainPhase(TestCaseExecutor.java:410)
	at com.kms.katalon.core.main.TestCaseExecutor.execute(TestCaseExecutor.java:285)
	at com.kms.katalon.core.main.TestCaseMain.runTestCase(TestCaseMain.java:144)
	at com.kms.katalon.core.keyword.builtin.CallTestCaseKeyword$_callTestCase_closure1.doCall(CallTestCaseKeyword.groovy:59)
	at com.kms.katalon.core.keyword.builtin.CallTestCaseKeyword$_callTestCase_closure1.call(CallTestCaseKeyword.groovy)
	at com.kms.katalon.core.keyword.internal.KeywordMain.runKeyword(KeywordMain.groovy:75)
	at com.kms.katalon.core.keyword.builtin.CallTestCaseKeyword.callTestCase(CallTestCaseKeyword.groovy:81)
	at com.kms.katalon.core.keyword.builtin.CallTestCaseKeyword.execute(CallTestCaseKeyword.groovy:44)
	at com.kms.katalon.core.keyword.internal.KeywordExecutor.executeKeywordForPlatform(KeywordExecutor.groovy:74)
	at com.kms.katalon.core.keyword.BuiltinKeywords.callTestCase(BuiltinKeywords.groovy:334)
	at ADDP09 - Add Product with Input Invalid File Type in Gambar Produk Field.run(ADDP09 - Add Product with Input Invalid File Type in Gambar Produk Field:56)
	at com.kms.katalon.core.main.ScriptEngine.run(ScriptEngine.java:194)
	at com.kms.katalon.core.main.ScriptEngine.runScriptAsRawText(ScriptEngine.java:119)
	at com.kms.katalon.core.main.TestCaseExecutor.runScript(TestCaseExecutor.java:448)
	at com.kms.katalon.core.main.TestCaseExecutor.doExecute(TestCaseExecutor.java:439)
	at com.kms.katalon.core.main.TestCaseExecutor.processExecutionPhase(TestCaseExecutor.java:418)
	at com.kms.katalon.core.main.TestCaseExecutor.accessMainPhase(TestCaseExecutor.java:410)
	at com.kms.katalon.core.main.TestCaseExecutor.execute(TestCaseExecutor.java:285)
	at com.kms.katalon.core.common.CommonExecutor.accessTestCaseMainPhase(CommonExecutor.java:65)
	at com.kms.katalon.core.main.TestSuiteExecutor.accessTestSuiteMainPhase(TestSuiteExecutor.java:148)
	at com.kms.katalon.core.main.TestSuiteExecutor.execute(TestSuiteExecutor.java:106)
	at com.kms.katalon.core.main.TestCaseMain.startTestSuite(TestCaseMain.java:187)
	at com.kms.katalon.core.main.TestCaseMain$startTestSuite$0.call(Unknown Source)
	at TempTestSuite1688380617485.run(TempTestSuite1688380617485.groovy:36)
)
[[ATTACHMENT|E:\\GitRepo\\Katalon\\binarqa-group1-web\\Reports\\20230703_173657\\Feature Add Product - Negative Case\\20230703_173657\\1688380852117.png]]

2023-07-03 17:40:52 - [MESSAGE][FAILED] - Unable to verify object 'Object Repository/Products/Add Product Page/Error Message/div_Invalid image file type' is visible (Root cause: com.kms.katalon.core.exception.StepFailedException: Unable to verify object 'Object Repository/Products/Add Product Page/Error Message/div_Invalid image file type' is visible
	at com.kms.katalon.core.webui.keyword.internal.WebUIKeywordMain.stepFailed(WebUIKeywordMain.groovy:64)
	at com.kms.katalon.core.webui.keyword.internal.WebUIKeywordMain.runKeyword(WebUIKeywordMain.groovy:26)
	at com.kms.katalon.core.webui.keyword.builtin.VerifyElementVisibleKeyword.verifyElementVisible(VerifyElementVisibleKeyword.groovy:97)
	at com.kms.katalon.core.webui.keyword.builtin.VerifyElementVisibleKeyword.execute(VerifyElementVisibleKeyword.groovy:67)
	at com.kms.katalon.core.keyword.internal.KeywordExecutor.executeKeywordForPlatform(KeywordExecutor.groovy:74)
	at com.kms.katalon.core.webui.keyword.WebUiBuiltInKeywords.verifyElementVisible(WebUiBuiltInKeywords.groovy:376)
	at com.kms.katalon.core.webui.keyword.WebUiBuiltInKeywords$verifyElementVisible$7.call(Unknown Source)
	at Verify Gambar Produk Invalid File Error Message.run(Verify Gambar Produk Invalid File Error Message:20)
	at com.kms.katalon.core.main.ScriptEngine.run(ScriptEngine.java:194)
	at com.kms.katalon.core.main.ScriptEngine.runScriptAsRawText(ScriptEngine.java:119)
	at com.kms.katalon.core.main.TestCaseExecutor.runScript(TestCaseExecutor.java:448)
	at com.kms.katalon.core.main.TestCaseExecutor.doExecute(TestCaseExecutor.java:439)
	at com.kms.katalon.core.main.TestCaseExecutor.processExecutionPhase(TestCaseExecutor.java:418)
	at com.kms.katalon.core.main.TestCaseExecutor.accessMainPhase(TestCaseExecutor.java:410)
	at com.kms.katalon.core.main.TestCaseExecutor.execute(TestCaseExecutor.java:285)
	at com.kms.katalon.core.main.TestCaseMain.runTestCase(TestCaseMain.java:144)
	at com.kms.katalon.core.keyword.builtin.CallTestCaseKeyword$_callTestCase_closure1.doCall(CallTestCaseKeyword.groovy:59)
	at com.kms.katalon.core.keyword.builtin.CallTestCaseKeyword$_callTestCase_closure1.call(CallTestCaseKeyword.groovy)
	at com.kms.katalon.core.keyword.internal.KeywordMain.runKeyword(KeywordMain.groovy:75)
	at com.kms.katalon.core.keyword.builtin.CallTestCaseKeyword.callTestCase(CallTestCaseKeyword.groovy:81)
	at com.kms.katalon.core.keyword.builtin.CallTestCaseKeyword.execute(CallTestCaseKeyword.groovy:44)
	at com.kms.katalon.core.keyword.internal.KeywordExecutor.executeKeywordForPlatform(KeywordExecutor.groovy:74)
	at com.kms.katalon.core.keyword.BuiltinKeywords.callTestCase(BuiltinKeywords.groovy:334)
	at ADDP09 - Add Product with Input Invalid File Type in Gambar Produk Field.run(ADDP09 - Add Product with Input Invalid File Type in Gambar Produk Field:56)
	at com.kms.katalon.core.main.ScriptEngine.run(ScriptEngine.java:194)
	at com.kms.katalon.core.main.ScriptEngine.runScriptAsRawText(ScriptEngine.java:119)
	at com.kms.katalon.core.main.TestCaseExecutor.runScript(TestCaseExecutor.java:448)
	at com.kms.katalon.core.main.TestCaseExecutor.doExecute(TestCaseExecutor.java:439)
	at com.kms.katalon.core.main.TestCaseExecutor.processExecutionPhase(TestCaseExecutor.java:418)
	at com.kms.katalon.core.main.TestCaseExecutor.accessMainPhase(TestCaseExecutor.java:410)
	at com.kms.katalon.core.main.TestCaseExecutor.execute(TestCaseExecutor.java:285)
	at com.kms.katalon.core.common.CommonExecutor.accessTestCaseMainPhase(CommonExecutor.java:65)
	at com.kms.katalon.core.main.TestSuiteExecutor.accessTestSuiteMainPhase(TestSuiteExecutor.java:148)
	at com.kms.katalon.core.main.TestSuiteExecutor.execute(TestSuiteExecutor.java:106)
	at com.kms.katalon.core.main.TestCaseMain.startTestSuite(TestCaseMain.java:187)
	at com.kms.katalon.core.main.TestCaseMain$startTestSuite$0.call(Unknown Source)
	at TempTestSuite1688380617485.run(TempTestSuite1688380617485.groovy:36)
Caused by: com.kms.katalon.core.exception.StepFailedException: Web element with id: 'Object Repository/Products/Add Product Page/Error Message/div_Invalid image file type' located by '//div[@class = 'form-text text-danger' and (contains(text(), 'Invalid image file type') or contains(., 'Invalid image file type'))]' not found
	at com.kms.katalon.core.webui.keyword.internal.WebUIKeywordMain.stepFailed(WebUIKeywordMain.groovy:64)
	at com.kms.katalon.core.webui.keyword.builtin.VerifyElementVisibleKeyword$_verifyElementVisible_closure1.doCall(VerifyElementVisibleKeyword.groovy:89)
	at com.kms.katalon.core.webui.keyword.builtin.VerifyElementVisibleKeyword$_verifyElementVisible_closure1.call(VerifyElementVisibleKeyword.groovy)
	at com.kms.katalon.core.webui.keyword.internal.WebUIKeywordMain.runKeyword(WebUIKeywordMain.groovy:20)
	... 35 more
)
[[ATTACHMENT|E:\\GitRepo\\Katalon\\binarqa-group1-web\\Reports\\20230703_173657\\Feature Add Product - Negative Case\\20230703_173657\\1688380852204.png]]

2023-07-03 17:40:52 - [MESSAGE][FAILED] - Unable to call Test Case 'Test Cases/Pages/Add Product/Verify Error Message/Verify Gambar Produk Invalid File Error Message' (Root cause: com.kms.katalon.core.exception.StepFailedException: Call Test Case 'Test Cases/Pages/Add Product/Verify Error Message/Verify Gambar Produk Invalid File Error Message' failed
	at com.kms.katalon.core.keyword.builtin.CallTestCaseKeyword$_callTestCase_closure1.doCall(CallTestCaseKeyword.groovy:63)
	at com.kms.katalon.core.keyword.builtin.CallTestCaseKeyword$_callTestCase_closure1.call(CallTestCaseKeyword.groovy)
	at com.kms.katalon.core.keyword.internal.KeywordMain.runKeyword(KeywordMain.groovy:75)
	at com.kms.katalon.core.keyword.builtin.CallTestCaseKeyword.callTestCase(CallTestCaseKeyword.groovy:81)
	at com.kms.katalon.core.keyword.builtin.CallTestCaseKeyword.execute(CallTestCaseKeyword.groovy:44)
	at com.kms.katalon.core.keyword.internal.KeywordExecutor.executeKeywordForPlatform(KeywordExecutor.groovy:74)
	at com.kms.katalon.core.keyword.BuiltinKeywords.callTestCase(BuiltinKeywords.groovy:334)
	at ADDP09 - Add Product with Input Invalid File Type in Gambar Produk Field.run(ADDP09 - Add Product with Input Invalid File Type in Gambar Produk Field:56)
	at com.kms.katalon.core.main.ScriptEngine.run(ScriptEngine.java:194)
	at com.kms.katalon.core.main.ScriptEngine.runScriptAsRawText(ScriptEngine.java:119)
	at com.kms.katalon.core.main.TestCaseExecutor.runScript(TestCaseExecutor.java:448)
	at com.kms.katalon.core.main.TestCaseExecutor.doExecute(TestCaseExecutor.java:439)
	at com.kms.katalon.core.main.TestCaseExecutor.processExecutionPhase(TestCaseExecutor.java:418)
	at com.kms.katalon.core.main.TestCaseExecutor.accessMainPhase(TestCaseExecutor.java:410)
	at com.kms.katalon.core.main.TestCaseExecutor.execute(TestCaseExecutor.java:285)
	at com.kms.katalon.core.common.CommonExecutor.accessTestCaseMainPhase(CommonExecutor.java:65)
	at com.kms.katalon.core.main.TestSuiteExecutor.accessTestSuiteMainPhase(TestSuiteExecutor.java:148)
	at com.kms.katalon.core.main.TestSuiteExecutor.execute(TestSuiteExecutor.java:106)
	at com.kms.katalon.core.main.TestCaseMain.startTestSuite(TestCaseMain.java:187)
	at com.kms.katalon.core.main.TestCaseMain$startTestSuite$0.call(Unknown Source)
	at TempTestSuite1688380617485.run(TempTestSuite1688380617485.groovy:36)
Caused by: com.kms.katalon.core.exception.StepFailedException: Unable to verify object 'Object Repository/Products/Add Product Page/Error Message/div_Invalid image file type' is visible
	at com.kms.katalon.core.webui.keyword.internal.WebUIKeywordMain.stepFailed(WebUIKeywordMain.groovy:64)
	at com.kms.katalon.core.webui.keyword.internal.WebUIKeywordMain.runKeyword(WebUIKeywordMain.groovy:26)
	at com.kms.katalon.core.webui.keyword.builtin.VerifyElementVisibleKeyword.verifyElementVisible(VerifyElementVisibleKeyword.groovy:97)
	at com.kms.katalon.core.webui.keyword.builtin.VerifyElementVisibleKeyword.execute(VerifyElementVisibleKeyword.groovy:67)
	at com.kms.katalon.core.keyword.internal.KeywordExecutor.executeKeywordForPlatform(KeywordExecutor.groovy:74)
	at com.kms.katalon.core.webui.keyword.WebUiBuiltInKeywords.verifyElementVisible(WebUiBuiltInKeywords.groovy:376)
	at com.kms.katalon.core.webui.keyword.WebUiBuiltInKeywords$verifyElementVisible$7.call(Unknown Source)
	at Verify Gambar Produk Invalid File Error Message.run(Verify Gambar Produk Invalid File Error Message:20)
	at com.kms.katalon.core.main.ScriptEngine.run(ScriptEngine.java:194)
	at com.kms.katalon.core.main.ScriptEngine.runScriptAsRawText(ScriptEngine.java:119)
	at com.kms.katalon.core.main.TestCaseExecutor.runScript(TestCaseExecutor.java:448)
	at com.kms.katalon.core.main.TestCaseExecutor.doExecute(TestCaseExecutor.java:439)
	at com.kms.katalon.core.main.TestCaseExecutor.processExecutionPhase(TestCaseExecutor.java:418)
	at com.kms.katalon.core.main.TestCaseExecutor.accessMainPhase(TestCaseExecutor.java:410)
	at com.kms.katalon.core.main.TestCaseExecutor.execute(TestCaseExecutor.java:285)
	at com.kms.katalon.core.main.TestCaseMain.runTestCase(TestCaseMain.java:144)
	at com.kms.katalon.core.keyword.builtin.CallTestCaseKeyword$_callTestCase_closure1.doCall(CallTestCaseKeyword.groovy:59)
	... 20 more
Caused by: com.kms.katalon.core.exception.StepFailedException: Web element with id: 'Object Repository/Products/Add Product Page/Error Message/div_Invalid image file type' located by '//div[@class = 'form-text text-danger' and (contains(text(), 'Invalid image file type') or contains(., 'Invalid image file type'))]' not found
	at com.kms.katalon.core.webui.keyword.internal.WebUIKeywordMain.stepFailed(WebUIKeywordMain.groovy:64)
	at com.kms.katalon.core.webui.keyword.builtin.VerifyElementVisibleKeyword$_verifyElementVisible_closure1.doCall(VerifyElementVisibleKeyword.groovy:89)
	at com.kms.katalon.core.webui.keyword.builtin.VerifyElementVisibleKeyword$_verifyElementVisible_closure1.call(VerifyElementVisibleKeyword.groovy)
	at com.kms.katalon.core.webui.keyword.internal.WebUIKeywordMain.runKeyword(WebUIKeywordMain.groovy:20)
	... 35 more
)

2023-07-03 17:40:52 - [TEST_STEP][PASSED] - Start listener action : AfterTestCase: Browser is closed

2023-07-03 17:40:52 - [TEST_STEP][PASSED] - logInfo("Test Case: " + testCaseContext.getTestCaseId() + " | " + testCaseContext.getTestCaseStatus()): Test Case: Test Cases/Step Definition/Feature Add Product/ADDP09 - Add Product with Input Invalid File Type in Gambar Produk Field | FAILED

2023-07-03 17:40:52 - [MESSAGE][INFO] - Test Case: Test Cases/Step Definition/Feature Add Product/ADDP09 - Add Product with Input Invalid File Type in Gambar Produk Field | FAILED

2023-07-03 17:40:52 - [TEST_STEP][PASSED] - closeBrowser(): null

2023-07-03 17:40:52 - [TEST_STEP][PASSED] - closeBrowser(): Browser is closed

2023-07-03 17:40:52 - [MESSAGE][PASSED] - Browser is closed]]></system-out>
         <system-err><![CDATA[2023-07-03 17:39:53 - [TEST_CASE][FAILED] - Test Cases/Step Definition/Feature Add Product/ADDP09 - Add Product with Input Invalid File Type in Gambar Produk Field: Test Cases/Step Definition/Feature Add Product/ADDP09 - Add Product with Input Invalid File Type in Gambar Produk Field FAILED.
Reason:
com.kms.katalon.core.exception.StepFailedException: Call Test Case 'Test Cases/Pages/Add Product/Verify Error Message/Verify Gambar Produk Invalid File Error Message' failed
	at com.kms.katalon.core.keyword.builtin.CallTestCaseKeyword$_callTestCase_closure1.doCall(CallTestCaseKeyword.groovy:63)
	at com.kms.katalon.core.keyword.builtin.CallTestCaseKeyword$_callTestCase_closure1.call(CallTestCaseKeyword.groovy)
	at com.kms.katalon.core.keyword.internal.KeywordMain.runKeyword(KeywordMain.groovy:75)
	at com.kms.katalon.core.keyword.builtin.CallTestCaseKeyword.callTestCase(CallTestCaseKeyword.groovy:81)
	at com.kms.katalon.core.keyword.builtin.CallTestCaseKeyword.execute(CallTestCaseKeyword.groovy:44)
	at com.kms.katalon.core.keyword.internal.KeywordExecutor.executeKeywordForPlatform(KeywordExecutor.groovy:74)
	at com.kms.katalon.core.keyword.BuiltinKeywords.callTestCase(BuiltinKeywords.groovy:334)
	at ADDP09 - Add Product with Input Invalid File Type in Gambar Produk Field.run(ADDP09 - Add Product with Input Invalid File Type in Gambar Produk Field:56)
	at com.kms.katalon.core.main.ScriptEngine.run(ScriptEngine.java:194)
	at com.kms.katalon.core.main.ScriptEngine.runScriptAsRawText(ScriptEngine.java:119)
	at com.kms.katalon.core.main.TestCaseExecutor.runScript(TestCaseExecutor.java:448)
	at com.kms.katalon.core.main.TestCaseExecutor.doExecute(TestCaseExecutor.java:439)
	at com.kms.katalon.core.main.TestCaseExecutor.processExecutionPhase(TestCaseExecutor.java:418)
	at com.kms.katalon.core.main.TestCaseExecutor.accessMainPhase(TestCaseExecutor.java:410)
	at com.kms.katalon.core.main.TestCaseExecutor.execute(TestCaseExecutor.java:285)
	at com.kms.katalon.core.common.CommonExecutor.accessTestCaseMainPhase(CommonExecutor.java:65)
	at com.kms.katalon.core.main.TestSuiteExecutor.accessTestSuiteMainPhase(TestSuiteExecutor.java:148)
	at com.kms.katalon.core.main.TestSuiteExecutor.execute(TestSuiteExecutor.java:106)
	at com.kms.katalon.core.main.TestCaseMain.startTestSuite(TestCaseMain.java:187)
	at com.kms.katalon.core.main.TestCaseMain$startTestSuite$0.call(Unknown Source)
	at TempTestSuite1688380617485.run(TempTestSuite1688380617485.groovy:36)
Caused by: com.kms.katalon.core.exception.StepFailedException: Unable to verify object 'Object Repository/Products/Add Product Page/Error Message/div_Invalid image file type' is visible
	at com.kms.katalon.core.webui.keyword.internal.WebUIKeywordMain.stepFailed(WebUIKeywordMain.groovy:64)
	at com.kms.katalon.core.webui.keyword.internal.WebUIKeywordMain.runKeyword(WebUIKeywordMain.groovy:26)
	at com.kms.katalon.core.webui.keyword.builtin.VerifyElementVisibleKeyword.verifyElementVisible(VerifyElementVisibleKeyword.groovy:97)
	at com.kms.katalon.core.webui.keyword.builtin.VerifyElementVisibleKeyword.execute(VerifyElementVisibleKeyword.groovy:67)
	at com.kms.katalon.core.keyword.internal.KeywordExecutor.executeKeywordForPlatform(KeywordExecutor.groovy:74)
	at com.kms.katalon.core.webui.keyword.WebUiBuiltInKeywords.verifyElementVisible(WebUiBuiltInKeywords.groovy:376)
	at com.kms.katalon.core.webui.keyword.WebUiBuiltInKeywords$verifyElementVisible$7.call(Unknown Source)
	at Verify Gambar Produk Invalid File Error Message.run(Verify Gambar Produk Invalid File Error Message:20)
	at com.kms.katalon.core.main.ScriptEngine.run(ScriptEngine.java:194)
	at com.kms.katalon.core.main.ScriptEngine.runScriptAsRawText(ScriptEngine.java:119)
	at com.kms.katalon.core.main.TestCaseExecutor.runScript(TestCaseExecutor.java:448)
	at com.kms.katalon.core.main.TestCaseExecutor.doExecute(TestCaseExecutor.java:439)
	at com.kms.katalon.core.main.TestCaseExecutor.processExecutionPhase(TestCaseExecutor.java:418)
	at com.kms.katalon.core.main.TestCaseExecutor.accessMainPhase(TestCaseExecutor.java:410)
	at com.kms.katalon.core.main.TestCaseExecutor.execute(TestCaseExecutor.java:285)
	at com.kms.katalon.core.main.TestCaseMain.runTestCase(TestCaseMain.java:144)
	at com.kms.katalon.core.keyword.builtin.CallTestCaseKeyword$_callTestCase_closure1.doCall(CallTestCaseKeyword.groovy:59)
	... 20 more
Caused by: com.kms.katalon.core.exception.StepFailedException: Web element with id: 'Object Repository/Products/Add Product Page/Error Message/div_Invalid image file type' located by '//div[@class = 'form-text text-danger' and (contains(text(), 'Invalid image file type') or contains(., 'Invalid image file type'))]' not found
	at com.kms.katalon.core.webui.keyword.internal.WebUIKeywordMain.stepFailed(WebUIKeywordMain.groovy:64)
	at com.kms.katalon.core.webui.keyword.builtin.VerifyElementVisibleKeyword$_verifyElementVisible_closure1.doCall(VerifyElementVisibleKeyword.groovy:89)
	at com.kms.katalon.core.webui.keyword.builtin.VerifyElementVisibleKeyword$_verifyElementVisible_closure1.call(VerifyElementVisibleKeyword.groovy)
	at com.kms.katalon.core.webui.keyword.internal.WebUIKeywordMain.runKeyword(WebUIKeywordMain.groovy:20)
	... 35 more]]></system-err>
      </testcase>
      <system-out><![CDATA[2023-07-03 17:36:59 - [TEST_SUITE][FAILED] - Feature Add Product - Negative Case: Test Cases/Step Definition/Feature Add Product/ADDP07 - Add Product without input Gambar Produk field FAILED.
Reason:
com.kms.katalon.core.exception.StepFailedException: Call Test Case 'Test Cases/Pages/Add Product/Verify Error Message/Verify Gambar Produk Blank Error Message' failed
	at com.kms.katalon.core.keyword.builtin.CallTestCaseKeyword$_callTestCase_closure1.doCall(CallTestCaseKeyword.groovy:63)
	at com.kms.katalon.core.keyword.builtin.CallTestCaseKeyword$_callTestCase_closure1.call(CallTestCaseKeyword.groovy)
	at com.kms.katalon.core.keyword.internal.KeywordMain.runKeyword(KeywordMain.groovy:75)
	at com.kms.katalon.core.keyword.builtin.CallTestCaseKeyword.callTestCase(CallTestCaseKeyword.groovy:81)
	at com.kms.katalon.core.keyword.builtin.CallTestCaseKeyword.execute(CallTestCaseKeyword.groovy:44)
	at com.kms.katalon.core.keyword.internal.KeywordExecutor.executeKeywordForPlatform(KeywordExecutor.groovy:74)
	at com.kms.katalon.core.keyword.BuiltinKeywords.callTestCase(BuiltinKeywords.groovy:334)
	at ADDP07 - Add Product without input Gambar Produk field.run(ADDP07 - Add Product without input Gambar Produk field:43)
	at com.kms.katalon.core.main.ScriptEngine.run(ScriptEngine.java:194)
	at com.kms.katalon.core.main.ScriptEngine.runScriptAsRawText(ScriptEngine.java:119)
	at com.kms.katalon.core.main.TestCaseExecutor.runScript(TestCaseExecutor.java:448)
	at com.kms.katalon.core.main.TestCaseExecutor.doExecute(TestCaseExecutor.java:439)
	at com.kms.katalon.core.main.TestCaseExecutor.processExecutionPhase(TestCaseExecutor.java:418)
	at com.kms.katalon.core.main.TestCaseExecutor.accessMainPhase(TestCaseExecutor.java:410)
	at com.kms.katalon.core.main.TestCaseExecutor.execute(TestCaseExecutor.java:285)
	at com.kms.katalon.core.common.CommonExecutor.accessTestCaseMainPhase(CommonExecutor.java:65)
	at com.kms.katalon.core.main.TestSuiteExecutor.accessTestSuiteMainPhase(TestSuiteExecutor.java:148)
	at com.kms.katalon.core.main.TestSuiteExecutor.execute(TestSuiteExecutor.java:106)
	at com.kms.katalon.core.main.TestCaseMain.startTestSuite(TestCaseMain.java:187)
	at com.kms.katalon.core.main.TestCaseMain$startTestSuite$0.call(Unknown Source)
	at TempTestSuite1688380617485.run(TempTestSuite1688380617485.groovy:36)
Caused by: com.kms.katalon.core.exception.StepFailedException: Unable to verify object 'Object Repository/Products/Add Product Page/Error Message/div_Image cant be blank' is visible
	at com.kms.katalon.core.webui.keyword.internal.WebUIKeywordMain.stepFailed(WebUIKeywordMain.groovy:64)
	at com.kms.katalon.core.webui.keyword.internal.WebUIKeywordMain.runKeyword(WebUIKeywordMain.groovy:26)
	at com.kms.katalon.core.webui.keyword.builtin.VerifyElementVisibleKeyword.verifyElementVisible(VerifyElementVisibleKeyword.groovy:97)
	at com.kms.katalon.core.webui.keyword.builtin.VerifyElementVisibleKeyword.execute(VerifyElementVisibleKeyword.groovy:67)
	at com.kms.katalon.core.keyword.internal.KeywordExecutor.executeKeywordForPlatform(KeywordExecutor.groovy:74)
	at com.kms.katalon.core.webui.keyword.WebUiBuiltInKeywords.verifyElementVisible(WebUiBuiltInKeywords.groovy:376)
	at com.kms.katalon.core.webui.keyword.WebUiBuiltInKeywords$verifyElementVisible$7.call(Unknown Source)
	at Verify Gambar Produk Blank Error Message.run(Verify Gambar Produk Blank Error Message:20)
	at com.kms.katalon.core.main.ScriptEngine.run(ScriptEngine.java:194)
	at com.kms.katalon.core.main.ScriptEngine.runScriptAsRawText(ScriptEngine.java:119)
	at com.kms.katalon.core.main.TestCaseExecutor.runScript(TestCaseExecutor.java:448)
	at com.kms.katalon.core.main.TestCaseExecutor.doExecute(TestCaseExecutor.java:439)
	at com.kms.katalon.core.main.TestCaseExecutor.processExecutionPhase(TestCaseExecutor.java:418)
	at com.kms.katalon.core.main.TestCaseExecutor.accessMainPhase(TestCaseExecutor.java:410)
	at com.kms.katalon.core.main.TestCaseExecutor.execute(TestCaseExecutor.java:285)
	at com.kms.katalon.core.main.TestCaseMain.runTestCase(TestCaseMain.java:144)
	at com.kms.katalon.core.keyword.builtin.CallTestCaseKeyword$_callTestCase_closure1.doCall(CallTestCaseKeyword.groovy:59)
	... 20 more
Caused by: com.kms.katalon.core.exception.StepFailedException: Web element with id: 'Object Repository/Products/Add Product Page/Error Message/div_Image cant be blank' located by '//div[@class = 'form-text text-danger' and (contains(text(), concat("Image can" , "'" , "t be blank")) or contains(., concat("Image can" , "'" , "t be blank")))]' not found
	at com.kms.katalon.core.webui.keyword.internal.WebUIKeywordMain.stepFailed(WebUIKeywordMain.groovy:64)
	at com.kms.katalon.core.webui.keyword.builtin.VerifyElementVisibleKeyword$_verifyElementVisible_closure1.doCall(VerifyElementVisibleKeyword.groovy:89)
	at com.kms.katalon.core.webui.keyword.builtin.VerifyElementVisibleKeyword$_verifyElementVisible_closure1.call(VerifyElementVisibleKeyword.groovy)
	at com.kms.katalon.core.webui.keyword.internal.WebUIKeywordMain.runKeyword(WebUIKeywordMain.groovy:20)
	... 35 more]]></system-out>
      <system-err><![CDATA[2023-07-03 17:36:59 - [TEST_SUITE][FAILED] - Feature Add Product - Negative Case: Test Cases/Step Definition/Feature Add Product/ADDP07 - Add Product without input Gambar Produk field FAILED.
Reason:
com.kms.katalon.core.exception.StepFailedException: Call Test Case 'Test Cases/Pages/Add Product/Verify Error Message/Verify Gambar Produk Blank Error Message' failed
	at com.kms.katalon.core.keyword.builtin.CallTestCaseKeyword$_callTestCase_closure1.doCall(CallTestCaseKeyword.groovy:63)
	at com.kms.katalon.core.keyword.builtin.CallTestCaseKeyword$_callTestCase_closure1.call(CallTestCaseKeyword.groovy)
	at com.kms.katalon.core.keyword.internal.KeywordMain.runKeyword(KeywordMain.groovy:75)
	at com.kms.katalon.core.keyword.builtin.CallTestCaseKeyword.callTestCase(CallTestCaseKeyword.groovy:81)
	at com.kms.katalon.core.keyword.builtin.CallTestCaseKeyword.execute(CallTestCaseKeyword.groovy:44)
	at com.kms.katalon.core.keyword.internal.KeywordExecutor.executeKeywordForPlatform(KeywordExecutor.groovy:74)
	at com.kms.katalon.core.keyword.BuiltinKeywords.callTestCase(BuiltinKeywords.groovy:334)
	at ADDP07 - Add Product without input Gambar Produk field.run(ADDP07 - Add Product without input Gambar Produk field:43)
	at com.kms.katalon.core.main.ScriptEngine.run(ScriptEngine.java:194)
	at com.kms.katalon.core.main.ScriptEngine.runScriptAsRawText(ScriptEngine.java:119)
	at com.kms.katalon.core.main.TestCaseExecutor.runScript(TestCaseExecutor.java:448)
	at com.kms.katalon.core.main.TestCaseExecutor.doExecute(TestCaseExecutor.java:439)
	at com.kms.katalon.core.main.TestCaseExecutor.processExecutionPhase(TestCaseExecutor.java:418)
	at com.kms.katalon.core.main.TestCaseExecutor.accessMainPhase(TestCaseExecutor.java:410)
	at com.kms.katalon.core.main.TestCaseExecutor.execute(TestCaseExecutor.java:285)
	at com.kms.katalon.core.common.CommonExecutor.accessTestCaseMainPhase(CommonExecutor.java:65)
	at com.kms.katalon.core.main.TestSuiteExecutor.accessTestSuiteMainPhase(TestSuiteExecutor.java:148)
	at com.kms.katalon.core.main.TestSuiteExecutor.execute(TestSuiteExecutor.java:106)
	at com.kms.katalon.core.main.TestCaseMain.startTestSuite(TestCaseMain.java:187)
	at com.kms.katalon.core.main.TestCaseMain$startTestSuite$0.call(Unknown Source)
	at TempTestSuite1688380617485.run(TempTestSuite1688380617485.groovy:36)
Caused by: com.kms.katalon.core.exception.StepFailedException: Unable to verify object 'Object Repository/Products/Add Product Page/Error Message/div_Image cant be blank' is visible
	at com.kms.katalon.core.webui.keyword.internal.WebUIKeywordMain.stepFailed(WebUIKeywordMain.groovy:64)
	at com.kms.katalon.core.webui.keyword.internal.WebUIKeywordMain.runKeyword(WebUIKeywordMain.groovy:26)
	at com.kms.katalon.core.webui.keyword.builtin.VerifyElementVisibleKeyword.verifyElementVisible(VerifyElementVisibleKeyword.groovy:97)
	at com.kms.katalon.core.webui.keyword.builtin.VerifyElementVisibleKeyword.execute(VerifyElementVisibleKeyword.groovy:67)
	at com.kms.katalon.core.keyword.internal.KeywordExecutor.executeKeywordForPlatform(KeywordExecutor.groovy:74)
	at com.kms.katalon.core.webui.keyword.WebUiBuiltInKeywords.verifyElementVisible(WebUiBuiltInKeywords.groovy:376)
	at com.kms.katalon.core.webui.keyword.WebUiBuiltInKeywords$verifyElementVisible$7.call(Unknown Source)
	at Verify Gambar Produk Blank Error Message.run(Verify Gambar Produk Blank Error Message:20)
	at com.kms.katalon.core.main.ScriptEngine.run(ScriptEngine.java:194)
	at com.kms.katalon.core.main.ScriptEngine.runScriptAsRawText(ScriptEngine.java:119)
	at com.kms.katalon.core.main.TestCaseExecutor.runScript(TestCaseExecutor.java:448)
	at com.kms.katalon.core.main.TestCaseExecutor.doExecute(TestCaseExecutor.java:439)
	at com.kms.katalon.core.main.TestCaseExecutor.processExecutionPhase(TestCaseExecutor.java:418)
	at com.kms.katalon.core.main.TestCaseExecutor.accessMainPhase(TestCaseExecutor.java:410)
	at com.kms.katalon.core.main.TestCaseExecutor.execute(TestCaseExecutor.java:285)
	at com.kms.katalon.core.main.TestCaseMain.runTestCase(TestCaseMain.java:144)
	at com.kms.katalon.core.keyword.builtin.CallTestCaseKeyword$_callTestCase_closure1.doCall(CallTestCaseKeyword.groovy:59)
	... 20 more
Caused by: com.kms.katalon.core.exception.StepFailedException: Web element with id: 'Object Repository/Products/Add Product Page/Error Message/div_Image cant be blank' located by '//div[@class = 'form-text text-danger' and (contains(text(), concat("Image can" , "'" , "t be blank")) or contains(., concat("Image can" , "'" , "t be blank")))]' not found
	at com.kms.katalon.core.webui.keyword.internal.WebUIKeywordMain.stepFailed(WebUIKeywordMain.groovy:64)
	at com.kms.katalon.core.webui.keyword.builtin.VerifyElementVisibleKeyword$_verifyElementVisible_closure1.doCall(VerifyElementVisibleKeyword.groovy:89)
	at com.kms.katalon.core.webui.keyword.builtin.VerifyElementVisibleKeyword$_verifyElementVisible_closure1.call(VerifyElementVisibleKeyword.groovy)
	at com.kms.katalon.core.webui.keyword.internal.WebUIKeywordMain.runKeyword(WebUIKeywordMain.groovy:20)
	... 35 more]]></system-err>
   </testsuite>
</testsuites>
